Startpoint: Datapath_i.fu_run_benchmark_38252_39575.Controller_i._present_state[1]$_SDFF_PN0_
            (rising edge-triggered flip-flop)
Endpoint: Datapath_i.fu_run_benchmark_38252_39575.Datapath_i.reg_25.reg_out1[21]$_DFF_P_
          (rising edge-triggered flip-flop)
Path Group: unconstrained
Path Type: max
Corner: slow

    Cap   Delay    Time   Description
----------------------------------------------------------------
           0.00    0.00 ^ Datapath_i.fu_run_benchmark_38252_39575.Controller_i._present_state[1]$_SDFF_PN0_/CLK (DFFHQNx1_ASAP7_75t_R)
   4.26  249.71  249.71 ^ Datapath_i.fu_run_benchmark_38252_39575.Controller_i._present_state[1]$_SDFF_PN0_/QN (DFFHQNx1_ASAP7_75t_R)
   2.37   63.51  313.22 ^ _09904_/Y (AND3x1_ASAP7_75t_R)
   3.42   47.59  360.80 ^ _09937_/Y (AND2x2_ASAP7_75t_R)
   2.95   41.47  402.28 ^ _09938_/Y (AND2x2_ASAP7_75t_R)
   9.82   64.65  466.92 ^ _09939_/Y (AND2x2_ASAP7_75t_R)
   1.98   46.26  513.19 ^ _09942_/Y (AND2x2_ASAP7_75t_R)
  18.64  166.74  679.93 ^ _09943_/Y (AND4x1_ASAP7_75t_R)
  64.93  476.84 1156.77 ^ _09949_/Y (AO21x1_ASAP7_75t_R)
   0.53  119.53 1276.30 ^ _10255_/Y (AO21x1_ASAP7_75t_R)
   0.51   29.35 1305.65 ^ _10256_/Y (AO21x1_ASAP7_75t_R)
   0.50   35.94 1341.58 ^ _10259_/Y (AND3x1_ASAP7_75t_R)
   0.51   24.27 1365.85 ^ _10260_/Y (OR3x1_ASAP7_75t_R)
   0.53   41.52 1407.37 ^ _10272_/Y (AND4x1_ASAP7_75t_R)
   3.17   41.63 1449.00 ^ _10273_/Y (AO21x1_ASAP7_75t_R)
   2.38   46.81 1495.81 v _18297_/CON (HAxp5_ASAP7_75t_R)
   1.44   58.46 1554.27 ^ _18049_/CON (FAx1_ASAP7_75t_R)
   0.51   22.00 1576.27 v _16217_/Y (INVx1_ASAP7_75t_R)
   1.38   51.48 1627.74 v _16218_/Y (OR3x1_ASAP7_75t_R)
   1.48   41.03 1668.77 v _16222_/Y (OR2x2_ASAP7_75t_R)
   1.40   65.47 1734.24 v _16228_/Y (OR4x1_ASAP7_75t_R)
   0.89   49.53 1783.77 v _16232_/Y (OR3x1_ASAP7_75t_R)
   0.52   49.97 1833.73 ^ _16233_/Y (XOR2x2_ASAP7_75t_R)
           0.00 1833.73 ^ Datapath_i.fu_run_benchmark_38252_39575.Datapath_i.reg_25.reg_out1[21]$_DFF_P_/D (DFFHQNx1_ASAP7_75t_R)
                1833.73   data arrival time
----------------------------------------------------------------
(Path is unconstrained)


