Startpoint: Datapath_i.fu_run_benchmark_38252_39575.Controller_i._present_state[1]$_SDFF_PN0_
            (rising edge-triggered flip-flop)
Endpoint: Datapath_i.fu_run_benchmark_38252_39575.Datapath_i.reg_25.reg_out1[21]$_DFF_P_
          (rising edge-triggered flip-flop)
Path Group: unconstrained
Path Type: max
Corner: slow

  Delay    Time   Description
---------------------------------------------------------
   0.00    0.00 ^ Datapath_i.fu_run_benchmark_38252_39575.Controller_i._present_state[1]$_SDFF_PN0_/CLK (DFFHQNx1_ASAP7_75t_R)
 249.71  249.71 ^ Datapath_i.fu_run_benchmark_38252_39575.Controller_i._present_state[1]$_SDFF_PN0_/QN (DFFHQNx1_ASAP7_75t_R)
  63.51  313.22 ^ _09904_/Y (AND3x1_ASAP7_75t_R)
  47.59  360.80 ^ _09937_/Y (AND2x2_ASAP7_75t_R)
  41.47  402.28 ^ _09938_/Y (AND2x2_ASAP7_75t_R)
  64.65  466.92 ^ _09939_/Y (AND2x2_ASAP7_75t_R)
  46.26  513.19 ^ _09942_/Y (AND2x2_ASAP7_75t_R)
 166.74  679.93 ^ _09943_/Y (AND4x1_ASAP7_75t_R)
 476.84 1156.77 ^ _09949_/Y (AO21x1_ASAP7_75t_R)
 119.53 1276.30 ^ _10255_/Y (AO21x1_ASAP7_75t_R)
  29.35 1305.65 ^ _10256_/Y (AO21x1_ASAP7_75t_R)
  35.94 1341.58 ^ _10259_/Y (AND3x1_ASAP7_75t_R)
  24.27 1365.85 ^ _10260_/Y (OR3x1_ASAP7_75t_R)
  41.52 1407.37 ^ _10272_/Y (AND4x1_ASAP7_75t_R)
  41.63 1449.00 ^ _10273_/Y (AO21x1_ASAP7_75t_R)
  46.81 1495.81 v _18297_/CON (HAxp5_ASAP7_75t_R)
  58.46 1554.27 ^ _18049_/CON (FAx1_ASAP7_75t_R)
  22.00 1576.27 v _16217_/Y (INVx1_ASAP7_75t_R)
  51.48 1627.74 v _16218_/Y (OR3x1_ASAP7_75t_R)
  41.03 1668.77 v _16222_/Y (OR2x2_ASAP7_75t_R)
  65.47 1734.24 v _16228_/Y (OR4x1_ASAP7_75t_R)
  49.53 1783.77 v _16232_/Y (OR3x1_ASAP7_75t_R)
  49.97 1833.73 ^ _16233_/Y (XOR2x2_ASAP7_75t_R)
   0.00 1833.73 ^ Datapath_i.fu_run_benchmark_38252_39575.Datapath_i.reg_25.reg_out1[21]$_DFF_P_/D (DFFHQNx1_ASAP7_75t_R)
        1833.73   data arrival time
---------------------------------------------------------
(Path is unconstrained)


Startpoint: Datapath_i.fu_run_benchmark_38252_39575.Controller_i._present_state[1]$_SDFF_PN0_
            (rising edge-triggered flip-flop)
Endpoint: Datapath_i.fu_run_benchmark_38252_39575.Datapath_i.reg_37.reg_out1[21]$_DFF_P_
          (rising edge-triggered flip-flop)
Path Group: unconstrained
Path Type: max
Corner: slow

  Delay    Time   Description
---------------------------------------------------------
   0.00    0.00 ^ Datapath_i.fu_run_benchmark_38252_39575.Controller_i._present_state[1]$_SDFF_PN0_/CLK (DFFHQNx1_ASAP7_75t_R)
 249.71  249.71 ^ Datapath_i.fu_run_benchmark_38252_39575.Controller_i._present_state[1]$_SDFF_PN0_/QN (DFFHQNx1_ASAP7_75t_R)
  63.51  313.22 ^ _09904_/Y (AND3x1_ASAP7_75t_R)
  47.59  360.80 ^ _09937_/Y (AND2x2_ASAP7_75t_R)
  41.47  402.28 ^ _09938_/Y (AND2x2_ASAP7_75t_R)
  64.65  466.92 ^ _09939_/Y (AND2x2_ASAP7_75t_R)
  46.26  513.19 ^ _09942_/Y (AND2x2_ASAP7_75t_R)
 166.74  679.93 ^ _09943_/Y (AND4x1_ASAP7_75t_R)
 476.84 1156.77 ^ _09949_/Y (AO21x1_ASAP7_75t_R)
 119.53 1276.30 ^ _10255_/Y (AO21x1_ASAP7_75t_R)
  29.35 1305.65 ^ _10256_/Y (AO21x1_ASAP7_75t_R)
  35.94 1341.58 ^ _10259_/Y (AND3x1_ASAP7_75t_R)
  24.27 1365.85 ^ _10260_/Y (OR3x1_ASAP7_75t_R)
  41.52 1407.37 ^ _10272_/Y (AND4x1_ASAP7_75t_R)
  41.63 1449.00 ^ _10273_/Y (AO21x1_ASAP7_75t_R)
  46.81 1495.81 v _18295_/CON (HAxp5_ASAP7_75t_R)
  58.46 1554.27 ^ _18048_/CON (FAx1_ASAP7_75t_R)
  22.00 1576.27 v _16121_/Y (INVx1_ASAP7_75t_R)
  51.48 1627.74 v _16122_/Y (OR3x1_ASAP7_75t_R)
  41.03 1668.77 v _16126_/Y (OR2x2_ASAP7_75t_R)
  65.47 1734.24 v _16132_/Y (OR4x1_ASAP7_75t_R)
  49.53 1783.77 v _16136_/Y (OR3x1_ASAP7_75t_R)
  49.97 1833.73 ^ _16137_/Y (XOR2x2_ASAP7_75t_R)
   0.00 1833.73 ^ Datapath_i.fu_run_benchmark_38252_39575.Datapath_i.reg_37.reg_out1[21]$_DFF_P_/D (DFFHQNx1_ASAP7_75t_R)
        1833.73   data arrival time
---------------------------------------------------------
(Path is unconstrained)


Startpoint: Datapath_i.fu_run_benchmark_38252_39575.Controller_i._present_state[1]$_SDFF_PN0_
            (rising edge-triggered flip-flop)
Endpoint: Datapath_i.fu_run_benchmark_38252_39575.Datapath_i.reg_81.reg_out1[21]$_DFF_P_
          (rising edge-triggered flip-flop)
Path Group: unconstrained
Path Type: max
Corner: slow

  Delay    Time   Description
---------------------------------------------------------
   0.00    0.00 ^ Datapath_i.fu_run_benchmark_38252_39575.Controller_i._present_state[1]$_SDFF_PN0_/CLK (DFFHQNx1_ASAP7_75t_R)
 249.71  249.71 ^ Datapath_i.fu_run_benchmark_38252_39575.Controller_i._present_state[1]$_SDFF_PN0_/QN (DFFHQNx1_ASAP7_75t_R)
  63.51  313.22 ^ _09904_/Y (AND3x1_ASAP7_75t_R)
  47.59  360.80 ^ _09937_/Y (AND2x2_ASAP7_75t_R)
  41.47  402.28 ^ _09938_/Y (AND2x2_ASAP7_75t_R)
  64.65  466.92 ^ _09939_/Y (AND2x2_ASAP7_75t_R)
  46.26  513.19 ^ _09942_/Y (AND2x2_ASAP7_75t_R)
 166.74  679.93 ^ _09943_/Y (AND4x1_ASAP7_75t_R)
 476.84 1156.77 ^ _09949_/Y (AO21x1_ASAP7_75t_R)
 119.53 1276.30 ^ _10255_/Y (AO21x1_ASAP7_75t_R)
  29.35 1305.65 ^ _10256_/Y (AO21x1_ASAP7_75t_R)
  35.94 1341.58 ^ _10259_/Y (AND3x1_ASAP7_75t_R)
  24.27 1365.85 ^ _10260_/Y (OR3x1_ASAP7_75t_R)
  41.52 1407.37 ^ _10272_/Y (AND4x1_ASAP7_75t_R)
  41.63 1449.00 ^ _10273_/Y (AO21x1_ASAP7_75t_R)
  45.31 1494.31 v _18300_/CON (HAxp5_ASAP7_75t_R)
  53.71 1548.02 ^ _18050_/CON (FAx1_ASAP7_75t_R)
  22.00 1570.02 v _16002_/Y (INVx1_ASAP7_75t_R)
  51.48 1621.50 v _16003_/Y (OR3x1_ASAP7_75t_R)
  40.97 1662.47 v _16007_/Y (OR2x2_ASAP7_75t_R)
  65.43 1727.90 v _16013_/Y (OR4x1_ASAP7_75t_R)
  49.51 1777.41 v _16017_/Y (OR3x1_ASAP7_75t_R)
  49.91 1827.31 ^ _16018_/Y (XOR2x2_ASAP7_75t_R)
   0.00 1827.31 ^ Datapath_i.fu_run_benchmark_38252_39575.Datapath_i.reg_81.reg_out1[21]$_DFF_P_/D (DFFHQNx1_ASAP7_75t_R)
        1827.31   data arrival time
---------------------------------------------------------
(Path is unconstrained)


Startpoint: Datapath_i.fu_run_benchmark_38252_39575.Controller_i._present_state[1]$_SDFF_PN0_
            (rising edge-triggered flip-flop)
Endpoint: Datapath_i.fu_run_benchmark_38252_39575.Datapath_i.reg_67.reg_out1[21]$_DFF_P_
          (rising edge-triggered flip-flop)
Path Group: unconstrained
Path Type: max
Corner: slow

  Delay    Time   Description
---------------------------------------------------------
   0.00    0.00 ^ Datapath_i.fu_run_benchmark_38252_39575.Controller_i._present_state[1]$_SDFF_PN0_/CLK (DFFHQNx1_ASAP7_75t_R)
 249.71  249.71 ^ Datapath_i.fu_run_benchmark_38252_39575.Controller_i._present_state[1]$_SDFF_PN0_/QN (DFFHQNx1_ASAP7_75t_R)
  63.51  313.22 ^ _09904_/Y (AND3x1_ASAP7_75t_R)
  47.59  360.80 ^ _09937_/Y (AND2x2_ASAP7_75t_R)
  41.47  402.28 ^ _09938_/Y (AND2x2_ASAP7_75t_R)
  64.65  466.92 ^ _09939_/Y (AND2x2_ASAP7_75t_R)
  46.26  513.19 ^ _09942_/Y (AND2x2_ASAP7_75t_R)
 166.74  679.93 ^ _09943_/Y (AND4x1_ASAP7_75t_R)
 476.84 1156.77 ^ _09949_/Y (AO21x1_ASAP7_75t_R)
 119.53 1276.30 ^ _10255_/Y (AO21x1_ASAP7_75t_R)
  29.35 1305.65 ^ _10256_/Y (AO21x1_ASAP7_75t_R)
  35.94 1341.58 ^ _10259_/Y (AND3x1_ASAP7_75t_R)
  24.27 1365.85 ^ _10260_/Y (OR3x1_ASAP7_75t_R)
  41.52 1407.37 ^ _10272_/Y (AND4x1_ASAP7_75t_R)
  41.63 1449.00 ^ _10273_/Y (AO21x1_ASAP7_75t_R)
  45.31 1494.31 v _18302_/CON (HAxp5_ASAP7_75t_R)
  53.71 1548.02 ^ _18051_/CON (FAx1_ASAP7_75t_R)
  22.00 1570.02 v _16241_/Y (INVx1_ASAP7_75t_R)
  51.48 1621.50 v _16242_/Y (OR3x1_ASAP7_75t_R)
  40.96 1662.46 v _16246_/Y (OR2x2_ASAP7_75t_R)
  65.43 1727.89 v _16252_/Y (OR4x1_ASAP7_75t_R)
  49.50 1777.39 v _16256_/Y (OR3x1_ASAP7_75t_R)
  49.90 1827.29 ^ _16257_/Y (XOR2x2_ASAP7_75t_R)
   0.00 1827.29 ^ Datapath_i.fu_run_benchmark_38252_39575.Datapath_i.reg_67.reg_out1[21]$_DFF_P_/D (DFFHQNx1_ASAP7_75t_R)
        1827.29   data arrival time
---------------------------------------------------------
(Path is unconstrained)


Startpoint: Datapath_i.fu_run_benchmark_38252_39575.Controller_i._present_state[1]$_SDFF_PN0_
            (rising edge-triggered flip-flop)
Endpoint: Datapath_i.fu_run_benchmark_38252_39575.Datapath_i.reg_25.reg_out1[22]$_DFF_P_
          (rising edge-triggered flip-flop)
Path Group: unconstrained
Path Type: max
Corner: slow

  Delay    Time   Description
---------------------------------------------------------
   0.00    0.00 ^ Datapath_i.fu_run_benchmark_38252_39575.Controller_i._present_state[1]$_SDFF_PN0_/CLK (DFFHQNx1_ASAP7_75t_R)
 249.71  249.71 ^ Datapath_i.fu_run_benchmark_38252_39575.Controller_i._present_state[1]$_SDFF_PN0_/QN (DFFHQNx1_ASAP7_75t_R)
  63.51  313.22 ^ _09904_/Y (AND3x1_ASAP7_75t_R)
  47.59  360.80 ^ _09937_/Y (AND2x2_ASAP7_75t_R)
  41.47  402.28 ^ _09938_/Y (AND2x2_ASAP7_75t_R)
  64.65  466.92 ^ _09939_/Y (AND2x2_ASAP7_75t_R)
  46.26  513.19 ^ _09942_/Y (AND2x2_ASAP7_75t_R)
 166.74  679.93 ^ _09943_/Y (AND4x1_ASAP7_75t_R)
 476.84 1156.77 ^ _09949_/Y (AO21x1_ASAP7_75t_R)
 119.53 1276.30 ^ _10255_/Y (AO21x1_ASAP7_75t_R)
  29.35 1305.65 ^ _10256_/Y (AO21x1_ASAP7_75t_R)
  35.94 1341.58 ^ _10259_/Y (AND3x1_ASAP7_75t_R)
  24.27 1365.85 ^ _10260_/Y (OR3x1_ASAP7_75t_R)
  41.52 1407.37 ^ _10272_/Y (AND4x1_ASAP7_75t_R)
  41.63 1449.00 ^ _10273_/Y (AO21x1_ASAP7_75t_R)
  46.81 1495.81 v _18297_/CON (HAxp5_ASAP7_75t_R)
  52.91 1548.72 v _16214_/Y (OA21x2_ASAP7_75t_R)
  65.39 1614.11 v _16220_/Y (OR4x1_ASAP7_75t_R)
  42.14 1656.25 v _16225_/Y (OR2x2_ASAP7_75t_R)
  65.54 1721.79 v _16230_/Y (OR4x1_ASAP7_75t_R)
  49.51 1771.30 v _16234_/Y (OR3x1_ASAP7_75t_R)
  49.93 1821.23 ^ _16235_/Y (XOR2x2_ASAP7_75t_R)
   0.00 1821.23 ^ Datapath_i.fu_run_benchmark_38252_39575.Datapath_i.reg_25.reg_out1[22]$_DFF_P_/D (DFFHQNx1_ASAP7_75t_R)
        1821.23   data arrival time
---------------------------------------------------------
(Path is unconstrained)


Startpoint: Datapath_i.fu_run_benchmark_38252_39575.Controller_i._present_state[1]$_SDFF_PN0_
            (rising edge-triggered flip-flop)
Endpoint: Datapath_i.fu_run_benchmark_38252_39575.Datapath_i.reg_37.reg_out1[22]$_DFF_P_
          (rising edge-triggered flip-flop)
Path Group: unconstrained
Path Type: max
Corner: slow

  Delay    Time   Description
---------------------------------------------------------
   0.00    0.00 ^ Datapath_i.fu_run_benchmark_38252_39575.Controller_i._present_state[1]$_SDFF_PN0_/CLK (DFFHQNx1_ASAP7_75t_R)
 249.71  249.71 ^ Datapath_i.fu_run_benchmark_38252_39575.Controller_i._present_state[1]$_SDFF_PN0_/QN (DFFHQNx1_ASAP7_75t_R)
  63.51  313.22 ^ _09904_/Y (AND3x1_ASAP7_75t_R)
  47.59  360.80 ^ _09937_/Y (AND2x2_ASAP7_75t_R)
  41.47  402.28 ^ _09938_/Y (AND2x2_ASAP7_75t_R)
  64.65  466.92 ^ _09939_/Y (AND2x2_ASAP7_75t_R)
  46.26  513.19 ^ _09942_/Y (AND2x2_ASAP7_75t_R)
 166.74  679.93 ^ _09943_/Y (AND4x1_ASAP7_75t_R)
 476.84 1156.77 ^ _09949_/Y (AO21x1_ASAP7_75t_R)
 119.53 1276.30 ^ _10255_/Y (AO21x1_ASAP7_75t_R)
  29.35 1305.65 ^ _10256_/Y (AO21x1_ASAP7_75t_R)
  35.94 1341.58 ^ _10259_/Y (AND3x1_ASAP7_75t_R)
  24.27 1365.85 ^ _10260_/Y (OR3x1_ASAP7_75t_R)
  41.52 1407.37 ^ _10272_/Y (AND4x1_ASAP7_75t_R)
  41.63 1449.00 ^ _10273_/Y (AO21x1_ASAP7_75t_R)
  46.81 1495.81 v _18295_/CON (HAxp5_ASAP7_75t_R)
  52.91 1548.72 v _16118_/Y (OA21x2_ASAP7_75t_R)
  65.39 1614.11 v _16124_/Y (OR4x1_ASAP7_75t_R)
  42.14 1656.25 v _16129_/Y (OR2x2_ASAP7_75t_R)
  65.54 1721.79 v _16134_/Y (OR4x1_ASAP7_75t_R)
  49.51 1771.30 v _16138_/Y (OR3x1_ASAP7_75t_R)
  49.93 1821.23 ^ _16139_/Y (XOR2x2_ASAP7_75t_R)
   0.00 1821.23 ^ Datapath_i.fu_run_benchmark_38252_39575.Datapath_i.reg_37.reg_out1[22]$_DFF_P_/D (DFFHQNx1_ASAP7_75t_R)
        1821.23   data arrival time
---------------------------------------------------------
(Path is unconstrained)


Startpoint: Datapath_i.fu_run_benchmark_38252_39575.Controller_i._present_state[1]$_SDFF_PN0_
            (rising edge-triggered flip-flop)
Endpoint: Datapath_i.fu_run_benchmark_38252_39575.Datapath_i.reg_81.reg_out1[22]$_DFF_P_
          (rising edge-triggered flip-flop)
Path Group: unconstrained
Path Type: max
Corner: slow

  Delay    Time   Description
---------------------------------------------------------
   0.00    0.00 ^ Datapath_i.fu_run_benchmark_38252_39575.Controller_i._present_state[1]$_SDFF_PN0_/CLK (DFFHQNx1_ASAP7_75t_R)
 249.71  249.71 ^ Datapath_i.fu_run_benchmark_38252_39575.Controller_i._present_state[1]$_SDFF_PN0_/QN (DFFHQNx1_ASAP7_75t_R)
  63.51  313.22 ^ _09904_/Y (AND3x1_ASAP7_75t_R)
  47.59  360.80 ^ _09937_/Y (AND2x2_ASAP7_75t_R)
  41.47  402.28 ^ _09938_/Y (AND2x2_ASAP7_75t_R)
  64.65  466.92 ^ _09939_/Y (AND2x2_ASAP7_75t_R)
  46.26  513.19 ^ _09942_/Y (AND2x2_ASAP7_75t_R)
 166.74  679.93 ^ _09943_/Y (AND4x1_ASAP7_75t_R)
 476.84 1156.77 ^ _09949_/Y (AO21x1_ASAP7_75t_R)
 119.53 1276.30 ^ _10255_/Y (AO21x1_ASAP7_75t_R)
  29.35 1305.65 ^ _10256_/Y (AO21x1_ASAP7_75t_R)
  35.94 1341.58 ^ _10259_/Y (AND3x1_ASAP7_75t_R)
  24.27 1365.85 ^ _10260_/Y (OR3x1_ASAP7_75t_R)
  41.52 1407.37 ^ _10272_/Y (AND4x1_ASAP7_75t_R)
  41.63 1449.00 ^ _10273_/Y (AO21x1_ASAP7_75t_R)
  45.31 1494.31 v _18300_/CON (HAxp5_ASAP7_75t_R)
  52.23 1546.54 v _15999_/Y (OA21x2_ASAP7_75t_R)
  65.37 1611.91 v _16005_/Y (OR4x1_ASAP7_75t_R)
  42.09 1654.00 v _16010_/Y (OR2x2_ASAP7_75t_R)
  65.51 1719.51 v _16015_/Y (OR4x1_ASAP7_75t_R)
  49.49 1769.00 v _16019_/Y (OR3x1_ASAP7_75t_R)
  49.87 1818.87 ^ _16020_/Y (XOR2x2_ASAP7_75t_R)
   0.00 1818.87 ^ Datapath_i.fu_run_benchmark_38252_39575.Datapath_i.reg_81.reg_out1[22]$_DFF_P_/D (DFFHQNx1_ASAP7_75t_R)
        1818.87   data arrival time
---------------------------------------------------------
(Path is unconstrained)


Startpoint: Datapath_i.fu_run_benchmark_38252_39575.Controller_i._present_state[1]$_SDFF_PN0_
            (rising edge-triggered flip-flop)
Endpoint: Datapath_i.fu_run_benchmark_38252_39575.Datapath_i.reg_67.reg_out1[22]$_DFF_P_
          (rising edge-triggered flip-flop)
Path Group: unconstrained
Path Type: max
Corner: slow

  Delay    Time   Description
---------------------------------------------------------
   0.00    0.00 ^ Datapath_i.fu_run_benchmark_38252_39575.Controller_i._present_state[1]$_SDFF_PN0_/CLK (DFFHQNx1_ASAP7_75t_R)
 249.71  249.71 ^ Datapath_i.fu_run_benchmark_38252_39575.Controller_i._present_state[1]$_SDFF_PN0_/QN (DFFHQNx1_ASAP7_75t_R)
  63.51  313.22 ^ _09904_/Y (AND3x1_ASAP7_75t_R)
  47.59  360.80 ^ _09937_/Y (AND2x2_ASAP7_75t_R)
  41.47  402.28 ^ _09938_/Y (AND2x2_ASAP7_75t_R)
  64.65  466.92 ^ _09939_/Y (AND2x2_ASAP7_75t_R)
  46.26  513.19 ^ _09942_/Y (AND2x2_ASAP7_75t_R)
 166.74  679.93 ^ _09943_/Y (AND4x1_ASAP7_75t_R)
 476.84 1156.77 ^ _09949_/Y (AO21x1_ASAP7_75t_R)
 119.53 1276.30 ^ _10255_/Y (AO21x1_ASAP7_75t_R)
  29.35 1305.65 ^ _10256_/Y (AO21x1_ASAP7_75t_R)
  35.94 1341.58 ^ _10259_/Y (AND3x1_ASAP7_75t_R)
  24.27 1365.85 ^ _10260_/Y (OR3x1_ASAP7_75t_R)
  41.52 1407.37 ^ _10272_/Y (AND4x1_ASAP7_75t_R)
  41.63 1449.00 ^ _10273_/Y (AO21x1_ASAP7_75t_R)
  45.31 1494.31 v _18302_/CON (HAxp5_ASAP7_75t_R)
  52.23 1546.54 v _16238_/Y (OA21x2_ASAP7_75t_R)
  65.37 1611.91 v _16244_/Y (OR4x1_ASAP7_75t_R)
  42.08 1653.99 v _16249_/Y (OR2x2_ASAP7_75t_R)
  65.50 1719.50 v _16254_/Y (OR4x1_ASAP7_75t_R)
  49.49 1768.99 v _16258_/Y (OR3x1_ASAP7_75t_R)
  49.86 1818.85 ^ _16259_/Y (XOR2x2_ASAP7_75t_R)
   0.00 1818.85 ^ Datapath_i.fu_run_benchmark_38252_39575.Datapath_i.reg_67.reg_out1[22]$_DFF_P_/D (DFFHQNx1_ASAP7_75t_R)
        1818.85   data arrival time
---------------------------------------------------------
(Path is unconstrained)


Startpoint: Datapath_i.fu_run_benchmark_38252_39575.Controller_i._present_state[1]$_SDFF_PN0_
            (rising edge-triggered flip-flop)
Endpoint: Datapath_i.fu_run_benchmark_38252_39575.Datapath_i.reg_25.reg_out1[19]$_DFF_P_
          (rising edge-triggered flip-flop)
Path Group: unconstrained
Path Type: max
Corner: slow

  Delay    Time   Description
---------------------------------------------------------
   0.00    0.00 ^ Datapath_i.fu_run_benchmark_38252_39575.Controller_i._present_state[1]$_SDFF_PN0_/CLK (DFFHQNx1_ASAP7_75t_R)
 249.71  249.71 ^ Datapath_i.fu_run_benchmark_38252_39575.Controller_i._present_state[1]$_SDFF_PN0_/QN (DFFHQNx1_ASAP7_75t_R)
  63.51  313.22 ^ _09904_/Y (AND3x1_ASAP7_75t_R)
  47.59  360.80 ^ _09937_/Y (AND2x2_ASAP7_75t_R)
  41.47  402.28 ^ _09938_/Y (AND2x2_ASAP7_75t_R)
  64.65  466.92 ^ _09939_/Y (AND2x2_ASAP7_75t_R)
  46.26  513.19 ^ _09942_/Y (AND2x2_ASAP7_75t_R)
 166.74  679.93 ^ _09943_/Y (AND4x1_ASAP7_75t_R)
 476.84 1156.77 ^ _09949_/Y (AO21x1_ASAP7_75t_R)
 119.53 1276.30 ^ _10255_/Y (AO21x1_ASAP7_75t_R)
  29.35 1305.65 ^ _10256_/Y (AO21x1_ASAP7_75t_R)
  35.94 1341.58 ^ _10259_/Y (AND3x1_ASAP7_75t_R)
  24.27 1365.85 ^ _10260_/Y (OR3x1_ASAP7_75t_R)
  41.52 1407.37 ^ _10272_/Y (AND4x1_ASAP7_75t_R)
  41.63 1449.00 ^ _10273_/Y (AO21x1_ASAP7_75t_R)
  46.81 1495.81 v _18297_/CON (HAxp5_ASAP7_75t_R)
  58.46 1554.27 ^ _18049_/CON (FAx1_ASAP7_75t_R)
  22.00 1576.27 v _16217_/Y (INVx1_ASAP7_75t_R)
  51.48 1627.74 v _16218_/Y (OR3x1_ASAP7_75t_R)
  41.03 1668.77 v _16222_/Y (OR2x2_ASAP7_75t_R)
  65.47 1734.24 v _16228_/Y (OR4x1_ASAP7_75t_R)
  52.95 1787.19 ^ _16229_/Y (XOR2x2_ASAP7_75t_R)
   0.00 1787.19 ^ Datapath_i.fu_run_benchmark_38252_39575.Datapath_i.reg_25.reg_out1[19]$_DFF_P_/D (DFFHQNx1_ASAP7_75t_R)
        1787.19   data arrival time
---------------------------------------------------------
(Path is unconstrained)


Startpoint: Datapath_i.fu_run_benchmark_38252_39575.Controller_i._present_state[1]$_SDFF_PN0_
            (rising edge-triggered flip-flop)
Endpoint: Datapath_i.fu_run_benchmark_38252_39575.Datapath_i.reg_37.reg_out1[19]$_DFF_P_
          (rising edge-triggered flip-flop)
Path Group: unconstrained
Path Type: max
Corner: slow

  Delay    Time   Description
---------------------------------------------------------
   0.00    0.00 ^ Datapath_i.fu_run_benchmark_38252_39575.Controller_i._present_state[1]$_SDFF_PN0_/CLK (DFFHQNx1_ASAP7_75t_R)
 249.71  249.71 ^ Datapath_i.fu_run_benchmark_38252_39575.Controller_i._present_state[1]$_SDFF_PN0_/QN (DFFHQNx1_ASAP7_75t_R)
  63.51  313.22 ^ _09904_/Y (AND3x1_ASAP7_75t_R)
  47.59  360.80 ^ _09937_/Y (AND2x2_ASAP7_75t_R)
  41.47  402.28 ^ _09938_/Y (AND2x2_ASAP7_75t_R)
  64.65  466.92 ^ _09939_/Y (AND2x2_ASAP7_75t_R)
  46.26  513.19 ^ _09942_/Y (AND2x2_ASAP7_75t_R)
 166.74  679.93 ^ _09943_/Y (AND4x1_ASAP7_75t_R)
 476.84 1156.77 ^ _09949_/Y (AO21x1_ASAP7_75t_R)
 119.53 1276.30 ^ _10255_/Y (AO21x1_ASAP7_75t_R)
  29.35 1305.65 ^ _10256_/Y (AO21x1_ASAP7_75t_R)
  35.94 1341.58 ^ _10259_/Y (AND3x1_ASAP7_75t_R)
  24.27 1365.85 ^ _10260_/Y (OR3x1_ASAP7_75t_R)
  41.52 1407.37 ^ _10272_/Y (AND4x1_ASAP7_75t_R)
  41.63 1449.00 ^ _10273_/Y (AO21x1_ASAP7_75t_R)
  46.81 1495.81 v _18295_/CON (HAxp5_ASAP7_75t_R)
  58.46 1554.27 ^ _18048_/CON (FAx1_ASAP7_75t_R)
  22.00 1576.27 v _16121_/Y (INVx1_ASAP7_75t_R)
  51.48 1627.74 v _16122_/Y (OR3x1_ASAP7_75t_R)
  41.03 1668.77 v _16126_/Y (OR2x2_ASAP7_75t_R)
  65.47 1734.24 v _16132_/Y (OR4x1_ASAP7_75t_R)
  52.95 1787.19 ^ _16133_/Y (XOR2x2_ASAP7_75t_R)
   0.00 1787.19 ^ Datapath_i.fu_run_benchmark_38252_39575.Datapath_i.reg_37.reg_out1[19]$_DFF_P_/D (DFFHQNx1_ASAP7_75t_R)
        1787.19   data arrival time
---------------------------------------------------------
(Path is unconstrained)


