Startpoint: io_time[0]$_SDFFE_PP0P_ (rising edge-triggered flip-flop)
Endpoint: large_1[48]$_SDFFE_PP0P_ (rising edge-triggered flip-flop)
Path Group: unconstrained
Path Type: max
Corner: slow

    Cap   Delay    Time   Description
----------------------------------------------------------------
           0.00    0.00 ^ io_time[0]$_SDFFE_PP0P_/CLK (DFFHQNx1_ASAP7_75t_R)
   6.43  136.78  136.78 v io_time[0]$_SDFFE_PP0P_/QN (DFFHQNx1_ASAP7_75t_R)
  14.92   40.40  177.18 ^ _2686_/Y (INVx8_ASAP7_75t_R)
   1.38   34.85  212.02 v _4974_/CON (HAxp5_ASAP7_75t_R)
   0.85   22.31  234.33 ^ _2693_/Y (INVx1_ASAP7_75t_R)
   1.68   32.10  266.44 v _4975_/CON (HAxp5_ASAP7_75t_R)
   4.36  108.76  375.19 v _3960_/Y (OR5x2_ASAP7_75t_R)
   3.06  103.74  478.94 v _3992_/Y (OR5x2_ASAP7_75t_R)
   4.20  103.98  582.92 v _4044_/Y (OR5x2_ASAP7_75t_R)
   6.88  108.96  691.87 v _4093_/Y (OR5x2_ASAP7_75t_R)
   3.38  104.60  796.47 v _4194_/Y (OR5x2_ASAP7_75t_R)
   2.32   95.22  891.69 v _4332_/Y (OR5x2_ASAP7_75t_R)
   0.63   36.91  928.60 v _4333_/Y (XNOR2x1_ASAP7_75t_R)
   0.51   30.97  959.57 v _4335_/Y (AO21x1_ASAP7_75t_R)
   0.56   30.01  989.58 v _4336_/Y (AND2x2_ASAP7_75t_R)
           0.00  989.58 v large_1[48]$_SDFFE_PP0P_/D (DFFHQNx1_ASAP7_75t_R)
                 989.58   data arrival time
----------------------------------------------------------------
(Path is unconstrained)


