Startpoint: io_time[0]$_SDFFE_PP0P_ (rising edge-triggered flip-flop)
Endpoint: large_1[48]$_SDFFE_PP0P_ (rising edge-triggered flip-flop)
Path Group: unconstrained
Path Type: max
Corner: slow

  Delay    Time   Description
---------------------------------------------------------
   0.00    0.00 ^ io_time[0]$_SDFFE_PP0P_/CLK (DFFHQNx1_ASAP7_75t_R)
 136.78  136.78 v io_time[0]$_SDFFE_PP0P_/QN (DFFHQNx1_ASAP7_75t_R)
  40.40  177.18 ^ _2686_/Y (INVx8_ASAP7_75t_R)
  34.85  212.02 v _4974_/CON (HAxp5_ASAP7_75t_R)
  22.31  234.33 ^ _2693_/Y (INVx1_ASAP7_75t_R)
  32.10  266.44 v _4975_/CON (HAxp5_ASAP7_75t_R)
 108.76  375.19 v _3960_/Y (OR5x2_ASAP7_75t_R)
 103.74  478.94 v _3992_/Y (OR5x2_ASAP7_75t_R)
 103.98  582.92 v _4044_/Y (OR5x2_ASAP7_75t_R)
 108.96  691.87 v _4093_/Y (OR5x2_ASAP7_75t_R)
 104.60  796.47 v _4194_/Y (OR5x2_ASAP7_75t_R)
  95.22  891.69 v _4332_/Y (OR5x2_ASAP7_75t_R)
  36.91  928.60 v _4333_/Y (XNOR2x1_ASAP7_75t_R)
  30.97  959.57 v _4335_/Y (AO21x1_ASAP7_75t_R)
  30.01  989.58 v _4336_/Y (AND2x2_ASAP7_75t_R)
   0.00  989.58 v large_1[48]$_SDFFE_PP0P_/D (DFFHQNx1_ASAP7_75t_R)
         989.58   data arrival time
---------------------------------------------------------
(Path is unconstrained)


Startpoint: io_time[0]$_SDFFE_PP0P_ (rising edge-triggered flip-flop)
Endpoint: large_1[46]$_SDFFE_PP0P_ (rising edge-triggered flip-flop)
Path Group: unconstrained
Path Type: max
Corner: slow

  Delay    Time   Description
---------------------------------------------------------
   0.00    0.00 ^ io_time[0]$_SDFFE_PP0P_/CLK (DFFHQNx1_ASAP7_75t_R)
 136.78  136.78 v io_time[0]$_SDFFE_PP0P_/QN (DFFHQNx1_ASAP7_75t_R)
  40.40  177.18 ^ _2686_/Y (INVx8_ASAP7_75t_R)
  34.85  212.02 v _4974_/CON (HAxp5_ASAP7_75t_R)
  22.31  234.33 ^ _2693_/Y (INVx1_ASAP7_75t_R)
  32.10  266.44 v _4975_/CON (HAxp5_ASAP7_75t_R)
 108.76  375.19 v _3960_/Y (OR5x2_ASAP7_75t_R)
 103.74  478.94 v _3992_/Y (OR5x2_ASAP7_75t_R)
 103.98  582.92 v _4044_/Y (OR5x2_ASAP7_75t_R)
 108.96  691.87 v _4093_/Y (OR5x2_ASAP7_75t_R)
 104.60  796.47 v _4194_/Y (OR5x2_ASAP7_75t_R)
  93.11  889.58 v _4317_/Y (OR5x2_ASAP7_75t_R)
  35.88  925.46 v _4318_/Y (XNOR2x1_ASAP7_75t_R)
  30.88  956.34 v _4320_/Y (AO21x1_ASAP7_75t_R)
  30.25  986.58 v _4321_/Y (AND2x2_ASAP7_75t_R)
   0.01  986.59 v large_1[46]$_SDFFE_PP0P_/D (DFFHQNx1_ASAP7_75t_R)
         986.59   data arrival time
---------------------------------------------------------
(Path is unconstrained)


Startpoint: io_time[0]$_SDFFE_PP0P_ (rising edge-triggered flip-flop)
Endpoint: large_1[45]$_SDFFE_PP0P_ (rising edge-triggered flip-flop)
Path Group: unconstrained
Path Type: max
Corner: slow

  Delay    Time   Description
---------------------------------------------------------
   0.00    0.00 ^ io_time[0]$_SDFFE_PP0P_/CLK (DFFHQNx1_ASAP7_75t_R)
 136.78  136.78 v io_time[0]$_SDFFE_PP0P_/QN (DFFHQNx1_ASAP7_75t_R)
  40.40  177.18 ^ _2686_/Y (INVx8_ASAP7_75t_R)
  34.85  212.02 v _4974_/CON (HAxp5_ASAP7_75t_R)
  22.31  234.33 ^ _2693_/Y (INVx1_ASAP7_75t_R)
  32.10  266.44 v _4975_/CON (HAxp5_ASAP7_75t_R)
 108.76  375.19 v _3960_/Y (OR5x2_ASAP7_75t_R)
 101.56  476.75 v _4002_/Y (OR5x2_ASAP7_75t_R)
 107.22  583.97 v _4039_/Y (OR5x2_ASAP7_75t_R)
 106.32  690.30 v _4130_/Y (OR5x2_ASAP7_75t_R)
  91.21  781.51 v _4280_/Y (OR5x2_ASAP7_75t_R)
  93.63  875.14 v _4309_/Y (OR5x2_ASAP7_75t_R)
  34.39  909.53 v _4310_/Y (XNOR2x1_ASAP7_75t_R)
  29.87  939.40 v _4311_/Y (AND2x2_ASAP7_75t_R)
  36.03  975.43 v _4313_/Y (OA21x2_ASAP7_75t_R)
   0.00  975.44 v large_1[45]$_SDFFE_PP0P_/D (DFFHQNx1_ASAP7_75t_R)
         975.44   data arrival time
---------------------------------------------------------
(Path is unconstrained)


Startpoint: io_time[0]$_SDFFE_PP0P_ (rising edge-triggered flip-flop)
Endpoint: large_1[36]$_SDFFE_PP0P_ (rising edge-triggered flip-flop)
Path Group: unconstrained
Path Type: max
Corner: slow

  Delay    Time   Description
---------------------------------------------------------
   0.00    0.00 ^ io_time[0]$_SDFFE_PP0P_/CLK (DFFHQNx1_ASAP7_75t_R)
 136.78  136.78 v io_time[0]$_SDFFE_PP0P_/QN (DFFHQNx1_ASAP7_75t_R)
  40.40  177.18 ^ _2686_/Y (INVx8_ASAP7_75t_R)
  34.85  212.02 v _4974_/CON (HAxp5_ASAP7_75t_R)
  22.31  234.33 ^ _2693_/Y (INVx1_ASAP7_75t_R)
  32.10  266.44 v _4975_/CON (HAxp5_ASAP7_75t_R)
 108.76  375.19 v _3960_/Y (OR5x2_ASAP7_75t_R)
 103.74  478.94 v _3992_/Y (OR5x2_ASAP7_75t_R)
 103.98  582.92 v _4044_/Y (OR5x2_ASAP7_75t_R)
 108.96  691.87 v _4093_/Y (OR5x2_ASAP7_75t_R)
 104.60  796.47 v _4194_/Y (OR5x2_ASAP7_75t_R)
  69.20  865.68 v _4239_/Y (OR4x1_ASAP7_75t_R)
  33.95  899.63 v _4240_/Y (XNOR2x1_ASAP7_75t_R)
  29.99  929.62 v _4241_/Y (AND2x2_ASAP7_75t_R)
  36.03  965.65 v _4243_/Y (OA21x2_ASAP7_75t_R)
   0.00  965.65 v large_1[36]$_SDFFE_PP0P_/D (DFFHQNx1_ASAP7_75t_R)
         965.65   data arrival time
---------------------------------------------------------
(Path is unconstrained)


Startpoint: io_time[0]$_SDFFE_PP0P_ (rising edge-triggered flip-flop)
Endpoint: large_1[50]$_SDFFE_PP0P_ (rising edge-triggered flip-flop)
Path Group: unconstrained
Path Type: max
Corner: slow

  Delay    Time   Description
---------------------------------------------------------
   0.00    0.00 ^ io_time[0]$_SDFFE_PP0P_/CLK (DFFHQNx1_ASAP7_75t_R)
 136.78  136.78 v io_time[0]$_SDFFE_PP0P_/QN (DFFHQNx1_ASAP7_75t_R)
  40.40  177.18 ^ _2686_/Y (INVx8_ASAP7_75t_R)
  34.85  212.02 v _4974_/CON (HAxp5_ASAP7_75t_R)
  22.31  234.33 ^ _2693_/Y (INVx1_ASAP7_75t_R)
  32.10  266.44 v _4975_/CON (HAxp5_ASAP7_75t_R)
 108.76  375.19 v _3960_/Y (OR5x2_ASAP7_75t_R)
 103.74  478.94 v _3992_/Y (OR5x2_ASAP7_75t_R)
 103.98  582.92 v _4044_/Y (OR5x2_ASAP7_75t_R)
 108.96  691.87 v _4093_/Y (OR5x2_ASAP7_75t_R)
  93.52  785.39 v _4223_/Y (OR3x4_ASAP7_75t_R)
  63.65  849.04 v _4346_/Y (OR4x1_ASAP7_75t_R)
  40.30  889.34 v _4347_/Y (XOR2x1_ASAP7_75t_R)
  33.49  922.83 v _4348_/Y (AND2x2_ASAP7_75t_R)
  36.03  958.86 v _4350_/Y (OA21x2_ASAP7_75t_R)
   0.00  958.86 v large_1[50]$_SDFFE_PP0P_/D (DFFHQNx1_ASAP7_75t_R)
         958.86   data arrival time
---------------------------------------------------------
(Path is unconstrained)


Startpoint: io_time[0]$_SDFFE_PP0P_ (rising edge-triggered flip-flop)
Endpoint: large_1[56]$_SDFFE_PP0P_ (rising edge-triggered flip-flop)
Path Group: unconstrained
Path Type: max
Corner: slow

  Delay    Time   Description
---------------------------------------------------------
   0.00    0.00 ^ io_time[0]$_SDFFE_PP0P_/CLK (DFFHQNx1_ASAP7_75t_R)
 136.78  136.78 v io_time[0]$_SDFFE_PP0P_/QN (DFFHQNx1_ASAP7_75t_R)
  40.40  177.18 ^ _2686_/Y (INVx8_ASAP7_75t_R)
  34.85  212.02 v _4974_/CON (HAxp5_ASAP7_75t_R)
  22.31  234.33 ^ _2693_/Y (INVx1_ASAP7_75t_R)
  32.10  266.44 v _4975_/CON (HAxp5_ASAP7_75t_R)
 108.76  375.19 v _3960_/Y (OR5x2_ASAP7_75t_R)
 103.74  478.94 v _3992_/Y (OR5x2_ASAP7_75t_R)
 103.98  582.92 v _4044_/Y (OR5x2_ASAP7_75t_R)
 108.96  691.87 v _4093_/Y (OR5x2_ASAP7_75t_R)
  97.13  789.00 v _4273_/Y (OR5x2_ASAP7_75t_R)
  66.71  855.72 v _4386_/Y (OR4x1_ASAP7_75t_R)
  33.88  889.60 v _4387_/Y (XNOR2x1_ASAP7_75t_R)
  29.66  919.26 v _4388_/Y (AND2x2_ASAP7_75t_R)
  36.05  955.31 v _4390_/Y (OA21x2_ASAP7_75t_R)
   0.00  955.31 v large_1[56]$_SDFFE_PP0P_/D (DFFHQNx1_ASAP7_75t_R)
         955.31   data arrival time
---------------------------------------------------------
(Path is unconstrained)


Startpoint: io_time[0]$_SDFFE_PP0P_ (rising edge-triggered flip-flop)
Endpoint: large_1[54]$_SDFFE_PP0P_ (rising edge-triggered flip-flop)
Path Group: unconstrained
Path Type: max
Corner: slow

  Delay    Time   Description
---------------------------------------------------------
   0.00    0.00 ^ io_time[0]$_SDFFE_PP0P_/CLK (DFFHQNx1_ASAP7_75t_R)
 136.78  136.78 v io_time[0]$_SDFFE_PP0P_/QN (DFFHQNx1_ASAP7_75t_R)
  40.40  177.18 ^ _2686_/Y (INVx8_ASAP7_75t_R)
  34.85  212.02 v _4974_/CON (HAxp5_ASAP7_75t_R)
  22.31  234.33 ^ _2693_/Y (INVx1_ASAP7_75t_R)
  32.10  266.44 v _4975_/CON (HAxp5_ASAP7_75t_R)
 108.76  375.19 v _3960_/Y (OR5x2_ASAP7_75t_R)
 103.74  478.94 v _3992_/Y (OR5x2_ASAP7_75t_R)
 103.98  582.92 v _4044_/Y (OR5x2_ASAP7_75t_R)
 108.96  691.87 v _4093_/Y (OR5x2_ASAP7_75t_R)
  93.52  785.39 v _4223_/Y (OR3x4_ASAP7_75t_R)
  58.03  843.42 v _4369_/Y (OR3x1_ASAP7_75t_R)
  47.28  890.70 v _4371_/Y (OR3x1_ASAP7_75t_R)
  27.13  917.83 v _4373_/Y (AND3x1_ASAP7_75t_R)
  35.77  953.60 v _4376_/Y (OA21x2_ASAP7_75t_R)
   0.00  953.60 v large_1[54]$_SDFFE_PP0P_/D (DFFHQNx1_ASAP7_75t_R)
         953.60   data arrival time
---------------------------------------------------------
(Path is unconstrained)


Startpoint: io_time[0]$_SDFFE_PP0P_ (rising edge-triggered flip-flop)
Endpoint: large_1[44]$_SDFFE_PP0P_ (rising edge-triggered flip-flop)
Path Group: unconstrained
Path Type: max
Corner: slow

  Delay    Time   Description
---------------------------------------------------------
   0.00    0.00 ^ io_time[0]$_SDFFE_PP0P_/CLK (DFFHQNx1_ASAP7_75t_R)
 136.78  136.78 v io_time[0]$_SDFFE_PP0P_/QN (DFFHQNx1_ASAP7_75t_R)
  40.40  177.18 ^ _2686_/Y (INVx8_ASAP7_75t_R)
  34.85  212.02 v _4974_/CON (HAxp5_ASAP7_75t_R)
  22.31  234.33 ^ _2693_/Y (INVx1_ASAP7_75t_R)
  32.10  266.44 v _4975_/CON (HAxp5_ASAP7_75t_R)
 108.76  375.19 v _3960_/Y (OR5x2_ASAP7_75t_R)
 102.45  477.64 v _3995_/Y (OR5x2_ASAP7_75t_R)
 104.52  582.16 v _4030_/Y (OR5x2_ASAP7_75t_R)
  81.56  663.72 v _4071_/Y (OR5x1_ASAP7_75t_R)
  88.42  752.13 v _4170_/Y (OR4x2_ASAP7_75t_R)
  87.69  839.83 v _4300_/Y (OR4x2_ASAP7_75t_R)
  49.76  889.59 v _4302_/Y (OR3x1_ASAP7_75t_R)
  25.38  914.97 v _4304_/Y (AND3x1_ASAP7_75t_R)
  35.05  950.02 v _4307_/Y (OA21x2_ASAP7_75t_R)
   0.00  950.03 v large_1[44]$_SDFFE_PP0P_/D (DFFHQNx1_ASAP7_75t_R)
         950.03   data arrival time
---------------------------------------------------------
(Path is unconstrained)


Startpoint: io_time[0]$_SDFFE_PP0P_ (rising edge-triggered flip-flop)
Endpoint: large_1[52]$_SDFFE_PP0P_ (rising edge-triggered flip-flop)
Path Group: unconstrained
Path Type: max
Corner: slow

  Delay    Time   Description
---------------------------------------------------------
   0.00    0.00 ^ io_time[0]$_SDFFE_PP0P_/CLK (DFFHQNx1_ASAP7_75t_R)
 136.78  136.78 v io_time[0]$_SDFFE_PP0P_/QN (DFFHQNx1_ASAP7_75t_R)
  40.40  177.18 ^ _2686_/Y (INVx8_ASAP7_75t_R)
  34.85  212.02 v _4974_/CON (HAxp5_ASAP7_75t_R)
  22.31  234.33 ^ _2693_/Y (INVx1_ASAP7_75t_R)
  32.10  266.44 v _4975_/CON (HAxp5_ASAP7_75t_R)
 108.76  375.19 v _3960_/Y (OR5x2_ASAP7_75t_R)
 102.45  477.64 v _3995_/Y (OR5x2_ASAP7_75t_R)
 104.52  582.16 v _4030_/Y (OR5x2_ASAP7_75t_R)
  81.56  663.72 v _4071_/Y (OR5x1_ASAP7_75t_R)
  88.42  752.13 v _4170_/Y (OR4x2_ASAP7_75t_R)
  87.69  839.83 v _4300_/Y (OR4x2_ASAP7_75t_R)
  49.55  889.37 v _4357_/Y (OR3x1_ASAP7_75t_R)
  25.23  914.60 v _4359_/Y (AND3x1_ASAP7_75t_R)
  35.10  949.70 v _4362_/Y (OA21x2_ASAP7_75t_R)
   0.01  949.71 v large_1[52]$_SDFFE_PP0P_/D (DFFHQNx1_ASAP7_75t_R)
         949.71   data arrival time
---------------------------------------------------------
(Path is unconstrained)


Startpoint: io_time[0]$_SDFFE_PP0P_ (rising edge-triggered flip-flop)
Endpoint: large_1[57]$_SDFFE_PP0P_ (rising edge-triggered flip-flop)
Path Group: unconstrained
Path Type: max
Corner: slow

  Delay    Time   Description
---------------------------------------------------------
   0.00    0.00 ^ io_time[0]$_SDFFE_PP0P_/CLK (DFFHQNx1_ASAP7_75t_R)
 136.78  136.78 v io_time[0]$_SDFFE_PP0P_/QN (DFFHQNx1_ASAP7_75t_R)
  40.40  177.18 ^ _2686_/Y (INVx8_ASAP7_75t_R)
  34.85  212.02 v _4974_/CON (HAxp5_ASAP7_75t_R)
  22.31  234.33 ^ _2693_/Y (INVx1_ASAP7_75t_R)
  32.10  266.44 v _4975_/CON (HAxp5_ASAP7_75t_R)
 108.76  375.19 v _3960_/Y (OR5x2_ASAP7_75t_R)
  93.58  468.77 v _4024_/Y (OR5x2_ASAP7_75t_R)
 105.11  573.88 v _4053_/Y (OR5x2_ASAP7_75t_R)
 104.68  678.56 v _4184_/Y (OR5x2_ASAP7_75t_R)
  92.45  771.00 v _4337_/Y (OR5x2_ASAP7_75t_R)
  67.14  838.15 v _4392_/Y (OR4x1_ASAP7_75t_R)
  41.73  879.88 v _4394_/Y (OA21x2_ASAP7_75t_R)
  37.70  917.57 v _4395_/Y (AO22x1_ASAP7_75t_R)
  31.18  948.75 v _4396_/Y (AND2x2_ASAP7_75t_R)
   0.01  948.76 v large_1[57]$_SDFFE_PP0P_/D (DFFHQNx1_ASAP7_75t_R)
         948.76   data arrival time
---------------------------------------------------------
(Path is unconstrained)


