Startpoint: fifo_north_pop_data[2] (input port)
Endpoint: array_array_6632d_d[28] (output port)
Path Group: unconstrained
Path Type: max
Corner: slow

    Cap   Delay    Time   Description
----------------------------------------------------------------
           0.00    0.00 v input external delay
   8.77    7.39    7.39 v fifo_north_pop_data[2] (in)
   2.36   31.45   38.84 ^ _534_/Y (NAND2x1_ASAP7_75t_R)
   1.72   26.24   65.07 v _535_/Y (INVx1_ASAP7_75t_R)
   6.34  233.63  298.71 v _814_/SN (FAx1_ASAP7_75t_R)
   0.62   60.49  359.19 ^ _816_/CON (FAx1_ASAP7_75t_R)
   0.64   31.82  391.02 v _816_/SN (FAx1_ASAP7_75t_R)
   2.07   42.23  433.25 ^ _622_/Y (INVx1_ASAP7_75t_R)
   0.68   68.94  502.19 v _818_/SN (FAx1_ASAP7_75t_R)
   1.43   28.97  531.17 ^ _681_/Y (INVx1_ASAP7_75t_R)
   1.05   74.14  605.30 v _819_/SN (FAx1_ASAP7_75t_R)
   2.51  106.51  711.82 v _873_/SN (HAxp5_ASAP7_75t_R)
   2.04   52.03  763.85 v _590_/Y (OA21x2_ASAP7_75t_R)
   0.66   38.05  801.90 v _597_/Y (OA21x2_ASAP7_75t_R)
   2.05   41.18  843.08 v _598_/Y (OA21x2_ASAP7_75t_R)
   1.08   40.08  883.16 v _599_/Y (XOR2x1_ASAP7_75t_R)
   1.97   82.86  966.02 v _881_/SN (HAxp5_ASAP7_75t_R)
   1.54   47.93 1013.95 v _728_/Y (OA21x2_ASAP7_75t_R)
   0.59   36.83 1050.78 v _733_/Y (OA21x2_ASAP7_75t_R)
   2.02   40.82 1091.60 v _734_/Y (OA21x2_ASAP7_75t_R)
   2.09   25.92 1117.53 ^ _740_/Y (NOR2x1_ASAP7_75t_R)
   1.67   70.82 1188.35 ^ _754_/Y (AND5x1_ASAP7_75t_R)
   2.12   39.36 1227.70 ^ _761_/Y (AND2x2_ASAP7_75t_R)
   1.06   40.92 1268.62 ^ _765_/Y (AND3x1_ASAP7_75t_R)
  13.58   80.06 1348.69 ^ _766_/Y (XOR2x2_ASAP7_75t_R)
           0.58 1349.27 ^ array_array_6632d_d[28] (out)
                1349.27   data arrival time
----------------------------------------------------------------
(Path is unconstrained)


