max slew

Pin                                    Limit    Slew   Slack
------------------------------------------------------------
_26922_/A1                            320.00  322.35   -2.35 (VIOLATED)
_34045_/A1                            320.00  322.34   -2.34 (VIOLATED)
_26956_/A1                            320.00  322.34   -2.34 (VIOLATED)
_27026_/A                             320.00  322.34   -2.34 (VIOLATED)
_27027_/A1                            320.00  322.33   -2.33 (VIOLATED)
_27041_/A                             320.00  322.33   -2.33 (VIOLATED)
_27042_/A1                            320.00  322.33   -2.33 (VIOLATED)
_27079_/A                             320.00  322.32   -2.32 (VIOLATED)
_27034_/A1                            320.00  322.32   -2.32 (VIOLATED)
_26851_/A                             320.00  322.32   -2.32 (VIOLATED)
_26852_/A1                            320.00  322.32   -2.32 (VIOLATED)
_26368_/A                             320.00  322.32   -2.32 (VIOLATED)
_26964_/A                             320.00  322.31   -2.31 (VIOLATED)
_26369_/A1                            320.00  322.31   -2.31 (VIOLATED)
_26395_/A                             320.00  322.30   -2.30 (VIOLATED)
_26930_/A1                            320.00  322.29   -2.29 (VIOLATED)
_27028_/A                             320.00  322.28   -2.28 (VIOLATED)
_26387_/A1                            320.00  322.27   -2.27 (VIOLATED)
_26521_/A                             320.00  322.24   -2.24 (VIOLATED)
_26461_/A1                            320.00  322.23   -2.23 (VIOLATED)
_27000_/A                             320.00  322.23   -2.23 (VIOLATED)
_27019_/A                             320.00  322.23   -2.23 (VIOLATED)
_26975_/A1                            320.00  322.23   -2.23 (VIOLATED)
_27001_/A1                            320.00  322.22   -2.22 (VIOLATED)
_26522_/A1                            320.00  322.21   -2.21 (VIOLATED)
_27013_/A                             320.00  322.19   -2.19 (VIOLATED)
_26905_/A                             320.00  322.14   -2.14 (VIOLATED)
_26898_/A                             320.00  322.07   -2.07 (VIOLATED)
_26990_/A                             320.00  322.06   -2.06 (VIOLATED)
_26991_/A1                            320.00  322.06   -2.06 (VIOLATED)
_26425_/A                             320.00  322.06   -2.06 (VIOLATED)
_26242_/A                             320.00  322.06   -2.06 (VIOLATED)
_27036_/A                             320.00  322.06   -2.06 (VIOLATED)
_26985_/A1                            320.00  322.05   -2.05 (VIOLATED)
_26528_/A1                            320.00  322.05   -2.05 (VIOLATED)
_26455_/A                             320.00  322.05   -2.05 (VIOLATED)
_26491_/A                             320.00  322.02   -2.02 (VIOLATED)
_26946_/A1                            320.00  322.02   -2.02 (VIOLATED)
_26243_/A1                            320.00  322.02   -2.02 (VIOLATED)
_27004_/A1                            320.00  322.01   -2.01 (VIOLATED)
_26463_/B                             320.00  321.96   -1.96 (VIOLATED)
_26536_/A                             320.00  321.89   -1.89 (VIOLATED)
_27108_/A                             320.00  321.88   -1.88 (VIOLATED)
_27110_/A                             320.00  321.85   -1.85 (VIOLATED)
_26538_/A                             320.00  321.81   -1.81 (VIOLATED)
_26544_/A                             320.00  321.77   -1.77 (VIOLATED)
_26969_/A1                            320.00  321.75   -1.75 (VIOLATED)
_26321_/A1                            320.00  321.75   -1.75 (VIOLATED)
_26954_/A                             320.00  321.75   -1.75 (VIOLATED)
_26319_/A                             320.00  321.75   -1.75 (VIOLATED)
_26427_/B                             320.00  321.74   -1.74 (VIOLATED)
_28441_/A                             320.00  321.74   -1.74 (VIOLATED)
_28409_/A1                            320.00  321.73   -1.73 (VIOLATED)
_28454_/A                             320.00  321.73   -1.73 (VIOLATED)
_28464_/A1                            320.00  321.73   -1.73 (VIOLATED)
_28439_/A1                            320.00  321.73   -1.73 (VIOLATED)
_28437_/C                             320.00  321.73   -1.73 (VIOLATED)
_28440_/A1                            320.00  321.73   -1.73 (VIOLATED)

