Startpoint: Datapath_i.fu_run_benchmark_38252_38986.Datapath_i.reg_54.reg_out1[0]$_DFFE_PP_
            (rising edge-triggered flip-flop)
Endpoint: Datapath_i.fu_run_benchmark_38252_38986.Datapath_i.fu_kmp_38537_40991.out1$_DFFE_PP_
          (rising edge-triggered flip-flop)
Path Group: unconstrained
Path Type: max
Corner: slow

  Delay    Time   Description
---------------------------------------------------------
   0.00    0.00 ^ Datapath_i.fu_run_benchmark_38252_38986.Datapath_i.reg_54.reg_out1[0]$_DFFE_PP_/CLK (DFFHQNx1_ASAP7_75t_R)
 176.35  176.35 v Datapath_i.fu_run_benchmark_38252_38986.Datapath_i.reg_54.reg_out1[0]$_DFFE_PP_/QN (DFFHQNx1_ASAP7_75t_R)
  59.24  235.59 v _4830_/Y (OR3x1_ASAP7_75t_R)
  52.78  288.36 v _4838_/Y (OR3x1_ASAP7_75t_R)
  52.54  340.90 v _4848_/Y (OR3x1_ASAP7_75t_R)
  40.90  381.81 v _4857_/Y (OR2x2_ASAP7_75t_R)
  65.25  447.05 v _4868_/Y (OR4x1_ASAP7_75t_R)
  42.10  489.15 v _4880_/Y (OR2x2_ASAP7_75t_R)
  65.47  554.62 v _4891_/Y (OR4x1_ASAP7_75t_R)
  52.53  607.15 v _4900_/Y (OR3x1_ASAP7_75t_R)
  52.52  659.67 v _4914_/Y (OR3x1_ASAP7_75t_R)
  51.82  711.50 v _5994_/Y (OR3x1_ASAP7_75t_R)
  52.52  764.01 v _5995_/Y (OR3x1_ASAP7_75t_R)
  52.70  816.72 v _5996_/Y (OR3x1_ASAP7_75t_R)
  51.64  868.36 v _5997_/Y (OR3x1_ASAP7_75t_R)
  40.61  908.97 v _5998_/Y (OR2x2_ASAP7_75t_R)
  20.77  929.73 ^ _5999_/Y (NOR2x1_ASAP7_75t_R)
  42.80  972.54 ^ _6000_/Y (XOR2x1_ASAP7_75t_R)
  52.98 1025.51 ^ _6016_/Y (AND5x2_ASAP7_75t_R)
  36.09 1061.60 ^ _6019_/Y (AO21x2_ASAP7_75t_R)
 101.64 1163.24 ^ _6022_/Y (AND5x2_ASAP7_75t_R)
 218.00 1381.25 ^ _6034_/Y (OR3x1_ASAP7_75t_R)
  57.38 1438.63 v _6037_/Y (NOR2x1_ASAP7_75t_R)
  42.96 1481.59 v _6038_/Y (AO21x1_ASAP7_75t_R)
  33.33 1514.92 v _6039_/Y (AO21x1_ASAP7_75t_R)
   0.00 1514.92 v Datapath_i.fu_run_benchmark_38252_38986.Datapath_i.fu_kmp_38537_40991.out1$_DFFE_PP_/D (DFFHQNx1_ASAP7_75t_R)
        1514.92   data arrival time
---------------------------------------------------------
(Path is unconstrained)


Startpoint: Datapath_i.fu_run_benchmark_38252_38986.Datapath_i.reg_54.reg_out1[0]$_DFFE_PP_
            (rising edge-triggered flip-flop)
Endpoint: Datapath_i.fu_run_benchmark_38252_38986.Datapath_i.fu_kmp_38537_41000.out1$_DFFE_PP_
          (rising edge-triggered flip-flop)
Path Group: unconstrained
Path Type: max
Corner: slow

  Delay    Time   Description
---------------------------------------------------------
   0.00    0.00 ^ Datapath_i.fu_run_benchmark_38252_38986.Datapath_i.reg_54.reg_out1[0]$_DFFE_PP_/CLK (DFFHQNx1_ASAP7_75t_R)
 176.35  176.35 v Datapath_i.fu_run_benchmark_38252_38986.Datapath_i.reg_54.reg_out1[0]$_DFFE_PP_/QN (DFFHQNx1_ASAP7_75t_R)
  59.24  235.59 v _4830_/Y (OR3x1_ASAP7_75t_R)
  52.78  288.36 v _4838_/Y (OR3x1_ASAP7_75t_R)
  52.54  340.90 v _4848_/Y (OR3x1_ASAP7_75t_R)
  40.90  381.81 v _4857_/Y (OR2x2_ASAP7_75t_R)
  65.25  447.05 v _4868_/Y (OR4x1_ASAP7_75t_R)
  42.10  489.15 v _4880_/Y (OR2x2_ASAP7_75t_R)
  65.47  554.62 v _4891_/Y (OR4x1_ASAP7_75t_R)
  52.53  607.15 v _4900_/Y (OR3x1_ASAP7_75t_R)
  52.52  659.67 v _4914_/Y (OR3x1_ASAP7_75t_R)
  51.82  711.50 v _5994_/Y (OR3x1_ASAP7_75t_R)
  52.52  764.01 v _5995_/Y (OR3x1_ASAP7_75t_R)
  52.70  816.72 v _5996_/Y (OR3x1_ASAP7_75t_R)
  51.64  868.36 v _5997_/Y (OR3x1_ASAP7_75t_R)
  40.61  908.97 v _5998_/Y (OR2x2_ASAP7_75t_R)
  20.77  929.73 ^ _5999_/Y (NOR2x1_ASAP7_75t_R)
  42.80  972.54 ^ _6000_/Y (XOR2x1_ASAP7_75t_R)
  52.98 1025.51 ^ _6016_/Y (AND5x2_ASAP7_75t_R)
  36.09 1061.60 ^ _6019_/Y (AO21x2_ASAP7_75t_R)
 101.64 1163.24 ^ _6022_/Y (AND5x2_ASAP7_75t_R)
 218.00 1381.25 ^ _6034_/Y (OR3x1_ASAP7_75t_R)
  57.38 1438.63 v _6050_/Y (NOR2x1_ASAP7_75t_R)
  42.96 1481.59 v _6051_/Y (AO21x1_ASAP7_75t_R)
  33.33 1514.92 v _6052_/Y (AO21x1_ASAP7_75t_R)
   0.00 1514.92 v Datapath_i.fu_run_benchmark_38252_38986.Datapath_i.fu_kmp_38537_41000.out1$_DFFE_PP_/D (DFFHQNx1_ASAP7_75t_R)
        1514.92   data arrival time
---------------------------------------------------------
(Path is unconstrained)


Startpoint: Datapath_i.fu_run_benchmark_38252_38986.Datapath_i.reg_54.reg_out1[0]$_DFFE_PP_
            (rising edge-triggered flip-flop)
Endpoint: Datapath_i.fu_run_benchmark_38252_38986.Datapath_i.fu_kmp_38537_41003.out1$_DFFE_PP_
          (rising edge-triggered flip-flop)
Path Group: unconstrained
Path Type: max
Corner: slow

  Delay    Time   Description
---------------------------------------------------------
   0.00    0.00 ^ Datapath_i.fu_run_benchmark_38252_38986.Datapath_i.reg_54.reg_out1[0]$_DFFE_PP_/CLK (DFFHQNx1_ASAP7_75t_R)
 176.35  176.35 v Datapath_i.fu_run_benchmark_38252_38986.Datapath_i.reg_54.reg_out1[0]$_DFFE_PP_/QN (DFFHQNx1_ASAP7_75t_R)
  59.24  235.59 v _4830_/Y (OR3x1_ASAP7_75t_R)
  52.78  288.36 v _4838_/Y (OR3x1_ASAP7_75t_R)
  52.54  340.90 v _4848_/Y (OR3x1_ASAP7_75t_R)
  40.90  381.81 v _4857_/Y (OR2x2_ASAP7_75t_R)
  65.25  447.05 v _4868_/Y (OR4x1_ASAP7_75t_R)
  42.10  489.15 v _4880_/Y (OR2x2_ASAP7_75t_R)
  65.47  554.62 v _4891_/Y (OR4x1_ASAP7_75t_R)
  52.53  607.15 v _4900_/Y (OR3x1_ASAP7_75t_R)
  52.52  659.67 v _4914_/Y (OR3x1_ASAP7_75t_R)
  51.82  711.50 v _5994_/Y (OR3x1_ASAP7_75t_R)
  52.52  764.01 v _5995_/Y (OR3x1_ASAP7_75t_R)
  52.70  816.72 v _5996_/Y (OR3x1_ASAP7_75t_R)
  51.64  868.36 v _5997_/Y (OR3x1_ASAP7_75t_R)
  40.61  908.97 v _5998_/Y (OR2x2_ASAP7_75t_R)
  20.77  929.73 ^ _5999_/Y (NOR2x1_ASAP7_75t_R)
  42.80  972.54 ^ _6000_/Y (XOR2x1_ASAP7_75t_R)
  52.98 1025.51 ^ _6016_/Y (AND5x2_ASAP7_75t_R)
  36.09 1061.60 ^ _6019_/Y (AO21x2_ASAP7_75t_R)
 101.64 1163.24 ^ _6022_/Y (AND5x2_ASAP7_75t_R)
 218.00 1381.25 ^ _6034_/Y (OR3x1_ASAP7_75t_R)
  57.38 1438.63 v _6053_/Y (NOR2x1_ASAP7_75t_R)
  42.96 1481.59 v _6054_/Y (AO21x1_ASAP7_75t_R)
  33.33 1514.92 v _6055_/Y (AO21x1_ASAP7_75t_R)
   0.00 1514.92 v Datapath_i.fu_run_benchmark_38252_38986.Datapath_i.fu_kmp_38537_41003.out1$_DFFE_PP_/D (DFFHQNx1_ASAP7_75t_R)
        1514.92   data arrival time
---------------------------------------------------------
(Path is unconstrained)


Startpoint: Datapath_i.fu_run_benchmark_38252_38986.Datapath_i.reg_54.reg_out1[0]$_DFFE_PP_
            (rising edge-triggered flip-flop)
Endpoint: Datapath_i.fu_run_benchmark_38252_38986.Datapath_i.fu_kmp_38537_41006.out1$_DFFE_PP_
          (rising edge-triggered flip-flop)
Path Group: unconstrained
Path Type: max
Corner: slow

  Delay    Time   Description
---------------------------------------------------------
   0.00    0.00 ^ Datapath_i.fu_run_benchmark_38252_38986.Datapath_i.reg_54.reg_out1[0]$_DFFE_PP_/CLK (DFFHQNx1_ASAP7_75t_R)
 176.35  176.35 v Datapath_i.fu_run_benchmark_38252_38986.Datapath_i.reg_54.reg_out1[0]$_DFFE_PP_/QN (DFFHQNx1_ASAP7_75t_R)
  59.24  235.59 v _4830_/Y (OR3x1_ASAP7_75t_R)
  52.78  288.36 v _4838_/Y (OR3x1_ASAP7_75t_R)
  52.54  340.90 v _4848_/Y (OR3x1_ASAP7_75t_R)
  40.90  381.81 v _4857_/Y (OR2x2_ASAP7_75t_R)
  65.25  447.05 v _4868_/Y (OR4x1_ASAP7_75t_R)
  42.10  489.15 v _4880_/Y (OR2x2_ASAP7_75t_R)
  65.47  554.62 v _4891_/Y (OR4x1_ASAP7_75t_R)
  52.53  607.15 v _4900_/Y (OR3x1_ASAP7_75t_R)
  52.52  659.67 v _4914_/Y (OR3x1_ASAP7_75t_R)
  51.82  711.50 v _5994_/Y (OR3x1_ASAP7_75t_R)
  52.52  764.01 v _5995_/Y (OR3x1_ASAP7_75t_R)
  52.70  816.72 v _5996_/Y (OR3x1_ASAP7_75t_R)
  51.64  868.36 v _5997_/Y (OR3x1_ASAP7_75t_R)
  40.61  908.97 v _5998_/Y (OR2x2_ASAP7_75t_R)
  20.77  929.73 ^ _5999_/Y (NOR2x1_ASAP7_75t_R)
  42.80  972.54 ^ _6000_/Y (XOR2x1_ASAP7_75t_R)
  52.98 1025.51 ^ _6016_/Y (AND5x2_ASAP7_75t_R)
  36.09 1061.60 ^ _6019_/Y (AO21x2_ASAP7_75t_R)
 101.64 1163.24 ^ _6022_/Y (AND5x2_ASAP7_75t_R)
 218.00 1381.25 ^ _6034_/Y (OR3x1_ASAP7_75t_R)
  57.38 1438.63 v _6056_/Y (NOR2x1_ASAP7_75t_R)
  42.96 1481.59 v _6057_/Y (AO21x1_ASAP7_75t_R)
  33.33 1514.92 v _6058_/Y (AO21x1_ASAP7_75t_R)
   0.00 1514.92 v Datapath_i.fu_run_benchmark_38252_38986.Datapath_i.fu_kmp_38537_41006.out1$_DFFE_PP_/D (DFFHQNx1_ASAP7_75t_R)
        1514.92   data arrival time
---------------------------------------------------------
(Path is unconstrained)


Startpoint: Datapath_i.fu_run_benchmark_38252_38986.Datapath_i.reg_54.reg_out1[0]$_DFFE_PP_
            (rising edge-triggered flip-flop)
Endpoint: Datapath_i.fu_run_benchmark_38252_38986.Datapath_i.fu_kmp_38537_41018.out1$_DFFE_PP_
          (rising edge-triggered flip-flop)
Path Group: unconstrained
Path Type: max
Corner: slow

  Delay    Time   Description
---------------------------------------------------------
   0.00    0.00 ^ Datapath_i.fu_run_benchmark_38252_38986.Datapath_i.reg_54.reg_out1[0]$_DFFE_PP_/CLK (DFFHQNx1_ASAP7_75t_R)
 176.35  176.35 v Datapath_i.fu_run_benchmark_38252_38986.Datapath_i.reg_54.reg_out1[0]$_DFFE_PP_/QN (DFFHQNx1_ASAP7_75t_R)
  59.24  235.59 v _4830_/Y (OR3x1_ASAP7_75t_R)
  52.78  288.36 v _4838_/Y (OR3x1_ASAP7_75t_R)
  52.54  340.90 v _4848_/Y (OR3x1_ASAP7_75t_R)
  40.90  381.81 v _4857_/Y (OR2x2_ASAP7_75t_R)
  65.25  447.05 v _4868_/Y (OR4x1_ASAP7_75t_R)
  42.10  489.15 v _4880_/Y (OR2x2_ASAP7_75t_R)
  65.47  554.62 v _4891_/Y (OR4x1_ASAP7_75t_R)
  52.53  607.15 v _4900_/Y (OR3x1_ASAP7_75t_R)
  52.52  659.67 v _4914_/Y (OR3x1_ASAP7_75t_R)
  51.82  711.50 v _5994_/Y (OR3x1_ASAP7_75t_R)
  52.52  764.01 v _5995_/Y (OR3x1_ASAP7_75t_R)
  52.70  816.72 v _5996_/Y (OR3x1_ASAP7_75t_R)
  51.64  868.36 v _5997_/Y (OR3x1_ASAP7_75t_R)
  40.61  908.97 v _5998_/Y (OR2x2_ASAP7_75t_R)
  20.77  929.73 ^ _5999_/Y (NOR2x1_ASAP7_75t_R)
  42.80  972.54 ^ _6000_/Y (XOR2x1_ASAP7_75t_R)
  52.98 1025.51 ^ _6016_/Y (AND5x2_ASAP7_75t_R)
  36.09 1061.60 ^ _6019_/Y (AO21x2_ASAP7_75t_R)
 101.64 1163.24 ^ _6022_/Y (AND5x2_ASAP7_75t_R)
 218.00 1381.25 ^ _6034_/Y (OR3x1_ASAP7_75t_R)
  57.38 1438.63 v _6065_/Y (NOR2x1_ASAP7_75t_R)
  42.96 1481.59 v _6066_/Y (AO21x1_ASAP7_75t_R)
  33.33 1514.92 v _6067_/Y (AO21x1_ASAP7_75t_R)
   0.00 1514.92 v Datapath_i.fu_run_benchmark_38252_38986.Datapath_i.fu_kmp_38537_41018.out1$_DFFE_PP_/D (DFFHQNx1_ASAP7_75t_R)
        1514.92   data arrival time
---------------------------------------------------------
(Path is unconstrained)


Startpoint: Datapath_i.fu_run_benchmark_38252_38986.Datapath_i.reg_54.reg_out1[0]$_DFFE_PP_
            (rising edge-triggered flip-flop)
Endpoint: Datapath_i.fu_run_benchmark_38252_38986.Datapath_i.fu_kmp_38537_41024.out1$_DFFE_PP_
          (rising edge-triggered flip-flop)
Path Group: unconstrained
Path Type: max
Corner: slow

  Delay    Time   Description
---------------------------------------------------------
   0.00    0.00 ^ Datapath_i.fu_run_benchmark_38252_38986.Datapath_i.reg_54.reg_out1[0]$_DFFE_PP_/CLK (DFFHQNx1_ASAP7_75t_R)
 176.35  176.35 v Datapath_i.fu_run_benchmark_38252_38986.Datapath_i.reg_54.reg_out1[0]$_DFFE_PP_/QN (DFFHQNx1_ASAP7_75t_R)
  59.24  235.59 v _4830_/Y (OR3x1_ASAP7_75t_R)
  52.78  288.36 v _4838_/Y (OR3x1_ASAP7_75t_R)
  52.54  340.90 v _4848_/Y (OR3x1_ASAP7_75t_R)
  40.90  381.81 v _4857_/Y (OR2x2_ASAP7_75t_R)
  65.25  447.05 v _4868_/Y (OR4x1_ASAP7_75t_R)
  42.10  489.15 v _4880_/Y (OR2x2_ASAP7_75t_R)
  65.47  554.62 v _4891_/Y (OR4x1_ASAP7_75t_R)
  52.53  607.15 v _4900_/Y (OR3x1_ASAP7_75t_R)
  52.52  659.67 v _4914_/Y (OR3x1_ASAP7_75t_R)
  51.82  711.50 v _5994_/Y (OR3x1_ASAP7_75t_R)
  52.52  764.01 v _5995_/Y (OR3x1_ASAP7_75t_R)
  52.70  816.72 v _5996_/Y (OR3x1_ASAP7_75t_R)
  51.64  868.36 v _5997_/Y (OR3x1_ASAP7_75t_R)
  40.61  908.97 v _5998_/Y (OR2x2_ASAP7_75t_R)
  20.77  929.73 ^ _5999_/Y (NOR2x1_ASAP7_75t_R)
  42.80  972.54 ^ _6000_/Y (XOR2x1_ASAP7_75t_R)
  52.98 1025.51 ^ _6016_/Y (AND5x2_ASAP7_75t_R)
  36.09 1061.60 ^ _6019_/Y (AO21x2_ASAP7_75t_R)
 101.64 1163.24 ^ _6022_/Y (AND5x2_ASAP7_75t_R)
 218.00 1381.25 ^ _6034_/Y (OR3x1_ASAP7_75t_R)
  57.38 1438.63 v _6070_/Y (NOR2x1_ASAP7_75t_R)
  42.96 1481.59 v _6071_/Y (AO21x1_ASAP7_75t_R)
  33.33 1514.92 v _6072_/Y (AO21x1_ASAP7_75t_R)
   0.00 1514.92 v Datapath_i.fu_run_benchmark_38252_38986.Datapath_i.fu_kmp_38537_41024.out1$_DFFE_PP_/D (DFFHQNx1_ASAP7_75t_R)
        1514.92   data arrival time
---------------------------------------------------------
(Path is unconstrained)


Startpoint: Datapath_i.fu_run_benchmark_38252_38986.Datapath_i.reg_54.reg_out1[0]$_DFFE_PP_
            (rising edge-triggered flip-flop)
Endpoint: Datapath_i.fu_run_benchmark_38252_38986.Datapath_i.fu_kmp_38537_41036.out1$_DFFE_PP_
          (rising edge-triggered flip-flop)
Path Group: unconstrained
Path Type: max
Corner: slow

  Delay    Time   Description
---------------------------------------------------------
   0.00    0.00 ^ Datapath_i.fu_run_benchmark_38252_38986.Datapath_i.reg_54.reg_out1[0]$_DFFE_PP_/CLK (DFFHQNx1_ASAP7_75t_R)
 176.35  176.35 v Datapath_i.fu_run_benchmark_38252_38986.Datapath_i.reg_54.reg_out1[0]$_DFFE_PP_/QN (DFFHQNx1_ASAP7_75t_R)
  59.24  235.59 v _4830_/Y (OR3x1_ASAP7_75t_R)
  52.78  288.36 v _4838_/Y (OR3x1_ASAP7_75t_R)
  52.54  340.90 v _4848_/Y (OR3x1_ASAP7_75t_R)
  40.90  381.81 v _4857_/Y (OR2x2_ASAP7_75t_R)
  65.25  447.05 v _4868_/Y (OR4x1_ASAP7_75t_R)
  42.10  489.15 v _4880_/Y (OR2x2_ASAP7_75t_R)
  65.47  554.62 v _4891_/Y (OR4x1_ASAP7_75t_R)
  52.53  607.15 v _4900_/Y (OR3x1_ASAP7_75t_R)
  52.52  659.67 v _4914_/Y (OR3x1_ASAP7_75t_R)
  51.82  711.50 v _5994_/Y (OR3x1_ASAP7_75t_R)
  52.52  764.01 v _5995_/Y (OR3x1_ASAP7_75t_R)
  52.70  816.72 v _5996_/Y (OR3x1_ASAP7_75t_R)
  51.64  868.36 v _5997_/Y (OR3x1_ASAP7_75t_R)
  40.61  908.97 v _5998_/Y (OR2x2_ASAP7_75t_R)
  20.77  929.73 ^ _5999_/Y (NOR2x1_ASAP7_75t_R)
  42.80  972.54 ^ _6000_/Y (XOR2x1_ASAP7_75t_R)
  52.98 1025.51 ^ _6016_/Y (AND5x2_ASAP7_75t_R)
  36.09 1061.60 ^ _6019_/Y (AO21x2_ASAP7_75t_R)
 101.64 1163.24 ^ _6022_/Y (AND5x2_ASAP7_75t_R)
 218.00 1381.25 ^ _6034_/Y (OR3x1_ASAP7_75t_R)
  57.38 1438.63 v _6080_/Y (NOR2x1_ASAP7_75t_R)
  42.96 1481.59 v _6081_/Y (AO21x1_ASAP7_75t_R)
  33.33 1514.92 v _6082_/Y (AO21x1_ASAP7_75t_R)
   0.00 1514.92 v Datapath_i.fu_run_benchmark_38252_38986.Datapath_i.fu_kmp_38537_41036.out1$_DFFE_PP_/D (DFFHQNx1_ASAP7_75t_R)
        1514.92   data arrival time
---------------------------------------------------------
(Path is unconstrained)


Startpoint: Datapath_i.fu_run_benchmark_38252_38986.Datapath_i.reg_54.reg_out1[0]$_DFFE_PP_
            (rising edge-triggered flip-flop)
Endpoint: Datapath_i.fu_run_benchmark_38252_38986.Datapath_i.fu_kmp_38537_41039.out1$_DFFE_PP_
          (rising edge-triggered flip-flop)
Path Group: unconstrained
Path Type: max
Corner: slow

  Delay    Time   Description
---------------------------------------------------------
   0.00    0.00 ^ Datapath_i.fu_run_benchmark_38252_38986.Datapath_i.reg_54.reg_out1[0]$_DFFE_PP_/CLK (DFFHQNx1_ASAP7_75t_R)
 176.35  176.35 v Datapath_i.fu_run_benchmark_38252_38986.Datapath_i.reg_54.reg_out1[0]$_DFFE_PP_/QN (DFFHQNx1_ASAP7_75t_R)
  59.24  235.59 v _4830_/Y (OR3x1_ASAP7_75t_R)
  52.78  288.36 v _4838_/Y (OR3x1_ASAP7_75t_R)
  52.54  340.90 v _4848_/Y (OR3x1_ASAP7_75t_R)
  40.90  381.81 v _4857_/Y (OR2x2_ASAP7_75t_R)
  65.25  447.05 v _4868_/Y (OR4x1_ASAP7_75t_R)
  42.10  489.15 v _4880_/Y (OR2x2_ASAP7_75t_R)
  65.47  554.62 v _4891_/Y (OR4x1_ASAP7_75t_R)
  52.53  607.15 v _4900_/Y (OR3x1_ASAP7_75t_R)
  52.52  659.67 v _4914_/Y (OR3x1_ASAP7_75t_R)
  51.82  711.50 v _5994_/Y (OR3x1_ASAP7_75t_R)
  52.52  764.01 v _5995_/Y (OR3x1_ASAP7_75t_R)
  52.70  816.72 v _5996_/Y (OR3x1_ASAP7_75t_R)
  51.64  868.36 v _5997_/Y (OR3x1_ASAP7_75t_R)
  40.61  908.97 v _5998_/Y (OR2x2_ASAP7_75t_R)
  20.77  929.73 ^ _5999_/Y (NOR2x1_ASAP7_75t_R)
  42.80  972.54 ^ _6000_/Y (XOR2x1_ASAP7_75t_R)
  52.98 1025.51 ^ _6016_/Y (AND5x2_ASAP7_75t_R)
  36.09 1061.60 ^ _6019_/Y (AO21x2_ASAP7_75t_R)
 101.64 1163.24 ^ _6022_/Y (AND5x2_ASAP7_75t_R)
 218.00 1381.25 ^ _6034_/Y (OR3x1_ASAP7_75t_R)
  57.38 1438.63 v _6083_/Y (NOR2x1_ASAP7_75t_R)
  42.96 1481.59 v _6084_/Y (AO21x1_ASAP7_75t_R)
  33.33 1514.92 v _6085_/Y (AO21x1_ASAP7_75t_R)
   0.00 1514.92 v Datapath_i.fu_run_benchmark_38252_38986.Datapath_i.fu_kmp_38537_41039.out1$_DFFE_PP_/D (DFFHQNx1_ASAP7_75t_R)
        1514.92   data arrival time
---------------------------------------------------------
(Path is unconstrained)


Startpoint: Datapath_i.fu_run_benchmark_38252_38986.Datapath_i.reg_54.reg_out1[0]$_DFFE_PP_
            (rising edge-triggered flip-flop)
Endpoint: Datapath_i.fu_run_benchmark_38252_38986.Datapath_i.fu_kmp_38537_41042.out1$_DFFE_PP_
          (rising edge-triggered flip-flop)
Path Group: unconstrained
Path Type: max
Corner: slow

  Delay    Time   Description
---------------------------------------------------------
   0.00    0.00 ^ Datapath_i.fu_run_benchmark_38252_38986.Datapath_i.reg_54.reg_out1[0]$_DFFE_PP_/CLK (DFFHQNx1_ASAP7_75t_R)
 176.35  176.35 v Datapath_i.fu_run_benchmark_38252_38986.Datapath_i.reg_54.reg_out1[0]$_DFFE_PP_/QN (DFFHQNx1_ASAP7_75t_R)
  59.24  235.59 v _4830_/Y (OR3x1_ASAP7_75t_R)
  52.78  288.36 v _4838_/Y (OR3x1_ASAP7_75t_R)
  52.54  340.90 v _4848_/Y (OR3x1_ASAP7_75t_R)
  40.90  381.81 v _4857_/Y (OR2x2_ASAP7_75t_R)
  65.25  447.05 v _4868_/Y (OR4x1_ASAP7_75t_R)
  42.10  489.15 v _4880_/Y (OR2x2_ASAP7_75t_R)
  65.47  554.62 v _4891_/Y (OR4x1_ASAP7_75t_R)
  52.53  607.15 v _4900_/Y (OR3x1_ASAP7_75t_R)
  52.52  659.67 v _4914_/Y (OR3x1_ASAP7_75t_R)
  51.82  711.50 v _5994_/Y (OR3x1_ASAP7_75t_R)
  52.52  764.01 v _5995_/Y (OR3x1_ASAP7_75t_R)
  52.70  816.72 v _5996_/Y (OR3x1_ASAP7_75t_R)
  51.64  868.36 v _5997_/Y (OR3x1_ASAP7_75t_R)
  40.61  908.97 v _5998_/Y (OR2x2_ASAP7_75t_R)
  20.77  929.73 ^ _5999_/Y (NOR2x1_ASAP7_75t_R)
  42.80  972.54 ^ _6000_/Y (XOR2x1_ASAP7_75t_R)
  52.98 1025.51 ^ _6016_/Y (AND5x2_ASAP7_75t_R)
  36.09 1061.60 ^ _6019_/Y (AO21x2_ASAP7_75t_R)
 101.64 1163.24 ^ _6022_/Y (AND5x2_ASAP7_75t_R)
 218.00 1381.25 ^ _6034_/Y (OR3x1_ASAP7_75t_R)
  57.38 1438.63 v _6086_/Y (NOR2x1_ASAP7_75t_R)
  42.96 1481.59 v _6087_/Y (AO21x1_ASAP7_75t_R)
  33.33 1514.92 v _6088_/Y (AO21x1_ASAP7_75t_R)
   0.00 1514.92 v Datapath_i.fu_run_benchmark_38252_38986.Datapath_i.fu_kmp_38537_41042.out1$_DFFE_PP_/D (DFFHQNx1_ASAP7_75t_R)
        1514.92   data arrival time
---------------------------------------------------------
(Path is unconstrained)


Startpoint: Datapath_i.fu_run_benchmark_38252_38986.Datapath_i.reg_54.reg_out1[0]$_DFFE_PP_
            (rising edge-triggered flip-flop)
Endpoint: Datapath_i.fu_run_benchmark_38252_38986.Datapath_i.fu_kmp_38537_41048.out1$_DFFE_PP_
          (rising edge-triggered flip-flop)
Path Group: unconstrained
Path Type: max
Corner: slow

  Delay    Time   Description
---------------------------------------------------------
   0.00    0.00 ^ Datapath_i.fu_run_benchmark_38252_38986.Datapath_i.reg_54.reg_out1[0]$_DFFE_PP_/CLK (DFFHQNx1_ASAP7_75t_R)
 176.35  176.35 v Datapath_i.fu_run_benchmark_38252_38986.Datapath_i.reg_54.reg_out1[0]$_DFFE_PP_/QN (DFFHQNx1_ASAP7_75t_R)
  59.24  235.59 v _4830_/Y (OR3x1_ASAP7_75t_R)
  52.78  288.36 v _4838_/Y (OR3x1_ASAP7_75t_R)
  52.54  340.90 v _4848_/Y (OR3x1_ASAP7_75t_R)
  40.90  381.81 v _4857_/Y (OR2x2_ASAP7_75t_R)
  65.25  447.05 v _4868_/Y (OR4x1_ASAP7_75t_R)
  42.10  489.15 v _4880_/Y (OR2x2_ASAP7_75t_R)
  65.47  554.62 v _4891_/Y (OR4x1_ASAP7_75t_R)
  52.53  607.15 v _4900_/Y (OR3x1_ASAP7_75t_R)
  52.52  659.67 v _4914_/Y (OR3x1_ASAP7_75t_R)
  51.82  711.50 v _5994_/Y (OR3x1_ASAP7_75t_R)
  52.52  764.01 v _5995_/Y (OR3x1_ASAP7_75t_R)
  52.70  816.72 v _5996_/Y (OR3x1_ASAP7_75t_R)
  51.64  868.36 v _5997_/Y (OR3x1_ASAP7_75t_R)
  40.61  908.97 v _5998_/Y (OR2x2_ASAP7_75t_R)
  20.77  929.73 ^ _5999_/Y (NOR2x1_ASAP7_75t_R)
  42.80  972.54 ^ _6000_/Y (XOR2x1_ASAP7_75t_R)
  52.98 1025.51 ^ _6016_/Y (AND5x2_ASAP7_75t_R)
  36.09 1061.60 ^ _6019_/Y (AO21x2_ASAP7_75t_R)
 101.64 1163.24 ^ _6022_/Y (AND5x2_ASAP7_75t_R)
 218.00 1381.25 ^ _6034_/Y (OR3x1_ASAP7_75t_R)
  57.38 1438.63 v _6089_/Y (NOR2x1_ASAP7_75t_R)
  42.96 1481.59 v _6090_/Y (AO21x1_ASAP7_75t_R)
  33.33 1514.92 v _6091_/Y (AO21x1_ASAP7_75t_R)
   0.00 1514.92 v Datapath_i.fu_run_benchmark_38252_38986.Datapath_i.fu_kmp_38537_41048.out1$_DFFE_PP_/D (DFFHQNx1_ASAP7_75t_R)
        1514.92   data arrival time
---------------------------------------------------------
(Path is unconstrained)


