Startpoint: Datapath_i.fu_run_benchmark_38252_38805.Datapath_i.reg_20.reg_out1[10]$_DFF_P_
            (rising edge-triggered flip-flop)
Endpoint: Datapath_i.fu_run_benchmark_38252_38805.Datapath_i.reg_23.reg_out1[39]$_DFFE_PP_
          (rising edge-triggered flip-flop)
Path Group: unconstrained
Path Type: max
Corner: slow

  Delay    Time   Description
---------------------------------------------------------
   0.00    0.00 ^ Datapath_i.fu_run_benchmark_38252_38805.Datapath_i.reg_20.reg_out1[10]$_DFF_P_/CLK (DFFHQNx1_ASAP7_75t_R)
 147.29  147.29 v Datapath_i.fu_run_benchmark_38252_38805.Datapath_i.reg_20.reg_out1[10]$_DFF_P_/QN (DFFHQNx1_ASAP7_75t_R)
  78.24  225.53 v wire541/Y (BUFx12_ASAP7_75t_R)
  53.31  278.85 v load_slew539/Y (BUFx10_ASAP7_75t_R)
  29.27  308.11 ^ _15898_/Y (NOR2x1_ASAP7_75t_R)
 106.92  415.03 v _24744_/SN (FAx1_ASAP7_75t_R)
  62.11  477.15 ^ _24745_/CON (FAx1_ASAP7_75t_R)
  30.61  507.75 v _24745_/SN (FAx1_ASAP7_75t_R)
  31.30  539.06 ^ _21678_/Y (INVx1_ASAP7_75t_R)
  66.52  605.57 v _24746_/SN (FAx1_ASAP7_75t_R)
  27.17  632.75 ^ _21679_/Y (INVx1_ASAP7_75t_R)
  76.79  709.54 v _24747_/SN (FAx1_ASAP7_75t_R)
  50.48  760.02 ^ _26658_/CON (HAxp5_ASAP7_75t_R)
  35.58  795.60 v _26658_/SN (HAxp5_ASAP7_75t_R)
  49.85  845.45 ^ _24748_/CON (FAx1_ASAP7_75t_R)
  32.77  878.22 v _24748_/SN (FAx1_ASAP7_75t_R)
  47.13  925.34 ^ _26661_/CON (HAxp5_ASAP7_75t_R)
  36.56  961.90 v _26661_/SN (HAxp5_ASAP7_75t_R)
  89.67 1051.57 v _24749_/SN (FAx1_ASAP7_75t_R)
 109.65 1161.23 v _26662_/SN (HAxp5_ASAP7_75t_R)
  59.33 1220.55 v _18562_/Y (OA21x2_ASAP7_75t_R)
  39.91 1260.46 v _18571_/Y (OA21x2_ASAP7_75t_R)
  41.96 1302.42 v _18572_/Y (OA21x2_ASAP7_75t_R)
  38.40 1340.82 v _18581_/Y (OA21x2_ASAP7_75t_R)
  42.76 1383.58 v _18582_/Y (OA21x2_ASAP7_75t_R)
  39.39 1422.97 v _18591_/Y (OA21x2_ASAP7_75t_R)
  41.81 1464.78 v _18592_/Y (OA21x2_ASAP7_75t_R)
  38.34 1503.12 v _18601_/Y (OA21x2_ASAP7_75t_R)
  41.62 1544.74 v _18602_/Y (OA21x2_ASAP7_75t_R)
  38.34 1583.08 v _18613_/Y (OA21x2_ASAP7_75t_R)
  41.82 1624.90 v _18614_/Y (OA21x2_ASAP7_75t_R)
  38.50 1663.39 v _18623_/Y (OA21x2_ASAP7_75t_R)
  41.21 1704.60 v _18624_/Y (OA21x2_ASAP7_75t_R)
  37.92 1742.52 v _18633_/Y (OA21x2_ASAP7_75t_R)
  41.33 1783.85 v _18634_/Y (OA21x2_ASAP7_75t_R)
  38.36 1822.20 v _18643_/Y (OA21x2_ASAP7_75t_R)
  41.29 1863.50 v _18644_/Y (OA21x2_ASAP7_75t_R)
  39.33 1902.83 v _18653_/Y (OA21x2_ASAP7_75t_R)
  42.85 1945.68 v _18654_/Y (OA21x2_ASAP7_75t_R)
  39.13 1984.82 v _18665_/Y (OA21x2_ASAP7_75t_R)
  41.86 2026.68 v _18666_/Y (OA21x2_ASAP7_75t_R)
  38.81 2065.49 v _18675_/Y (OA21x2_ASAP7_75t_R)
  41.62 2107.11 v _18676_/Y (OA21x2_ASAP7_75t_R)
  38.60 2145.71 v _18685_/Y (OA21x2_ASAP7_75t_R)
  44.04 2189.75 v _18686_/Y (OA21x2_ASAP7_75t_R)
  73.32 2263.07 v _18708_/Y (OR5x1_ASAP7_75t_R)
  34.23 2297.29 v _18710_/Y (AND4x1_ASAP7_75t_R)
  33.94 2331.23 v _18790_/Y (XNOR2x1_ASAP7_75t_R)
  32.66 2363.89 v _18792_/Y (AO21x1_ASAP7_75t_R)
   0.00 2363.89 v Datapath_i.fu_run_benchmark_38252_38805.Datapath_i.reg_23.reg_out1[39]$_DFFE_PP_/D (DFFHQNx1_ASAP7_75t_R)
        2363.89   data arrival time
---------------------------------------------------------
(Path is unconstrained)


Startpoint: Datapath_i.fu_run_benchmark_38252_38805.Datapath_i.reg_19.reg_out1[7]$_DFF_P_
            (rising edge-triggered flip-flop)
Endpoint: Datapath_i.fu_run_benchmark_38252_38805.Datapath_i.reg_23.reg_out1[38]$_DFFE_PP_
          (rising edge-triggered flip-flop)
Path Group: unconstrained
Path Type: max
Corner: slow

  Delay    Time   Description
---------------------------------------------------------
   0.00    0.00 ^ Datapath_i.fu_run_benchmark_38252_38805.Datapath_i.reg_19.reg_out1[7]$_DFF_P_/CLK (DFFHQNx1_ASAP7_75t_R)
 185.01  185.01 ^ Datapath_i.fu_run_benchmark_38252_38805.Datapath_i.reg_19.reg_out1[7]$_DFF_P_/QN (DFFHQNx1_ASAP7_75t_R)
  88.74  273.76 ^ wire563/Y (BUFx12_ASAP7_75t_R)
  43.44  317.20 ^ _17601_/Y (OR2x2_ASAP7_75t_R)
  59.27  376.47 v _24722_/SN (FAx1_ASAP7_75t_R)
  25.72  402.19 ^ _21623_/Y (INVx1_ASAP7_75t_R)
  92.76  494.95 v _24724_/SN (FAx1_ASAP7_75t_R)
  48.96  543.91 ^ _24725_/CON (FAx1_ASAP7_75t_R)
  29.05  572.96 v _24725_/SN (FAx1_ASAP7_75t_R)
  24.94  597.90 ^ _21628_/Y (INVx1_ASAP7_75t_R)
  23.74  621.64 v _26638_/CON (HAxp5_ASAP7_75t_R)
  19.20  640.85 ^ _26638_/SN (HAxp5_ASAP7_75t_R)
  17.90  658.75 v _21668_/Y (INVx1_ASAP7_75t_R)
  44.60  703.35 v _26639_/SN (HAxp5_ASAP7_75t_R)
  22.46  725.81 ^ _21655_/Y (INVx1_ASAP7_75t_R)
  60.27  786.08 v _24726_/SN (FAx1_ASAP7_75t_R)
  20.34  806.42 ^ _21640_/Y (INVx1_ASAP7_75t_R)
  33.27  839.69 v _26642_/CON (HAxp5_ASAP7_75t_R)
  31.36  871.06 ^ _26642_/SN (HAxp5_ASAP7_75t_R)
  76.24  947.29 v _24727_/SN (FAx1_ASAP7_75t_R)
 103.87 1051.16 v _26643_/SN (HAxp5_ASAP7_75t_R)
  52.55 1103.71 v _18544_/Y (OA21x2_ASAP7_75t_R)
  37.95 1141.66 v _18554_/Y (OA21x2_ASAP7_75t_R)
  41.21 1182.87 v _18555_/Y (OA21x2_ASAP7_75t_R)
  38.63 1221.49 v _18566_/Y (OA21x2_ASAP7_75t_R)
  42.65 1264.15 v _18567_/Y (OA21x2_ASAP7_75t_R)
  39.07 1303.21 v _18576_/Y (OA21x2_ASAP7_75t_R)
  41.92 1345.13 v _18577_/Y (OA21x2_ASAP7_75t_R)
  39.52 1384.65 v _18586_/Y (OA21x2_ASAP7_75t_R)
  42.36 1427.00 v _18587_/Y (OA21x2_ASAP7_75t_R)
  39.04 1466.05 v _18596_/Y (OA21x2_ASAP7_75t_R)
  41.40 1507.44 v _18597_/Y (OA21x2_ASAP7_75t_R)
  38.28 1545.72 v _18606_/Y (OA21x2_ASAP7_75t_R)
  41.57 1587.29 v _18607_/Y (OA21x2_ASAP7_75t_R)
  38.63 1625.92 v _18618_/Y (OA21x2_ASAP7_75t_R)
  41.54 1667.45 v _18619_/Y (OA21x2_ASAP7_75t_R)
  38.18 1705.63 v _18628_/Y (OA21x2_ASAP7_75t_R)
  41.06 1746.70 v _18629_/Y (OA21x2_ASAP7_75t_R)
  37.75 1784.45 v _18638_/Y (OA21x2_ASAP7_75t_R)
  41.44 1825.89 v _18639_/Y (OA21x2_ASAP7_75t_R)
  38.09 1863.98 v _18648_/Y (OA21x2_ASAP7_75t_R)
  42.33 1906.31 v _18649_/Y (OA21x2_ASAP7_75t_R)
  40.00 1946.31 v _18658_/Y (OA21x2_ASAP7_75t_R)
  42.55 1988.86 v _18659_/Y (OA21x2_ASAP7_75t_R)
  38.90 2027.76 v _18670_/Y (OA21x2_ASAP7_75t_R)
  42.25 2070.01 v _18671_/Y (OA21x2_ASAP7_75t_R)
  39.01 2109.03 v _18680_/Y (OA21x2_ASAP7_75t_R)
  41.41 2150.44 v _18681_/Y (OA21x2_ASAP7_75t_R)
  38.65 2189.09 v _18690_/Y (OA21x2_ASAP7_75t_R)
  41.00 2230.09 v _18691_/Y (OA21x2_ASAP7_75t_R)
  40.88 2270.98 v _18703_/Y (OA21x2_ASAP7_75t_R)
  40.95 2311.93 v _18704_/Y (XOR2x1_ASAP7_75t_R)
  37.48 2349.41 v _18706_/Y (AO21x1_ASAP7_75t_R)
   0.00 2349.42 v Datapath_i.fu_run_benchmark_38252_38805.Datapath_i.reg_23.reg_out1[38]$_DFFE_PP_/D (DFFHQNx1_ASAP7_75t_R)
        2349.42   data arrival time
---------------------------------------------------------
(Path is unconstrained)


Startpoint: Datapath_i.fu_run_benchmark_38252_38805.Datapath_i.reg_20.reg_out1[10]$_DFF_P_
            (rising edge-triggered flip-flop)
Endpoint: Datapath_i.fu_run_benchmark_38252_38805.Datapath_i.reg_23.reg_out1[37]$_DFFE_PP_
          (rising edge-triggered flip-flop)
Path Group: unconstrained
Path Type: max
Corner: slow

  Delay    Time   Description
---------------------------------------------------------
   0.00    0.00 ^ Datapath_i.fu_run_benchmark_38252_38805.Datapath_i.reg_20.reg_out1[10]$_DFF_P_/CLK (DFFHQNx1_ASAP7_75t_R)
 147.29  147.29 v Datapath_i.fu_run_benchmark_38252_38805.Datapath_i.reg_20.reg_out1[10]$_DFF_P_/QN (DFFHQNx1_ASAP7_75t_R)
  78.24  225.53 v wire541/Y (BUFx12_ASAP7_75t_R)
  53.31  278.85 v load_slew539/Y (BUFx10_ASAP7_75t_R)
  29.27  308.11 ^ _15898_/Y (NOR2x1_ASAP7_75t_R)
 106.92  415.03 v _24744_/SN (FAx1_ASAP7_75t_R)
  62.11  477.15 ^ _24745_/CON (FAx1_ASAP7_75t_R)
  30.61  507.75 v _24745_/SN (FAx1_ASAP7_75t_R)
  31.30  539.06 ^ _21678_/Y (INVx1_ASAP7_75t_R)
  66.52  605.57 v _24746_/SN (FAx1_ASAP7_75t_R)
  27.17  632.75 ^ _21679_/Y (INVx1_ASAP7_75t_R)
  76.79  709.54 v _24747_/SN (FAx1_ASAP7_75t_R)
  50.48  760.02 ^ _26658_/CON (HAxp5_ASAP7_75t_R)
  35.58  795.60 v _26658_/SN (HAxp5_ASAP7_75t_R)
  49.85  845.45 ^ _24748_/CON (FAx1_ASAP7_75t_R)
  32.77  878.22 v _24748_/SN (FAx1_ASAP7_75t_R)
  47.13  925.34 ^ _26661_/CON (HAxp5_ASAP7_75t_R)
  36.56  961.90 v _26661_/SN (HAxp5_ASAP7_75t_R)
  89.67 1051.57 v _24749_/SN (FAx1_ASAP7_75t_R)
 109.65 1161.23 v _26662_/SN (HAxp5_ASAP7_75t_R)
  59.33 1220.55 v _18562_/Y (OA21x2_ASAP7_75t_R)
  39.91 1260.46 v _18571_/Y (OA21x2_ASAP7_75t_R)
  41.96 1302.42 v _18572_/Y (OA21x2_ASAP7_75t_R)
  38.40 1340.82 v _18581_/Y (OA21x2_ASAP7_75t_R)
  42.76 1383.58 v _18582_/Y (OA21x2_ASAP7_75t_R)
  39.39 1422.97 v _18591_/Y (OA21x2_ASAP7_75t_R)
  41.81 1464.78 v _18592_/Y (OA21x2_ASAP7_75t_R)
  38.34 1503.12 v _18601_/Y (OA21x2_ASAP7_75t_R)
  41.62 1544.74 v _18602_/Y (OA21x2_ASAP7_75t_R)
  38.34 1583.08 v _18613_/Y (OA21x2_ASAP7_75t_R)
  41.82 1624.90 v _18614_/Y (OA21x2_ASAP7_75t_R)
  38.50 1663.39 v _18623_/Y (OA21x2_ASAP7_75t_R)
  41.21 1704.60 v _18624_/Y (OA21x2_ASAP7_75t_R)
  37.92 1742.52 v _18633_/Y (OA21x2_ASAP7_75t_R)
  41.33 1783.85 v _18634_/Y (OA21x2_ASAP7_75t_R)
  38.36 1822.20 v _18643_/Y (OA21x2_ASAP7_75t_R)
  41.29 1863.50 v _18644_/Y (OA21x2_ASAP7_75t_R)
  39.33 1902.83 v _18653_/Y (OA21x2_ASAP7_75t_R)
  42.85 1945.68 v _18654_/Y (OA21x2_ASAP7_75t_R)
  39.13 1984.82 v _18665_/Y (OA21x2_ASAP7_75t_R)
  41.86 2026.68 v _18666_/Y (OA21x2_ASAP7_75t_R)
  38.81 2065.49 v _18675_/Y (OA21x2_ASAP7_75t_R)
  41.62 2107.11 v _18676_/Y (OA21x2_ASAP7_75t_R)
  38.60 2145.71 v _18685_/Y (OA21x2_ASAP7_75t_R)
  44.04 2189.75 v _18686_/Y (OA21x2_ASAP7_75t_R)
  49.22 2238.97 v _18696_/Y (OR3x1_ASAP7_75t_R)
  24.09 2263.06 ^ _18697_/Y (NAND2x1_ASAP7_75t_R)
  37.84 2300.90 ^ _18698_/Y (XNOR2x1_ASAP7_75t_R)
  37.95 2338.85 ^ _18700_/Y (AO21x1_ASAP7_75t_R)
   0.00 2338.85 ^ Datapath_i.fu_run_benchmark_38252_38805.Datapath_i.reg_23.reg_out1[37]$_DFFE_PP_/D (DFFHQNx1_ASAP7_75t_R)
        2338.85   data arrival time
---------------------------------------------------------
(Path is unconstrained)


Startpoint: Datapath_i.fu_run_benchmark_38252_38805.Datapath_i.reg_20.reg_out1[10]$_DFF_P_
            (rising edge-triggered flip-flop)
Endpoint: Datapath_i.fu_run_benchmark_38252_38805.Datapath_i.reg_26.reg_out1[39]$_DFF_P_
          (rising edge-triggered flip-flop)
Path Group: unconstrained
Path Type: max
Corner: slow

  Delay    Time   Description
---------------------------------------------------------
   0.00    0.00 ^ Datapath_i.fu_run_benchmark_38252_38805.Datapath_i.reg_20.reg_out1[10]$_DFF_P_/CLK (DFFHQNx1_ASAP7_75t_R)
 147.29  147.29 v Datapath_i.fu_run_benchmark_38252_38805.Datapath_i.reg_20.reg_out1[10]$_DFF_P_/QN (DFFHQNx1_ASAP7_75t_R)
  78.24  225.53 v wire541/Y (BUFx12_ASAP7_75t_R)
  53.31  278.85 v load_slew539/Y (BUFx10_ASAP7_75t_R)
  29.27  308.11 ^ _15898_/Y (NOR2x1_ASAP7_75t_R)
 106.92  415.03 v _24744_/SN (FAx1_ASAP7_75t_R)
  62.11  477.15 ^ _24745_/CON (FAx1_ASAP7_75t_R)
  30.61  507.75 v _24745_/SN (FAx1_ASAP7_75t_R)
  31.30  539.06 ^ _21678_/Y (INVx1_ASAP7_75t_R)
  66.52  605.57 v _24746_/SN (FAx1_ASAP7_75t_R)
  27.17  632.75 ^ _21679_/Y (INVx1_ASAP7_75t_R)
  76.79  709.54 v _24747_/SN (FAx1_ASAP7_75t_R)
  50.48  760.02 ^ _26658_/CON (HAxp5_ASAP7_75t_R)
  35.58  795.60 v _26658_/SN (HAxp5_ASAP7_75t_R)
  49.85  845.45 ^ _24748_/CON (FAx1_ASAP7_75t_R)
  32.77  878.22 v _24748_/SN (FAx1_ASAP7_75t_R)
  47.13  925.34 ^ _26661_/CON (HAxp5_ASAP7_75t_R)
  36.56  961.90 v _26661_/SN (HAxp5_ASAP7_75t_R)
  89.67 1051.57 v _24749_/SN (FAx1_ASAP7_75t_R)
 109.65 1161.23 v _26662_/SN (HAxp5_ASAP7_75t_R)
  59.33 1220.55 v _18562_/Y (OA21x2_ASAP7_75t_R)
  39.91 1260.46 v _18571_/Y (OA21x2_ASAP7_75t_R)
  41.96 1302.42 v _18572_/Y (OA21x2_ASAP7_75t_R)
  38.40 1340.82 v _18581_/Y (OA21x2_ASAP7_75t_R)
  42.76 1383.58 v _18582_/Y (OA21x2_ASAP7_75t_R)
  39.39 1422.97 v _18591_/Y (OA21x2_ASAP7_75t_R)
  41.81 1464.78 v _18592_/Y (OA21x2_ASAP7_75t_R)
  38.34 1503.12 v _18601_/Y (OA21x2_ASAP7_75t_R)
  41.62 1544.74 v _18602_/Y (OA21x2_ASAP7_75t_R)
  38.34 1583.08 v _18613_/Y (OA21x2_ASAP7_75t_R)
  41.82 1624.90 v _18614_/Y (OA21x2_ASAP7_75t_R)
  38.50 1663.39 v _18623_/Y (OA21x2_ASAP7_75t_R)
  41.21 1704.60 v _18624_/Y (OA21x2_ASAP7_75t_R)
  37.92 1742.52 v _18633_/Y (OA21x2_ASAP7_75t_R)
  41.33 1783.85 v _18634_/Y (OA21x2_ASAP7_75t_R)
  38.36 1822.20 v _18643_/Y (OA21x2_ASAP7_75t_R)
  41.29 1863.50 v _18644_/Y (OA21x2_ASAP7_75t_R)
  39.33 1902.83 v _18653_/Y (OA21x2_ASAP7_75t_R)
  42.85 1945.68 v _18654_/Y (OA21x2_ASAP7_75t_R)
  39.13 1984.82 v _18665_/Y (OA21x2_ASAP7_75t_R)
  41.86 2026.68 v _18666_/Y (OA21x2_ASAP7_75t_R)
  38.81 2065.49 v _18675_/Y (OA21x2_ASAP7_75t_R)
  41.62 2107.11 v _18676_/Y (OA21x2_ASAP7_75t_R)
  38.60 2145.71 v _18685_/Y (OA21x2_ASAP7_75t_R)
  44.04 2189.75 v _18686_/Y (OA21x2_ASAP7_75t_R)
  73.32 2263.07 v _18708_/Y (OR5x1_ASAP7_75t_R)
  34.23 2297.29 v _18710_/Y (AND4x1_ASAP7_75t_R)
  33.94 2331.23 v _18790_/Y (XNOR2x1_ASAP7_75t_R)
   0.05 2331.28 v Datapath_i.fu_run_benchmark_38252_38805.Datapath_i.reg_26.reg_out1[39]$_DFF_P_/D (DFFHQNx1_ASAP7_75t_R)
        2331.28   data arrival time
---------------------------------------------------------
(Path is unconstrained)


Startpoint: Datapath_i.fu_run_benchmark_38252_38805.Datapath_i.reg_20.reg_out1[3]$_DFF_P_
            (rising edge-triggered flip-flop)
Endpoint: Datapath_i.fu_run_benchmark_38252_38805.Datapath_i.reg_28.reg_out1[39]$_DFF_P_
          (rising edge-triggered flip-flop)
Path Group: unconstrained
Path Type: max
Corner: slow

  Delay    Time   Description
---------------------------------------------------------
   0.00    0.00 ^ Datapath_i.fu_run_benchmark_38252_38805.Datapath_i.reg_20.reg_out1[3]$_DFF_P_/CLK (DFFHQNx1_ASAP7_75t_R)
 176.79  176.79 ^ Datapath_i.fu_run_benchmark_38252_38805.Datapath_i.reg_20.reg_out1[3]$_DFF_P_/QN (DFFHQNx1_ASAP7_75t_R)
  80.91  257.70 ^ max_cap463/Y (BUFx10_ASAP7_75t_R)
  28.11  285.81 v _15016_/Y (NOR2x1_ASAP7_75t_R)
  55.61  341.42 ^ _24091_/CON (FAx1_ASAP7_75t_R)
  42.89  384.31 v _24091_/SN (FAx1_ASAP7_75t_R)
  60.62  444.94 ^ _24092_/CON (FAx1_ASAP7_75t_R)
  42.85  487.78 v _24092_/SN (FAx1_ASAP7_75t_R)
  60.73  548.52 ^ _24093_/CON (FAx1_ASAP7_75t_R)
  34.78  583.29 v _24093_/SN (FAx1_ASAP7_75t_R)
  32.50  615.79 ^ _20915_/Y (INVx1_ASAP7_75t_R)
  64.53  680.32 v _24094_/SN (FAx1_ASAP7_75t_R)
  20.64  700.96 ^ _20913_/Y (INVx1_ASAP7_75t_R)
  32.24  733.21 v _26456_/CON (HAxp5_ASAP7_75t_R)
  22.48  755.69 ^ _26456_/SN (HAxp5_ASAP7_75t_R)
  18.04  773.73 v _21588_/Y (INVx1_ASAP7_75t_R)
  35.58  809.31 ^ _26457_/CON (HAxp5_ASAP7_75t_R)
  33.74  843.04 v _26457_/SN (HAxp5_ASAP7_75t_R)
  97.78  940.82 v _24095_/SN (FAx1_ASAP7_75t_R)
  71.47 1012.29 ^ _24096_/SN (FAx1_ASAP7_75t_R)
  24.13 1036.42 v _20908_/Y (INVx1_ASAP7_75t_R)
  95.91 1132.33 v _26458_/SN (HAxp5_ASAP7_75t_R)
  46.76 1179.09 v _23061_/Y (OA21x2_ASAP7_75t_R)
  41.06 1220.15 v _23062_/Y (OA21x2_ASAP7_75t_R)
  38.24 1258.39 v _23067_/Y (OA21x2_ASAP7_75t_R)
  41.54 1299.93 v _23068_/Y (OA21x2_ASAP7_75t_R)
  37.83 1337.76 v _23073_/Y (OA21x2_ASAP7_75t_R)
  41.29 1379.05 v _23074_/Y (OA21x2_ASAP7_75t_R)
  38.32 1417.37 v _23079_/Y (OA21x2_ASAP7_75t_R)
  41.45 1458.83 v _23080_/Y (OA21x2_ASAP7_75t_R)
  38.65 1497.48 v _23085_/Y (OA21x2_ASAP7_75t_R)
  41.58 1539.06 v _23086_/Y (OA21x2_ASAP7_75t_R)
  38.10 1577.16 v _23092_/Y (OA21x2_ASAP7_75t_R)
  41.27 1618.43 v _23093_/Y (OA21x2_ASAP7_75t_R)
  38.20 1656.63 v _23098_/Y (OA21x2_ASAP7_75t_R)
  41.45 1698.08 v _23099_/Y (OA21x2_ASAP7_75t_R)
  38.09 1736.17 v _23104_/Y (OA21x2_ASAP7_75t_R)
  41.66 1777.83 v _23105_/Y (OA21x2_ASAP7_75t_R)
  38.51 1816.33 v _23110_/Y (OA21x2_ASAP7_75t_R)
  41.57 1857.90 v _23111_/Y (OA21x2_ASAP7_75t_R)
  38.06 1895.96 v _23116_/Y (OA21x2_ASAP7_75t_R)
  41.88 1937.84 v _23117_/Y (OA21x2_ASAP7_75t_R)
  38.37 1976.21 v _23123_/Y (OA21x2_ASAP7_75t_R)
  39.40 2015.61 v _23124_/Y (OA21x2_ASAP7_75t_R)
  37.11 2052.73 v _23129_/Y (OA21x2_ASAP7_75t_R)
  39.96 2092.69 v _23130_/Y (OA21x2_ASAP7_75t_R)
  40.18 2132.86 v _23135_/Y (OA21x2_ASAP7_75t_R)
  40.10 2172.97 v _23136_/Y (OA21x2_ASAP7_75t_R)
  53.58 2226.55 v _23143_/Y (OR3x1_ASAP7_75t_R)
  44.30 2270.85 v _23154_/Y (OA21x2_ASAP7_75t_R)
  52.33 2323.18 ^ _23232_/Y (XNOR2x2_ASAP7_75t_R)
   0.69 2323.87 ^ Datapath_i.fu_run_benchmark_38252_38805.Datapath_i.reg_28.reg_out1[39]$_DFF_P_/D (DFFHQNx1_ASAP7_75t_R)
        2323.87   data arrival time
---------------------------------------------------------
(Path is unconstrained)


Startpoint: Datapath_i.fu_run_benchmark_38252_38805.Datapath_i.reg_20.reg_out1[3]$_DFF_P_
            (rising edge-triggered flip-flop)
Endpoint: Datapath_i.fu_run_benchmark_38252_38805.Datapath_i.reg_28.reg_out1[38]$_DFF_P_
          (rising edge-triggered flip-flop)
Path Group: unconstrained
Path Type: max
Corner: slow

  Delay    Time   Description
---------------------------------------------------------
   0.00    0.00 ^ Datapath_i.fu_run_benchmark_38252_38805.Datapath_i.reg_20.reg_out1[3]$_DFF_P_/CLK (DFFHQNx1_ASAP7_75t_R)
 176.79  176.79 ^ Datapath_i.fu_run_benchmark_38252_38805.Datapath_i.reg_20.reg_out1[3]$_DFF_P_/QN (DFFHQNx1_ASAP7_75t_R)
  80.91  257.70 ^ max_cap463/Y (BUFx10_ASAP7_75t_R)
  28.11  285.81 v _15016_/Y (NOR2x1_ASAP7_75t_R)
  55.61  341.42 ^ _24091_/CON (FAx1_ASAP7_75t_R)
  42.89  384.31 v _24091_/SN (FAx1_ASAP7_75t_R)
  60.62  444.94 ^ _24092_/CON (FAx1_ASAP7_75t_R)
  42.85  487.78 v _24092_/SN (FAx1_ASAP7_75t_R)
  60.73  548.52 ^ _24093_/CON (FAx1_ASAP7_75t_R)
  34.78  583.29 v _24093_/SN (FAx1_ASAP7_75t_R)
  32.50  615.79 ^ _20915_/Y (INVx1_ASAP7_75t_R)
  64.53  680.32 v _24094_/SN (FAx1_ASAP7_75t_R)
  20.64  700.96 ^ _20913_/Y (INVx1_ASAP7_75t_R)
  32.24  733.21 v _26456_/CON (HAxp5_ASAP7_75t_R)
  22.48  755.69 ^ _26456_/SN (HAxp5_ASAP7_75t_R)
  18.04  773.73 v _21588_/Y (INVx1_ASAP7_75t_R)
  35.58  809.31 ^ _26457_/CON (HAxp5_ASAP7_75t_R)
  33.74  843.04 v _26457_/SN (HAxp5_ASAP7_75t_R)
  97.78  940.82 v _24095_/SN (FAx1_ASAP7_75t_R)
  71.47 1012.29 ^ _24096_/SN (FAx1_ASAP7_75t_R)
  24.13 1036.42 v _20908_/Y (INVx1_ASAP7_75t_R)
  95.91 1132.33 v _26458_/SN (HAxp5_ASAP7_75t_R)
  52.44 1184.77 v _23055_/Y (OA21x2_ASAP7_75t_R)
  38.03 1222.80 v _23064_/Y (OA21x2_ASAP7_75t_R)
  41.55 1264.35 v _23065_/Y (OA21x2_ASAP7_75t_R)
  38.15 1302.49 v _23070_/Y (OA21x2_ASAP7_75t_R)
  41.18 1343.68 v _23071_/Y (OA21x2_ASAP7_75t_R)
  38.03 1381.71 v _23076_/Y (OA21x2_ASAP7_75t_R)
  41.16 1422.87 v _23077_/Y (OA21x2_ASAP7_75t_R)
  38.07 1460.94 v _23082_/Y (OA21x2_ASAP7_75t_R)
  41.33 1502.27 v _23083_/Y (OA21x2_ASAP7_75t_R)
  38.34 1540.61 v _23089_/Y (OA21x2_ASAP7_75t_R)
  41.67 1582.28 v _23090_/Y (OA21x2_ASAP7_75t_R)
  38.15 1620.44 v _23095_/Y (OA21x2_ASAP7_75t_R)
  41.30 1661.73 v _23096_/Y (OA21x2_ASAP7_75t_R)
  38.19 1699.93 v _23101_/Y (OA21x2_ASAP7_75t_R)
  41.34 1741.26 v _23102_/Y (OA21x2_ASAP7_75t_R)
  38.41 1779.67 v _23107_/Y (OA21x2_ASAP7_75t_R)
  41.82 1821.49 v _23108_/Y (OA21x2_ASAP7_75t_R)
  38.24 1859.73 v _23113_/Y (OA21x2_ASAP7_75t_R)
  41.26 1900.99 v _23114_/Y (OA21x2_ASAP7_75t_R)
  38.58 1939.57 v _23120_/Y (OA21x2_ASAP7_75t_R)
  39.92 1979.48 v _23121_/Y (OA21x2_ASAP7_75t_R)
  37.01 2016.49 v _23126_/Y (OA21x2_ASAP7_75t_R)
  39.48 2055.97 v _23127_/Y (OA21x2_ASAP7_75t_R)
  37.79 2093.76 v _23132_/Y (OA21x2_ASAP7_75t_R)
  41.86 2135.62 v _23133_/Y (OA21x2_ASAP7_75t_R)
  53.57 2189.19 v _23139_/Y (OR3x1_ASAP7_75t_R)
  47.28 2236.47 v _23146_/Y (OR3x1_ASAP7_75t_R)
  27.69 2264.16 v _23149_/Y (AND3x1_ASAP7_75t_R)
  58.77 2322.93 ^ _23150_/Y (XOR2x2_ASAP7_75t_R)
   0.93 2323.86 ^ Datapath_i.fu_run_benchmark_38252_38805.Datapath_i.reg_28.reg_out1[38]$_DFF_P_/D (DFFHQNx1_ASAP7_75t_R)
        2323.86   data arrival time
---------------------------------------------------------
(Path is unconstrained)


Startpoint: Datapath_i.fu_run_benchmark_38252_38805.Datapath_i.reg_20.reg_out1[3]$_DFF_P_
            (rising edge-triggered flip-flop)
Endpoint: Datapath_i.fu_run_benchmark_38252_38805.Datapath_i.reg_28.reg_out1[37]$_DFF_P_
          (rising edge-triggered flip-flop)
Path Group: unconstrained
Path Type: max
Corner: slow

  Delay    Time   Description
---------------------------------------------------------
   0.00    0.00 ^ Datapath_i.fu_run_benchmark_38252_38805.Datapath_i.reg_20.reg_out1[3]$_DFF_P_/CLK (DFFHQNx1_ASAP7_75t_R)
 176.79  176.79 ^ Datapath_i.fu_run_benchmark_38252_38805.Datapath_i.reg_20.reg_out1[3]$_DFF_P_/QN (DFFHQNx1_ASAP7_75t_R)
  80.91  257.70 ^ max_cap463/Y (BUFx10_ASAP7_75t_R)
  28.11  285.81 v _15016_/Y (NOR2x1_ASAP7_75t_R)
  55.61  341.42 ^ _24091_/CON (FAx1_ASAP7_75t_R)
  42.89  384.31 v _24091_/SN (FAx1_ASAP7_75t_R)
  60.62  444.94 ^ _24092_/CON (FAx1_ASAP7_75t_R)
  42.85  487.78 v _24092_/SN (FAx1_ASAP7_75t_R)
  60.73  548.52 ^ _24093_/CON (FAx1_ASAP7_75t_R)
  34.78  583.29 v _24093_/SN (FAx1_ASAP7_75t_R)
  32.50  615.79 ^ _20915_/Y (INVx1_ASAP7_75t_R)
  64.53  680.32 v _24094_/SN (FAx1_ASAP7_75t_R)
  20.64  700.96 ^ _20913_/Y (INVx1_ASAP7_75t_R)
  32.24  733.21 v _26456_/CON (HAxp5_ASAP7_75t_R)
  22.48  755.69 ^ _26456_/SN (HAxp5_ASAP7_75t_R)
  18.04  773.73 v _21588_/Y (INVx1_ASAP7_75t_R)
  35.58  809.31 ^ _26457_/CON (HAxp5_ASAP7_75t_R)
  33.74  843.04 v _26457_/SN (HAxp5_ASAP7_75t_R)
  97.78  940.82 v _24095_/SN (FAx1_ASAP7_75t_R)
  71.47 1012.29 ^ _24096_/SN (FAx1_ASAP7_75t_R)
  24.13 1036.42 v _20908_/Y (INVx1_ASAP7_75t_R)
  95.91 1132.33 v _26458_/SN (HAxp5_ASAP7_75t_R)
  46.76 1179.09 v _23061_/Y (OA21x2_ASAP7_75t_R)
  41.06 1220.15 v _23062_/Y (OA21x2_ASAP7_75t_R)
  38.24 1258.39 v _23067_/Y (OA21x2_ASAP7_75t_R)
  41.54 1299.93 v _23068_/Y (OA21x2_ASAP7_75t_R)
  37.83 1337.76 v _23073_/Y (OA21x2_ASAP7_75t_R)
  41.29 1379.05 v _23074_/Y (OA21x2_ASAP7_75t_R)
  38.32 1417.37 v _23079_/Y (OA21x2_ASAP7_75t_R)
  41.45 1458.83 v _23080_/Y (OA21x2_ASAP7_75t_R)
  38.65 1497.48 v _23085_/Y (OA21x2_ASAP7_75t_R)
  41.58 1539.06 v _23086_/Y (OA21x2_ASAP7_75t_R)
  38.10 1577.16 v _23092_/Y (OA21x2_ASAP7_75t_R)
  41.27 1618.43 v _23093_/Y (OA21x2_ASAP7_75t_R)
  38.20 1656.63 v _23098_/Y (OA21x2_ASAP7_75t_R)
  41.45 1698.08 v _23099_/Y (OA21x2_ASAP7_75t_R)
  38.09 1736.17 v _23104_/Y (OA21x2_ASAP7_75t_R)
  41.66 1777.83 v _23105_/Y (OA21x2_ASAP7_75t_R)
  38.51 1816.33 v _23110_/Y (OA21x2_ASAP7_75t_R)
  41.57 1857.90 v _23111_/Y (OA21x2_ASAP7_75t_R)
  38.06 1895.96 v _23116_/Y (OA21x2_ASAP7_75t_R)
  41.88 1937.84 v _23117_/Y (OA21x2_ASAP7_75t_R)
  38.37 1976.21 v _23123_/Y (OA21x2_ASAP7_75t_R)
  39.40 2015.61 v _23124_/Y (OA21x2_ASAP7_75t_R)
  37.11 2052.73 v _23129_/Y (OA21x2_ASAP7_75t_R)
  39.96 2092.69 v _23130_/Y (OA21x2_ASAP7_75t_R)
  40.18 2132.86 v _23135_/Y (OA21x2_ASAP7_75t_R)
  40.10 2172.97 v _23136_/Y (OA21x2_ASAP7_75t_R)
  53.58 2226.55 v _23143_/Y (OR3x1_ASAP7_75t_R)
  22.64 2249.19 ^ _23144_/Y (NAND2x1_ASAP7_75t_R)
  64.08 2313.27 v _23145_/Y (XNOR2x2_ASAP7_75t_R)
   1.00 2314.27 v Datapath_i.fu_run_benchmark_38252_38805.Datapath_i.reg_28.reg_out1[37]$_DFF_P_/D (DFFHQNx1_ASAP7_75t_R)
        2314.27   data arrival time
---------------------------------------------------------
(Path is unconstrained)


Startpoint: Datapath_i.fu_run_benchmark_38252_38805.Datapath_i.reg_19.reg_out1[7]$_DFF_P_
            (rising edge-triggered flip-flop)
Endpoint: Datapath_i.fu_run_benchmark_38252_38805.Datapath_i.reg_26.reg_out1[38]$_DFF_P_
          (rising edge-triggered flip-flop)
Path Group: unconstrained
Path Type: max
Corner: slow

  Delay    Time   Description
---------------------------------------------------------
   0.00    0.00 ^ Datapath_i.fu_run_benchmark_38252_38805.Datapath_i.reg_19.reg_out1[7]$_DFF_P_/CLK (DFFHQNx1_ASAP7_75t_R)
 185.01  185.01 ^ Datapath_i.fu_run_benchmark_38252_38805.Datapath_i.reg_19.reg_out1[7]$_DFF_P_/QN (DFFHQNx1_ASAP7_75t_R)
  88.74  273.76 ^ wire563/Y (BUFx12_ASAP7_75t_R)
  43.44  317.20 ^ _17601_/Y (OR2x2_ASAP7_75t_R)
  59.27  376.47 v _24722_/SN (FAx1_ASAP7_75t_R)
  25.72  402.19 ^ _21623_/Y (INVx1_ASAP7_75t_R)
  92.76  494.95 v _24724_/SN (FAx1_ASAP7_75t_R)
  48.96  543.91 ^ _24725_/CON (FAx1_ASAP7_75t_R)
  29.05  572.96 v _24725_/SN (FAx1_ASAP7_75t_R)
  24.94  597.90 ^ _21628_/Y (INVx1_ASAP7_75t_R)
  23.74  621.64 v _26638_/CON (HAxp5_ASAP7_75t_R)
  19.20  640.85 ^ _26638_/SN (HAxp5_ASAP7_75t_R)
  17.90  658.75 v _21668_/Y (INVx1_ASAP7_75t_R)
  44.60  703.35 v _26639_/SN (HAxp5_ASAP7_75t_R)
  22.46  725.81 ^ _21655_/Y (INVx1_ASAP7_75t_R)
  60.27  786.08 v _24726_/SN (FAx1_ASAP7_75t_R)
  20.34  806.42 ^ _21640_/Y (INVx1_ASAP7_75t_R)
  33.27  839.69 v _26642_/CON (HAxp5_ASAP7_75t_R)
  31.36  871.06 ^ _26642_/SN (HAxp5_ASAP7_75t_R)
  76.24  947.29 v _24727_/SN (FAx1_ASAP7_75t_R)
 103.87 1051.16 v _26643_/SN (HAxp5_ASAP7_75t_R)
  52.55 1103.71 v _18544_/Y (OA21x2_ASAP7_75t_R)
  37.95 1141.66 v _18554_/Y (OA21x2_ASAP7_75t_R)
  41.21 1182.87 v _18555_/Y (OA21x2_ASAP7_75t_R)
  38.63 1221.49 v _18566_/Y (OA21x2_ASAP7_75t_R)
  42.65 1264.15 v _18567_/Y (OA21x2_ASAP7_75t_R)
  39.07 1303.21 v _18576_/Y (OA21x2_ASAP7_75t_R)
  41.92 1345.13 v _18577_/Y (OA21x2_ASAP7_75t_R)
  39.52 1384.65 v _18586_/Y (OA21x2_ASAP7_75t_R)
  42.36 1427.00 v _18587_/Y (OA21x2_ASAP7_75t_R)
  39.04 1466.05 v _18596_/Y (OA21x2_ASAP7_75t_R)
  41.40 1507.44 v _18597_/Y (OA21x2_ASAP7_75t_R)
  38.28 1545.72 v _18606_/Y (OA21x2_ASAP7_75t_R)
  41.57 1587.29 v _18607_/Y (OA21x2_ASAP7_75t_R)
  38.63 1625.92 v _18618_/Y (OA21x2_ASAP7_75t_R)
  41.54 1667.45 v _18619_/Y (OA21x2_ASAP7_75t_R)
  38.18 1705.63 v _18628_/Y (OA21x2_ASAP7_75t_R)
  41.06 1746.70 v _18629_/Y (OA21x2_ASAP7_75t_R)
  37.75 1784.45 v _18638_/Y (OA21x2_ASAP7_75t_R)
  41.44 1825.89 v _18639_/Y (OA21x2_ASAP7_75t_R)
  38.09 1863.98 v _18648_/Y (OA21x2_ASAP7_75t_R)
  42.33 1906.31 v _18649_/Y (OA21x2_ASAP7_75t_R)
  40.00 1946.31 v _18658_/Y (OA21x2_ASAP7_75t_R)
  42.55 1988.86 v _18659_/Y (OA21x2_ASAP7_75t_R)
  38.90 2027.76 v _18670_/Y (OA21x2_ASAP7_75t_R)
  42.25 2070.01 v _18671_/Y (OA21x2_ASAP7_75t_R)
  39.01 2109.03 v _18680_/Y (OA21x2_ASAP7_75t_R)
  41.41 2150.44 v _18681_/Y (OA21x2_ASAP7_75t_R)
  38.65 2189.09 v _18690_/Y (OA21x2_ASAP7_75t_R)
  41.00 2230.09 v _18691_/Y (OA21x2_ASAP7_75t_R)
  40.88 2270.98 v _18703_/Y (OA21x2_ASAP7_75t_R)
  40.95 2311.93 v _18704_/Y (XOR2x1_ASAP7_75t_R)
   0.12 2312.06 v Datapath_i.fu_run_benchmark_38252_38805.Datapath_i.reg_26.reg_out1[38]$_DFF_P_/D (DFFHQNx2_ASAP7_75t_R)
        2312.06   data arrival time
---------------------------------------------------------
(Path is unconstrained)


Startpoint: Datapath_i.fu_run_benchmark_38252_38805.Datapath_i.reg_19.reg_out1[7]$_DFF_P_
            (rising edge-triggered flip-flop)
Endpoint: Datapath_i.fu_run_benchmark_38252_38805.Datapath_i.reg_23.reg_out1[36]$_DFFE_PP_
          (rising edge-triggered flip-flop)
Path Group: unconstrained
Path Type: max
Corner: slow

  Delay    Time   Description
---------------------------------------------------------
   0.00    0.00 ^ Datapath_i.fu_run_benchmark_38252_38805.Datapath_i.reg_19.reg_out1[7]$_DFF_P_/CLK (DFFHQNx1_ASAP7_75t_R)
 185.01  185.01 ^ Datapath_i.fu_run_benchmark_38252_38805.Datapath_i.reg_19.reg_out1[7]$_DFF_P_/QN (DFFHQNx1_ASAP7_75t_R)
  88.74  273.76 ^ wire563/Y (BUFx12_ASAP7_75t_R)
  43.44  317.20 ^ _17601_/Y (OR2x2_ASAP7_75t_R)
  59.27  376.47 v _24722_/SN (FAx1_ASAP7_75t_R)
  25.72  402.19 ^ _21623_/Y (INVx1_ASAP7_75t_R)
  92.76  494.95 v _24724_/SN (FAx1_ASAP7_75t_R)
  48.96  543.91 ^ _24725_/CON (FAx1_ASAP7_75t_R)
  29.05  572.96 v _24725_/SN (FAx1_ASAP7_75t_R)
  24.94  597.90 ^ _21628_/Y (INVx1_ASAP7_75t_R)
  23.74  621.64 v _26638_/CON (HAxp5_ASAP7_75t_R)
  19.20  640.85 ^ _26638_/SN (HAxp5_ASAP7_75t_R)
  17.90  658.75 v _21668_/Y (INVx1_ASAP7_75t_R)
  44.60  703.35 v _26639_/SN (HAxp5_ASAP7_75t_R)
  22.46  725.81 ^ _21655_/Y (INVx1_ASAP7_75t_R)
  60.27  786.08 v _24726_/SN (FAx1_ASAP7_75t_R)
  20.34  806.42 ^ _21640_/Y (INVx1_ASAP7_75t_R)
  33.27  839.69 v _26642_/CON (HAxp5_ASAP7_75t_R)
  31.36  871.06 ^ _26642_/SN (HAxp5_ASAP7_75t_R)
  76.24  947.29 v _24727_/SN (FAx1_ASAP7_75t_R)
 103.87 1051.16 v _26643_/SN (HAxp5_ASAP7_75t_R)
  52.55 1103.71 v _18544_/Y (OA21x2_ASAP7_75t_R)
  37.95 1141.66 v _18554_/Y (OA21x2_ASAP7_75t_R)
  41.21 1182.87 v _18555_/Y (OA21x2_ASAP7_75t_R)
  38.63 1221.49 v _18566_/Y (OA21x2_ASAP7_75t_R)
  42.65 1264.15 v _18567_/Y (OA21x2_ASAP7_75t_R)
  39.07 1303.21 v _18576_/Y (OA21x2_ASAP7_75t_R)
  41.92 1345.13 v _18577_/Y (OA21x2_ASAP7_75t_R)
  39.52 1384.65 v _18586_/Y (OA21x2_ASAP7_75t_R)
  42.36 1427.00 v _18587_/Y (OA21x2_ASAP7_75t_R)
  39.04 1466.05 v _18596_/Y (OA21x2_ASAP7_75t_R)
  41.40 1507.44 v _18597_/Y (OA21x2_ASAP7_75t_R)
  38.28 1545.72 v _18606_/Y (OA21x2_ASAP7_75t_R)
  41.57 1587.29 v _18607_/Y (OA21x2_ASAP7_75t_R)
  38.63 1625.92 v _18618_/Y (OA21x2_ASAP7_75t_R)
  41.54 1667.45 v _18619_/Y (OA21x2_ASAP7_75t_R)
  38.18 1705.63 v _18628_/Y (OA21x2_ASAP7_75t_R)
  41.06 1746.70 v _18629_/Y (OA21x2_ASAP7_75t_R)
  37.75 1784.45 v _18638_/Y (OA21x2_ASAP7_75t_R)
  41.44 1825.89 v _18639_/Y (OA21x2_ASAP7_75t_R)
  38.09 1863.98 v _18648_/Y (OA21x2_ASAP7_75t_R)
  42.33 1906.31 v _18649_/Y (OA21x2_ASAP7_75t_R)
  40.00 1946.31 v _18658_/Y (OA21x2_ASAP7_75t_R)
  42.55 1988.86 v _18659_/Y (OA21x2_ASAP7_75t_R)
  38.90 2027.76 v _18670_/Y (OA21x2_ASAP7_75t_R)
  42.25 2070.01 v _18671_/Y (OA21x2_ASAP7_75t_R)
  39.01 2109.03 v _18680_/Y (OA21x2_ASAP7_75t_R)
  41.41 2150.44 v _18681_/Y (OA21x2_ASAP7_75t_R)
  38.65 2189.09 v _18690_/Y (OA21x2_ASAP7_75t_R)
  41.00 2230.09 v _18691_/Y (OA21x2_ASAP7_75t_R)
  42.15 2272.24 v _18692_/Y (XOR2x1_ASAP7_75t_R)
  37.31 2309.55 v _18694_/Y (AO21x1_ASAP7_75t_R)
   0.00 2309.56 v Datapath_i.fu_run_benchmark_38252_38805.Datapath_i.reg_23.reg_out1[36]$_DFFE_PP_/D (DFFHQNx1_ASAP7_75t_R)
        2309.56   data arrival time
---------------------------------------------------------
(Path is unconstrained)


Startpoint: Datapath_i.fu_run_benchmark_38252_38805.Datapath_i.reg_19.reg_out1[7]$_DFF_P_
            (rising edge-triggered flip-flop)
Endpoint: Datapath_i.fu_run_benchmark_38252_38805.Datapath_i.reg_27.reg_out1[38]$_DFF_P_
          (rising edge-triggered flip-flop)
Path Group: unconstrained
Path Type: max
Corner: slow

  Delay    Time   Description
---------------------------------------------------------
   0.00    0.00 ^ Datapath_i.fu_run_benchmark_38252_38805.Datapath_i.reg_19.reg_out1[7]$_DFF_P_/CLK (DFFHQNx1_ASAP7_75t_R)
 185.01  185.01 ^ Datapath_i.fu_run_benchmark_38252_38805.Datapath_i.reg_19.reg_out1[7]$_DFF_P_/QN (DFFHQNx1_ASAP7_75t_R)
  63.51  248.53 v _16705_/Y (NOR2x1_ASAP7_75t_R)
  61.57  310.09 ^ _25381_/CON (FAx1_ASAP7_75t_R)
  44.10  354.20 v _25381_/SN (FAx1_ASAP7_75t_R)
  66.89  421.09 ^ _25382_/CON (FAx1_ASAP7_75t_R)
  44.23  465.31 v _25382_/SN (FAx1_ASAP7_75t_R)
  66.01  531.32 ^ _25383_/CON (FAx1_ASAP7_75t_R)
  32.91  564.23 v _25383_/SN (FAx1_ASAP7_75t_R)
  34.14  598.38 ^ _21301_/Y (INVx1_ASAP7_75t_R)
  66.17  664.55 v _25384_/SN (FAx1_ASAP7_75t_R)
  21.04  685.59 ^ _21321_/Y (INVx1_ASAP7_75t_R)
  31.86  717.46 v _26052_/CON (HAxp5_ASAP7_75t_R)
  22.84  740.30 ^ _26052_/SN (HAxp5_ASAP7_75t_R)
  18.06  758.36 v _17726_/Y (INVx1_ASAP7_75t_R)
  35.57  793.93 ^ _26053_/CON (HAxp5_ASAP7_75t_R)
  34.71  828.64 v _26053_/SN (HAxp5_ASAP7_75t_R)
  91.88  920.52 ^ _25385_/SN (FAx1_ASAP7_75t_R)
  73.42  993.93 ^ _25386_/SN (FAx1_ASAP7_75t_R)
  24.62 1018.55 v _21313_/Y (INVx1_ASAP7_75t_R)
  96.66 1115.21 v _26054_/SN (HAxp5_ASAP7_75t_R)
  59.19 1174.40 v _22867_/Y (OA21x2_ASAP7_75t_R)
  39.04 1213.43 v _22876_/Y (OA21x2_ASAP7_75t_R)
  42.24 1255.67 v _22877_/Y (OA21x2_ASAP7_75t_R)
  38.99 1294.66 v _22882_/Y (OA21x2_ASAP7_75t_R)
  42.05 1336.71 v _22883_/Y (OA21x2_ASAP7_75t_R)
  39.54 1376.25 v _22888_/Y (OA21x2_ASAP7_75t_R)
  41.83 1418.08 v _22889_/Y (OA21x2_ASAP7_75t_R)
  38.68 1456.77 v _22894_/Y (OA21x2_ASAP7_75t_R)
  40.11 1496.88 v _22895_/Y (OA21x2_ASAP7_75t_R)
  38.27 1535.15 v _22901_/Y (OA21x2_ASAP7_75t_R)
  40.52 1575.67 v _22902_/Y (OA21x2_ASAP7_75t_R)
  37.45 1613.12 v _22907_/Y (OA21x2_ASAP7_75t_R)
  41.31 1654.43 v _22908_/Y (OA21x2_ASAP7_75t_R)
  38.79 1693.22 v _22913_/Y (OA21x2_ASAP7_75t_R)
  41.81 1735.03 v _22914_/Y (OA21x2_ASAP7_75t_R)
  38.43 1773.46 v _22919_/Y (OA21x2_ASAP7_75t_R)
  41.69 1815.15 v _22920_/Y (OA21x2_ASAP7_75t_R)
  38.31 1853.46 v _22925_/Y (OA21x2_ASAP7_75t_R)
  41.84 1895.30 v _22926_/Y (OA21x2_ASAP7_75t_R)
  38.37 1933.67 v _22932_/Y (OA21x2_ASAP7_75t_R)
  41.66 1975.33 v _22933_/Y (OA21x2_ASAP7_75t_R)
  38.35 2013.68 v _22938_/Y (OA21x2_ASAP7_75t_R)
  41.78 2055.45 v _22939_/Y (OA21x2_ASAP7_75t_R)
  38.02 2093.48 v _22944_/Y (OA21x2_ASAP7_75t_R)
  42.12 2135.59 v _22945_/Y (OA21x2_ASAP7_75t_R)
  53.93 2189.52 v _22951_/Y (OR3x1_ASAP7_75t_R)
  47.20 2236.73 v _22958_/Y (OR3x1_ASAP7_75t_R)
  31.31 2268.03 v _22961_/Y (AND3x1_ASAP7_75t_R)
  37.93 2305.96 v _22962_/Y (XOR2x1_ASAP7_75t_R)
   0.02 2305.98 v Datapath_i.fu_run_benchmark_38252_38805.Datapath_i.reg_27.reg_out1[38]$_DFF_P_/D (DFFHQNx1_ASAP7_75t_R)
        2305.98   data arrival time
---------------------------------------------------------
(Path is unconstrained)


