Startpoint: Datapath_i.reg_20.reg_out1[5]$_DFF_P_
            (rising edge-triggered flip-flop)
Endpoint: Datapath_i.reg_21.reg_out1[31]$_DFF_P_
          (rising edge-triggered flip-flop)
Path Group: unconstrained
Path Type: max
Corner: slow

    Cap   Delay    Time   Description
----------------------------------------------------------------
           0.00    0.00 ^ Datapath_i.reg_20.reg_out1[5]$_DFF_P_/CLK (DFFHQNx1_ASAP7_75t_R)
   7.16  136.12  136.12 ^ Datapath_i.reg_20.reg_out1[5]$_DFF_P_/QN (DFFHQNx1_ASAP7_75t_R)
  14.43   54.43  190.56 ^ load_slew65/Y (BUFx12f_ASAP7_75t_R)
  11.52   42.21  232.77 ^ max_cap64/Y (BUFx6f_ASAP7_75t_R)
   1.92   29.07  261.84 v _5407_/Y (NOR2x1_ASAP7_75t_R)
   1.88   66.13  327.97 ^ _8918_/CON (FAx1_ASAP7_75t_R)
   1.50   43.18  371.15 v _8918_/SN (FAx1_ASAP7_75t_R)
   1.91   60.82  431.97 ^ _8919_/CON (FAx1_ASAP7_75t_R)
   1.51   42.88  474.85 v _8919_/SN (FAx1_ASAP7_75t_R)
   2.00   64.34  539.19 ^ _8920_/CON (FAx1_ASAP7_75t_R)
   0.70   33.58  572.77 v _8920_/SN (FAx1_ASAP7_75t_R)
   1.73   31.57  604.34 ^ _7839_/Y (INVx1_ASAP7_75t_R)
   0.62   63.82  668.16 v _8921_/SN (FAx1_ASAP7_75t_R)
   0.81   20.60  688.76 ^ _7794_/Y (INVx1_ASAP7_75t_R)
   1.82   32.76  721.51 v _9436_/CON (HAxp5_ASAP7_75t_R)
   0.65   23.37  744.89 ^ _9436_/SN (HAxp5_ASAP7_75t_R)
   1.71   23.12  768.01 v _7805_/Y (INVx1_ASAP7_75t_R)
   1.89   50.22  818.23 ^ _8922_/CON (FAx1_ASAP7_75t_R)
   1.55   42.49  860.72 v _8922_/SN (FAx1_ASAP7_75t_R)
   0.63   47.44  908.16 ^ _8923_/CON (FAx1_ASAP7_75t_R)
   0.64   28.75  936.91 v _8923_/SN (FAx1_ASAP7_75t_R)
   1.43   28.90  965.81 ^ _7845_/Y (INVx1_ASAP7_75t_R)
   0.93   70.64 1036.45 v _8924_/SN (FAx1_ASAP7_75t_R)
   2.51  105.06 1141.51 v _9437_/SN (HAxp5_ASAP7_75t_R)
   0.65   46.82 1188.33 v _8404_/Y (OA21x2_ASAP7_75t_R)
   2.09   41.29 1229.61 v _8405_/Y (OA21x2_ASAP7_75t_R)
   0.61   37.97 1267.59 v _8410_/Y (OA21x2_ASAP7_75t_R)
   2.09   41.28 1308.87 v _8411_/Y (OA21x2_ASAP7_75t_R)
   0.84   39.20 1348.07 v _8416_/Y (OA21x2_ASAP7_75t_R)
   2.06   41.45 1389.52 v _8417_/Y (OA21x2_ASAP7_75t_R)
   0.65   38.07 1427.59 v _8422_/Y (OA21x2_ASAP7_75t_R)
   2.06   41.20 1468.79 v _8423_/Y (OA21x2_ASAP7_75t_R)
   1.38   41.09 1509.87 v _8429_/Y (OA21x2_ASAP7_75t_R)
   2.13   42.90 1552.77 v _8430_/Y (OA21x2_ASAP7_75t_R)
   0.64   38.55 1591.33 v _8435_/Y (OA21x2_ASAP7_75t_R)
   2.03   41.50 1632.82 v _8436_/Y (OA21x2_ASAP7_75t_R)
   0.63   37.94 1670.77 v _8441_/Y (OA21x2_ASAP7_75t_R)
   2.09   41.68 1712.45 v _8442_/Y (OA21x2_ASAP7_75t_R)
   0.76   38.50 1750.94 v _8447_/Y (OA21x2_ASAP7_75t_R)
   2.10   41.50 1792.44 v _8448_/Y (OA21x2_ASAP7_75t_R)
   0.65   38.14 1830.58 v _8453_/Y (OA21x2_ASAP7_75t_R)
   2.09   41.74 1872.31 v _8454_/Y (OA21x2_ASAP7_75t_R)
   0.62   38.42 1910.73 v _8460_/Y (OA21x2_ASAP7_75t_R)
   1.47   39.02 1949.75 v _8461_/Y (OA21x2_ASAP7_75t_R)
   1.49   34.65 1984.40 v _8558_/Y (XNOR2x1_ASAP7_75t_R)
           0.18 1984.58 v Datapath_i.reg_21.reg_out1[31]$_DFF_P_/D (DFFHQNx1_ASAP7_75t_R)
                1984.58   data arrival time
----------------------------------------------------------------
(Path is unconstrained)


