max slew

Pin                                    Limit    Slew   Slack
------------------------------------------------------------
_16587_/C                             320.00  329.67   -9.67 (VIOLATED)
_16611_/C                             320.00  329.66   -9.66 (VIOLATED)
_16887_/A2                            320.00  329.65   -9.65 (VIOLATED)
_16416_/A2                            320.00  329.65   -9.65 (VIOLATED)
_16613_/A2                            320.00  329.65   -9.65 (VIOLATED)
_16408_/A2                            320.00  329.58   -9.58 (VIOLATED)
_16589_/A2                            320.00  329.58   -9.58 (VIOLATED)
_16895_/A2                            320.00  329.55   -9.55 (VIOLATED)
_16603_/C                             320.00  329.50   -9.50 (VIOLATED)
_16424_/A2                            320.00  329.50   -9.50 (VIOLATED)
_16529_/C                             320.00  329.49   -9.49 (VIOLATED)
_16537_/C                             320.00  329.48   -9.48 (VIOLATED)
_16514_/A2                            320.00  329.48   -9.48 (VIOLATED)
_16457_/A2                            320.00  329.48   -9.48 (VIOLATED)
_16531_/A2                            320.00  329.48   -9.48 (VIOLATED)
_16522_/A2                            320.00  329.48   -9.48 (VIOLATED)
_16605_/A2                            320.00  329.48   -9.48 (VIOLATED)
_16474_/A2                            320.00  329.48   -9.48 (VIOLATED)
_16539_/A2                            320.00  329.47   -9.47 (VIOLATED)
_16490_/A2                            320.00  329.47   -9.47 (VIOLATED)
_16547_/A2                            320.00  329.46   -9.46 (VIOLATED)
_16553_/C                             320.00  329.46   -9.46 (VIOLATED)
_16506_/A2                            320.00  329.46   -9.46 (VIOLATED)
_16465_/A2                            320.00  329.42   -9.42 (VIOLATED)
_16903_/A2                            320.00  329.39   -9.39 (VIOLATED)
_16555_/A2                            320.00  329.38   -9.38 (VIOLATED)
_16432_/A2                            320.00  329.36   -9.36 (VIOLATED)
_16581_/A2                            320.00  329.34   -9.34 (VIOLATED)
_16564_/A2                            320.00  329.33   -9.33 (VIOLATED)
_16449_/A2                            320.00  329.33   -9.33 (VIOLATED)
_16441_/A2                            320.00  329.28   -9.28 (VIOLATED)
_16562_/C                             320.00  328.89   -8.89 (VIOLATED)
_16579_/C                             320.00  328.56   -8.56 (VIOLATED)
_16545_/C                             320.00  328.44   -8.44 (VIOLATED)
_16520_/C                             320.00  328.44   -8.44 (VIOLATED)
_16512_/C                             320.00  328.43   -8.43 (VIOLATED)
_16504_/C                             320.00  328.43   -8.43 (VIOLATED)
_16488_/C                             320.00  328.42   -8.42 (VIOLATED)
_16472_/C                             320.00  328.40   -8.40 (VIOLATED)
_16455_/C                             320.00  328.39   -8.39 (VIOLATED)
_16463_/C                             320.00  328.34   -8.34 (VIOLATED)
_16447_/C                             320.00  328.29   -8.29 (VIOLATED)
_16439_/C                             320.00  328.28   -8.28 (VIOLATED)
_16847_/A2                            320.00  328.28   -8.28 (VIOLATED)
_16879_/A2                            320.00  328.28   -8.28 (VIOLATED)
_16400_/A2                            320.00  328.28   -8.28 (VIOLATED)
_16498_/A2                            320.00  328.28   -8.28 (VIOLATED)
_16398_/C                             320.00  328.27   -8.27 (VIOLATED)
_16707_/A2                            320.00  328.26   -8.26 (VIOLATED)
_16597_/A2                            320.00  328.25   -8.25 (VIOLATED)
_16776_/A2                            320.00  328.25   -8.25 (VIOLATED)
_16430_/C                             320.00  328.25   -8.25 (VIOLATED)
_16496_/C                             320.00  328.24   -8.24 (VIOLATED)
_16705_/C                             320.00  328.22   -8.22 (VIOLATED)
_16595_/C                             320.00  328.19   -8.19 (VIOLATED)
_16774_/C                             320.00  328.15   -8.15 (VIOLATED)
_16845_/C                             320.00  328.10   -8.10 (VIOLATED)
_16877_/C                             320.00  328.05   -8.05 (VIOLATED)
_16885_/C                             320.00  328.02   -8.02 (VIOLATED)
_16893_/C                             320.00  328.00   -8.00 (VIOLATED)
_16422_/C                             320.00  327.98   -7.98 (VIOLATED)
_16414_/C                             320.00  327.97   -7.97 (VIOLATED)
_16901_/C                             320.00  327.97   -7.97 (VIOLATED)
_16406_/C                             320.00  327.95   -7.95 (VIOLATED)
_14689_/A1                            320.00  324.60   -4.60 (VIOLATED)
_12660_/A1                            320.00  324.57   -4.57 (VIOLATED)
_15888_/A2                            320.00  324.57   -4.57 (VIOLATED)
_12110_/A1                            320.00  324.57   -4.57 (VIOLATED)
_10943_/B                             320.00  324.56   -4.56 (VIOLATED)
_12202_/A1                            320.00  324.55   -4.55 (VIOLATED)
_13866_/A                             320.00  324.51   -4.51 (VIOLATED)
_13869_/A1                            320.00  324.50   -4.50 (VIOLATED)
_14008_/A1                            320.00  324.47   -4.47 (VIOLATED)
_10994_/A                             320.00  324.45   -4.45 (VIOLATED)
_11667_/A                             320.00  324.45   -4.45 (VIOLATED)
_15675_/A1                            320.00  324.43   -4.43 (VIOLATED)
_15685_/A1                            320.00  324.43   -4.43 (VIOLATED)
_15683_/A1                            320.00  324.43   -4.43 (VIOLATED)
_15677_/A1                            320.00  324.42   -4.42 (VIOLATED)
_15681_/A1                            320.00  324.41   -4.41 (VIOLATED)
Datapath_i.fu_run_benchmark_38252_39575.Datapath_i.reg_2.reg_out1[6]$_DFFE_PP_/QN  320.00  324.41   -4.41 (VIOLATED)
_15679_/A1                            320.00  324.40   -4.40 (VIOLATED)
_15673_/A1                            320.00  324.34   -4.34 (VIOLATED)
_15669_/A1                            320.00  324.25   -4.25 (VIOLATED)
_15671_/A1                            320.00  324.15   -4.15 (VIOLATED)
_15667_/A1                            320.00  324.12   -4.12 (VIOLATED)
_15665_/A1                            320.00  324.10   -4.10 (VIOLATED)
_15661_/A1                            320.00  323.98   -3.98 (VIOLATED)
_15663_/A1                            320.00  323.88   -3.88 (VIOLATED)
_15657_/A1                            320.00  323.81   -3.81 (VIOLATED)
_15653_/A1                            320.00  323.74   -3.74 (VIOLATED)
_15649_/A1                            320.00  323.69   -3.69 (VIOLATED)
_15647_/A1                            320.00  323.68   -3.68 (VIOLATED)
_15651_/A1                            320.00  323.67   -3.67 (VIOLATED)
_15655_/A1                            320.00  323.56   -3.56 (VIOLATED)
_11995_/B                             320.00  323.35   -3.35 (VIOLATED)
_11997_/B                             320.00  323.22   -3.22 (VIOLATED)
_12005_/B                             320.00  323.18   -3.18 (VIOLATED)
_12001_/B                             320.00  323.17   -3.17 (VIOLATED)
_12007_/B                             320.00  323.17   -3.17 (VIOLATED)
_12003_/B                             320.00  323.16   -3.16 (VIOLATED)
_11999_/B                             320.00  323.15   -3.15 (VIOLATED)
_11993_/B                             320.00  323.01   -3.01 (VIOLATED)
_11991_/B                             320.00  322.83   -2.83 (VIOLATED)
_11987_/B                             320.00  322.54   -2.54 (VIOLATED)
_11989_/B                             320.00  322.54   -2.54 (VIOLATED)
_11985_/B                             320.00  322.25   -2.25 (VIOLATED)
_15638_/A1                            320.00  322.06   -2.06 (VIOLATED)
_11982_/B                             320.00  321.90   -1.90 (VIOLATED)
_11976_/B                             320.00  321.79   -1.79 (VIOLATED)
_11980_/B                             320.00  321.68   -1.68 (VIOLATED)
_11978_/B                             320.00  321.60   -1.60 (VIOLATED)
_11974_/B                             320.00  321.27   -1.27 (VIOLATED)
_15627_/A1                            320.00  321.23   -1.23 (VIOLATED)
_15632_/A1                            320.00  321.23   -1.23 (VIOLATED)
_15629_/A1                            320.00  321.22   -1.22 (VIOLATED)
_11967_/B                             320.00  321.02   -1.02 (VIOLATED)
_11968_/A2                            320.00  321.01   -1.01 (VIOLATED)
_11969_/B                             320.00  320.91   -0.91 (VIOLATED)
_11971_/B                             320.00  320.77   -0.77 (VIOLATED)
_17355_/B                             320.00  320.56   -0.56 (VIOLATED)
_17331_/B                             320.00  320.56   -0.56 (VIOLATED)
_11956_/B                             320.00  320.55   -0.55 (VIOLATED)
_11958_/B                             320.00  320.41   -0.41 (VIOLATED)
_16909_/A                             320.00  320.30   -0.30 (VIOLATED)
_15852_/A                             320.00  320.27   -0.27 (VIOLATED)
_17409_/B                             320.00  320.25   -0.25 (VIOLATED)
_17401_/A                             320.00  320.24   -0.24 (VIOLATED)

