Startpoint: Datapath_i.fu_run_benchmark_38252_39575.Datapath_i.reg_12.reg_out1[2]$_DFFE_PP_
            (rising edge-triggered flip-flop)
Endpoint: Datapath_i.fu_run_benchmark_38252_39575.Datapath_i.reg_29.reg_out1[4]$_SDFFCE_PP0P_
          (rising edge-triggered flip-flop)
Path Group: unconstrained
Path Type: max
Corner: slow

    Cap   Delay    Time   Description
----------------------------------------------------------------
           0.00    0.00 ^ Datapath_i.fu_run_benchmark_38252_39575.Datapath_i.reg_12.reg_out1[2]$_DFFE_PP_/CLK (DFFHQNx1_ASAP7_75t_R)
   3.44  121.75  121.75 v Datapath_i.fu_run_benchmark_38252_39575.Datapath_i.reg_12.reg_out1[2]$_DFFE_PP_/QN (DFFHQNx1_ASAP7_75t_R)
   2.85   43.60  165.35 ^ _09739_/Y (INVx1_ASAP7_75t_R)
   2.14   42.60  207.95 v _18052_/CON (HAxp5_ASAP7_75t_R)
   2.22   63.35  271.30 v _13864_/Y (OR3x1_ASAP7_75t_R)
   2.19   59.33  330.64 v _13874_/Y (OR3x1_ASAP7_75t_R)
   1.72   56.42  387.06 v _13879_/Y (OR3x1_ASAP7_75t_R)
   1.74   43.26  430.32 v _13885_/Y (OR2x2_ASAP7_75t_R)
   2.23   77.52  507.84 v _13895_/Y (OR4x2_ASAP7_75t_R)
   1.77   44.06  551.90 v _13904_/Y (OR2x2_ASAP7_75t_R)
   2.76   63.38  615.29 v _13905_/Y (OR3x2_ASAP7_75t_R)
   2.77   65.52  680.81 v _13912_/Y (OR3x2_ASAP7_75t_R)
   1.59   68.92  749.73 v _13928_/Y (OR4x1_ASAP7_75t_R)
   1.75   43.97  793.70 v _13934_/Y (OR2x2_ASAP7_75t_R)
   1.72   68.06  861.75 v _13942_/Y (OR4x1_ASAP7_75t_R)
   1.82   44.60  906.35 v _13951_/Y (OR2x2_ASAP7_75t_R)
   1.00   18.64  924.99 ^ _13952_/Y (NOR2x1_ASAP7_75t_R)
   3.60   66.53  991.52 v _13953_/Y (XNOR2x2_ASAP7_75t_R)
   0.52   33.92 1025.44 v _13977_/Y (XNOR2x1_ASAP7_75t_R)
   0.78   74.81 1100.25 v _13997_/Y (OR5x1_ASAP7_75t_R)
  10.08  124.51 1224.76 v _13998_/Y (OR5x2_ASAP7_75t_R)
  33.70  142.44 1367.20 v _14000_/Y (OR3x4_ASAP7_75t_R)
  26.32  148.40 1515.60 ^ _14003_/Y (NAND2x2_ASAP7_75t_R)
  26.81   91.48 1607.08 ^ load_slew29/Y (BUFx24_ASAP7_75t_R)
   0.63   28.35 1635.42 v _14093_/Y (NOR2x1_ASAP7_75t_R)
   0.81   39.69 1675.11 v _14095_/Y (OR2x2_ASAP7_75t_R)
           0.10 1675.21 v Datapath_i.fu_run_benchmark_38252_39575.Datapath_i.reg_29.reg_out1[4]$_SDFFCE_PP0P_/D (DFFHQNx1_ASAP7_75t_R)
                1675.21   data arrival time
----------------------------------------------------------------
(Path is unconstrained)


