max slew

Pin                                    Limit    Slew   Slack
------------------------------------------------------------
_5476_/B                              320.00  322.64   -2.64 (VIOLATED)
_5455_/B                              320.00  322.64   -2.64 (VIOLATED)
_5501_/B                              320.00  322.63   -2.63 (VIOLATED)
_5524_/B                              320.00  322.61   -2.61 (VIOLATED)
_5548_/B                              320.00  322.59   -2.59 (VIOLATED)
_5573_/B                              320.00  322.49   -2.49 (VIOLATED)
_5599_/B                              320.00  322.48   -2.48 (VIOLATED)
_5673_/B                              320.00  322.43   -2.43 (VIOLATED)
_5625_/B                              320.00  322.38   -2.38 (VIOLATED)
_5647_/B                              320.00  322.26   -2.26 (VIOLATED)
_5848_/B                              320.00  321.87   -1.87 (VIOLATED)
_8538_/B                              320.00  321.81   -1.81 (VIOLATED)
_5818_/B                              320.00  321.73   -1.73 (VIOLATED)
_5789_/B                              320.00  321.67   -1.67 (VIOLATED)
_5759_/B                              320.00  321.66   -1.66 (VIOLATED)
_5729_/B                              320.00  321.63   -1.63 (VIOLATED)
_5700_/B                              320.00  321.56   -1.56 (VIOLATED)
_5674_/B                              320.00  321.51   -1.51 (VIOLATED)
Datapath_i.reg_20.reg_out1[14]$_DFF_P_/QN  320.00  321.50   -1.50 (VIOLATED)

