Startpoint: Datapath_i.reg_20.reg_out1[5]$_DFF_P_
            (rising edge-triggered flip-flop)
Endpoint: Datapath_i.reg_21.reg_out1[31]$_DFF_P_
          (rising edge-triggered flip-flop)
Path Group: unconstrained
Path Type: max
Corner: slow

    Cap   Delay    Time   Description
----------------------------------------------------------------
           0.00    0.00 ^ Datapath_i.reg_20.reg_out1[5]$_DFF_P_/CLK (DFFHQNx1_ASAP7_75t_R)
   7.49  139.00  139.00 ^ Datapath_i.reg_20.reg_out1[5]$_DFF_P_/QN (DFFHQNx1_ASAP7_75t_R)
  14.62   55.03  194.03 ^ load_slew65/Y (BUFx12f_ASAP7_75t_R)
  11.62   45.40  239.43 ^ max_cap64/Y (BUFx6f_ASAP7_75t_R)
   1.89   31.65  271.07 v _5407_/Y (NOR2x1_ASAP7_75t_R)
   1.88   66.33  337.40 ^ _8918_/CON (FAx1_ASAP7_75t_R)
   1.51   42.84  380.24 v _8918_/SN (FAx1_ASAP7_75t_R)
   1.88   65.24  445.48 ^ _8919_/CON (FAx1_ASAP7_75t_R)
   1.49   43.05  488.53 v _8919_/SN (FAx1_ASAP7_75t_R)
   1.87   65.32  553.85 ^ _8920_/CON (FAx1_ASAP7_75t_R)
   0.72   33.62  587.46 v _8920_/SN (FAx1_ASAP7_75t_R)
   1.72   31.73  619.19 ^ _7839_/Y (INVx1_ASAP7_75t_R)
   0.60   63.11  682.29 v _8921_/SN (FAx1_ASAP7_75t_R)
   0.81   20.18  702.48 ^ _7794_/Y (INVx1_ASAP7_75t_R)
   1.79   32.07  734.54 v _9436_/CON (HAxp5_ASAP7_75t_R)
   0.63   22.96  757.50 ^ _9436_/SN (HAxp5_ASAP7_75t_R)
   1.69   22.76  780.27 v _7805_/Y (INVx1_ASAP7_75t_R)
   1.87   49.94  830.20 ^ _8922_/CON (FAx1_ASAP7_75t_R)
   1.48   41.41  871.62 v _8922_/SN (FAx1_ASAP7_75t_R)
   0.59   46.11  917.72 ^ _8923_/CON (FAx1_ASAP7_75t_R)
   0.61   27.93  945.65 v _8923_/SN (FAx1_ASAP7_75t_R)
   1.42   28.43  974.09 ^ _7845_/Y (INVx1_ASAP7_75t_R)
   0.89   69.26 1043.35 v _8924_/SN (FAx1_ASAP7_75t_R)
   2.50  104.31 1147.66 v _9437_/SN (HAxp5_ASAP7_75t_R)
   0.62   52.69 1200.35 v _8404_/Y (OA21x2_ASAP7_75t_R)
   2.02   41.40 1241.76 v _8405_/Y (OA21x2_ASAP7_75t_R)
   0.59   38.27 1280.03 v _8410_/Y (OA21x2_ASAP7_75t_R)
   2.05   41.46 1321.49 v _8411_/Y (OA21x2_ASAP7_75t_R)
   0.74   38.94 1360.43 v _8416_/Y (OA21x2_ASAP7_75t_R)
   2.04   41.64 1402.07 v _8417_/Y (OA21x2_ASAP7_75t_R)
   0.68   38.63 1440.71 v _8422_/Y (OA21x2_ASAP7_75t_R)
   2.07   41.64 1482.35 v _8423_/Y (OA21x2_ASAP7_75t_R)
   1.25   40.73 1523.08 v _8429_/Y (OA21x2_ASAP7_75t_R)
   2.17   42.93 1566.01 v _8430_/Y (OA21x2_ASAP7_75t_R)
   0.65   38.85 1604.86 v _8435_/Y (OA21x2_ASAP7_75t_R)
   2.04   41.56 1646.42 v _8436_/Y (OA21x2_ASAP7_75t_R)
   0.61   38.34 1684.76 v _8441_/Y (OA21x2_ASAP7_75t_R)
   2.11   41.70 1726.46 v _8442_/Y (OA21x2_ASAP7_75t_R)
   0.71   38.90 1765.36 v _8447_/Y (OA21x2_ASAP7_75t_R)
   2.07   41.74 1807.09 v _8448_/Y (OA21x2_ASAP7_75t_R)
   0.62   38.49 1845.58 v _8453_/Y (OA21x2_ASAP7_75t_R)
   2.06   41.58 1887.17 v _8454_/Y (OA21x2_ASAP7_75t_R)
   0.62   38.49 1925.65 v _8460_/Y (OA21x2_ASAP7_75t_R)
   1.44   39.28 1964.93 v _8461_/Y (OA21x2_ASAP7_75t_R)
   1.31   33.78 1998.71 v _8558_/Y (XNOR2x1_ASAP7_75t_R)
           0.26 1998.97 v Datapath_i.reg_21.reg_out1[31]$_DFF_P_/D (DFFHQNx1_ASAP7_75t_R)
                1998.97   data arrival time
----------------------------------------------------------------
(Path is unconstrained)


