Startpoint: Datapath_i.reg_20.reg_out1[5]$_DFF_P_
            (rising edge-triggered flip-flop)
Endpoint: Datapath_i.reg_21.reg_out1[31]$_DFF_P_
          (rising edge-triggered flip-flop)
Path Group: unconstrained
Path Type: max
Corner: slow

  Delay    Time   Description
---------------------------------------------------------
   0.00    0.00 ^ Datapath_i.reg_20.reg_out1[5]$_DFF_P_/CLK (DFFHQNx1_ASAP7_75t_R)
 136.12  136.12 ^ Datapath_i.reg_20.reg_out1[5]$_DFF_P_/QN (DFFHQNx1_ASAP7_75t_R)
  54.43  190.56 ^ load_slew65/Y (BUFx12f_ASAP7_75t_R)
  42.21  232.77 ^ max_cap64/Y (BUFx6f_ASAP7_75t_R)
  29.07  261.84 v _5407_/Y (NOR2x1_ASAP7_75t_R)
  66.13  327.97 ^ _8918_/CON (FAx1_ASAP7_75t_R)
  43.18  371.15 v _8918_/SN (FAx1_ASAP7_75t_R)
  60.82  431.97 ^ _8919_/CON (FAx1_ASAP7_75t_R)
  42.88  474.85 v _8919_/SN (FAx1_ASAP7_75t_R)
  64.34  539.19 ^ _8920_/CON (FAx1_ASAP7_75t_R)
  33.58  572.77 v _8920_/SN (FAx1_ASAP7_75t_R)
  31.57  604.34 ^ _7839_/Y (INVx1_ASAP7_75t_R)
  63.82  668.16 v _8921_/SN (FAx1_ASAP7_75t_R)
  20.60  688.76 ^ _7794_/Y (INVx1_ASAP7_75t_R)
  32.76  721.51 v _9436_/CON (HAxp5_ASAP7_75t_R)
  23.37  744.89 ^ _9436_/SN (HAxp5_ASAP7_75t_R)
  23.12  768.01 v _7805_/Y (INVx1_ASAP7_75t_R)
  50.22  818.23 ^ _8922_/CON (FAx1_ASAP7_75t_R)
  42.49  860.72 v _8922_/SN (FAx1_ASAP7_75t_R)
  47.44  908.16 ^ _8923_/CON (FAx1_ASAP7_75t_R)
  28.75  936.91 v _8923_/SN (FAx1_ASAP7_75t_R)
  28.90  965.81 ^ _7845_/Y (INVx1_ASAP7_75t_R)
  70.64 1036.45 v _8924_/SN (FAx1_ASAP7_75t_R)
 105.06 1141.51 v _9437_/SN (HAxp5_ASAP7_75t_R)
  46.82 1188.33 v _8404_/Y (OA21x2_ASAP7_75t_R)
  41.29 1229.61 v _8405_/Y (OA21x2_ASAP7_75t_R)
  37.97 1267.59 v _8410_/Y (OA21x2_ASAP7_75t_R)
  41.28 1308.87 v _8411_/Y (OA21x2_ASAP7_75t_R)
  39.20 1348.07 v _8416_/Y (OA21x2_ASAP7_75t_R)
  41.45 1389.52 v _8417_/Y (OA21x2_ASAP7_75t_R)
  38.07 1427.59 v _8422_/Y (OA21x2_ASAP7_75t_R)
  41.20 1468.79 v _8423_/Y (OA21x2_ASAP7_75t_R)
  41.09 1509.87 v _8429_/Y (OA21x2_ASAP7_75t_R)
  42.90 1552.77 v _8430_/Y (OA21x2_ASAP7_75t_R)
  38.55 1591.33 v _8435_/Y (OA21x2_ASAP7_75t_R)
  41.50 1632.82 v _8436_/Y (OA21x2_ASAP7_75t_R)
  37.94 1670.77 v _8441_/Y (OA21x2_ASAP7_75t_R)
  41.68 1712.45 v _8442_/Y (OA21x2_ASAP7_75t_R)
  38.50 1750.94 v _8447_/Y (OA21x2_ASAP7_75t_R)
  41.50 1792.44 v _8448_/Y (OA21x2_ASAP7_75t_R)
  38.14 1830.58 v _8453_/Y (OA21x2_ASAP7_75t_R)
  41.74 1872.31 v _8454_/Y (OA21x2_ASAP7_75t_R)
  38.42 1910.73 v _8460_/Y (OA21x2_ASAP7_75t_R)
  39.02 1949.75 v _8461_/Y (OA21x2_ASAP7_75t_R)
  34.65 1984.40 v _8558_/Y (XNOR2x1_ASAP7_75t_R)
   0.18 1984.58 v Datapath_i.reg_21.reg_out1[31]$_DFF_P_/D (DFFHQNx1_ASAP7_75t_R)
        1984.58   data arrival time
---------------------------------------------------------
(Path is unconstrained)


Startpoint: Datapath_i.reg_20.reg_out1[5]$_DFF_P_
            (rising edge-triggered flip-flop)
Endpoint: Datapath_i.reg_21.reg_out1[30]$_DFF_P_
          (rising edge-triggered flip-flop)
Path Group: unconstrained
Path Type: max
Corner: slow

  Delay    Time   Description
---------------------------------------------------------
   0.00    0.00 ^ Datapath_i.reg_20.reg_out1[5]$_DFF_P_/CLK (DFFHQNx1_ASAP7_75t_R)
 136.12  136.12 ^ Datapath_i.reg_20.reg_out1[5]$_DFF_P_/QN (DFFHQNx1_ASAP7_75t_R)
  54.43  190.56 ^ load_slew65/Y (BUFx12f_ASAP7_75t_R)
  42.21  232.77 ^ max_cap64/Y (BUFx6f_ASAP7_75t_R)
  29.07  261.84 v _5407_/Y (NOR2x1_ASAP7_75t_R)
  66.13  327.97 ^ _8918_/CON (FAx1_ASAP7_75t_R)
  43.18  371.15 v _8918_/SN (FAx1_ASAP7_75t_R)
  60.82  431.97 ^ _8919_/CON (FAx1_ASAP7_75t_R)
  42.88  474.85 v _8919_/SN (FAx1_ASAP7_75t_R)
  64.34  539.19 ^ _8920_/CON (FAx1_ASAP7_75t_R)
  33.58  572.77 v _8920_/SN (FAx1_ASAP7_75t_R)
  31.57  604.34 ^ _7839_/Y (INVx1_ASAP7_75t_R)
  63.82  668.16 v _8921_/SN (FAx1_ASAP7_75t_R)
  20.60  688.76 ^ _7794_/Y (INVx1_ASAP7_75t_R)
  32.76  721.51 v _9436_/CON (HAxp5_ASAP7_75t_R)
  23.37  744.89 ^ _9436_/SN (HAxp5_ASAP7_75t_R)
  23.12  768.01 v _7805_/Y (INVx1_ASAP7_75t_R)
  50.22  818.23 ^ _8922_/CON (FAx1_ASAP7_75t_R)
  42.49  860.72 v _8922_/SN (FAx1_ASAP7_75t_R)
  47.44  908.16 ^ _8923_/CON (FAx1_ASAP7_75t_R)
  28.75  936.91 v _8923_/SN (FAx1_ASAP7_75t_R)
  28.90  965.81 ^ _7845_/Y (INVx1_ASAP7_75t_R)
  70.64 1036.45 v _8924_/SN (FAx1_ASAP7_75t_R)
 105.06 1141.51 v _9437_/SN (HAxp5_ASAP7_75t_R)
  52.42 1193.93 v _8402_/Y (OA21x2_ASAP7_75t_R)
  38.40 1232.33 v _8407_/Y (OA21x2_ASAP7_75t_R)
  41.26 1273.59 v _8408_/Y (OA21x2_ASAP7_75t_R)
  37.93 1311.52 v _8413_/Y (OA21x2_ASAP7_75t_R)
  42.29 1353.80 v _8414_/Y (OA21x2_ASAP7_75t_R)
  38.51 1392.32 v _8419_/Y (OA21x2_ASAP7_75t_R)
  41.17 1433.49 v _8420_/Y (OA21x2_ASAP7_75t_R)
  37.76 1471.25 v _8426_/Y (OA21x2_ASAP7_75t_R)
  44.28 1515.52 v _8427_/Y (OA21x2_ASAP7_75t_R)
  40.10 1555.62 v _8432_/Y (OA21x2_ASAP7_75t_R)
  41.47 1597.09 v _8433_/Y (OA21x2_ASAP7_75t_R)
  38.12 1635.22 v _8438_/Y (OA21x2_ASAP7_75t_R)
  41.27 1676.49 v _8439_/Y (OA21x2_ASAP7_75t_R)
  38.55 1715.03 v _8444_/Y (OA21x2_ASAP7_75t_R)
  41.62 1756.65 v _8445_/Y (OA21x2_ASAP7_75t_R)
  38.39 1795.04 v _8450_/Y (OA21x2_ASAP7_75t_R)
  41.27 1836.31 v _8451_/Y (OA21x2_ASAP7_75t_R)
  38.34 1874.66 v _8457_/Y (OA21x2_ASAP7_75t_R)
  39.31 1913.97 v _8458_/Y (OA21x2_ASAP7_75t_R)
  36.92 1950.89 v _8459_/Y (XOR2x1_ASAP7_75t_R)
   0.01 1950.90 v Datapath_i.reg_21.reg_out1[30]$_DFF_P_/D (DFFHQNx1_ASAP7_75t_R)
        1950.90   data arrival time
---------------------------------------------------------
(Path is unconstrained)


Startpoint: Datapath_i.reg_20.reg_out1[5]$_DFF_P_
            (rising edge-triggered flip-flop)
Endpoint: Datapath_i.reg_21.reg_out1[29]$_DFF_P_
          (rising edge-triggered flip-flop)
Path Group: unconstrained
Path Type: max
Corner: slow

  Delay    Time   Description
---------------------------------------------------------
   0.00    0.00 ^ Datapath_i.reg_20.reg_out1[5]$_DFF_P_/CLK (DFFHQNx1_ASAP7_75t_R)
 136.12  136.12 ^ Datapath_i.reg_20.reg_out1[5]$_DFF_P_/QN (DFFHQNx1_ASAP7_75t_R)
  54.43  190.56 ^ load_slew65/Y (BUFx12f_ASAP7_75t_R)
  42.21  232.77 ^ max_cap64/Y (BUFx6f_ASAP7_75t_R)
  29.07  261.84 v _5407_/Y (NOR2x1_ASAP7_75t_R)
  66.13  327.97 ^ _8918_/CON (FAx1_ASAP7_75t_R)
  43.18  371.15 v _8918_/SN (FAx1_ASAP7_75t_R)
  60.82  431.97 ^ _8919_/CON (FAx1_ASAP7_75t_R)
  42.88  474.85 v _8919_/SN (FAx1_ASAP7_75t_R)
  64.34  539.19 ^ _8920_/CON (FAx1_ASAP7_75t_R)
  33.58  572.77 v _8920_/SN (FAx1_ASAP7_75t_R)
  31.57  604.34 ^ _7839_/Y (INVx1_ASAP7_75t_R)
  63.82  668.16 v _8921_/SN (FAx1_ASAP7_75t_R)
  20.60  688.76 ^ _7794_/Y (INVx1_ASAP7_75t_R)
  32.76  721.51 v _9436_/CON (HAxp5_ASAP7_75t_R)
  23.37  744.89 ^ _9436_/SN (HAxp5_ASAP7_75t_R)
  23.12  768.01 v _7805_/Y (INVx1_ASAP7_75t_R)
  50.22  818.23 ^ _8922_/CON (FAx1_ASAP7_75t_R)
  42.49  860.72 v _8922_/SN (FAx1_ASAP7_75t_R)
  47.44  908.16 ^ _8923_/CON (FAx1_ASAP7_75t_R)
  28.75  936.91 v _8923_/SN (FAx1_ASAP7_75t_R)
  28.90  965.81 ^ _7845_/Y (INVx1_ASAP7_75t_R)
  70.64 1036.45 v _8924_/SN (FAx1_ASAP7_75t_R)
 105.06 1141.51 v _9437_/SN (HAxp5_ASAP7_75t_R)
  46.82 1188.33 v _8404_/Y (OA21x2_ASAP7_75t_R)
  41.29 1229.61 v _8405_/Y (OA21x2_ASAP7_75t_R)
  37.97 1267.59 v _8410_/Y (OA21x2_ASAP7_75t_R)
  41.28 1308.87 v _8411_/Y (OA21x2_ASAP7_75t_R)
  39.20 1348.07 v _8416_/Y (OA21x2_ASAP7_75t_R)
  41.45 1389.52 v _8417_/Y (OA21x2_ASAP7_75t_R)
  38.07 1427.59 v _8422_/Y (OA21x2_ASAP7_75t_R)
  41.20 1468.79 v _8423_/Y (OA21x2_ASAP7_75t_R)
  41.09 1509.87 v _8429_/Y (OA21x2_ASAP7_75t_R)
  42.90 1552.77 v _8430_/Y (OA21x2_ASAP7_75t_R)
  38.55 1591.33 v _8435_/Y (OA21x2_ASAP7_75t_R)
  41.50 1632.82 v _8436_/Y (OA21x2_ASAP7_75t_R)
  37.94 1670.77 v _8441_/Y (OA21x2_ASAP7_75t_R)
  41.68 1712.45 v _8442_/Y (OA21x2_ASAP7_75t_R)
  38.50 1750.94 v _8447_/Y (OA21x2_ASAP7_75t_R)
  41.50 1792.44 v _8448_/Y (OA21x2_ASAP7_75t_R)
  38.14 1830.58 v _8453_/Y (OA21x2_ASAP7_75t_R)
  41.74 1872.31 v _8454_/Y (OA21x2_ASAP7_75t_R)
  38.35 1910.67 v _8455_/Y (XOR2x1_ASAP7_75t_R)
   0.01 1910.67 v Datapath_i.reg_21.reg_out1[29]$_DFF_P_/D (DFFHQNx1_ASAP7_75t_R)
        1910.67   data arrival time
---------------------------------------------------------
(Path is unconstrained)


Startpoint: Datapath_i.reg_20.reg_out1[5]$_DFF_P_
            (rising edge-triggered flip-flop)
Endpoint: Datapath_i.reg_21.reg_out1[28]$_DFF_P_
          (rising edge-triggered flip-flop)
Path Group: unconstrained
Path Type: max
Corner: slow

  Delay    Time   Description
---------------------------------------------------------
   0.00    0.00 ^ Datapath_i.reg_20.reg_out1[5]$_DFF_P_/CLK (DFFHQNx1_ASAP7_75t_R)
 136.12  136.12 ^ Datapath_i.reg_20.reg_out1[5]$_DFF_P_/QN (DFFHQNx1_ASAP7_75t_R)
  54.43  190.56 ^ load_slew65/Y (BUFx12f_ASAP7_75t_R)
  42.21  232.77 ^ max_cap64/Y (BUFx6f_ASAP7_75t_R)
  29.07  261.84 v _5407_/Y (NOR2x1_ASAP7_75t_R)
  66.13  327.97 ^ _8918_/CON (FAx1_ASAP7_75t_R)
  43.18  371.15 v _8918_/SN (FAx1_ASAP7_75t_R)
  60.82  431.97 ^ _8919_/CON (FAx1_ASAP7_75t_R)
  42.88  474.85 v _8919_/SN (FAx1_ASAP7_75t_R)
  64.34  539.19 ^ _8920_/CON (FAx1_ASAP7_75t_R)
  33.58  572.77 v _8920_/SN (FAx1_ASAP7_75t_R)
  31.57  604.34 ^ _7839_/Y (INVx1_ASAP7_75t_R)
  63.82  668.16 v _8921_/SN (FAx1_ASAP7_75t_R)
  20.60  688.76 ^ _7794_/Y (INVx1_ASAP7_75t_R)
  32.76  721.51 v _9436_/CON (HAxp5_ASAP7_75t_R)
  23.37  744.89 ^ _9436_/SN (HAxp5_ASAP7_75t_R)
  23.12  768.01 v _7805_/Y (INVx1_ASAP7_75t_R)
  50.22  818.23 ^ _8922_/CON (FAx1_ASAP7_75t_R)
  42.49  860.72 v _8922_/SN (FAx1_ASAP7_75t_R)
  47.44  908.16 ^ _8923_/CON (FAx1_ASAP7_75t_R)
  28.75  936.91 v _8923_/SN (FAx1_ASAP7_75t_R)
  28.90  965.81 ^ _7845_/Y (INVx1_ASAP7_75t_R)
  70.64 1036.45 v _8924_/SN (FAx1_ASAP7_75t_R)
 105.06 1141.51 v _9437_/SN (HAxp5_ASAP7_75t_R)
  52.42 1193.93 v _8402_/Y (OA21x2_ASAP7_75t_R)
  38.40 1232.33 v _8407_/Y (OA21x2_ASAP7_75t_R)
  41.26 1273.59 v _8408_/Y (OA21x2_ASAP7_75t_R)
  37.93 1311.52 v _8413_/Y (OA21x2_ASAP7_75t_R)
  42.29 1353.80 v _8414_/Y (OA21x2_ASAP7_75t_R)
  38.51 1392.32 v _8419_/Y (OA21x2_ASAP7_75t_R)
  41.17 1433.49 v _8420_/Y (OA21x2_ASAP7_75t_R)
  37.76 1471.25 v _8426_/Y (OA21x2_ASAP7_75t_R)
  44.28 1515.52 v _8427_/Y (OA21x2_ASAP7_75t_R)
  40.10 1555.62 v _8432_/Y (OA21x2_ASAP7_75t_R)
  41.47 1597.09 v _8433_/Y (OA21x2_ASAP7_75t_R)
  38.12 1635.22 v _8438_/Y (OA21x2_ASAP7_75t_R)
  41.27 1676.49 v _8439_/Y (OA21x2_ASAP7_75t_R)
  38.55 1715.03 v _8444_/Y (OA21x2_ASAP7_75t_R)
  41.62 1756.65 v _8445_/Y (OA21x2_ASAP7_75t_R)
  38.39 1795.04 v _8450_/Y (OA21x2_ASAP7_75t_R)
  41.27 1836.31 v _8451_/Y (OA21x2_ASAP7_75t_R)
  38.50 1874.82 v _8452_/Y (XOR2x1_ASAP7_75t_R)
   0.01 1874.83 v Datapath_i.reg_21.reg_out1[28]$_DFF_P_/D (DFFHQNx1_ASAP7_75t_R)
        1874.83   data arrival time
---------------------------------------------------------
(Path is unconstrained)


Startpoint: Datapath_i.reg_20.reg_out1[5]$_DFF_P_
            (rising edge-triggered flip-flop)
Endpoint: Datapath_i.reg_21.reg_out1[27]$_DFF_P_
          (rising edge-triggered flip-flop)
Path Group: unconstrained
Path Type: max
Corner: slow

  Delay    Time   Description
---------------------------------------------------------
   0.00    0.00 ^ Datapath_i.reg_20.reg_out1[5]$_DFF_P_/CLK (DFFHQNx1_ASAP7_75t_R)
 136.12  136.12 ^ Datapath_i.reg_20.reg_out1[5]$_DFF_P_/QN (DFFHQNx1_ASAP7_75t_R)
  54.43  190.56 ^ load_slew65/Y (BUFx12f_ASAP7_75t_R)
  42.21  232.77 ^ max_cap64/Y (BUFx6f_ASAP7_75t_R)
  29.07  261.84 v _5407_/Y (NOR2x1_ASAP7_75t_R)
  66.13  327.97 ^ _8918_/CON (FAx1_ASAP7_75t_R)
  43.18  371.15 v _8918_/SN (FAx1_ASAP7_75t_R)
  60.82  431.97 ^ _8919_/CON (FAx1_ASAP7_75t_R)
  42.88  474.85 v _8919_/SN (FAx1_ASAP7_75t_R)
  64.34  539.19 ^ _8920_/CON (FAx1_ASAP7_75t_R)
  33.58  572.77 v _8920_/SN (FAx1_ASAP7_75t_R)
  31.57  604.34 ^ _7839_/Y (INVx1_ASAP7_75t_R)
  63.82  668.16 v _8921_/SN (FAx1_ASAP7_75t_R)
  20.60  688.76 ^ _7794_/Y (INVx1_ASAP7_75t_R)
  32.76  721.51 v _9436_/CON (HAxp5_ASAP7_75t_R)
  23.37  744.89 ^ _9436_/SN (HAxp5_ASAP7_75t_R)
  23.12  768.01 v _7805_/Y (INVx1_ASAP7_75t_R)
  50.22  818.23 ^ _8922_/CON (FAx1_ASAP7_75t_R)
  42.49  860.72 v _8922_/SN (FAx1_ASAP7_75t_R)
  47.44  908.16 ^ _8923_/CON (FAx1_ASAP7_75t_R)
  28.75  936.91 v _8923_/SN (FAx1_ASAP7_75t_R)
  28.90  965.81 ^ _7845_/Y (INVx1_ASAP7_75t_R)
  70.64 1036.45 v _8924_/SN (FAx1_ASAP7_75t_R)
 105.06 1141.51 v _9437_/SN (HAxp5_ASAP7_75t_R)
  46.82 1188.33 v _8404_/Y (OA21x2_ASAP7_75t_R)
  41.29 1229.61 v _8405_/Y (OA21x2_ASAP7_75t_R)
  37.97 1267.59 v _8410_/Y (OA21x2_ASAP7_75t_R)
  41.28 1308.87 v _8411_/Y (OA21x2_ASAP7_75t_R)
  39.20 1348.07 v _8416_/Y (OA21x2_ASAP7_75t_R)
  41.45 1389.52 v _8417_/Y (OA21x2_ASAP7_75t_R)
  38.07 1427.59 v _8422_/Y (OA21x2_ASAP7_75t_R)
  41.20 1468.79 v _8423_/Y (OA21x2_ASAP7_75t_R)
  41.09 1509.87 v _8429_/Y (OA21x2_ASAP7_75t_R)
  42.90 1552.77 v _8430_/Y (OA21x2_ASAP7_75t_R)
  38.55 1591.33 v _8435_/Y (OA21x2_ASAP7_75t_R)
  41.50 1632.82 v _8436_/Y (OA21x2_ASAP7_75t_R)
  37.94 1670.77 v _8441_/Y (OA21x2_ASAP7_75t_R)
  41.68 1712.45 v _8442_/Y (OA21x2_ASAP7_75t_R)
  38.50 1750.94 v _8447_/Y (OA21x2_ASAP7_75t_R)
  41.50 1792.44 v _8448_/Y (OA21x2_ASAP7_75t_R)
  37.99 1830.43 v _8449_/Y (XOR2x1_ASAP7_75t_R)
   0.01 1830.43 v Datapath_i.reg_21.reg_out1[27]$_DFF_P_/D (DFFHQNx1_ASAP7_75t_R)
        1830.43   data arrival time
---------------------------------------------------------
(Path is unconstrained)


Startpoint: Datapath_i.reg_20.reg_out1[5]$_DFF_P_
            (rising edge-triggered flip-flop)
Endpoint: Datapath_i.reg_21.reg_out1[26]$_DFF_P_
          (rising edge-triggered flip-flop)
Path Group: unconstrained
Path Type: max
Corner: slow

  Delay    Time   Description
---------------------------------------------------------
   0.00    0.00 ^ Datapath_i.reg_20.reg_out1[5]$_DFF_P_/CLK (DFFHQNx1_ASAP7_75t_R)
 136.12  136.12 ^ Datapath_i.reg_20.reg_out1[5]$_DFF_P_/QN (DFFHQNx1_ASAP7_75t_R)
  54.43  190.56 ^ load_slew65/Y (BUFx12f_ASAP7_75t_R)
  42.21  232.77 ^ max_cap64/Y (BUFx6f_ASAP7_75t_R)
  29.07  261.84 v _5407_/Y (NOR2x1_ASAP7_75t_R)
  66.13  327.97 ^ _8918_/CON (FAx1_ASAP7_75t_R)
  43.18  371.15 v _8918_/SN (FAx1_ASAP7_75t_R)
  60.82  431.97 ^ _8919_/CON (FAx1_ASAP7_75t_R)
  42.88  474.85 v _8919_/SN (FAx1_ASAP7_75t_R)
  64.34  539.19 ^ _8920_/CON (FAx1_ASAP7_75t_R)
  33.58  572.77 v _8920_/SN (FAx1_ASAP7_75t_R)
  31.57  604.34 ^ _7839_/Y (INVx1_ASAP7_75t_R)
  63.82  668.16 v _8921_/SN (FAx1_ASAP7_75t_R)
  20.60  688.76 ^ _7794_/Y (INVx1_ASAP7_75t_R)
  32.76  721.51 v _9436_/CON (HAxp5_ASAP7_75t_R)
  23.37  744.89 ^ _9436_/SN (HAxp5_ASAP7_75t_R)
  23.12  768.01 v _7805_/Y (INVx1_ASAP7_75t_R)
  50.22  818.23 ^ _8922_/CON (FAx1_ASAP7_75t_R)
  42.49  860.72 v _8922_/SN (FAx1_ASAP7_75t_R)
  47.44  908.16 ^ _8923_/CON (FAx1_ASAP7_75t_R)
  28.75  936.91 v _8923_/SN (FAx1_ASAP7_75t_R)
  28.90  965.81 ^ _7845_/Y (INVx1_ASAP7_75t_R)
  70.64 1036.45 v _8924_/SN (FAx1_ASAP7_75t_R)
 105.06 1141.51 v _9437_/SN (HAxp5_ASAP7_75t_R)
  52.42 1193.93 v _8402_/Y (OA21x2_ASAP7_75t_R)
  38.40 1232.33 v _8407_/Y (OA21x2_ASAP7_75t_R)
  41.26 1273.59 v _8408_/Y (OA21x2_ASAP7_75t_R)
  37.93 1311.52 v _8413_/Y (OA21x2_ASAP7_75t_R)
  42.29 1353.80 v _8414_/Y (OA21x2_ASAP7_75t_R)
  38.51 1392.32 v _8419_/Y (OA21x2_ASAP7_75t_R)
  41.17 1433.49 v _8420_/Y (OA21x2_ASAP7_75t_R)
  37.76 1471.25 v _8426_/Y (OA21x2_ASAP7_75t_R)
  44.28 1515.52 v _8427_/Y (OA21x2_ASAP7_75t_R)
  40.10 1555.62 v _8432_/Y (OA21x2_ASAP7_75t_R)
  41.47 1597.09 v _8433_/Y (OA21x2_ASAP7_75t_R)
  38.12 1635.22 v _8438_/Y (OA21x2_ASAP7_75t_R)
  41.27 1676.49 v _8439_/Y (OA21x2_ASAP7_75t_R)
  38.55 1715.03 v _8444_/Y (OA21x2_ASAP7_75t_R)
  41.62 1756.65 v _8445_/Y (OA21x2_ASAP7_75t_R)
  38.46 1795.11 v _8446_/Y (XOR2x1_ASAP7_75t_R)
   0.01 1795.13 v Datapath_i.reg_21.reg_out1[26]$_DFF_P_/D (DFFHQNx1_ASAP7_75t_R)
        1795.13   data arrival time
---------------------------------------------------------
(Path is unconstrained)


Startpoint: Datapath_i.reg_20.reg_out1[5]$_DFF_P_
            (rising edge-triggered flip-flop)
Endpoint: Datapath_i.reg_21.reg_out1[25]$_DFF_P_
          (rising edge-triggered flip-flop)
Path Group: unconstrained
Path Type: max
Corner: slow

  Delay    Time   Description
---------------------------------------------------------
   0.00    0.00 ^ Datapath_i.reg_20.reg_out1[5]$_DFF_P_/CLK (DFFHQNx1_ASAP7_75t_R)
 136.12  136.12 ^ Datapath_i.reg_20.reg_out1[5]$_DFF_P_/QN (DFFHQNx1_ASAP7_75t_R)
  54.43  190.56 ^ load_slew65/Y (BUFx12f_ASAP7_75t_R)
  42.21  232.77 ^ max_cap64/Y (BUFx6f_ASAP7_75t_R)
  29.07  261.84 v _5407_/Y (NOR2x1_ASAP7_75t_R)
  66.13  327.97 ^ _8918_/CON (FAx1_ASAP7_75t_R)
  43.18  371.15 v _8918_/SN (FAx1_ASAP7_75t_R)
  60.82  431.97 ^ _8919_/CON (FAx1_ASAP7_75t_R)
  42.88  474.85 v _8919_/SN (FAx1_ASAP7_75t_R)
  64.34  539.19 ^ _8920_/CON (FAx1_ASAP7_75t_R)
  33.58  572.77 v _8920_/SN (FAx1_ASAP7_75t_R)
  31.57  604.34 ^ _7839_/Y (INVx1_ASAP7_75t_R)
  63.82  668.16 v _8921_/SN (FAx1_ASAP7_75t_R)
  20.60  688.76 ^ _7794_/Y (INVx1_ASAP7_75t_R)
  32.76  721.51 v _9436_/CON (HAxp5_ASAP7_75t_R)
  23.37  744.89 ^ _9436_/SN (HAxp5_ASAP7_75t_R)
  23.12  768.01 v _7805_/Y (INVx1_ASAP7_75t_R)
  50.22  818.23 ^ _8922_/CON (FAx1_ASAP7_75t_R)
  42.49  860.72 v _8922_/SN (FAx1_ASAP7_75t_R)
  47.44  908.16 ^ _8923_/CON (FAx1_ASAP7_75t_R)
  28.75  936.91 v _8923_/SN (FAx1_ASAP7_75t_R)
  28.90  965.81 ^ _7845_/Y (INVx1_ASAP7_75t_R)
  70.64 1036.45 v _8924_/SN (FAx1_ASAP7_75t_R)
 105.06 1141.51 v _9437_/SN (HAxp5_ASAP7_75t_R)
  46.82 1188.33 v _8404_/Y (OA21x2_ASAP7_75t_R)
  41.29 1229.61 v _8405_/Y (OA21x2_ASAP7_75t_R)
  37.97 1267.59 v _8410_/Y (OA21x2_ASAP7_75t_R)
  41.28 1308.87 v _8411_/Y (OA21x2_ASAP7_75t_R)
  39.20 1348.07 v _8416_/Y (OA21x2_ASAP7_75t_R)
  41.45 1389.52 v _8417_/Y (OA21x2_ASAP7_75t_R)
  38.07 1427.59 v _8422_/Y (OA21x2_ASAP7_75t_R)
  41.20 1468.79 v _8423_/Y (OA21x2_ASAP7_75t_R)
  41.09 1509.87 v _8429_/Y (OA21x2_ASAP7_75t_R)
  42.90 1552.77 v _8430_/Y (OA21x2_ASAP7_75t_R)
  38.55 1591.33 v _8435_/Y (OA21x2_ASAP7_75t_R)
  41.50 1632.82 v _8436_/Y (OA21x2_ASAP7_75t_R)
  37.94 1670.77 v _8441_/Y (OA21x2_ASAP7_75t_R)
  41.68 1712.45 v _8442_/Y (OA21x2_ASAP7_75t_R)
  37.95 1750.40 v _8443_/Y (XOR2x1_ASAP7_75t_R)
   0.01 1750.40 v Datapath_i.reg_21.reg_out1[25]$_DFF_P_/D (DFFHQNx1_ASAP7_75t_R)
        1750.40   data arrival time
---------------------------------------------------------
(Path is unconstrained)


Startpoint: Datapath_i.reg_20.reg_out1[5]$_DFF_P_
            (rising edge-triggered flip-flop)
Endpoint: Datapath_i.reg_21.reg_out1[24]$_DFF_P_
          (rising edge-triggered flip-flop)
Path Group: unconstrained
Path Type: max
Corner: slow

  Delay    Time   Description
---------------------------------------------------------
   0.00    0.00 ^ Datapath_i.reg_20.reg_out1[5]$_DFF_P_/CLK (DFFHQNx1_ASAP7_75t_R)
 136.12  136.12 ^ Datapath_i.reg_20.reg_out1[5]$_DFF_P_/QN (DFFHQNx1_ASAP7_75t_R)
  54.43  190.56 ^ load_slew65/Y (BUFx12f_ASAP7_75t_R)
  42.21  232.77 ^ max_cap64/Y (BUFx6f_ASAP7_75t_R)
  29.07  261.84 v _5407_/Y (NOR2x1_ASAP7_75t_R)
  66.13  327.97 ^ _8918_/CON (FAx1_ASAP7_75t_R)
  43.18  371.15 v _8918_/SN (FAx1_ASAP7_75t_R)
  60.82  431.97 ^ _8919_/CON (FAx1_ASAP7_75t_R)
  42.88  474.85 v _8919_/SN (FAx1_ASAP7_75t_R)
  64.34  539.19 ^ _8920_/CON (FAx1_ASAP7_75t_R)
  33.58  572.77 v _8920_/SN (FAx1_ASAP7_75t_R)
  31.57  604.34 ^ _7839_/Y (INVx1_ASAP7_75t_R)
  63.82  668.16 v _8921_/SN (FAx1_ASAP7_75t_R)
  20.60  688.76 ^ _7794_/Y (INVx1_ASAP7_75t_R)
  32.76  721.51 v _9436_/CON (HAxp5_ASAP7_75t_R)
  23.37  744.89 ^ _9436_/SN (HAxp5_ASAP7_75t_R)
  23.12  768.01 v _7805_/Y (INVx1_ASAP7_75t_R)
  50.22  818.23 ^ _8922_/CON (FAx1_ASAP7_75t_R)
  42.49  860.72 v _8922_/SN (FAx1_ASAP7_75t_R)
  47.44  908.16 ^ _8923_/CON (FAx1_ASAP7_75t_R)
  28.75  936.91 v _8923_/SN (FAx1_ASAP7_75t_R)
  28.90  965.81 ^ _7845_/Y (INVx1_ASAP7_75t_R)
  70.64 1036.45 v _8924_/SN (FAx1_ASAP7_75t_R)
 105.06 1141.51 v _9437_/SN (HAxp5_ASAP7_75t_R)
  52.42 1193.93 v _8402_/Y (OA21x2_ASAP7_75t_R)
  38.40 1232.33 v _8407_/Y (OA21x2_ASAP7_75t_R)
  41.26 1273.59 v _8408_/Y (OA21x2_ASAP7_75t_R)
  37.93 1311.52 v _8413_/Y (OA21x2_ASAP7_75t_R)
  42.29 1353.80 v _8414_/Y (OA21x2_ASAP7_75t_R)
  38.51 1392.32 v _8419_/Y (OA21x2_ASAP7_75t_R)
  41.17 1433.49 v _8420_/Y (OA21x2_ASAP7_75t_R)
  37.76 1471.25 v _8426_/Y (OA21x2_ASAP7_75t_R)
  44.28 1515.52 v _8427_/Y (OA21x2_ASAP7_75t_R)
  40.10 1555.62 v _8432_/Y (OA21x2_ASAP7_75t_R)
  41.47 1597.09 v _8433_/Y (OA21x2_ASAP7_75t_R)
  38.12 1635.22 v _8438_/Y (OA21x2_ASAP7_75t_R)
  41.27 1676.49 v _8439_/Y (OA21x2_ASAP7_75t_R)
  38.44 1714.93 v _8440_/Y (XOR2x1_ASAP7_75t_R)
   0.01 1714.93 v Datapath_i.reg_21.reg_out1[24]$_DFF_P_/D (DFFHQNx1_ASAP7_75t_R)
        1714.93   data arrival time
---------------------------------------------------------
(Path is unconstrained)


Startpoint: Datapath_i.reg_20.reg_out1[5]$_DFF_P_
            (rising edge-triggered flip-flop)
Endpoint: Datapath_i.reg_21.reg_out1[23]$_DFF_P_
          (rising edge-triggered flip-flop)
Path Group: unconstrained
Path Type: max
Corner: slow

  Delay    Time   Description
---------------------------------------------------------
   0.00    0.00 ^ Datapath_i.reg_20.reg_out1[5]$_DFF_P_/CLK (DFFHQNx1_ASAP7_75t_R)
 136.12  136.12 ^ Datapath_i.reg_20.reg_out1[5]$_DFF_P_/QN (DFFHQNx1_ASAP7_75t_R)
  54.43  190.56 ^ load_slew65/Y (BUFx12f_ASAP7_75t_R)
  42.21  232.77 ^ max_cap64/Y (BUFx6f_ASAP7_75t_R)
  29.07  261.84 v _5407_/Y (NOR2x1_ASAP7_75t_R)
  66.13  327.97 ^ _8918_/CON (FAx1_ASAP7_75t_R)
  43.18  371.15 v _8918_/SN (FAx1_ASAP7_75t_R)
  60.82  431.97 ^ _8919_/CON (FAx1_ASAP7_75t_R)
  42.88  474.85 v _8919_/SN (FAx1_ASAP7_75t_R)
  64.34  539.19 ^ _8920_/CON (FAx1_ASAP7_75t_R)
  33.58  572.77 v _8920_/SN (FAx1_ASAP7_75t_R)
  31.57  604.34 ^ _7839_/Y (INVx1_ASAP7_75t_R)
  63.82  668.16 v _8921_/SN (FAx1_ASAP7_75t_R)
  20.60  688.76 ^ _7794_/Y (INVx1_ASAP7_75t_R)
  32.76  721.51 v _9436_/CON (HAxp5_ASAP7_75t_R)
  23.37  744.89 ^ _9436_/SN (HAxp5_ASAP7_75t_R)
  23.12  768.01 v _7805_/Y (INVx1_ASAP7_75t_R)
  50.22  818.23 ^ _8922_/CON (FAx1_ASAP7_75t_R)
  42.49  860.72 v _8922_/SN (FAx1_ASAP7_75t_R)
  47.44  908.16 ^ _8923_/CON (FAx1_ASAP7_75t_R)
  28.75  936.91 v _8923_/SN (FAx1_ASAP7_75t_R)
  28.90  965.81 ^ _7845_/Y (INVx1_ASAP7_75t_R)
  70.64 1036.45 v _8924_/SN (FAx1_ASAP7_75t_R)
 105.06 1141.51 v _9437_/SN (HAxp5_ASAP7_75t_R)
  46.82 1188.33 v _8404_/Y (OA21x2_ASAP7_75t_R)
  41.29 1229.61 v _8405_/Y (OA21x2_ASAP7_75t_R)
  37.97 1267.59 v _8410_/Y (OA21x2_ASAP7_75t_R)
  41.28 1308.87 v _8411_/Y (OA21x2_ASAP7_75t_R)
  39.20 1348.07 v _8416_/Y (OA21x2_ASAP7_75t_R)
  41.45 1389.52 v _8417_/Y (OA21x2_ASAP7_75t_R)
  38.07 1427.59 v _8422_/Y (OA21x2_ASAP7_75t_R)
  41.20 1468.79 v _8423_/Y (OA21x2_ASAP7_75t_R)
  41.09 1509.87 v _8429_/Y (OA21x2_ASAP7_75t_R)
  42.90 1552.77 v _8430_/Y (OA21x2_ASAP7_75t_R)
  38.55 1591.33 v _8435_/Y (OA21x2_ASAP7_75t_R)
  41.50 1632.82 v _8436_/Y (OA21x2_ASAP7_75t_R)
  38.16 1670.99 v _8437_/Y (XOR2x1_ASAP7_75t_R)
   0.01 1671.00 v Datapath_i.reg_21.reg_out1[23]$_DFF_P_/D (DFFHQNx1_ASAP7_75t_R)
        1671.00   data arrival time
---------------------------------------------------------
(Path is unconstrained)


Startpoint: Datapath_i.reg_20.reg_out1[5]$_DFF_P_
            (rising edge-triggered flip-flop)
Endpoint: Datapath_i.reg_21.reg_out1[22]$_DFF_P_
          (rising edge-triggered flip-flop)
Path Group: unconstrained
Path Type: max
Corner: slow

  Delay    Time   Description
---------------------------------------------------------
   0.00    0.00 ^ Datapath_i.reg_20.reg_out1[5]$_DFF_P_/CLK (DFFHQNx1_ASAP7_75t_R)
 136.12  136.12 ^ Datapath_i.reg_20.reg_out1[5]$_DFF_P_/QN (DFFHQNx1_ASAP7_75t_R)
  54.43  190.56 ^ load_slew65/Y (BUFx12f_ASAP7_75t_R)
  42.21  232.77 ^ max_cap64/Y (BUFx6f_ASAP7_75t_R)
  29.07  261.84 v _5407_/Y (NOR2x1_ASAP7_75t_R)
  66.13  327.97 ^ _8918_/CON (FAx1_ASAP7_75t_R)
  43.18  371.15 v _8918_/SN (FAx1_ASAP7_75t_R)
  60.82  431.97 ^ _8919_/CON (FAx1_ASAP7_75t_R)
  42.88  474.85 v _8919_/SN (FAx1_ASAP7_75t_R)
  64.34  539.19 ^ _8920_/CON (FAx1_ASAP7_75t_R)
  33.58  572.77 v _8920_/SN (FAx1_ASAP7_75t_R)
  31.57  604.34 ^ _7839_/Y (INVx1_ASAP7_75t_R)
  63.82  668.16 v _8921_/SN (FAx1_ASAP7_75t_R)
  20.60  688.76 ^ _7794_/Y (INVx1_ASAP7_75t_R)
  32.76  721.51 v _9436_/CON (HAxp5_ASAP7_75t_R)
  23.37  744.89 ^ _9436_/SN (HAxp5_ASAP7_75t_R)
  23.12  768.01 v _7805_/Y (INVx1_ASAP7_75t_R)
  50.22  818.23 ^ _8922_/CON (FAx1_ASAP7_75t_R)
  42.49  860.72 v _8922_/SN (FAx1_ASAP7_75t_R)
  47.44  908.16 ^ _8923_/CON (FAx1_ASAP7_75t_R)
  28.75  936.91 v _8923_/SN (FAx1_ASAP7_75t_R)
  28.90  965.81 ^ _7845_/Y (INVx1_ASAP7_75t_R)
  70.64 1036.45 v _8924_/SN (FAx1_ASAP7_75t_R)
 105.06 1141.51 v _9437_/SN (HAxp5_ASAP7_75t_R)
  52.42 1193.93 v _8402_/Y (OA21x2_ASAP7_75t_R)
  38.40 1232.33 v _8407_/Y (OA21x2_ASAP7_75t_R)
  41.26 1273.59 v _8408_/Y (OA21x2_ASAP7_75t_R)
  37.93 1311.52 v _8413_/Y (OA21x2_ASAP7_75t_R)
  42.29 1353.80 v _8414_/Y (OA21x2_ASAP7_75t_R)
  38.51 1392.32 v _8419_/Y (OA21x2_ASAP7_75t_R)
  41.17 1433.49 v _8420_/Y (OA21x2_ASAP7_75t_R)
  37.76 1471.25 v _8426_/Y (OA21x2_ASAP7_75t_R)
  44.28 1515.52 v _8427_/Y (OA21x2_ASAP7_75t_R)
  40.10 1555.62 v _8432_/Y (OA21x2_ASAP7_75t_R)
  41.47 1597.09 v _8433_/Y (OA21x2_ASAP7_75t_R)
  41.50 1638.59 v _8434_/Y (XOR2x1_ASAP7_75t_R)
   0.14 1638.73 v Datapath_i.reg_21.reg_out1[22]$_DFF_P_/D (DFFHQNx1_ASAP7_75t_R)
        1638.73   data arrival time
---------------------------------------------------------
(Path is unconstrained)


