Startpoint: Datapath_i.fu_run_benchmark_38252_38805.Datapath_i.reg_19.reg_out1[0]$_DFF_P_
            (rising edge-triggered flip-flop)
Endpoint: Datapath_i.fu_run_benchmark_38252_38805.Datapath_i.reg_23.reg_out1[39]$_DFFE_PP_
          (rising edge-triggered flip-flop)
Path Group: unconstrained
Path Type: max
Corner: slow

  Delay    Time   Description
---------------------------------------------------------
   0.00    0.00 ^ Datapath_i.fu_run_benchmark_38252_38805.Datapath_i.reg_19.reg_out1[0]$_DFF_P_/CLK (DFFHQNx1_ASAP7_75t_R)
 529.14  529.14 ^ Datapath_i.fu_run_benchmark_38252_38805.Datapath_i.reg_19.reg_out1[0]$_DFF_P_/QN (DFFHQNx1_ASAP7_75t_R)
 135.07  664.21 v _15856_/Y (NOR2x1_ASAP7_75t_R)
 123.13  787.34 v _24723_/SN (FAx1_ASAP7_75t_R)
  98.00  885.35 v _24724_/SN (FAx1_ASAP7_75t_R)
  44.92  930.27 ^ _24725_/CON (FAx1_ASAP7_75t_R)
  27.48  957.75 v _24725_/SN (FAx1_ASAP7_75t_R)
  22.44  980.18 ^ _21628_/Y (INVx1_ASAP7_75t_R)
  22.30 1002.49 v _26638_/CON (HAxp5_ASAP7_75t_R)
  18.42 1020.91 ^ _26638_/SN (HAxp5_ASAP7_75t_R)
  17.26 1038.17 v _21668_/Y (INVx1_ASAP7_75t_R)
  42.25 1080.43 v _26639_/SN (HAxp5_ASAP7_75t_R)
  21.34 1101.77 ^ _21655_/Y (INVx1_ASAP7_75t_R)
  57.83 1159.60 v _24726_/SN (FAx1_ASAP7_75t_R)
  19.85 1179.45 ^ _21640_/Y (INVx1_ASAP7_75t_R)
  32.59 1212.04 v _26642_/CON (HAxp5_ASAP7_75t_R)
  30.67 1242.71 ^ _26642_/SN (HAxp5_ASAP7_75t_R)
  73.82 1316.53 v _24727_/SN (FAx1_ASAP7_75t_R)
  87.61 1404.14 v _26643_/SN (HAxp5_ASAP7_75t_R)
  44.04 1448.18 v _18549_/Y (OA21x2_ASAP7_75t_R)
  38.67 1486.84 v _18550_/Y (OA21x2_ASAP7_75t_R)
  36.57 1523.41 v _18561_/Y (OA21x2_ASAP7_75t_R)
  38.65 1562.06 v _18562_/Y (OA21x2_ASAP7_75t_R)
  36.57 1598.63 v _18571_/Y (OA21x2_ASAP7_75t_R)
  38.65 1637.28 v _18572_/Y (OA21x2_ASAP7_75t_R)
  36.57 1673.85 v _18581_/Y (OA21x2_ASAP7_75t_R)
  38.65 1712.50 v _18582_/Y (OA21x2_ASAP7_75t_R)
  36.57 1749.07 v _18591_/Y (OA21x2_ASAP7_75t_R)
  38.65 1787.72 v _18592_/Y (OA21x2_ASAP7_75t_R)
  36.57 1824.29 v _18601_/Y (OA21x2_ASAP7_75t_R)
  38.65 1862.94 v _18602_/Y (OA21x2_ASAP7_75t_R)
  36.57 1899.51 v _18613_/Y (OA21x2_ASAP7_75t_R)
  38.65 1938.16 v _18614_/Y (OA21x2_ASAP7_75t_R)
  36.57 1974.73 v _18623_/Y (OA21x2_ASAP7_75t_R)
  38.65 2013.38 v _18624_/Y (OA21x2_ASAP7_75t_R)
  36.57 2049.95 v _18633_/Y (OA21x2_ASAP7_75t_R)
  38.65 2088.60 v _18634_/Y (OA21x2_ASAP7_75t_R)
  36.57 2125.17 v _18643_/Y (OA21x2_ASAP7_75t_R)
  38.65 2163.82 v _18644_/Y (OA21x2_ASAP7_75t_R)
  36.57 2200.39 v _18653_/Y (OA21x2_ASAP7_75t_R)
  38.65 2239.04 v _18654_/Y (OA21x2_ASAP7_75t_R)
  36.57 2275.61 v _18665_/Y (OA21x2_ASAP7_75t_R)
  38.65 2314.26 v _18666_/Y (OA21x2_ASAP7_75t_R)
  36.57 2350.83 v _18675_/Y (OA21x2_ASAP7_75t_R)
  38.65 2389.48 v _18676_/Y (OA21x2_ASAP7_75t_R)
  36.57 2426.05 v _18685_/Y (OA21x2_ASAP7_75t_R)
  40.27 2466.32 v _18686_/Y (OA21x2_ASAP7_75t_R)
  71.64 2537.96 v _18708_/Y (OR5x1_ASAP7_75t_R)
  30.42 2568.38 v _18710_/Y (AND4x1_ASAP7_75t_R)
  41.80 2610.18 v _18790_/Y (XNOR2x2_ASAP7_75t_R)
  30.55 2640.72 v _18792_/Y (AO21x1_ASAP7_75t_R)
   0.00 2640.72 v Datapath_i.fu_run_benchmark_38252_38805.Datapath_i.reg_23.reg_out1[39]$_DFFE_PP_/D (DFFHQNx1_ASAP7_75t_R)
        2640.72   data arrival time
---------------------------------------------------------
(Path is unconstrained)


Startpoint: Datapath_i.fu_run_benchmark_38252_38805.Datapath_i.reg_20.reg_out1[3]$_DFF_P_
            (rising edge-triggered flip-flop)
Endpoint: Datapath_i.fu_run_benchmark_38252_38805.Datapath_i.reg_28.reg_out1[38]$_DFF_P_
          (rising edge-triggered flip-flop)
Path Group: unconstrained
Path Type: max
Corner: slow

  Delay    Time   Description
---------------------------------------------------------
   0.00    0.00 ^ Datapath_i.fu_run_benchmark_38252_38805.Datapath_i.reg_20.reg_out1[3]$_DFF_P_/CLK (DFFHQNx1_ASAP7_75t_R)
 531.71  531.71 ^ Datapath_i.fu_run_benchmark_38252_38805.Datapath_i.reg_20.reg_out1[3]$_DFF_P_/QN (DFFHQNx1_ASAP7_75t_R)
 140.41  672.11 v _15016_/Y (NOR2x1_ASAP7_75t_R)
  89.42  761.53 ^ _24091_/CON (FAx1_ASAP7_75t_R)
  46.13  807.67 v _24091_/SN (FAx1_ASAP7_75t_R)
  63.69  871.36 ^ _24092_/CON (FAx1_ASAP7_75t_R)
  42.20  913.55 v _24092_/SN (FAx1_ASAP7_75t_R)
  60.95  974.50 ^ _24093_/CON (FAx1_ASAP7_75t_R)
  31.41 1005.91 v _24093_/SN (FAx1_ASAP7_75t_R)
  30.77 1036.68 ^ _20915_/Y (INVx1_ASAP7_75t_R)
  62.13 1098.81 v _24094_/SN (FAx1_ASAP7_75t_R)
  20.07 1118.88 ^ _20913_/Y (INVx1_ASAP7_75t_R)
  31.26 1150.14 v _26456_/CON (HAxp5_ASAP7_75t_R)
  22.10 1172.24 ^ _26456_/SN (HAxp5_ASAP7_75t_R)
  17.52 1189.76 v _21588_/Y (INVx1_ASAP7_75t_R)
  34.56 1224.33 ^ _26457_/CON (HAxp5_ASAP7_75t_R)
  32.79 1257.12 v _26457_/SN (HAxp5_ASAP7_75t_R)
  80.89 1338.01 ^ _24095_/SN (FAx1_ASAP7_75t_R)
  41.55 1379.56 v _24096_/CON (FAx1_ASAP7_75t_R)
  27.98 1407.54 ^ _24096_/SN (FAx1_ASAP7_75t_R)
  22.17 1429.71 v _20908_/Y (INVx1_ASAP7_75t_R)
  77.45 1507.15 v _26458_/SN (HAxp5_ASAP7_75t_R)
  47.11 1554.26 v _23055_/Y (OA21x2_ASAP7_75t_R)
  36.56 1590.82 v _23064_/Y (OA21x2_ASAP7_75t_R)
  38.65 1629.48 v _23065_/Y (OA21x2_ASAP7_75t_R)
  36.57 1666.05 v _23070_/Y (OA21x2_ASAP7_75t_R)
  38.65 1704.70 v _23071_/Y (OA21x2_ASAP7_75t_R)
  36.57 1741.27 v _23076_/Y (OA21x2_ASAP7_75t_R)
  38.65 1779.92 v _23077_/Y (OA21x2_ASAP7_75t_R)
  36.57 1816.49 v _23082_/Y (OA21x2_ASAP7_75t_R)
  38.66 1855.15 v _23083_/Y (OA21x2_ASAP7_75t_R)
  36.57 1891.72 v _23089_/Y (OA21x2_ASAP7_75t_R)
  38.66 1930.37 v _23090_/Y (OA21x2_ASAP7_75t_R)
  36.57 1966.94 v _23095_/Y (OA21x2_ASAP7_75t_R)
  38.66 2005.59 v _23096_/Y (OA21x2_ASAP7_75t_R)
  36.57 2042.16 v _23101_/Y (OA21x2_ASAP7_75t_R)
  38.66 2080.82 v _23102_/Y (OA21x2_ASAP7_75t_R)
  36.57 2117.38 v _23107_/Y (OA21x2_ASAP7_75t_R)
  38.66 2156.04 v _23108_/Y (OA21x2_ASAP7_75t_R)
  36.57 2192.61 v _23113_/Y (OA21x2_ASAP7_75t_R)
  38.66 2231.26 v _23114_/Y (OA21x2_ASAP7_75t_R)
  36.57 2267.83 v _23120_/Y (OA21x2_ASAP7_75t_R)
  38.66 2306.49 v _23121_/Y (OA21x2_ASAP7_75t_R)
  36.57 2343.05 v _23126_/Y (OA21x2_ASAP7_75t_R)
  38.66 2381.71 v _23127_/Y (OA21x2_ASAP7_75t_R)
  36.57 2418.28 v _23132_/Y (OA21x2_ASAP7_75t_R)
  38.54 2456.82 v _23133_/Y (OA21x2_ASAP7_75t_R)
  51.47 2508.29 v _23139_/Y (OR3x1_ASAP7_75t_R)
  46.28 2554.57 v _23146_/Y (OR3x1_ASAP7_75t_R)
  26.22 2580.79 v _23149_/Y (AND3x1_ASAP7_75t_R)
  47.46 2628.25 ^ _23150_/Y (XOR2x2_ASAP7_75t_R)
   0.00 2628.25 ^ Datapath_i.fu_run_benchmark_38252_38805.Datapath_i.reg_28.reg_out1[38]$_DFF_P_/D (DFFHQNx1_ASAP7_75t_R)
        2628.25   data arrival time
---------------------------------------------------------
(Path is unconstrained)


Startpoint: Datapath_i.fu_run_benchmark_38252_38805.Datapath_i.reg_20.reg_out1[3]$_DFF_P_
            (rising edge-triggered flip-flop)
Endpoint: Datapath_i.fu_run_benchmark_38252_38805.Datapath_i.reg_28.reg_out1[39]$_DFF_P_
          (rising edge-triggered flip-flop)
Path Group: unconstrained
Path Type: max
Corner: slow

  Delay    Time   Description
---------------------------------------------------------
   0.00    0.00 ^ Datapath_i.fu_run_benchmark_38252_38805.Datapath_i.reg_20.reg_out1[3]$_DFF_P_/CLK (DFFHQNx1_ASAP7_75t_R)
 531.71  531.71 ^ Datapath_i.fu_run_benchmark_38252_38805.Datapath_i.reg_20.reg_out1[3]$_DFF_P_/QN (DFFHQNx1_ASAP7_75t_R)
 140.41  672.11 v _15016_/Y (NOR2x1_ASAP7_75t_R)
  89.42  761.53 ^ _24091_/CON (FAx1_ASAP7_75t_R)
  46.13  807.67 v _24091_/SN (FAx1_ASAP7_75t_R)
  63.69  871.36 ^ _24092_/CON (FAx1_ASAP7_75t_R)
  42.20  913.55 v _24092_/SN (FAx1_ASAP7_75t_R)
  60.95  974.50 ^ _24093_/CON (FAx1_ASAP7_75t_R)
  31.41 1005.91 v _24093_/SN (FAx1_ASAP7_75t_R)
  30.77 1036.68 ^ _20915_/Y (INVx1_ASAP7_75t_R)
  62.13 1098.81 v _24094_/SN (FAx1_ASAP7_75t_R)
  20.07 1118.88 ^ _20913_/Y (INVx1_ASAP7_75t_R)
  31.26 1150.14 v _26456_/CON (HAxp5_ASAP7_75t_R)
  22.10 1172.24 ^ _26456_/SN (HAxp5_ASAP7_75t_R)
  17.52 1189.76 v _21588_/Y (INVx1_ASAP7_75t_R)
  34.56 1224.33 ^ _26457_/CON (HAxp5_ASAP7_75t_R)
  32.79 1257.12 v _26457_/SN (HAxp5_ASAP7_75t_R)
  80.89 1338.01 ^ _24095_/SN (FAx1_ASAP7_75t_R)
  41.55 1379.56 v _24096_/CON (FAx1_ASAP7_75t_R)
  27.98 1407.54 ^ _24096_/SN (FAx1_ASAP7_75t_R)
  22.17 1429.71 v _20908_/Y (INVx1_ASAP7_75t_R)
  77.45 1507.15 v _26458_/SN (HAxp5_ASAP7_75t_R)
  43.78 1550.93 v _23061_/Y (OA21x2_ASAP7_75t_R)
  38.65 1589.58 v _23062_/Y (OA21x2_ASAP7_75t_R)
  36.57 1626.15 v _23067_/Y (OA21x2_ASAP7_75t_R)
  38.65 1664.80 v _23068_/Y (OA21x2_ASAP7_75t_R)
  36.57 1701.37 v _23073_/Y (OA21x2_ASAP7_75t_R)
  38.65 1740.03 v _23074_/Y (OA21x2_ASAP7_75t_R)
  36.57 1776.59 v _23079_/Y (OA21x2_ASAP7_75t_R)
  38.66 1815.25 v _23080_/Y (OA21x2_ASAP7_75t_R)
  36.57 1851.82 v _23085_/Y (OA21x2_ASAP7_75t_R)
  38.65 1890.47 v _23086_/Y (OA21x2_ASAP7_75t_R)
  36.57 1927.04 v _23092_/Y (OA21x2_ASAP7_75t_R)
  38.66 1965.69 v _23093_/Y (OA21x2_ASAP7_75t_R)
  36.57 2002.26 v _23098_/Y (OA21x2_ASAP7_75t_R)
  38.66 2040.92 v _23099_/Y (OA21x2_ASAP7_75t_R)
  36.57 2077.49 v _23104_/Y (OA21x2_ASAP7_75t_R)
  38.66 2116.14 v _23105_/Y (OA21x2_ASAP7_75t_R)
  36.57 2152.71 v _23110_/Y (OA21x2_ASAP7_75t_R)
  38.66 2191.36 v _23111_/Y (OA21x2_ASAP7_75t_R)
  36.57 2227.93 v _23116_/Y (OA21x2_ASAP7_75t_R)
  38.66 2266.59 v _23117_/Y (OA21x2_ASAP7_75t_R)
  36.57 2303.16 v _23123_/Y (OA21x2_ASAP7_75t_R)
  38.66 2341.81 v _23124_/Y (OA21x2_ASAP7_75t_R)
  36.57 2378.38 v _23129_/Y (OA21x2_ASAP7_75t_R)
  38.66 2417.03 v _23130_/Y (OA21x2_ASAP7_75t_R)
  36.57 2453.60 v _23135_/Y (OA21x2_ASAP7_75t_R)
  38.54 2492.14 v _23136_/Y (OA21x2_ASAP7_75t_R)
  51.49 2543.63 v _23143_/Y (OR3x1_ASAP7_75t_R)
  39.72 2583.36 v _23154_/Y (OA21x2_ASAP7_75t_R)
  42.85 2626.21 ^ _23232_/Y (XNOR2x2_ASAP7_75t_R)
   0.00 2626.21 ^ Datapath_i.fu_run_benchmark_38252_38805.Datapath_i.reg_28.reg_out1[39]$_DFF_P_/D (DFFHQNx1_ASAP7_75t_R)
        2626.21   data arrival time
---------------------------------------------------------
(Path is unconstrained)


Startpoint: Datapath_i.fu_run_benchmark_38252_38805.Datapath_i.reg_19.reg_out1[0]$_DFF_P_
            (rising edge-triggered flip-flop)
Endpoint: Datapath_i.fu_run_benchmark_38252_38805.Datapath_i.reg_23.reg_out1[37]$_DFFE_PP_
          (rising edge-triggered flip-flop)
Path Group: unconstrained
Path Type: max
Corner: slow

  Delay    Time   Description
---------------------------------------------------------
   0.00    0.00 ^ Datapath_i.fu_run_benchmark_38252_38805.Datapath_i.reg_19.reg_out1[0]$_DFF_P_/CLK (DFFHQNx1_ASAP7_75t_R)
 529.14  529.14 ^ Datapath_i.fu_run_benchmark_38252_38805.Datapath_i.reg_19.reg_out1[0]$_DFF_P_/QN (DFFHQNx1_ASAP7_75t_R)
 135.07  664.21 v _15856_/Y (NOR2x1_ASAP7_75t_R)
 123.13  787.34 v _24723_/SN (FAx1_ASAP7_75t_R)
  98.00  885.35 v _24724_/SN (FAx1_ASAP7_75t_R)
  44.92  930.27 ^ _24725_/CON (FAx1_ASAP7_75t_R)
  27.48  957.75 v _24725_/SN (FAx1_ASAP7_75t_R)
  22.44  980.18 ^ _21628_/Y (INVx1_ASAP7_75t_R)
  22.30 1002.49 v _26638_/CON (HAxp5_ASAP7_75t_R)
  18.42 1020.91 ^ _26638_/SN (HAxp5_ASAP7_75t_R)
  17.26 1038.17 v _21668_/Y (INVx1_ASAP7_75t_R)
  42.25 1080.43 v _26639_/SN (HAxp5_ASAP7_75t_R)
  21.34 1101.77 ^ _21655_/Y (INVx1_ASAP7_75t_R)
  57.83 1159.60 v _24726_/SN (FAx1_ASAP7_75t_R)
  19.85 1179.45 ^ _21640_/Y (INVx1_ASAP7_75t_R)
  32.59 1212.04 v _26642_/CON (HAxp5_ASAP7_75t_R)
  30.67 1242.71 ^ _26642_/SN (HAxp5_ASAP7_75t_R)
  73.82 1316.53 v _24727_/SN (FAx1_ASAP7_75t_R)
  87.61 1404.14 v _26643_/SN (HAxp5_ASAP7_75t_R)
  44.04 1448.18 v _18549_/Y (OA21x2_ASAP7_75t_R)
  38.67 1486.84 v _18550_/Y (OA21x2_ASAP7_75t_R)
  36.57 1523.41 v _18561_/Y (OA21x2_ASAP7_75t_R)
  38.65 1562.06 v _18562_/Y (OA21x2_ASAP7_75t_R)
  36.57 1598.63 v _18571_/Y (OA21x2_ASAP7_75t_R)
  38.65 1637.28 v _18572_/Y (OA21x2_ASAP7_75t_R)
  36.57 1673.85 v _18581_/Y (OA21x2_ASAP7_75t_R)
  38.65 1712.50 v _18582_/Y (OA21x2_ASAP7_75t_R)
  36.57 1749.07 v _18591_/Y (OA21x2_ASAP7_75t_R)
  38.65 1787.72 v _18592_/Y (OA21x2_ASAP7_75t_R)
  36.57 1824.29 v _18601_/Y (OA21x2_ASAP7_75t_R)
  38.65 1862.94 v _18602_/Y (OA21x2_ASAP7_75t_R)
  36.57 1899.51 v _18613_/Y (OA21x2_ASAP7_75t_R)
  38.65 1938.16 v _18614_/Y (OA21x2_ASAP7_75t_R)
  36.57 1974.73 v _18623_/Y (OA21x2_ASAP7_75t_R)
  38.65 2013.38 v _18624_/Y (OA21x2_ASAP7_75t_R)
  36.57 2049.95 v _18633_/Y (OA21x2_ASAP7_75t_R)
  38.65 2088.60 v _18634_/Y (OA21x2_ASAP7_75t_R)
  36.57 2125.17 v _18643_/Y (OA21x2_ASAP7_75t_R)
  38.65 2163.82 v _18644_/Y (OA21x2_ASAP7_75t_R)
  36.57 2200.39 v _18653_/Y (OA21x2_ASAP7_75t_R)
  38.65 2239.04 v _18654_/Y (OA21x2_ASAP7_75t_R)
  36.57 2275.61 v _18665_/Y (OA21x2_ASAP7_75t_R)
  38.65 2314.26 v _18666_/Y (OA21x2_ASAP7_75t_R)
  36.57 2350.83 v _18675_/Y (OA21x2_ASAP7_75t_R)
  38.65 2389.48 v _18676_/Y (OA21x2_ASAP7_75t_R)
  36.57 2426.05 v _18685_/Y (OA21x2_ASAP7_75t_R)
  40.27 2466.32 v _18686_/Y (OA21x2_ASAP7_75t_R)
  48.00 2514.33 v _18696_/Y (OR3x1_ASAP7_75t_R)
  19.15 2533.48 ^ _18697_/Y (NAND2x1_ASAP7_75t_R)
  55.53 2589.01 v _18698_/Y (XNOR2x2_ASAP7_75t_R)
  30.92 2619.93 v _18700_/Y (AO21x1_ASAP7_75t_R)
   0.00 2619.93 v Datapath_i.fu_run_benchmark_38252_38805.Datapath_i.reg_23.reg_out1[37]$_DFFE_PP_/D (DFFHQNx1_ASAP7_75t_R)
        2619.93   data arrival time
---------------------------------------------------------
(Path is unconstrained)


Startpoint: Datapath_i.fu_run_benchmark_38252_38805.Datapath_i.reg_19.reg_out1[0]$_DFF_P_
            (rising edge-triggered flip-flop)
Endpoint: Datapath_i.fu_run_benchmark_38252_38805.Datapath_i.reg_23.reg_out1[38]$_DFFE_PP_
          (rising edge-triggered flip-flop)
Path Group: unconstrained
Path Type: max
Corner: slow

  Delay    Time   Description
---------------------------------------------------------
   0.00    0.00 ^ Datapath_i.fu_run_benchmark_38252_38805.Datapath_i.reg_19.reg_out1[0]$_DFF_P_/CLK (DFFHQNx1_ASAP7_75t_R)
 529.14  529.14 ^ Datapath_i.fu_run_benchmark_38252_38805.Datapath_i.reg_19.reg_out1[0]$_DFF_P_/QN (DFFHQNx1_ASAP7_75t_R)
 135.07  664.21 v _15856_/Y (NOR2x1_ASAP7_75t_R)
 123.13  787.34 v _24723_/SN (FAx1_ASAP7_75t_R)
  98.00  885.35 v _24724_/SN (FAx1_ASAP7_75t_R)
  44.92  930.27 ^ _24725_/CON (FAx1_ASAP7_75t_R)
  27.48  957.75 v _24725_/SN (FAx1_ASAP7_75t_R)
  22.44  980.18 ^ _21628_/Y (INVx1_ASAP7_75t_R)
  22.30 1002.49 v _26638_/CON (HAxp5_ASAP7_75t_R)
  18.42 1020.91 ^ _26638_/SN (HAxp5_ASAP7_75t_R)
  17.26 1038.17 v _21668_/Y (INVx1_ASAP7_75t_R)
  42.25 1080.43 v _26639_/SN (HAxp5_ASAP7_75t_R)
  21.34 1101.77 ^ _21655_/Y (INVx1_ASAP7_75t_R)
  57.83 1159.60 v _24726_/SN (FAx1_ASAP7_75t_R)
  19.85 1179.45 ^ _21640_/Y (INVx1_ASAP7_75t_R)
  32.59 1212.04 v _26642_/CON (HAxp5_ASAP7_75t_R)
  30.67 1242.71 ^ _26642_/SN (HAxp5_ASAP7_75t_R)
  73.82 1316.53 v _24727_/SN (FAx1_ASAP7_75t_R)
  87.61 1404.14 v _26643_/SN (HAxp5_ASAP7_75t_R)
  47.37 1451.51 v _18544_/Y (OA21x2_ASAP7_75t_R)
  36.58 1488.09 v _18554_/Y (OA21x2_ASAP7_75t_R)
  38.65 1526.75 v _18555_/Y (OA21x2_ASAP7_75t_R)
  36.57 1563.31 v _18566_/Y (OA21x2_ASAP7_75t_R)
  38.65 1601.97 v _18567_/Y (OA21x2_ASAP7_75t_R)
  36.57 1638.53 v _18576_/Y (OA21x2_ASAP7_75t_R)
  38.65 1677.19 v _18577_/Y (OA21x2_ASAP7_75t_R)
  36.56 1713.75 v _18586_/Y (OA21x2_ASAP7_75t_R)
  38.65 1752.40 v _18587_/Y (OA21x2_ASAP7_75t_R)
  36.57 1788.97 v _18596_/Y (OA21x2_ASAP7_75t_R)
  38.65 1827.63 v _18597_/Y (OA21x2_ASAP7_75t_R)
  36.57 1864.19 v _18606_/Y (OA21x2_ASAP7_75t_R)
  38.65 1902.85 v _18607_/Y (OA21x2_ASAP7_75t_R)
  36.57 1939.41 v _18618_/Y (OA21x2_ASAP7_75t_R)
  38.65 1978.07 v _18619_/Y (OA21x2_ASAP7_75t_R)
  36.57 2014.63 v _18628_/Y (OA21x2_ASAP7_75t_R)
  38.65 2053.29 v _18629_/Y (OA21x2_ASAP7_75t_R)
  36.57 2089.85 v _18638_/Y (OA21x2_ASAP7_75t_R)
  38.65 2128.51 v _18639_/Y (OA21x2_ASAP7_75t_R)
  36.57 2165.07 v _18648_/Y (OA21x2_ASAP7_75t_R)
  38.65 2203.73 v _18649_/Y (OA21x2_ASAP7_75t_R)
  36.57 2240.29 v _18658_/Y (OA21x2_ASAP7_75t_R)
  38.65 2278.95 v _18659_/Y (OA21x2_ASAP7_75t_R)
  36.57 2315.51 v _18670_/Y (OA21x2_ASAP7_75t_R)
  38.65 2354.17 v _18671_/Y (OA21x2_ASAP7_75t_R)
  36.57 2390.73 v _18680_/Y (OA21x2_ASAP7_75t_R)
  38.65 2429.38 v _18681_/Y (OA21x2_ASAP7_75t_R)
  36.57 2465.95 v _18690_/Y (OA21x2_ASAP7_75t_R)
  38.55 2504.50 v _18691_/Y (OA21x2_ASAP7_75t_R)
  37.63 2542.13 v _18703_/Y (OA21x2_ASAP7_75t_R)
  49.97 2592.10 ^ _18704_/Y (XOR2x2_ASAP7_75t_R)
  27.37 2619.47 ^ _18706_/Y (AO21x1_ASAP7_75t_R)
   0.00 2619.47 ^ Datapath_i.fu_run_benchmark_38252_38805.Datapath_i.reg_23.reg_out1[38]$_DFFE_PP_/D (DFFHQNx1_ASAP7_75t_R)
        2619.47   data arrival time
---------------------------------------------------------
(Path is unconstrained)


Startpoint: Datapath_i.fu_run_benchmark_38252_38805.Datapath_i.reg_20.reg_out1[3]$_DFF_P_
            (rising edge-triggered flip-flop)
Endpoint: Datapath_i.fu_run_benchmark_38252_38805.Datapath_i.reg_28.reg_out1[37]$_DFF_P_
          (rising edge-triggered flip-flop)
Path Group: unconstrained
Path Type: max
Corner: slow

  Delay    Time   Description
---------------------------------------------------------
   0.00    0.00 ^ Datapath_i.fu_run_benchmark_38252_38805.Datapath_i.reg_20.reg_out1[3]$_DFF_P_/CLK (DFFHQNx1_ASAP7_75t_R)
 531.71  531.71 ^ Datapath_i.fu_run_benchmark_38252_38805.Datapath_i.reg_20.reg_out1[3]$_DFF_P_/QN (DFFHQNx1_ASAP7_75t_R)
 140.41  672.11 v _15016_/Y (NOR2x1_ASAP7_75t_R)
  89.42  761.53 ^ _24091_/CON (FAx1_ASAP7_75t_R)
  46.13  807.67 v _24091_/SN (FAx1_ASAP7_75t_R)
  63.69  871.36 ^ _24092_/CON (FAx1_ASAP7_75t_R)
  42.20  913.55 v _24092_/SN (FAx1_ASAP7_75t_R)
  60.95  974.50 ^ _24093_/CON (FAx1_ASAP7_75t_R)
  31.41 1005.91 v _24093_/SN (FAx1_ASAP7_75t_R)
  30.77 1036.68 ^ _20915_/Y (INVx1_ASAP7_75t_R)
  62.13 1098.81 v _24094_/SN (FAx1_ASAP7_75t_R)
  20.07 1118.88 ^ _20913_/Y (INVx1_ASAP7_75t_R)
  31.26 1150.14 v _26456_/CON (HAxp5_ASAP7_75t_R)
  22.10 1172.24 ^ _26456_/SN (HAxp5_ASAP7_75t_R)
  17.52 1189.76 v _21588_/Y (INVx1_ASAP7_75t_R)
  34.56 1224.33 ^ _26457_/CON (HAxp5_ASAP7_75t_R)
  32.79 1257.12 v _26457_/SN (HAxp5_ASAP7_75t_R)
  80.89 1338.01 ^ _24095_/SN (FAx1_ASAP7_75t_R)
  41.55 1379.56 v _24096_/CON (FAx1_ASAP7_75t_R)
  27.98 1407.54 ^ _24096_/SN (FAx1_ASAP7_75t_R)
  22.17 1429.71 v _20908_/Y (INVx1_ASAP7_75t_R)
  77.45 1507.15 v _26458_/SN (HAxp5_ASAP7_75t_R)
  43.78 1550.93 v _23061_/Y (OA21x2_ASAP7_75t_R)
  38.65 1589.58 v _23062_/Y (OA21x2_ASAP7_75t_R)
  36.57 1626.15 v _23067_/Y (OA21x2_ASAP7_75t_R)
  38.65 1664.80 v _23068_/Y (OA21x2_ASAP7_75t_R)
  36.57 1701.37 v _23073_/Y (OA21x2_ASAP7_75t_R)
  38.65 1740.03 v _23074_/Y (OA21x2_ASAP7_75t_R)
  36.57 1776.59 v _23079_/Y (OA21x2_ASAP7_75t_R)
  38.66 1815.25 v _23080_/Y (OA21x2_ASAP7_75t_R)
  36.57 1851.82 v _23085_/Y (OA21x2_ASAP7_75t_R)
  38.65 1890.47 v _23086_/Y (OA21x2_ASAP7_75t_R)
  36.57 1927.04 v _23092_/Y (OA21x2_ASAP7_75t_R)
  38.66 1965.69 v _23093_/Y (OA21x2_ASAP7_75t_R)
  36.57 2002.26 v _23098_/Y (OA21x2_ASAP7_75t_R)
  38.66 2040.92 v _23099_/Y (OA21x2_ASAP7_75t_R)
  36.57 2077.49 v _23104_/Y (OA21x2_ASAP7_75t_R)
  38.66 2116.14 v _23105_/Y (OA21x2_ASAP7_75t_R)
  36.57 2152.71 v _23110_/Y (OA21x2_ASAP7_75t_R)
  38.66 2191.36 v _23111_/Y (OA21x2_ASAP7_75t_R)
  36.57 2227.93 v _23116_/Y (OA21x2_ASAP7_75t_R)
  38.66 2266.59 v _23117_/Y (OA21x2_ASAP7_75t_R)
  36.57 2303.16 v _23123_/Y (OA21x2_ASAP7_75t_R)
  38.66 2341.81 v _23124_/Y (OA21x2_ASAP7_75t_R)
  36.57 2378.38 v _23129_/Y (OA21x2_ASAP7_75t_R)
  38.66 2417.03 v _23130_/Y (OA21x2_ASAP7_75t_R)
  36.57 2453.60 v _23135_/Y (OA21x2_ASAP7_75t_R)
  38.54 2492.14 v _23136_/Y (OA21x2_ASAP7_75t_R)
  51.49 2543.63 v _23143_/Y (OR3x1_ASAP7_75t_R)
  20.70 2564.33 ^ _23144_/Y (NAND2x1_ASAP7_75t_R)
  53.49 2617.83 v _23145_/Y (XNOR2x2_ASAP7_75t_R)
   0.00 2617.83 v Datapath_i.fu_run_benchmark_38252_38805.Datapath_i.reg_28.reg_out1[37]$_DFF_P_/D (DFFHQNx1_ASAP7_75t_R)
        2617.83   data arrival time
---------------------------------------------------------
(Path is unconstrained)


Startpoint: Datapath_i.fu_run_benchmark_38252_38805.Datapath_i.reg_19.reg_out1[0]$_DFF_P_
            (rising edge-triggered flip-flop)
Endpoint: Datapath_i.fu_run_benchmark_38252_38805.Datapath_i.reg_26.reg_out1[39]$_DFF_P_
          (rising edge-triggered flip-flop)
Path Group: unconstrained
Path Type: max
Corner: slow

  Delay    Time   Description
---------------------------------------------------------
   0.00    0.00 ^ Datapath_i.fu_run_benchmark_38252_38805.Datapath_i.reg_19.reg_out1[0]$_DFF_P_/CLK (DFFHQNx1_ASAP7_75t_R)
 529.14  529.14 ^ Datapath_i.fu_run_benchmark_38252_38805.Datapath_i.reg_19.reg_out1[0]$_DFF_P_/QN (DFFHQNx1_ASAP7_75t_R)
 135.07  664.21 v _15856_/Y (NOR2x1_ASAP7_75t_R)
 123.13  787.34 v _24723_/SN (FAx1_ASAP7_75t_R)
  98.00  885.35 v _24724_/SN (FAx1_ASAP7_75t_R)
  44.92  930.27 ^ _24725_/CON (FAx1_ASAP7_75t_R)
  27.48  957.75 v _24725_/SN (FAx1_ASAP7_75t_R)
  22.44  980.18 ^ _21628_/Y (INVx1_ASAP7_75t_R)
  22.30 1002.49 v _26638_/CON (HAxp5_ASAP7_75t_R)
  18.42 1020.91 ^ _26638_/SN (HAxp5_ASAP7_75t_R)
  17.26 1038.17 v _21668_/Y (INVx1_ASAP7_75t_R)
  42.25 1080.43 v _26639_/SN (HAxp5_ASAP7_75t_R)
  21.34 1101.77 ^ _21655_/Y (INVx1_ASAP7_75t_R)
  57.83 1159.60 v _24726_/SN (FAx1_ASAP7_75t_R)
  19.85 1179.45 ^ _21640_/Y (INVx1_ASAP7_75t_R)
  32.59 1212.04 v _26642_/CON (HAxp5_ASAP7_75t_R)
  30.67 1242.71 ^ _26642_/SN (HAxp5_ASAP7_75t_R)
  73.82 1316.53 v _24727_/SN (FAx1_ASAP7_75t_R)
  87.61 1404.14 v _26643_/SN (HAxp5_ASAP7_75t_R)
  44.04 1448.18 v _18549_/Y (OA21x2_ASAP7_75t_R)
  38.67 1486.84 v _18550_/Y (OA21x2_ASAP7_75t_R)
  36.57 1523.41 v _18561_/Y (OA21x2_ASAP7_75t_R)
  38.65 1562.06 v _18562_/Y (OA21x2_ASAP7_75t_R)
  36.57 1598.63 v _18571_/Y (OA21x2_ASAP7_75t_R)
  38.65 1637.28 v _18572_/Y (OA21x2_ASAP7_75t_R)
  36.57 1673.85 v _18581_/Y (OA21x2_ASAP7_75t_R)
  38.65 1712.50 v _18582_/Y (OA21x2_ASAP7_75t_R)
  36.57 1749.07 v _18591_/Y (OA21x2_ASAP7_75t_R)
  38.65 1787.72 v _18592_/Y (OA21x2_ASAP7_75t_R)
  36.57 1824.29 v _18601_/Y (OA21x2_ASAP7_75t_R)
  38.65 1862.94 v _18602_/Y (OA21x2_ASAP7_75t_R)
  36.57 1899.51 v _18613_/Y (OA21x2_ASAP7_75t_R)
  38.65 1938.16 v _18614_/Y (OA21x2_ASAP7_75t_R)
  36.57 1974.73 v _18623_/Y (OA21x2_ASAP7_75t_R)
  38.65 2013.38 v _18624_/Y (OA21x2_ASAP7_75t_R)
  36.57 2049.95 v _18633_/Y (OA21x2_ASAP7_75t_R)
  38.65 2088.60 v _18634_/Y (OA21x2_ASAP7_75t_R)
  36.57 2125.17 v _18643_/Y (OA21x2_ASAP7_75t_R)
  38.65 2163.82 v _18644_/Y (OA21x2_ASAP7_75t_R)
  36.57 2200.39 v _18653_/Y (OA21x2_ASAP7_75t_R)
  38.65 2239.04 v _18654_/Y (OA21x2_ASAP7_75t_R)
  36.57 2275.61 v _18665_/Y (OA21x2_ASAP7_75t_R)
  38.65 2314.26 v _18666_/Y (OA21x2_ASAP7_75t_R)
  36.57 2350.83 v _18675_/Y (OA21x2_ASAP7_75t_R)
  38.65 2389.48 v _18676_/Y (OA21x2_ASAP7_75t_R)
  36.57 2426.05 v _18685_/Y (OA21x2_ASAP7_75t_R)
  40.27 2466.32 v _18686_/Y (OA21x2_ASAP7_75t_R)
  71.64 2537.96 v _18708_/Y (OR5x1_ASAP7_75t_R)
  30.42 2568.38 v _18710_/Y (AND4x1_ASAP7_75t_R)
  44.69 2613.07 ^ _18790_/Y (XNOR2x2_ASAP7_75t_R)
   0.00 2613.07 ^ Datapath_i.fu_run_benchmark_38252_38805.Datapath_i.reg_26.reg_out1[39]$_DFF_P_/D (DFFHQNx1_ASAP7_75t_R)
        2613.07   data arrival time
---------------------------------------------------------
(Path is unconstrained)


Startpoint: Datapath_i.fu_run_benchmark_38252_38805.Datapath_i.reg_19.reg_out1[0]$_DFF_P_
            (rising edge-triggered flip-flop)
Endpoint: Datapath_i.fu_run_benchmark_38252_38805.Datapath_i.reg_26.reg_out1[38]$_DFF_P_
          (rising edge-triggered flip-flop)
Path Group: unconstrained
Path Type: max
Corner: slow

  Delay    Time   Description
---------------------------------------------------------
   0.00    0.00 ^ Datapath_i.fu_run_benchmark_38252_38805.Datapath_i.reg_19.reg_out1[0]$_DFF_P_/CLK (DFFHQNx1_ASAP7_75t_R)
 529.14  529.14 ^ Datapath_i.fu_run_benchmark_38252_38805.Datapath_i.reg_19.reg_out1[0]$_DFF_P_/QN (DFFHQNx1_ASAP7_75t_R)
 135.07  664.21 v _15856_/Y (NOR2x1_ASAP7_75t_R)
 123.13  787.34 v _24723_/SN (FAx1_ASAP7_75t_R)
  98.00  885.35 v _24724_/SN (FAx1_ASAP7_75t_R)
  44.92  930.27 ^ _24725_/CON (FAx1_ASAP7_75t_R)
  27.48  957.75 v _24725_/SN (FAx1_ASAP7_75t_R)
  22.44  980.18 ^ _21628_/Y (INVx1_ASAP7_75t_R)
  22.30 1002.49 v _26638_/CON (HAxp5_ASAP7_75t_R)
  18.42 1020.91 ^ _26638_/SN (HAxp5_ASAP7_75t_R)
  17.26 1038.17 v _21668_/Y (INVx1_ASAP7_75t_R)
  42.25 1080.43 v _26639_/SN (HAxp5_ASAP7_75t_R)
  21.34 1101.77 ^ _21655_/Y (INVx1_ASAP7_75t_R)
  57.83 1159.60 v _24726_/SN (FAx1_ASAP7_75t_R)
  19.85 1179.45 ^ _21640_/Y (INVx1_ASAP7_75t_R)
  32.59 1212.04 v _26642_/CON (HAxp5_ASAP7_75t_R)
  30.67 1242.71 ^ _26642_/SN (HAxp5_ASAP7_75t_R)
  73.82 1316.53 v _24727_/SN (FAx1_ASAP7_75t_R)
  87.61 1404.14 v _26643_/SN (HAxp5_ASAP7_75t_R)
  47.37 1451.51 v _18544_/Y (OA21x2_ASAP7_75t_R)
  36.58 1488.09 v _18554_/Y (OA21x2_ASAP7_75t_R)
  38.65 1526.75 v _18555_/Y (OA21x2_ASAP7_75t_R)
  36.57 1563.31 v _18566_/Y (OA21x2_ASAP7_75t_R)
  38.65 1601.97 v _18567_/Y (OA21x2_ASAP7_75t_R)
  36.57 1638.53 v _18576_/Y (OA21x2_ASAP7_75t_R)
  38.65 1677.19 v _18577_/Y (OA21x2_ASAP7_75t_R)
  36.56 1713.75 v _18586_/Y (OA21x2_ASAP7_75t_R)
  38.65 1752.40 v _18587_/Y (OA21x2_ASAP7_75t_R)
  36.57 1788.97 v _18596_/Y (OA21x2_ASAP7_75t_R)
  38.65 1827.63 v _18597_/Y (OA21x2_ASAP7_75t_R)
  36.57 1864.19 v _18606_/Y (OA21x2_ASAP7_75t_R)
  38.65 1902.85 v _18607_/Y (OA21x2_ASAP7_75t_R)
  36.57 1939.41 v _18618_/Y (OA21x2_ASAP7_75t_R)
  38.65 1978.07 v _18619_/Y (OA21x2_ASAP7_75t_R)
  36.57 2014.63 v _18628_/Y (OA21x2_ASAP7_75t_R)
  38.65 2053.29 v _18629_/Y (OA21x2_ASAP7_75t_R)
  36.57 2089.85 v _18638_/Y (OA21x2_ASAP7_75t_R)
  38.65 2128.51 v _18639_/Y (OA21x2_ASAP7_75t_R)
  36.57 2165.07 v _18648_/Y (OA21x2_ASAP7_75t_R)
  38.65 2203.73 v _18649_/Y (OA21x2_ASAP7_75t_R)
  36.57 2240.29 v _18658_/Y (OA21x2_ASAP7_75t_R)
  38.65 2278.95 v _18659_/Y (OA21x2_ASAP7_75t_R)
  36.57 2315.51 v _18670_/Y (OA21x2_ASAP7_75t_R)
  38.65 2354.17 v _18671_/Y (OA21x2_ASAP7_75t_R)
  36.57 2390.73 v _18680_/Y (OA21x2_ASAP7_75t_R)
  38.65 2429.38 v _18681_/Y (OA21x2_ASAP7_75t_R)
  36.57 2465.95 v _18690_/Y (OA21x2_ASAP7_75t_R)
  38.55 2504.50 v _18691_/Y (OA21x2_ASAP7_75t_R)
  37.63 2542.13 v _18703_/Y (OA21x2_ASAP7_75t_R)
  49.97 2592.10 ^ _18704_/Y (XOR2x2_ASAP7_75t_R)
   0.00 2592.10 ^ Datapath_i.fu_run_benchmark_38252_38805.Datapath_i.reg_26.reg_out1[38]$_DFF_P_/D (DFFHQNx1_ASAP7_75t_R)
        2592.10   data arrival time
---------------------------------------------------------
(Path is unconstrained)


Startpoint: Datapath_i.fu_run_benchmark_38252_38805.Datapath_i.reg_19.reg_out1[0]$_DFF_P_
            (rising edge-triggered flip-flop)
Endpoint: Datapath_i.fu_run_benchmark_38252_38805.Datapath_i.reg_26.reg_out1[37]$_DFF_P_
          (rising edge-triggered flip-flop)
Path Group: unconstrained
Path Type: max
Corner: slow

  Delay    Time   Description
---------------------------------------------------------
   0.00    0.00 ^ Datapath_i.fu_run_benchmark_38252_38805.Datapath_i.reg_19.reg_out1[0]$_DFF_P_/CLK (DFFHQNx1_ASAP7_75t_R)
 529.14  529.14 ^ Datapath_i.fu_run_benchmark_38252_38805.Datapath_i.reg_19.reg_out1[0]$_DFF_P_/QN (DFFHQNx1_ASAP7_75t_R)
 135.07  664.21 v _15856_/Y (NOR2x1_ASAP7_75t_R)
 123.13  787.34 v _24723_/SN (FAx1_ASAP7_75t_R)
  98.00  885.35 v _24724_/SN (FAx1_ASAP7_75t_R)
  44.92  930.27 ^ _24725_/CON (FAx1_ASAP7_75t_R)
  27.48  957.75 v _24725_/SN (FAx1_ASAP7_75t_R)
  22.44  980.18 ^ _21628_/Y (INVx1_ASAP7_75t_R)
  22.30 1002.49 v _26638_/CON (HAxp5_ASAP7_75t_R)
  18.42 1020.91 ^ _26638_/SN (HAxp5_ASAP7_75t_R)
  17.26 1038.17 v _21668_/Y (INVx1_ASAP7_75t_R)
  42.25 1080.43 v _26639_/SN (HAxp5_ASAP7_75t_R)
  21.34 1101.77 ^ _21655_/Y (INVx1_ASAP7_75t_R)
  57.83 1159.60 v _24726_/SN (FAx1_ASAP7_75t_R)
  19.85 1179.45 ^ _21640_/Y (INVx1_ASAP7_75t_R)
  32.59 1212.04 v _26642_/CON (HAxp5_ASAP7_75t_R)
  30.67 1242.71 ^ _26642_/SN (HAxp5_ASAP7_75t_R)
  73.82 1316.53 v _24727_/SN (FAx1_ASAP7_75t_R)
  87.61 1404.14 v _26643_/SN (HAxp5_ASAP7_75t_R)
  44.04 1448.18 v _18549_/Y (OA21x2_ASAP7_75t_R)
  38.67 1486.84 v _18550_/Y (OA21x2_ASAP7_75t_R)
  36.57 1523.41 v _18561_/Y (OA21x2_ASAP7_75t_R)
  38.65 1562.06 v _18562_/Y (OA21x2_ASAP7_75t_R)
  36.57 1598.63 v _18571_/Y (OA21x2_ASAP7_75t_R)
  38.65 1637.28 v _18572_/Y (OA21x2_ASAP7_75t_R)
  36.57 1673.85 v _18581_/Y (OA21x2_ASAP7_75t_R)
  38.65 1712.50 v _18582_/Y (OA21x2_ASAP7_75t_R)
  36.57 1749.07 v _18591_/Y (OA21x2_ASAP7_75t_R)
  38.65 1787.72 v _18592_/Y (OA21x2_ASAP7_75t_R)
  36.57 1824.29 v _18601_/Y (OA21x2_ASAP7_75t_R)
  38.65 1862.94 v _18602_/Y (OA21x2_ASAP7_75t_R)
  36.57 1899.51 v _18613_/Y (OA21x2_ASAP7_75t_R)
  38.65 1938.16 v _18614_/Y (OA21x2_ASAP7_75t_R)
  36.57 1974.73 v _18623_/Y (OA21x2_ASAP7_75t_R)
  38.65 2013.38 v _18624_/Y (OA21x2_ASAP7_75t_R)
  36.57 2049.95 v _18633_/Y (OA21x2_ASAP7_75t_R)
  38.65 2088.60 v _18634_/Y (OA21x2_ASAP7_75t_R)
  36.57 2125.17 v _18643_/Y (OA21x2_ASAP7_75t_R)
  38.65 2163.82 v _18644_/Y (OA21x2_ASAP7_75t_R)
  36.57 2200.39 v _18653_/Y (OA21x2_ASAP7_75t_R)
  38.65 2239.04 v _18654_/Y (OA21x2_ASAP7_75t_R)
  36.57 2275.61 v _18665_/Y (OA21x2_ASAP7_75t_R)
  38.65 2314.26 v _18666_/Y (OA21x2_ASAP7_75t_R)
  36.57 2350.83 v _18675_/Y (OA21x2_ASAP7_75t_R)
  38.65 2389.48 v _18676_/Y (OA21x2_ASAP7_75t_R)
  36.57 2426.05 v _18685_/Y (OA21x2_ASAP7_75t_R)
  40.27 2466.32 v _18686_/Y (OA21x2_ASAP7_75t_R)
  48.00 2514.33 v _18696_/Y (OR3x1_ASAP7_75t_R)
  19.15 2533.48 ^ _18697_/Y (NAND2x1_ASAP7_75t_R)
  55.53 2589.01 v _18698_/Y (XNOR2x2_ASAP7_75t_R)
   0.00 2589.01 v Datapath_i.fu_run_benchmark_38252_38805.Datapath_i.reg_26.reg_out1[37]$_DFF_P_/D (DFFHQNx1_ASAP7_75t_R)
        2589.01   data arrival time
---------------------------------------------------------
(Path is unconstrained)


Startpoint: Datapath_i.fu_run_benchmark_38252_38805.Datapath_i.reg_19.reg_out1[0]$_DFF_P_
            (rising edge-triggered flip-flop)
Endpoint: Datapath_i.fu_run_benchmark_38252_38805.Datapath_i.reg_23.reg_out1[36]$_DFFE_PP_
          (rising edge-triggered flip-flop)
Path Group: unconstrained
Path Type: max
Corner: slow

  Delay    Time   Description
---------------------------------------------------------
   0.00    0.00 ^ Datapath_i.fu_run_benchmark_38252_38805.Datapath_i.reg_19.reg_out1[0]$_DFF_P_/CLK (DFFHQNx1_ASAP7_75t_R)
 529.14  529.14 ^ Datapath_i.fu_run_benchmark_38252_38805.Datapath_i.reg_19.reg_out1[0]$_DFF_P_/QN (DFFHQNx1_ASAP7_75t_R)
 135.07  664.21 v _15856_/Y (NOR2x1_ASAP7_75t_R)
 123.13  787.34 v _24723_/SN (FAx1_ASAP7_75t_R)
  98.00  885.35 v _24724_/SN (FAx1_ASAP7_75t_R)
  44.92  930.27 ^ _24725_/CON (FAx1_ASAP7_75t_R)
  27.48  957.75 v _24725_/SN (FAx1_ASAP7_75t_R)
  22.44  980.18 ^ _21628_/Y (INVx1_ASAP7_75t_R)
  22.30 1002.49 v _26638_/CON (HAxp5_ASAP7_75t_R)
  18.42 1020.91 ^ _26638_/SN (HAxp5_ASAP7_75t_R)
  17.26 1038.17 v _21668_/Y (INVx1_ASAP7_75t_R)
  42.25 1080.43 v _26639_/SN (HAxp5_ASAP7_75t_R)
  21.34 1101.77 ^ _21655_/Y (INVx1_ASAP7_75t_R)
  57.83 1159.60 v _24726_/SN (FAx1_ASAP7_75t_R)
  19.85 1179.45 ^ _21640_/Y (INVx1_ASAP7_75t_R)
  32.59 1212.04 v _26642_/CON (HAxp5_ASAP7_75t_R)
  30.67 1242.71 ^ _26642_/SN (HAxp5_ASAP7_75t_R)
  73.82 1316.53 v _24727_/SN (FAx1_ASAP7_75t_R)
  87.61 1404.14 v _26643_/SN (HAxp5_ASAP7_75t_R)
  47.37 1451.51 v _18544_/Y (OA21x2_ASAP7_75t_R)
  36.58 1488.09 v _18554_/Y (OA21x2_ASAP7_75t_R)
  38.65 1526.75 v _18555_/Y (OA21x2_ASAP7_75t_R)
  36.57 1563.31 v _18566_/Y (OA21x2_ASAP7_75t_R)
  38.65 1601.97 v _18567_/Y (OA21x2_ASAP7_75t_R)
  36.57 1638.53 v _18576_/Y (OA21x2_ASAP7_75t_R)
  38.65 1677.19 v _18577_/Y (OA21x2_ASAP7_75t_R)
  36.56 1713.75 v _18586_/Y (OA21x2_ASAP7_75t_R)
  38.65 1752.40 v _18587_/Y (OA21x2_ASAP7_75t_R)
  36.57 1788.97 v _18596_/Y (OA21x2_ASAP7_75t_R)
  38.65 1827.63 v _18597_/Y (OA21x2_ASAP7_75t_R)
  36.57 1864.19 v _18606_/Y (OA21x2_ASAP7_75t_R)
  38.65 1902.85 v _18607_/Y (OA21x2_ASAP7_75t_R)
  36.57 1939.41 v _18618_/Y (OA21x2_ASAP7_75t_R)
  38.65 1978.07 v _18619_/Y (OA21x2_ASAP7_75t_R)
  36.57 2014.63 v _18628_/Y (OA21x2_ASAP7_75t_R)
  38.65 2053.29 v _18629_/Y (OA21x2_ASAP7_75t_R)
  36.57 2089.85 v _18638_/Y (OA21x2_ASAP7_75t_R)
  38.65 2128.51 v _18639_/Y (OA21x2_ASAP7_75t_R)
  36.57 2165.07 v _18648_/Y (OA21x2_ASAP7_75t_R)
  38.65 2203.73 v _18649_/Y (OA21x2_ASAP7_75t_R)
  36.57 2240.29 v _18658_/Y (OA21x2_ASAP7_75t_R)
  38.65 2278.95 v _18659_/Y (OA21x2_ASAP7_75t_R)
  36.57 2315.51 v _18670_/Y (OA21x2_ASAP7_75t_R)
  38.65 2354.17 v _18671_/Y (OA21x2_ASAP7_75t_R)
  36.57 2390.73 v _18680_/Y (OA21x2_ASAP7_75t_R)
  38.65 2429.38 v _18681_/Y (OA21x2_ASAP7_75t_R)
  36.57 2465.95 v _18690_/Y (OA21x2_ASAP7_75t_R)
  38.55 2504.50 v _18691_/Y (OA21x2_ASAP7_75t_R)
  51.31 2555.81 ^ _18692_/Y (XOR2x2_ASAP7_75t_R)
  27.50 2583.31 ^ _18694_/Y (AO21x1_ASAP7_75t_R)
   0.00 2583.31 ^ Datapath_i.fu_run_benchmark_38252_38805.Datapath_i.reg_23.reg_out1[36]$_DFFE_PP_/D (DFFHQNx1_ASAP7_75t_R)
        2583.31   data arrival time
---------------------------------------------------------
(Path is unconstrained)


