Startpoint: fifo_north_pop_data[2] (input port)
Endpoint: array_array_6632d_d[29] (output port)
Path Group: unconstrained
Path Type: max
Corner: slow

  Delay    Time   Description
---------------------------------------------------------
   0.00    0.00 v input external delay
   5.31    5.31 v fifo_north_pop_data[2] (in)
  26.14   31.45 ^ _497_/Y (NAND2x1_ASAP7_75t_R)
  86.80  118.24 v _785_/SN (FAx1_ASAP7_75t_R)
  58.27  176.52 ^ _786_/CON (FAx1_ASAP7_75t_R)
  31.46  207.98 v _786_/SN (FAx1_ASAP7_75t_R)
  28.15  236.13 ^ _650_/Y (INVx1_ASAP7_75t_R)
  59.62  295.74 v _787_/SN (FAx1_ASAP7_75t_R)
  19.95  315.69 ^ _648_/Y (INVx1_ASAP7_75t_R)
  76.97  392.67 ^ _850_/SN (HAxp5_ASAP7_75t_R)
  26.45  419.12 v _693_/Y (INVx1_ASAP7_75t_R)
  45.28  464.39 v _851_/SN (HAxp5_ASAP7_75t_R)
  38.27  502.66 v _569_/Y (OA21x2_ASAP7_75t_R)
  38.68  541.34 v _570_/Y (OA21x2_ASAP7_75t_R)
  36.55  577.90 v _578_/Y (OA21x2_ASAP7_75t_R)
  38.65  616.55 v _579_/Y (OA21x2_ASAP7_75t_R)
  36.56  653.11 v _586_/Y (OA21x2_ASAP7_75t_R)
  38.65  691.76 v _587_/Y (OA21x2_ASAP7_75t_R)
  36.56  728.33 v _593_/Y (OA21x2_ASAP7_75t_R)
  38.65  766.98 v _594_/Y (OA21x2_ASAP7_75t_R)
  41.19  808.17 v _595_/Y (XOR2x2_ASAP7_75t_R)
  75.10  883.26 v _878_/SN (HAxp5_ASAP7_75t_R)
  47.10  930.36 v _725_/Y (OA21x2_ASAP7_75t_R)
  36.56  966.93 v _730_/Y (OA21x2_ASAP7_75t_R)
  38.65 1005.58 v _731_/Y (OA21x2_ASAP7_75t_R)
  41.65 1047.23 v _737_/Y (OA21x2_ASAP7_75t_R)
  21.51 1068.74 ^ _738_/Y (NOR2x2_ASAP7_75t_R)
  69.86 1138.60 ^ _752_/Y (AND5x2_ASAP7_75t_R)
  67.84 1206.44 ^ _768_/Y (AND5x1_ASAP7_75t_R)
 114.94 1321.38 ^ _769_/Y (XOR2x1_ASAP7_75t_R)
   0.00 1321.38 ^ array_array_6632d_d[29] (out)
        1321.38   data arrival time
---------------------------------------------------------
(Path is unconstrained)


Startpoint: fifo_north_pop_data[2] (input port)
Endpoint: array_array_6632d_d[31] (output port)
Path Group: unconstrained
Path Type: max
Corner: slow

  Delay    Time   Description
---------------------------------------------------------
   0.00    0.00 v input external delay
   5.31    5.31 v fifo_north_pop_data[2] (in)
  26.14   31.45 ^ _497_/Y (NAND2x1_ASAP7_75t_R)
  86.80  118.24 v _785_/SN (FAx1_ASAP7_75t_R)
  58.27  176.52 ^ _786_/CON (FAx1_ASAP7_75t_R)
  31.46  207.98 v _786_/SN (FAx1_ASAP7_75t_R)
  28.15  236.13 ^ _650_/Y (INVx1_ASAP7_75t_R)
  59.62  295.74 v _787_/SN (FAx1_ASAP7_75t_R)
  19.95  315.69 ^ _648_/Y (INVx1_ASAP7_75t_R)
  76.97  392.67 ^ _850_/SN (HAxp5_ASAP7_75t_R)
  26.45  419.12 v _693_/Y (INVx1_ASAP7_75t_R)
  45.28  464.39 v _851_/SN (HAxp5_ASAP7_75t_R)
  38.27  502.66 v _569_/Y (OA21x2_ASAP7_75t_R)
  38.68  541.34 v _570_/Y (OA21x2_ASAP7_75t_R)
  36.55  577.90 v _578_/Y (OA21x2_ASAP7_75t_R)
  38.65  616.55 v _579_/Y (OA21x2_ASAP7_75t_R)
  36.56  653.11 v _586_/Y (OA21x2_ASAP7_75t_R)
  38.65  691.76 v _587_/Y (OA21x2_ASAP7_75t_R)
  36.56  728.33 v _593_/Y (OA21x2_ASAP7_75t_R)
  38.65  766.98 v _594_/Y (OA21x2_ASAP7_75t_R)
  41.19  808.17 v _595_/Y (XOR2x2_ASAP7_75t_R)
  75.10  883.26 v _878_/SN (HAxp5_ASAP7_75t_R)
  47.10  930.36 v _725_/Y (OA21x2_ASAP7_75t_R)
  36.56  966.93 v _730_/Y (OA21x2_ASAP7_75t_R)
  38.65 1005.58 v _731_/Y (OA21x2_ASAP7_75t_R)
  41.65 1047.23 v _737_/Y (OA21x2_ASAP7_75t_R)
  21.51 1068.74 ^ _738_/Y (NOR2x2_ASAP7_75t_R)
  69.86 1138.60 ^ _752_/Y (AND5x2_ASAP7_75t_R)
  67.84 1206.44 ^ _774_/Y (AND5x1_ASAP7_75t_R)
 114.94 1321.38 ^ _775_/Y (XOR2x1_ASAP7_75t_R)
   0.00 1321.38 ^ array_array_6632d_d[31] (out)
        1321.38   data arrival time
---------------------------------------------------------
(Path is unconstrained)


Startpoint: fifo_north_pop_data[2] (input port)
Endpoint: array_array_6632d_d[30] (output port)
Path Group: unconstrained
Path Type: max
Corner: slow

  Delay    Time   Description
---------------------------------------------------------
   0.00    0.00 v input external delay
   5.31    5.31 v fifo_north_pop_data[2] (in)
  26.14   31.45 ^ _497_/Y (NAND2x1_ASAP7_75t_R)
  86.80  118.24 v _785_/SN (FAx1_ASAP7_75t_R)
  58.27  176.52 ^ _786_/CON (FAx1_ASAP7_75t_R)
  31.46  207.98 v _786_/SN (FAx1_ASAP7_75t_R)
  28.15  236.13 ^ _650_/Y (INVx1_ASAP7_75t_R)
  59.62  295.74 v _787_/SN (FAx1_ASAP7_75t_R)
  19.95  315.69 ^ _648_/Y (INVx1_ASAP7_75t_R)
  76.97  392.67 ^ _850_/SN (HAxp5_ASAP7_75t_R)
  26.45  419.12 v _693_/Y (INVx1_ASAP7_75t_R)
  45.28  464.39 v _851_/SN (HAxp5_ASAP7_75t_R)
  38.27  502.66 v _569_/Y (OA21x2_ASAP7_75t_R)
  38.68  541.34 v _570_/Y (OA21x2_ASAP7_75t_R)
  36.55  577.90 v _578_/Y (OA21x2_ASAP7_75t_R)
  38.65  616.55 v _579_/Y (OA21x2_ASAP7_75t_R)
  36.56  653.11 v _586_/Y (OA21x2_ASAP7_75t_R)
  38.65  691.76 v _587_/Y (OA21x2_ASAP7_75t_R)
  36.56  728.33 v _593_/Y (OA21x2_ASAP7_75t_R)
  38.65  766.98 v _594_/Y (OA21x2_ASAP7_75t_R)
  41.19  808.17 v _595_/Y (XOR2x2_ASAP7_75t_R)
  75.10  883.26 v _878_/SN (HAxp5_ASAP7_75t_R)
  43.77  927.03 v _727_/Y (OA21x2_ASAP7_75t_R)
  38.65  965.68 v _728_/Y (OA21x2_ASAP7_75t_R)
  36.56 1002.25 v _733_/Y (OA21x2_ASAP7_75t_R)
  39.73 1041.97 v _734_/Y (OA21x2_ASAP7_75t_R)
  23.63 1065.60 ^ _740_/Y (NOR2x1_ASAP7_75t_R)
  68.14 1133.74 ^ _754_/Y (AND5x1_ASAP7_75t_R)
  37.76 1171.50 ^ _761_/Y (AND2x2_ASAP7_75t_R)
  39.34 1210.84 ^ _772_/Y (AND3x1_ASAP7_75t_R)
  79.16 1290.00 ^ _773_/Y (XOR2x2_ASAP7_75t_R)
   0.00 1290.00 ^ array_array_6632d_d[30] (out)
        1290.00   data arrival time
---------------------------------------------------------
(Path is unconstrained)


Startpoint: fifo_north_pop_data[2] (input port)
Endpoint: array_array_6632d_d[28] (output port)
Path Group: unconstrained
Path Type: max
Corner: slow

  Delay    Time   Description
---------------------------------------------------------
   0.00    0.00 v input external delay
   5.31    5.31 v fifo_north_pop_data[2] (in)
  26.14   31.45 ^ _497_/Y (NAND2x1_ASAP7_75t_R)
  86.80  118.24 v _785_/SN (FAx1_ASAP7_75t_R)
  58.27  176.52 ^ _786_/CON (FAx1_ASAP7_75t_R)
  31.46  207.98 v _786_/SN (FAx1_ASAP7_75t_R)
  28.15  236.13 ^ _650_/Y (INVx1_ASAP7_75t_R)
  59.62  295.74 v _787_/SN (FAx1_ASAP7_75t_R)
  19.95  315.69 ^ _648_/Y (INVx1_ASAP7_75t_R)
  76.97  392.67 ^ _850_/SN (HAxp5_ASAP7_75t_R)
  26.45  419.12 v _693_/Y (INVx1_ASAP7_75t_R)
  45.28  464.39 v _851_/SN (HAxp5_ASAP7_75t_R)
  38.27  502.66 v _569_/Y (OA21x2_ASAP7_75t_R)
  38.68  541.34 v _570_/Y (OA21x2_ASAP7_75t_R)
  36.55  577.90 v _578_/Y (OA21x2_ASAP7_75t_R)
  38.65  616.55 v _579_/Y (OA21x2_ASAP7_75t_R)
  36.56  653.11 v _586_/Y (OA21x2_ASAP7_75t_R)
  38.65  691.76 v _587_/Y (OA21x2_ASAP7_75t_R)
  36.56  728.33 v _593_/Y (OA21x2_ASAP7_75t_R)
  38.65  766.98 v _594_/Y (OA21x2_ASAP7_75t_R)
  41.19  808.17 v _595_/Y (XOR2x2_ASAP7_75t_R)
  75.10  883.26 v _878_/SN (HAxp5_ASAP7_75t_R)
  43.77  927.03 v _727_/Y (OA21x2_ASAP7_75t_R)
  38.65  965.68 v _728_/Y (OA21x2_ASAP7_75t_R)
  36.56 1002.25 v _733_/Y (OA21x2_ASAP7_75t_R)
  39.73 1041.97 v _734_/Y (OA21x2_ASAP7_75t_R)
  23.63 1065.60 ^ _740_/Y (NOR2x1_ASAP7_75t_R)
  68.14 1133.74 ^ _754_/Y (AND5x1_ASAP7_75t_R)
  37.76 1171.50 ^ _761_/Y (AND2x2_ASAP7_75t_R)
  39.34 1210.84 ^ _765_/Y (AND3x1_ASAP7_75t_R)
  79.15 1289.99 ^ _766_/Y (XOR2x2_ASAP7_75t_R)
   0.00 1289.99 ^ array_array_6632d_d[28] (out)
        1289.99   data arrival time
---------------------------------------------------------
(Path is unconstrained)


Startpoint: fifo_north_pop_data[2] (input port)
Endpoint: array_array_6632d_d[27] (output port)
Path Group: unconstrained
Path Type: max
Corner: slow

  Delay    Time   Description
---------------------------------------------------------
   0.00    0.00 v input external delay
   5.31    5.31 v fifo_north_pop_data[2] (in)
  26.14   31.45 ^ _497_/Y (NAND2x1_ASAP7_75t_R)
  86.80  118.24 v _785_/SN (FAx1_ASAP7_75t_R)
  58.27  176.52 ^ _786_/CON (FAx1_ASAP7_75t_R)
  31.46  207.98 v _786_/SN (FAx1_ASAP7_75t_R)
  28.15  236.13 ^ _650_/Y (INVx1_ASAP7_75t_R)
  59.62  295.74 v _787_/SN (FAx1_ASAP7_75t_R)
  19.95  315.69 ^ _648_/Y (INVx1_ASAP7_75t_R)
  76.97  392.67 ^ _850_/SN (HAxp5_ASAP7_75t_R)
  26.45  419.12 v _693_/Y (INVx1_ASAP7_75t_R)
  45.28  464.39 v _851_/SN (HAxp5_ASAP7_75t_R)
  38.27  502.66 v _569_/Y (OA21x2_ASAP7_75t_R)
  38.68  541.34 v _570_/Y (OA21x2_ASAP7_75t_R)
  36.55  577.90 v _578_/Y (OA21x2_ASAP7_75t_R)
  38.65  616.55 v _579_/Y (OA21x2_ASAP7_75t_R)
  36.56  653.11 v _586_/Y (OA21x2_ASAP7_75t_R)
  38.65  691.76 v _587_/Y (OA21x2_ASAP7_75t_R)
  36.56  728.33 v _593_/Y (OA21x2_ASAP7_75t_R)
  38.65  766.98 v _594_/Y (OA21x2_ASAP7_75t_R)
  41.19  808.17 v _595_/Y (XOR2x2_ASAP7_75t_R)
  75.10  883.26 v _878_/SN (HAxp5_ASAP7_75t_R)
  47.10  930.36 v _725_/Y (OA21x2_ASAP7_75t_R)
  36.56  966.93 v _730_/Y (OA21x2_ASAP7_75t_R)
  38.65 1005.58 v _731_/Y (OA21x2_ASAP7_75t_R)
  41.65 1047.23 v _737_/Y (OA21x2_ASAP7_75t_R)
  21.51 1068.74 ^ _738_/Y (NOR2x2_ASAP7_75t_R)
  69.86 1138.60 ^ _752_/Y (AND5x2_ASAP7_75t_R)
  43.00 1181.60 ^ _763_/Y (AND3x1_ASAP7_75t_R)
  79.24 1260.84 ^ _764_/Y (XOR2x2_ASAP7_75t_R)
   0.00 1260.84 ^ array_array_6632d_d[27] (out)
        1260.84   data arrival time
---------------------------------------------------------
(Path is unconstrained)


Startpoint: fifo_north_pop_data[2] (input port)
Endpoint: array_array_6632d_d[26] (output port)
Path Group: unconstrained
Path Type: max
Corner: slow

  Delay    Time   Description
---------------------------------------------------------
   0.00    0.00 v input external delay
   5.31    5.31 v fifo_north_pop_data[2] (in)
  26.14   31.45 ^ _497_/Y (NAND2x1_ASAP7_75t_R)
  86.80  118.24 v _785_/SN (FAx1_ASAP7_75t_R)
  58.27  176.52 ^ _786_/CON (FAx1_ASAP7_75t_R)
  31.46  207.98 v _786_/SN (FAx1_ASAP7_75t_R)
  28.15  236.13 ^ _650_/Y (INVx1_ASAP7_75t_R)
  59.62  295.74 v _787_/SN (FAx1_ASAP7_75t_R)
  19.95  315.69 ^ _648_/Y (INVx1_ASAP7_75t_R)
  76.97  392.67 ^ _850_/SN (HAxp5_ASAP7_75t_R)
  26.45  419.12 v _693_/Y (INVx1_ASAP7_75t_R)
  45.28  464.39 v _851_/SN (HAxp5_ASAP7_75t_R)
  38.27  502.66 v _569_/Y (OA21x2_ASAP7_75t_R)
  38.68  541.34 v _570_/Y (OA21x2_ASAP7_75t_R)
  36.55  577.90 v _578_/Y (OA21x2_ASAP7_75t_R)
  38.65  616.55 v _579_/Y (OA21x2_ASAP7_75t_R)
  36.56  653.11 v _586_/Y (OA21x2_ASAP7_75t_R)
  38.65  691.76 v _587_/Y (OA21x2_ASAP7_75t_R)
  36.56  728.33 v _593_/Y (OA21x2_ASAP7_75t_R)
  38.65  766.98 v _594_/Y (OA21x2_ASAP7_75t_R)
  41.19  808.17 v _595_/Y (XOR2x2_ASAP7_75t_R)
  75.10  883.26 v _878_/SN (HAxp5_ASAP7_75t_R)
  43.77  927.03 v _727_/Y (OA21x2_ASAP7_75t_R)
  38.65  965.68 v _728_/Y (OA21x2_ASAP7_75t_R)
  36.56 1002.25 v _733_/Y (OA21x2_ASAP7_75t_R)
  39.73 1041.97 v _734_/Y (OA21x2_ASAP7_75t_R)
  23.63 1065.60 ^ _740_/Y (NOR2x1_ASAP7_75t_R)
  68.14 1133.74 ^ _754_/Y (AND5x1_ASAP7_75t_R)
  37.76 1171.50 ^ _761_/Y (AND2x2_ASAP7_75t_R)
  79.03 1250.53 ^ _762_/Y (XOR2x2_ASAP7_75t_R)
   0.00 1250.53 ^ array_array_6632d_d[26] (out)
        1250.53   data arrival time
---------------------------------------------------------
(Path is unconstrained)


Startpoint: fifo_north_pop_data[2] (input port)
Endpoint: array_array_6632d_d[25] (output port)
Path Group: unconstrained
Path Type: max
Corner: slow

  Delay    Time   Description
---------------------------------------------------------
   0.00    0.00 v input external delay
   5.31    5.31 v fifo_north_pop_data[2] (in)
  26.14   31.45 ^ _497_/Y (NAND2x1_ASAP7_75t_R)
  86.80  118.24 v _785_/SN (FAx1_ASAP7_75t_R)
  58.27  176.52 ^ _786_/CON (FAx1_ASAP7_75t_R)
  31.46  207.98 v _786_/SN (FAx1_ASAP7_75t_R)
  28.15  236.13 ^ _650_/Y (INVx1_ASAP7_75t_R)
  59.62  295.74 v _787_/SN (FAx1_ASAP7_75t_R)
  19.95  315.69 ^ _648_/Y (INVx1_ASAP7_75t_R)
  76.97  392.67 ^ _850_/SN (HAxp5_ASAP7_75t_R)
  26.45  419.12 v _693_/Y (INVx1_ASAP7_75t_R)
  45.28  464.39 v _851_/SN (HAxp5_ASAP7_75t_R)
  38.27  502.66 v _569_/Y (OA21x2_ASAP7_75t_R)
  38.68  541.34 v _570_/Y (OA21x2_ASAP7_75t_R)
  36.55  577.90 v _578_/Y (OA21x2_ASAP7_75t_R)
  38.65  616.55 v _579_/Y (OA21x2_ASAP7_75t_R)
  36.56  653.11 v _586_/Y (OA21x2_ASAP7_75t_R)
  38.65  691.76 v _587_/Y (OA21x2_ASAP7_75t_R)
  36.56  728.33 v _593_/Y (OA21x2_ASAP7_75t_R)
  38.65  766.98 v _594_/Y (OA21x2_ASAP7_75t_R)
  41.19  808.17 v _595_/Y (XOR2x2_ASAP7_75t_R)
  75.10  883.26 v _878_/SN (HAxp5_ASAP7_75t_R)
  47.10  930.36 v _725_/Y (OA21x2_ASAP7_75t_R)
  36.56  966.93 v _730_/Y (OA21x2_ASAP7_75t_R)
  38.65 1005.58 v _731_/Y (OA21x2_ASAP7_75t_R)
  41.65 1047.23 v _737_/Y (OA21x2_ASAP7_75t_R)
  21.51 1068.74 ^ _738_/Y (NOR2x2_ASAP7_75t_R)
  69.86 1138.60 ^ _752_/Y (AND5x2_ASAP7_75t_R)
  18.20 1156.80 v _758_/Y (NAND2x1_ASAP7_75t_R)
  84.91 1241.72 ^ _759_/Y (XNOR2x2_ASAP7_75t_R)
   0.00 1241.72 ^ array_array_6632d_d[25] (out)
        1241.72   data arrival time
---------------------------------------------------------
(Path is unconstrained)


Startpoint: fifo_north_pop_data[2] (input port)
Endpoint: array_array_6632d_d[24] (output port)
Path Group: unconstrained
Path Type: max
Corner: slow

  Delay    Time   Description
---------------------------------------------------------
   0.00    0.00 v input external delay
   5.31    5.31 v fifo_north_pop_data[2] (in)
  26.14   31.45 ^ _497_/Y (NAND2x1_ASAP7_75t_R)
  86.80  118.24 v _785_/SN (FAx1_ASAP7_75t_R)
  58.27  176.52 ^ _786_/CON (FAx1_ASAP7_75t_R)
  31.46  207.98 v _786_/SN (FAx1_ASAP7_75t_R)
  28.15  236.13 ^ _650_/Y (INVx1_ASAP7_75t_R)
  59.62  295.74 v _787_/SN (FAx1_ASAP7_75t_R)
  19.95  315.69 ^ _648_/Y (INVx1_ASAP7_75t_R)
  76.97  392.67 ^ _850_/SN (HAxp5_ASAP7_75t_R)
  26.45  419.12 v _693_/Y (INVx1_ASAP7_75t_R)
  45.28  464.39 v _851_/SN (HAxp5_ASAP7_75t_R)
  38.27  502.66 v _569_/Y (OA21x2_ASAP7_75t_R)
  38.68  541.34 v _570_/Y (OA21x2_ASAP7_75t_R)
  36.55  577.90 v _578_/Y (OA21x2_ASAP7_75t_R)
  38.65  616.55 v _579_/Y (OA21x2_ASAP7_75t_R)
  36.56  653.11 v _586_/Y (OA21x2_ASAP7_75t_R)
  38.65  691.76 v _587_/Y (OA21x2_ASAP7_75t_R)
  36.56  728.33 v _593_/Y (OA21x2_ASAP7_75t_R)
  38.65  766.98 v _594_/Y (OA21x2_ASAP7_75t_R)
  41.19  808.17 v _595_/Y (XOR2x2_ASAP7_75t_R)
  75.10  883.26 v _878_/SN (HAxp5_ASAP7_75t_R)
  43.77  927.03 v _727_/Y (OA21x2_ASAP7_75t_R)
  38.65  965.68 v _728_/Y (OA21x2_ASAP7_75t_R)
  36.56 1002.25 v _733_/Y (OA21x2_ASAP7_75t_R)
  39.73 1041.97 v _734_/Y (OA21x2_ASAP7_75t_R)
  23.63 1065.60 ^ _740_/Y (NOR2x1_ASAP7_75t_R)
  68.14 1133.74 ^ _754_/Y (AND5x1_ASAP7_75t_R)
  16.85 1150.59 v _755_/Y (NAND2x1_ASAP7_75t_R)
  85.65 1236.24 ^ _756_/Y (XNOR2x2_ASAP7_75t_R)
   0.00 1236.24 ^ array_array_6632d_d[24] (out)
        1236.24   data arrival time
---------------------------------------------------------
(Path is unconstrained)


Startpoint: fifo_north_pop_data[2] (input port)
Endpoint: array_array_6632d_d[23] (output port)
Path Group: unconstrained
Path Type: max
Corner: slow

  Delay    Time   Description
---------------------------------------------------------
   0.00    0.00 v input external delay
   5.31    5.31 v fifo_north_pop_data[2] (in)
  26.14   31.45 ^ _497_/Y (NAND2x1_ASAP7_75t_R)
  86.80  118.24 v _785_/SN (FAx1_ASAP7_75t_R)
  58.27  176.52 ^ _786_/CON (FAx1_ASAP7_75t_R)
  31.46  207.98 v _786_/SN (FAx1_ASAP7_75t_R)
  28.15  236.13 ^ _650_/Y (INVx1_ASAP7_75t_R)
  59.62  295.74 v _787_/SN (FAx1_ASAP7_75t_R)
  19.95  315.69 ^ _648_/Y (INVx1_ASAP7_75t_R)
  76.97  392.67 ^ _850_/SN (HAxp5_ASAP7_75t_R)
  26.45  419.12 v _693_/Y (INVx1_ASAP7_75t_R)
  45.28  464.39 v _851_/SN (HAxp5_ASAP7_75t_R)
  38.27  502.66 v _569_/Y (OA21x2_ASAP7_75t_R)
  38.68  541.34 v _570_/Y (OA21x2_ASAP7_75t_R)
  36.55  577.90 v _578_/Y (OA21x2_ASAP7_75t_R)
  38.65  616.55 v _579_/Y (OA21x2_ASAP7_75t_R)
  36.56  653.11 v _586_/Y (OA21x2_ASAP7_75t_R)
  38.65  691.76 v _587_/Y (OA21x2_ASAP7_75t_R)
  36.56  728.33 v _593_/Y (OA21x2_ASAP7_75t_R)
  38.65  766.98 v _594_/Y (OA21x2_ASAP7_75t_R)
  41.19  808.17 v _595_/Y (XOR2x2_ASAP7_75t_R)
  75.10  883.26 v _878_/SN (HAxp5_ASAP7_75t_R)
  47.10  930.36 v _725_/Y (OA21x2_ASAP7_75t_R)
  36.56  966.93 v _730_/Y (OA21x2_ASAP7_75t_R)
  38.65 1005.58 v _731_/Y (OA21x2_ASAP7_75t_R)
  41.65 1047.23 v _737_/Y (OA21x2_ASAP7_75t_R)
  21.51 1068.74 ^ _738_/Y (NOR2x2_ASAP7_75t_R)
  69.86 1138.60 ^ _752_/Y (AND5x2_ASAP7_75t_R)
  82.79 1221.39 ^ _753_/Y (XOR2x2_ASAP7_75t_R)
   0.00 1221.39 ^ array_array_6632d_d[23] (out)
        1221.39   data arrival time
---------------------------------------------------------
(Path is unconstrained)


Startpoint: fifo_north_pop_data[2] (input port)
Endpoint: array_array_6632d_d[22] (output port)
Path Group: unconstrained
Path Type: max
Corner: slow

  Delay    Time   Description
---------------------------------------------------------
   0.00    0.00 v input external delay
   5.31    5.31 v fifo_north_pop_data[2] (in)
  26.14   31.45 ^ _497_/Y (NAND2x1_ASAP7_75t_R)
  86.80  118.24 v _785_/SN (FAx1_ASAP7_75t_R)
  58.27  176.52 ^ _786_/CON (FAx1_ASAP7_75t_R)
  31.46  207.98 v _786_/SN (FAx1_ASAP7_75t_R)
  28.15  236.13 ^ _650_/Y (INVx1_ASAP7_75t_R)
  59.62  295.74 v _787_/SN (FAx1_ASAP7_75t_R)
  19.95  315.69 ^ _648_/Y (INVx1_ASAP7_75t_R)
  76.97  392.67 ^ _850_/SN (HAxp5_ASAP7_75t_R)
  26.45  419.12 v _693_/Y (INVx1_ASAP7_75t_R)
  45.28  464.39 v _851_/SN (HAxp5_ASAP7_75t_R)
  38.27  502.66 v _569_/Y (OA21x2_ASAP7_75t_R)
  38.68  541.34 v _570_/Y (OA21x2_ASAP7_75t_R)
  36.55  577.90 v _578_/Y (OA21x2_ASAP7_75t_R)
  38.65  616.55 v _579_/Y (OA21x2_ASAP7_75t_R)
  36.56  653.11 v _586_/Y (OA21x2_ASAP7_75t_R)
  38.65  691.76 v _587_/Y (OA21x2_ASAP7_75t_R)
  36.56  728.33 v _593_/Y (OA21x2_ASAP7_75t_R)
  38.65  766.98 v _594_/Y (OA21x2_ASAP7_75t_R)
  41.19  808.17 v _595_/Y (XOR2x2_ASAP7_75t_R)
  75.10  883.26 v _878_/SN (HAxp5_ASAP7_75t_R)
  43.77  927.03 v _727_/Y (OA21x2_ASAP7_75t_R)
  38.65  965.68 v _728_/Y (OA21x2_ASAP7_75t_R)
  36.56 1002.25 v _733_/Y (OA21x2_ASAP7_75t_R)
  39.73 1041.97 v _734_/Y (OA21x2_ASAP7_75t_R)
  23.63 1065.60 ^ _740_/Y (NOR2x1_ASAP7_75t_R)
  35.74 1101.34 ^ _746_/Y (AND2x2_ASAP7_75t_R)
  38.72 1140.06 ^ _750_/Y (AND3x1_ASAP7_75t_R)
  79.15 1219.21 ^ _751_/Y (XOR2x2_ASAP7_75t_R)
   0.00 1219.21 ^ array_array_6632d_d[22] (out)
        1219.21   data arrival time
---------------------------------------------------------
(Path is unconstrained)


