Startpoint: Datapath_i.fu_run_benchmark_38252_38986.Datapath_i.reg_54.reg_out1[0]$_DFFE_PP_
            (rising edge-triggered flip-flop)
Endpoint: Datapath_i.fu_run_benchmark_38252_38986.Datapath_i.fu_kmp_38537_41048.out1$_DFFE_PP_
          (rising edge-triggered flip-flop)
Path Group: unconstrained
Path Type: max
Corner: slow

  Delay    Time   Description
---------------------------------------------------------
   0.00    0.00 ^ Datapath_i.fu_run_benchmark_38252_38986.Datapath_i.reg_54.reg_out1[0]$_DFFE_PP_/CLK (DFFHQNx1_ASAP7_75t_R)
 121.41  121.41 v Datapath_i.fu_run_benchmark_38252_38986.Datapath_i.reg_54.reg_out1[0]$_DFFE_PP_/QN (DFFHQNx1_ASAP7_75t_R)
  65.39  186.80 v _4830_/Y (OR3x1_ASAP7_75t_R)
  54.31  241.10 v _4838_/Y (OR3x1_ASAP7_75t_R)
  54.81  295.91 v _4848_/Y (OR3x1_ASAP7_75t_R)
  47.06  342.98 v _4857_/Y (OR2x2_ASAP7_75t_R)
  78.23  421.20 v _4868_/Y (OR4x2_ASAP7_75t_R)
  47.18  468.39 v _4880_/Y (OR2x2_ASAP7_75t_R)
  68.37  536.75 v _4891_/Y (OR4x1_ASAP7_75t_R)
  59.20  595.95 v _4900_/Y (OR3x1_ASAP7_75t_R)
  56.10  652.06 v _4914_/Y (OR3x1_ASAP7_75t_R)
  58.04  710.09 v _5994_/Y (OR3x1_ASAP7_75t_R)
  63.39  773.48 v _5995_/Y (OR3x2_ASAP7_75t_R)
  62.42  835.91 v _5996_/Y (OR3x2_ASAP7_75t_R)
  62.55  898.45 v _5997_/Y (OR3x2_ASAP7_75t_R)
  42.52  940.97 v _5998_/Y (OR2x2_ASAP7_75t_R)
  21.60  962.57 ^ _5999_/Y (NOR2x1_ASAP7_75t_R)
  41.86 1004.43 ^ _6000_/Y (XOR2x1_ASAP7_75t_R)
  62.40 1066.82 ^ _6016_/Y (AND5x1_ASAP7_75t_R)
  45.20 1112.02 ^ _6019_/Y (AO21x2_ASAP7_75t_R)
 131.13 1243.15 ^ _6022_/Y (AND5x2_ASAP7_75t_R)
 122.60 1365.75 ^ _6034_/Y (OR3x4_ASAP7_75t_R)
  47.37 1413.12 v _6089_/Y (NOR2x1_ASAP7_75t_R)
  37.72 1450.83 v _6090_/Y (AO21x1_ASAP7_75t_R)
  33.89 1484.72 v _6091_/Y (AO21x1_ASAP7_75t_R)
   0.01 1484.73 v Datapath_i.fu_run_benchmark_38252_38986.Datapath_i.fu_kmp_38537_41048.out1$_DFFE_PP_/D (DFFHQNx1_ASAP7_75t_R)
        1484.73   data arrival time
---------------------------------------------------------
(Path is unconstrained)


Startpoint: Datapath_i.fu_run_benchmark_38252_38986.Datapath_i.reg_54.reg_out1[0]$_DFFE_PP_
            (rising edge-triggered flip-flop)
Endpoint: Datapath_i.fu_run_benchmark_38252_38986.Datapath_i.fu_kmp_38537_41054.out1$_DFFE_PP_
          (rising edge-triggered flip-flop)
Path Group: unconstrained
Path Type: max
Corner: slow

  Delay    Time   Description
---------------------------------------------------------
   0.00    0.00 ^ Datapath_i.fu_run_benchmark_38252_38986.Datapath_i.reg_54.reg_out1[0]$_DFFE_PP_/CLK (DFFHQNx1_ASAP7_75t_R)
 121.41  121.41 v Datapath_i.fu_run_benchmark_38252_38986.Datapath_i.reg_54.reg_out1[0]$_DFFE_PP_/QN (DFFHQNx1_ASAP7_75t_R)
  65.39  186.80 v _4830_/Y (OR3x1_ASAP7_75t_R)
  54.31  241.10 v _4838_/Y (OR3x1_ASAP7_75t_R)
  54.81  295.91 v _4848_/Y (OR3x1_ASAP7_75t_R)
  47.06  342.98 v _4857_/Y (OR2x2_ASAP7_75t_R)
  78.23  421.20 v _4868_/Y (OR4x2_ASAP7_75t_R)
  47.18  468.39 v _4880_/Y (OR2x2_ASAP7_75t_R)
  68.37  536.75 v _4891_/Y (OR4x1_ASAP7_75t_R)
  59.20  595.95 v _4900_/Y (OR3x1_ASAP7_75t_R)
  56.10  652.06 v _4914_/Y (OR3x1_ASAP7_75t_R)
  58.04  710.09 v _5994_/Y (OR3x1_ASAP7_75t_R)
  63.39  773.48 v _5995_/Y (OR3x2_ASAP7_75t_R)
  62.42  835.91 v _5996_/Y (OR3x2_ASAP7_75t_R)
  62.55  898.45 v _5997_/Y (OR3x2_ASAP7_75t_R)
  42.52  940.97 v _5998_/Y (OR2x2_ASAP7_75t_R)
  21.60  962.57 ^ _5999_/Y (NOR2x1_ASAP7_75t_R)
  41.86 1004.43 ^ _6000_/Y (XOR2x1_ASAP7_75t_R)
  62.40 1066.82 ^ _6016_/Y (AND5x1_ASAP7_75t_R)
  45.20 1112.02 ^ _6019_/Y (AO21x2_ASAP7_75t_R)
 131.13 1243.15 ^ _6022_/Y (AND5x2_ASAP7_75t_R)
 122.60 1365.75 ^ _6034_/Y (OR3x4_ASAP7_75t_R)
  47.10 1412.85 v _6095_/Y (NOR2x1_ASAP7_75t_R)
  38.00 1450.85 v _6096_/Y (AO21x1_ASAP7_75t_R)
  33.77 1484.62 v _6097_/Y (AO21x1_ASAP7_75t_R)
   0.01 1484.63 v Datapath_i.fu_run_benchmark_38252_38986.Datapath_i.fu_kmp_38537_41054.out1$_DFFE_PP_/D (DFFHQNx1_ASAP7_75t_R)
        1484.63   data arrival time
---------------------------------------------------------
(Path is unconstrained)


Startpoint: Datapath_i.fu_run_benchmark_38252_38986.Datapath_i.reg_54.reg_out1[0]$_DFFE_PP_
            (rising edge-triggered flip-flop)
Endpoint: Datapath_i.fu_run_benchmark_38252_38986.Datapath_i.fu_kmp_38537_41039.out1$_DFFE_PP_
          (rising edge-triggered flip-flop)
Path Group: unconstrained
Path Type: max
Corner: slow

  Delay    Time   Description
---------------------------------------------------------
   0.00    0.00 ^ Datapath_i.fu_run_benchmark_38252_38986.Datapath_i.reg_54.reg_out1[0]$_DFFE_PP_/CLK (DFFHQNx1_ASAP7_75t_R)
 121.41  121.41 v Datapath_i.fu_run_benchmark_38252_38986.Datapath_i.reg_54.reg_out1[0]$_DFFE_PP_/QN (DFFHQNx1_ASAP7_75t_R)
  65.39  186.80 v _4830_/Y (OR3x1_ASAP7_75t_R)
  54.31  241.10 v _4838_/Y (OR3x1_ASAP7_75t_R)
  54.81  295.91 v _4848_/Y (OR3x1_ASAP7_75t_R)
  47.06  342.98 v _4857_/Y (OR2x2_ASAP7_75t_R)
  78.23  421.20 v _4868_/Y (OR4x2_ASAP7_75t_R)
  47.18  468.39 v _4880_/Y (OR2x2_ASAP7_75t_R)
  68.37  536.75 v _4891_/Y (OR4x1_ASAP7_75t_R)
  59.20  595.95 v _4900_/Y (OR3x1_ASAP7_75t_R)
  56.10  652.06 v _4914_/Y (OR3x1_ASAP7_75t_R)
  58.04  710.09 v _5994_/Y (OR3x1_ASAP7_75t_R)
  63.39  773.48 v _5995_/Y (OR3x2_ASAP7_75t_R)
  62.42  835.91 v _5996_/Y (OR3x2_ASAP7_75t_R)
  62.55  898.45 v _5997_/Y (OR3x2_ASAP7_75t_R)
  42.52  940.97 v _5998_/Y (OR2x2_ASAP7_75t_R)
  21.60  962.57 ^ _5999_/Y (NOR2x1_ASAP7_75t_R)
  41.86 1004.43 ^ _6000_/Y (XOR2x1_ASAP7_75t_R)
  62.40 1066.82 ^ _6016_/Y (AND5x1_ASAP7_75t_R)
  45.20 1112.02 ^ _6019_/Y (AO21x2_ASAP7_75t_R)
 131.13 1243.15 ^ _6022_/Y (AND5x2_ASAP7_75t_R)
 122.60 1365.75 ^ _6034_/Y (OR3x4_ASAP7_75t_R)
  46.55 1412.29 v _6083_/Y (NOR2x1_ASAP7_75t_R)
  38.55 1450.84 v _6084_/Y (AO21x1_ASAP7_75t_R)
  33.76 1484.60 v _6085_/Y (AO21x1_ASAP7_75t_R)
   0.01 1484.61 v Datapath_i.fu_run_benchmark_38252_38986.Datapath_i.fu_kmp_38537_41039.out1$_DFFE_PP_/D (DFFHQNx1_ASAP7_75t_R)
        1484.61   data arrival time
---------------------------------------------------------
(Path is unconstrained)


Startpoint: Datapath_i.fu_run_benchmark_38252_38986.Datapath_i.reg_54.reg_out1[0]$_DFFE_PP_
            (rising edge-triggered flip-flop)
Endpoint: Datapath_i.fu_run_benchmark_38252_38986.Datapath_i.fu_kmp_38537_41051.out1$_DFFE_PP_
          (rising edge-triggered flip-flop)
Path Group: unconstrained
Path Type: max
Corner: slow

  Delay    Time   Description
---------------------------------------------------------
   0.00    0.00 ^ Datapath_i.fu_run_benchmark_38252_38986.Datapath_i.reg_54.reg_out1[0]$_DFFE_PP_/CLK (DFFHQNx1_ASAP7_75t_R)
 121.41  121.41 v Datapath_i.fu_run_benchmark_38252_38986.Datapath_i.reg_54.reg_out1[0]$_DFFE_PP_/QN (DFFHQNx1_ASAP7_75t_R)
  65.39  186.80 v _4830_/Y (OR3x1_ASAP7_75t_R)
  54.31  241.10 v _4838_/Y (OR3x1_ASAP7_75t_R)
  54.81  295.91 v _4848_/Y (OR3x1_ASAP7_75t_R)
  47.06  342.98 v _4857_/Y (OR2x2_ASAP7_75t_R)
  78.23  421.20 v _4868_/Y (OR4x2_ASAP7_75t_R)
  47.18  468.39 v _4880_/Y (OR2x2_ASAP7_75t_R)
  68.37  536.75 v _4891_/Y (OR4x1_ASAP7_75t_R)
  59.20  595.95 v _4900_/Y (OR3x1_ASAP7_75t_R)
  56.10  652.06 v _4914_/Y (OR3x1_ASAP7_75t_R)
  58.04  710.09 v _5994_/Y (OR3x1_ASAP7_75t_R)
  63.39  773.48 v _5995_/Y (OR3x2_ASAP7_75t_R)
  62.42  835.91 v _5996_/Y (OR3x2_ASAP7_75t_R)
  62.55  898.45 v _5997_/Y (OR3x2_ASAP7_75t_R)
  42.52  940.97 v _5998_/Y (OR2x2_ASAP7_75t_R)
  21.60  962.57 ^ _5999_/Y (NOR2x1_ASAP7_75t_R)
  41.86 1004.43 ^ _6000_/Y (XOR2x1_ASAP7_75t_R)
  62.40 1066.82 ^ _6016_/Y (AND5x1_ASAP7_75t_R)
  45.20 1112.02 ^ _6019_/Y (AO21x2_ASAP7_75t_R)
 131.13 1243.15 ^ _6022_/Y (AND5x2_ASAP7_75t_R)
 122.60 1365.75 ^ _6034_/Y (OR3x4_ASAP7_75t_R)
  47.04 1412.78 v _6092_/Y (NOR2x1_ASAP7_75t_R)
  37.85 1450.64 v _6093_/Y (AO21x1_ASAP7_75t_R)
  33.55 1484.19 v _6094_/Y (AO21x1_ASAP7_75t_R)
   0.01 1484.20 v Datapath_i.fu_run_benchmark_38252_38986.Datapath_i.fu_kmp_38537_41051.out1$_DFFE_PP_/D (DFFHQNx1_ASAP7_75t_R)
        1484.20   data arrival time
---------------------------------------------------------
(Path is unconstrained)


Startpoint: Datapath_i.fu_run_benchmark_38252_38986.Datapath_i.reg_54.reg_out1[0]$_DFFE_PP_
            (rising edge-triggered flip-flop)
Endpoint: Datapath_i.fu_run_benchmark_38252_38986.Datapath_i.fu_kmp_38537_41057.out1$_DFFE_PP_
          (rising edge-triggered flip-flop)
Path Group: unconstrained
Path Type: max
Corner: slow

  Delay    Time   Description
---------------------------------------------------------
   0.00    0.00 ^ Datapath_i.fu_run_benchmark_38252_38986.Datapath_i.reg_54.reg_out1[0]$_DFFE_PP_/CLK (DFFHQNx1_ASAP7_75t_R)
 121.41  121.41 v Datapath_i.fu_run_benchmark_38252_38986.Datapath_i.reg_54.reg_out1[0]$_DFFE_PP_/QN (DFFHQNx1_ASAP7_75t_R)
  65.39  186.80 v _4830_/Y (OR3x1_ASAP7_75t_R)
  54.31  241.10 v _4838_/Y (OR3x1_ASAP7_75t_R)
  54.81  295.91 v _4848_/Y (OR3x1_ASAP7_75t_R)
  47.06  342.98 v _4857_/Y (OR2x2_ASAP7_75t_R)
  78.23  421.20 v _4868_/Y (OR4x2_ASAP7_75t_R)
  47.18  468.39 v _4880_/Y (OR2x2_ASAP7_75t_R)
  68.37  536.75 v _4891_/Y (OR4x1_ASAP7_75t_R)
  59.20  595.95 v _4900_/Y (OR3x1_ASAP7_75t_R)
  56.10  652.06 v _4914_/Y (OR3x1_ASAP7_75t_R)
  58.04  710.09 v _5994_/Y (OR3x1_ASAP7_75t_R)
  63.39  773.48 v _5995_/Y (OR3x2_ASAP7_75t_R)
  62.42  835.91 v _5996_/Y (OR3x2_ASAP7_75t_R)
  62.55  898.45 v _5997_/Y (OR3x2_ASAP7_75t_R)
  42.52  940.97 v _5998_/Y (OR2x2_ASAP7_75t_R)
  21.60  962.57 ^ _5999_/Y (NOR2x1_ASAP7_75t_R)
  41.86 1004.43 ^ _6000_/Y (XOR2x1_ASAP7_75t_R)
  62.40 1066.82 ^ _6016_/Y (AND5x1_ASAP7_75t_R)
  45.20 1112.02 ^ _6019_/Y (AO21x2_ASAP7_75t_R)
 131.13 1243.15 ^ _6022_/Y (AND5x2_ASAP7_75t_R)
 122.60 1365.75 ^ _6034_/Y (OR3x4_ASAP7_75t_R)
  47.47 1413.21 v _6098_/Y (NOR2x1_ASAP7_75t_R)
  37.69 1450.90 v _6099_/Y (AO21x1_ASAP7_75t_R)
  33.20 1484.10 v _6100_/Y (AO21x1_ASAP7_75t_R)
   0.00 1484.11 v Datapath_i.fu_run_benchmark_38252_38986.Datapath_i.fu_kmp_38537_41057.out1$_DFFE_PP_/D (DFFHQNx1_ASAP7_75t_R)
        1484.11   data arrival time
---------------------------------------------------------
(Path is unconstrained)


Startpoint: Datapath_i.fu_run_benchmark_38252_38986.Datapath_i.reg_54.reg_out1[0]$_DFFE_PP_
            (rising edge-triggered flip-flop)
Endpoint: Datapath_i.fu_run_benchmark_38252_38986.Datapath_i.fu_kmp_38537_41042.out1$_DFFE_PP_
          (rising edge-triggered flip-flop)
Path Group: unconstrained
Path Type: max
Corner: slow

  Delay    Time   Description
---------------------------------------------------------
   0.00    0.00 ^ Datapath_i.fu_run_benchmark_38252_38986.Datapath_i.reg_54.reg_out1[0]$_DFFE_PP_/CLK (DFFHQNx1_ASAP7_75t_R)
 121.41  121.41 v Datapath_i.fu_run_benchmark_38252_38986.Datapath_i.reg_54.reg_out1[0]$_DFFE_PP_/QN (DFFHQNx1_ASAP7_75t_R)
  65.39  186.80 v _4830_/Y (OR3x1_ASAP7_75t_R)
  54.31  241.10 v _4838_/Y (OR3x1_ASAP7_75t_R)
  54.81  295.91 v _4848_/Y (OR3x1_ASAP7_75t_R)
  47.06  342.98 v _4857_/Y (OR2x2_ASAP7_75t_R)
  78.23  421.20 v _4868_/Y (OR4x2_ASAP7_75t_R)
  47.18  468.39 v _4880_/Y (OR2x2_ASAP7_75t_R)
  68.37  536.75 v _4891_/Y (OR4x1_ASAP7_75t_R)
  59.20  595.95 v _4900_/Y (OR3x1_ASAP7_75t_R)
  56.10  652.06 v _4914_/Y (OR3x1_ASAP7_75t_R)
  58.04  710.09 v _5994_/Y (OR3x1_ASAP7_75t_R)
  63.39  773.48 v _5995_/Y (OR3x2_ASAP7_75t_R)
  62.42  835.91 v _5996_/Y (OR3x2_ASAP7_75t_R)
  62.55  898.45 v _5997_/Y (OR3x2_ASAP7_75t_R)
  42.52  940.97 v _5998_/Y (OR2x2_ASAP7_75t_R)
  21.60  962.57 ^ _5999_/Y (NOR2x1_ASAP7_75t_R)
  41.86 1004.43 ^ _6000_/Y (XOR2x1_ASAP7_75t_R)
  62.40 1066.82 ^ _6016_/Y (AND5x1_ASAP7_75t_R)
  45.20 1112.02 ^ _6019_/Y (AO21x2_ASAP7_75t_R)
 131.13 1243.15 ^ _6022_/Y (AND5x2_ASAP7_75t_R)
 122.60 1365.75 ^ _6034_/Y (OR3x4_ASAP7_75t_R)
  47.03 1412.78 v _6086_/Y (NOR2x1_ASAP7_75t_R)
  37.93 1450.70 v _6087_/Y (AO21x1_ASAP7_75t_R)
  33.35 1484.05 v _6088_/Y (AO21x1_ASAP7_75t_R)
   0.00 1484.06 v Datapath_i.fu_run_benchmark_38252_38986.Datapath_i.fu_kmp_38537_41042.out1$_DFFE_PP_/D (DFFHQNx1_ASAP7_75t_R)
        1484.06   data arrival time
---------------------------------------------------------
(Path is unconstrained)


Startpoint: Datapath_i.fu_run_benchmark_38252_38986.Datapath_i.reg_54.reg_out1[0]$_DFFE_PP_
            (rising edge-triggered flip-flop)
Endpoint: Datapath_i.fu_run_benchmark_38252_38986.Datapath_i.fu_kmp_38537_41036.out1$_DFFE_PP_
          (rising edge-triggered flip-flop)
Path Group: unconstrained
Path Type: max
Corner: slow

  Delay    Time   Description
---------------------------------------------------------
   0.00    0.00 ^ Datapath_i.fu_run_benchmark_38252_38986.Datapath_i.reg_54.reg_out1[0]$_DFFE_PP_/CLK (DFFHQNx1_ASAP7_75t_R)
 121.41  121.41 v Datapath_i.fu_run_benchmark_38252_38986.Datapath_i.reg_54.reg_out1[0]$_DFFE_PP_/QN (DFFHQNx1_ASAP7_75t_R)
  65.39  186.80 v _4830_/Y (OR3x1_ASAP7_75t_R)
  54.31  241.10 v _4838_/Y (OR3x1_ASAP7_75t_R)
  54.81  295.91 v _4848_/Y (OR3x1_ASAP7_75t_R)
  47.06  342.98 v _4857_/Y (OR2x2_ASAP7_75t_R)
  78.23  421.20 v _4868_/Y (OR4x2_ASAP7_75t_R)
  47.18  468.39 v _4880_/Y (OR2x2_ASAP7_75t_R)
  68.37  536.75 v _4891_/Y (OR4x1_ASAP7_75t_R)
  59.20  595.95 v _4900_/Y (OR3x1_ASAP7_75t_R)
  56.10  652.06 v _4914_/Y (OR3x1_ASAP7_75t_R)
  58.04  710.09 v _5994_/Y (OR3x1_ASAP7_75t_R)
  63.39  773.48 v _5995_/Y (OR3x2_ASAP7_75t_R)
  62.42  835.91 v _5996_/Y (OR3x2_ASAP7_75t_R)
  62.55  898.45 v _5997_/Y (OR3x2_ASAP7_75t_R)
  42.52  940.97 v _5998_/Y (OR2x2_ASAP7_75t_R)
  21.60  962.57 ^ _5999_/Y (NOR2x1_ASAP7_75t_R)
  41.86 1004.43 ^ _6000_/Y (XOR2x1_ASAP7_75t_R)
  62.40 1066.82 ^ _6016_/Y (AND5x1_ASAP7_75t_R)
  45.20 1112.02 ^ _6019_/Y (AO21x2_ASAP7_75t_R)
 131.13 1243.15 ^ _6022_/Y (AND5x2_ASAP7_75t_R)
 122.60 1365.75 ^ _6034_/Y (OR3x4_ASAP7_75t_R)
  46.67 1412.42 v _6080_/Y (NOR2x1_ASAP7_75t_R)
  37.67 1450.09 v _6081_/Y (AO21x1_ASAP7_75t_R)
  33.35 1483.44 v _6082_/Y (AO21x1_ASAP7_75t_R)
   0.00 1483.44 v Datapath_i.fu_run_benchmark_38252_38986.Datapath_i.fu_kmp_38537_41036.out1$_DFFE_PP_/D (DFFHQNx1_ASAP7_75t_R)
        1483.44   data arrival time
---------------------------------------------------------
(Path is unconstrained)


Startpoint: Datapath_i.fu_run_benchmark_38252_38986.Datapath_i.reg_54.reg_out1[0]$_DFFE_PP_
            (rising edge-triggered flip-flop)
Endpoint: Datapath_i.fu_run_benchmark_38252_38986.Datapath_i.fu_kmp_38537_41033.out1$_DFFE_PP_
          (rising edge-triggered flip-flop)
Path Group: unconstrained
Path Type: max
Corner: slow

  Delay    Time   Description
---------------------------------------------------------
   0.00    0.00 ^ Datapath_i.fu_run_benchmark_38252_38986.Datapath_i.reg_54.reg_out1[0]$_DFFE_PP_/CLK (DFFHQNx1_ASAP7_75t_R)
 121.41  121.41 v Datapath_i.fu_run_benchmark_38252_38986.Datapath_i.reg_54.reg_out1[0]$_DFFE_PP_/QN (DFFHQNx1_ASAP7_75t_R)
  65.39  186.80 v _4830_/Y (OR3x1_ASAP7_75t_R)
  54.31  241.10 v _4838_/Y (OR3x1_ASAP7_75t_R)
  54.81  295.91 v _4848_/Y (OR3x1_ASAP7_75t_R)
  47.06  342.98 v _4857_/Y (OR2x2_ASAP7_75t_R)
  78.23  421.20 v _4868_/Y (OR4x2_ASAP7_75t_R)
  47.18  468.39 v _4880_/Y (OR2x2_ASAP7_75t_R)
  68.37  536.75 v _4891_/Y (OR4x1_ASAP7_75t_R)
  59.20  595.95 v _4900_/Y (OR3x1_ASAP7_75t_R)
  56.10  652.06 v _4914_/Y (OR3x1_ASAP7_75t_R)
  58.04  710.09 v _5994_/Y (OR3x1_ASAP7_75t_R)
  63.39  773.48 v _5995_/Y (OR3x2_ASAP7_75t_R)
  62.42  835.91 v _5996_/Y (OR3x2_ASAP7_75t_R)
  62.55  898.45 v _5997_/Y (OR3x2_ASAP7_75t_R)
  42.52  940.97 v _5998_/Y (OR2x2_ASAP7_75t_R)
  21.60  962.57 ^ _5999_/Y (NOR2x1_ASAP7_75t_R)
  41.86 1004.43 ^ _6000_/Y (XOR2x1_ASAP7_75t_R)
  62.40 1066.82 ^ _6016_/Y (AND5x1_ASAP7_75t_R)
  45.20 1112.02 ^ _6019_/Y (AO21x2_ASAP7_75t_R)
 131.13 1243.15 ^ _6022_/Y (AND5x2_ASAP7_75t_R)
 122.60 1365.75 ^ _6034_/Y (OR3x4_ASAP7_75t_R)
  46.32 1412.07 v _6077_/Y (NOR2x1_ASAP7_75t_R)
  38.07 1450.14 v _6078_/Y (AO21x1_ASAP7_75t_R)
  33.24 1483.37 v _6079_/Y (AO21x1_ASAP7_75t_R)
   0.00 1483.38 v Datapath_i.fu_run_benchmark_38252_38986.Datapath_i.fu_kmp_38537_41033.out1$_DFFE_PP_/D (DFFHQNx1_ASAP7_75t_R)
        1483.38   data arrival time
---------------------------------------------------------
(Path is unconstrained)


Startpoint: Datapath_i.fu_run_benchmark_38252_38986.Datapath_i.reg_54.reg_out1[0]$_DFFE_PP_
            (rising edge-triggered flip-flop)
Endpoint: Datapath_i.fu_run_benchmark_38252_38986.Datapath_i.fu_kmp_38537_41030.out1$_DFFE_PP_
          (rising edge-triggered flip-flop)
Path Group: unconstrained
Path Type: max
Corner: slow

  Delay    Time   Description
---------------------------------------------------------
   0.00    0.00 ^ Datapath_i.fu_run_benchmark_38252_38986.Datapath_i.reg_54.reg_out1[0]$_DFFE_PP_/CLK (DFFHQNx1_ASAP7_75t_R)
 121.41  121.41 v Datapath_i.fu_run_benchmark_38252_38986.Datapath_i.reg_54.reg_out1[0]$_DFFE_PP_/QN (DFFHQNx1_ASAP7_75t_R)
  65.39  186.80 v _4830_/Y (OR3x1_ASAP7_75t_R)
  54.31  241.10 v _4838_/Y (OR3x1_ASAP7_75t_R)
  54.81  295.91 v _4848_/Y (OR3x1_ASAP7_75t_R)
  47.06  342.98 v _4857_/Y (OR2x2_ASAP7_75t_R)
  78.23  421.20 v _4868_/Y (OR4x2_ASAP7_75t_R)
  47.18  468.39 v _4880_/Y (OR2x2_ASAP7_75t_R)
  68.37  536.75 v _4891_/Y (OR4x1_ASAP7_75t_R)
  59.20  595.95 v _4900_/Y (OR3x1_ASAP7_75t_R)
  56.10  652.06 v _4914_/Y (OR3x1_ASAP7_75t_R)
  58.04  710.09 v _5994_/Y (OR3x1_ASAP7_75t_R)
  63.39  773.48 v _5995_/Y (OR3x2_ASAP7_75t_R)
  62.42  835.91 v _5996_/Y (OR3x2_ASAP7_75t_R)
  62.55  898.45 v _5997_/Y (OR3x2_ASAP7_75t_R)
  42.52  940.97 v _5998_/Y (OR2x2_ASAP7_75t_R)
  21.60  962.57 ^ _5999_/Y (NOR2x1_ASAP7_75t_R)
  41.86 1004.43 ^ _6000_/Y (XOR2x1_ASAP7_75t_R)
  62.40 1066.82 ^ _6016_/Y (AND5x1_ASAP7_75t_R)
  45.20 1112.02 ^ _6019_/Y (AO21x2_ASAP7_75t_R)
 131.13 1243.15 ^ _6022_/Y (AND5x2_ASAP7_75t_R)
 122.60 1365.75 ^ _6034_/Y (OR3x4_ASAP7_75t_R)
  45.85 1411.59 v _6074_/Y (NOR2x1_ASAP7_75t_R)
  37.81 1449.41 v _6075_/Y (AO21x1_ASAP7_75t_R)
  33.84 1483.25 v _6076_/Y (AO21x1_ASAP7_75t_R)
   0.02 1483.26 v Datapath_i.fu_run_benchmark_38252_38986.Datapath_i.fu_kmp_38537_41030.out1$_DFFE_PP_/D (DFFHQNx1_ASAP7_75t_R)
        1483.26   data arrival time
---------------------------------------------------------
(Path is unconstrained)


Startpoint: Datapath_i.fu_run_benchmark_38252_38986.Datapath_i.reg_54.reg_out1[0]$_DFFE_PP_
            (rising edge-triggered flip-flop)
Endpoint: Datapath_i.fu_run_benchmark_38252_38986.Datapath_i.fu_kmp_38537_41024.out1$_DFFE_PP_
          (rising edge-triggered flip-flop)
Path Group: unconstrained
Path Type: max
Corner: slow

  Delay    Time   Description
---------------------------------------------------------
   0.00    0.00 ^ Datapath_i.fu_run_benchmark_38252_38986.Datapath_i.reg_54.reg_out1[0]$_DFFE_PP_/CLK (DFFHQNx1_ASAP7_75t_R)
 121.41  121.41 v Datapath_i.fu_run_benchmark_38252_38986.Datapath_i.reg_54.reg_out1[0]$_DFFE_PP_/QN (DFFHQNx1_ASAP7_75t_R)
  65.39  186.80 v _4830_/Y (OR3x1_ASAP7_75t_R)
  54.31  241.10 v _4838_/Y (OR3x1_ASAP7_75t_R)
  54.81  295.91 v _4848_/Y (OR3x1_ASAP7_75t_R)
  47.06  342.98 v _4857_/Y (OR2x2_ASAP7_75t_R)
  78.23  421.20 v _4868_/Y (OR4x2_ASAP7_75t_R)
  47.18  468.39 v _4880_/Y (OR2x2_ASAP7_75t_R)
  68.37  536.75 v _4891_/Y (OR4x1_ASAP7_75t_R)
  59.20  595.95 v _4900_/Y (OR3x1_ASAP7_75t_R)
  56.10  652.06 v _4914_/Y (OR3x1_ASAP7_75t_R)
  58.04  710.09 v _5994_/Y (OR3x1_ASAP7_75t_R)
  63.39  773.48 v _5995_/Y (OR3x2_ASAP7_75t_R)
  62.42  835.91 v _5996_/Y (OR3x2_ASAP7_75t_R)
  62.55  898.45 v _5997_/Y (OR3x2_ASAP7_75t_R)
  42.52  940.97 v _5998_/Y (OR2x2_ASAP7_75t_R)
  21.60  962.57 ^ _5999_/Y (NOR2x1_ASAP7_75t_R)
  41.86 1004.43 ^ _6000_/Y (XOR2x1_ASAP7_75t_R)
  62.40 1066.82 ^ _6016_/Y (AND5x1_ASAP7_75t_R)
  45.20 1112.02 ^ _6019_/Y (AO21x2_ASAP7_75t_R)
 131.13 1243.15 ^ _6022_/Y (AND5x2_ASAP7_75t_R)
 122.60 1365.75 ^ _6034_/Y (OR3x4_ASAP7_75t_R)
  45.58 1411.32 v _6070_/Y (NOR2x1_ASAP7_75t_R)
  37.73 1449.05 v _6071_/Y (AO21x1_ASAP7_75t_R)
  33.69 1482.75 v _6072_/Y (AO21x1_ASAP7_75t_R)
   0.01 1482.76 v Datapath_i.fu_run_benchmark_38252_38986.Datapath_i.fu_kmp_38537_41024.out1$_DFFE_PP_/D (DFFHQNx1_ASAP7_75t_R)
        1482.76   data arrival time
---------------------------------------------------------
(Path is unconstrained)


