max slew

Pin                                    Limit    Slew   Slack
------------------------------------------------------------
_6502_/B                              320.00  333.24  -13.24 (VIOLATED)
_6509_/B                              320.00  333.19  -13.19 (VIOLATED)
_6515_/B                              320.00  333.14  -13.14 (VIOLATED)
_6497_/B                              320.00  333.12  -13.12 (VIOLATED)
_6492_/B                              320.00  333.10  -13.10 (VIOLATED)
_6487_/B                              320.00  332.98  -12.98 (VIOLATED)
_6520_/B                              320.00  332.98  -12.98 (VIOLATED)
_6525_/B                              320.00  332.67  -12.67 (VIOLATED)
_6482_/B                              320.00  332.57  -12.57 (VIOLATED)
_6477_/B                              320.00  332.51  -12.51 (VIOLATED)
_6530_/B                              320.00  332.14  -12.14 (VIOLATED)
_6535_/B                              320.00  331.61  -11.61 (VIOLATED)
_6540_/B                              320.00  331.25  -11.25 (VIOLATED)
_6544_/B                              320.00  330.92  -10.92 (VIOLATED)
_6548_/B                              320.00  330.48  -10.48 (VIOLATED)
_6472_/B                              320.00  330.18  -10.18 (VIOLATED)
_6467_/B                              320.00  328.98   -8.98 (VIOLATED)
_8444_/B                              320.00  328.68   -8.68 (VIOLATED)
_8446_/B                              320.00  328.67   -8.67 (VIOLATED)
_8435_/B                              320.00  328.65   -8.65 (VIOLATED)
_8445_/B                              320.00  328.63   -8.63 (VIOLATED)
_8319_/A2                             320.00  328.57   -8.57 (VIOLATED)
_8358_/A2                             320.00  328.53   -8.53 (VIOLATED)
_6462_/B                              320.00  328.50   -8.50 (VIOLATED)
_8284_/A2                             320.00  328.43   -8.43 (VIOLATED)
_8332_/A2                             320.00  328.41   -8.41 (VIOLATED)
_8307_/A2                             320.00  328.29   -8.29 (VIOLATED)
_8271_/A2                             320.00  328.18   -8.18 (VIOLATED)
_8258_/A2                             320.00  328.12   -8.12 (VIOLATED)
_6457_/B                              320.00  328.06   -8.06 (VIOLATED)
_8245_/A2                             320.00  327.88   -7.88 (VIOLATED)
_8232_/A2                             320.00  327.82   -7.82 (VIOLATED)
_8345_/A2                             320.00  327.54   -7.54 (VIOLATED)
_6451_/B                              320.00  327.39   -7.39 (VIOLATED)
_8344_/B                              320.00  326.86   -6.86 (VIOLATED)
_8331_/C                              320.00  326.58   -6.58 (VIOLATED)
_8357_/C                              320.00  326.54   -6.54 (VIOLATED)
_6446_/B                              320.00  326.46   -6.46 (VIOLATED)
_6438_/B                              320.00  325.75   -5.75 (VIOLATED)
_8318_/C                              320.00  325.68   -5.68 (VIOLATED)
_6433_/B                              320.00  325.45   -5.45 (VIOLATED)
_8373_/C                              320.00  325.03   -5.03 (VIOLATED)
_8306_/B                              320.00  324.36   -4.36 (VIOLATED)
_6428_/B                              320.00  324.08   -4.08 (VIOLATED)
_6423_/B                              320.00  324.04   -4.04 (VIOLATED)
_8283_/C                              320.00  323.85   -3.85 (VIOLATED)
_8270_/B                              320.00  323.63   -3.63 (VIOLATED)
_8257_/B                              320.00  322.83   -2.83 (VIOLATED)
_8244_/B                              320.00  322.39   -2.39 (VIOLATED)
_6413_/B                              320.00  322.32   -2.32 (VIOLATED)
_8231_/B                              320.00  321.90   -1.90 (VIOLATED)
_6404_/B                              320.00  321.46   -1.46 (VIOLATED)
_8218_/B                              320.00  321.09   -1.09 (VIOLATED)
_6418_/B                              320.00  321.01   -1.01 (VIOLATED)
_6408_/B                              320.00  320.96   -0.96 (VIOLATED)
_8204_/B                              320.00  320.57   -0.57 (VIOLATED)
_6391_/B                              320.00  320.31   -0.31 (VIOLATED)
_8190_/C                              320.00  320.27   -0.27 (VIOLATED)

