Startpoint: Datapath_i.fu_run_benchmark_38252_38986.Datapath_i.reg_54.reg_out1[0]$_DFFE_PP_
            (rising edge-triggered flip-flop)
Endpoint: Datapath_i.fu_run_benchmark_38252_38986.Datapath_i.fu_kmp_38537_41048.out1$_DFFE_PP_
          (rising edge-triggered flip-flop)
Path Group: unconstrained
Path Type: max
Corner: slow

  Delay    Time   Description
---------------------------------------------------------
   0.00    0.00 ^ Datapath_i.fu_run_benchmark_38252_38986.Datapath_i.reg_54.reg_out1[0]$_DFFE_PP_/CLK (DFFHQNx1_ASAP7_75t_R)
 124.23  124.23 v Datapath_i.fu_run_benchmark_38252_38986.Datapath_i.reg_54.reg_out1[0]$_DFFE_PP_/QN (DFFHQNx1_ASAP7_75t_R)
  66.51  190.74 v _4830_/Y (OR3x1_ASAP7_75t_R)
  54.50  245.24 v _4838_/Y (OR3x1_ASAP7_75t_R)
  54.49  299.73 v _4848_/Y (OR3x1_ASAP7_75t_R)
  46.91  346.64 v _4857_/Y (OR2x2_ASAP7_75t_R)
  78.39  425.03 v _4868_/Y (OR4x2_ASAP7_75t_R)
  47.21  472.24 v _4880_/Y (OR2x2_ASAP7_75t_R)
  68.17  540.41 v _4891_/Y (OR4x1_ASAP7_75t_R)
  59.28  599.68 v _4900_/Y (OR3x1_ASAP7_75t_R)
  56.79  656.47 v _4914_/Y (OR3x1_ASAP7_75t_R)
  58.22  714.69 v _5994_/Y (OR3x1_ASAP7_75t_R)
  63.45  778.14 v _5995_/Y (OR3x2_ASAP7_75t_R)
  62.67  840.81 v _5996_/Y (OR3x2_ASAP7_75t_R)
  62.89  903.70 v _5997_/Y (OR3x2_ASAP7_75t_R)
  42.59  946.30 v _5998_/Y (OR2x2_ASAP7_75t_R)
  21.47  967.77 ^ _5999_/Y (NOR2x1_ASAP7_75t_R)
  42.14 1009.91 ^ _6000_/Y (XOR2x1_ASAP7_75t_R)
  62.68 1072.59 ^ _6016_/Y (AND5x1_ASAP7_75t_R)
  45.38 1117.97 ^ _6019_/Y (AO21x2_ASAP7_75t_R)
 134.34 1252.31 ^ _6022_/Y (AND5x2_ASAP7_75t_R)
 122.35 1374.66 ^ _6034_/Y (OR3x4_ASAP7_75t_R)
  58.79 1433.45 v _6089_/Y (NOR2x1_ASAP7_75t_R)
  38.31 1471.76 v _6090_/Y (AO21x1_ASAP7_75t_R)
  33.89 1505.65 v _6091_/Y (AO21x1_ASAP7_75t_R)
   0.05 1505.71 v Datapath_i.fu_run_benchmark_38252_38986.Datapath_i.fu_kmp_38537_41048.out1$_DFFE_PP_/D (DFFHQNx1_ASAP7_75t_R)
        1505.71   data arrival time
---------------------------------------------------------
(Path is unconstrained)


Startpoint: Datapath_i.fu_run_benchmark_38252_38986.Datapath_i.reg_54.reg_out1[0]$_DFFE_PP_
            (rising edge-triggered flip-flop)
Endpoint: Datapath_i.fu_run_benchmark_38252_38986.Datapath_i.fu_kmp_38537_41057.out1$_DFFE_PP_
          (rising edge-triggered flip-flop)
Path Group: unconstrained
Path Type: max
Corner: slow

  Delay    Time   Description
---------------------------------------------------------
   0.00    0.00 ^ Datapath_i.fu_run_benchmark_38252_38986.Datapath_i.reg_54.reg_out1[0]$_DFFE_PP_/CLK (DFFHQNx1_ASAP7_75t_R)
 124.23  124.23 v Datapath_i.fu_run_benchmark_38252_38986.Datapath_i.reg_54.reg_out1[0]$_DFFE_PP_/QN (DFFHQNx1_ASAP7_75t_R)
  66.51  190.74 v _4830_/Y (OR3x1_ASAP7_75t_R)
  54.50  245.24 v _4838_/Y (OR3x1_ASAP7_75t_R)
  54.49  299.73 v _4848_/Y (OR3x1_ASAP7_75t_R)
  46.91  346.64 v _4857_/Y (OR2x2_ASAP7_75t_R)
  78.39  425.03 v _4868_/Y (OR4x2_ASAP7_75t_R)
  47.21  472.24 v _4880_/Y (OR2x2_ASAP7_75t_R)
  68.17  540.41 v _4891_/Y (OR4x1_ASAP7_75t_R)
  59.28  599.68 v _4900_/Y (OR3x1_ASAP7_75t_R)
  56.79  656.47 v _4914_/Y (OR3x1_ASAP7_75t_R)
  58.22  714.69 v _5994_/Y (OR3x1_ASAP7_75t_R)
  63.45  778.14 v _5995_/Y (OR3x2_ASAP7_75t_R)
  62.67  840.81 v _5996_/Y (OR3x2_ASAP7_75t_R)
  62.89  903.70 v _5997_/Y (OR3x2_ASAP7_75t_R)
  42.59  946.30 v _5998_/Y (OR2x2_ASAP7_75t_R)
  21.47  967.77 ^ _5999_/Y (NOR2x1_ASAP7_75t_R)
  42.14 1009.91 ^ _6000_/Y (XOR2x1_ASAP7_75t_R)
  62.68 1072.59 ^ _6016_/Y (AND5x1_ASAP7_75t_R)
  45.38 1117.97 ^ _6019_/Y (AO21x2_ASAP7_75t_R)
 134.34 1252.31 ^ _6022_/Y (AND5x2_ASAP7_75t_R)
 122.35 1374.66 ^ _6034_/Y (OR3x4_ASAP7_75t_R)
  59.23 1433.89 v _6098_/Y (NOR2x1_ASAP7_75t_R)
  38.37 1472.26 v _6099_/Y (AO21x1_ASAP7_75t_R)
  33.20 1505.47 v _6100_/Y (AO21x1_ASAP7_75t_R)
   0.04 1505.51 v Datapath_i.fu_run_benchmark_38252_38986.Datapath_i.fu_kmp_38537_41057.out1$_DFFE_PP_/D (DFFHQNx1_ASAP7_75t_R)
        1505.51   data arrival time
---------------------------------------------------------
(Path is unconstrained)


Startpoint: Datapath_i.fu_run_benchmark_38252_38986.Datapath_i.reg_54.reg_out1[0]$_DFFE_PP_
            (rising edge-triggered flip-flop)
Endpoint: Datapath_i.fu_run_benchmark_38252_38986.Datapath_i.fu_kmp_38537_41036.out1$_DFFE_PP_
          (rising edge-triggered flip-flop)
Path Group: unconstrained
Path Type: max
Corner: slow

  Delay    Time   Description
---------------------------------------------------------
   0.00    0.00 ^ Datapath_i.fu_run_benchmark_38252_38986.Datapath_i.reg_54.reg_out1[0]$_DFFE_PP_/CLK (DFFHQNx1_ASAP7_75t_R)
 124.23  124.23 v Datapath_i.fu_run_benchmark_38252_38986.Datapath_i.reg_54.reg_out1[0]$_DFFE_PP_/QN (DFFHQNx1_ASAP7_75t_R)
  66.51  190.74 v _4830_/Y (OR3x1_ASAP7_75t_R)
  54.50  245.24 v _4838_/Y (OR3x1_ASAP7_75t_R)
  54.49  299.73 v _4848_/Y (OR3x1_ASAP7_75t_R)
  46.91  346.64 v _4857_/Y (OR2x2_ASAP7_75t_R)
  78.39  425.03 v _4868_/Y (OR4x2_ASAP7_75t_R)
  47.21  472.24 v _4880_/Y (OR2x2_ASAP7_75t_R)
  68.17  540.41 v _4891_/Y (OR4x1_ASAP7_75t_R)
  59.28  599.68 v _4900_/Y (OR3x1_ASAP7_75t_R)
  56.79  656.47 v _4914_/Y (OR3x1_ASAP7_75t_R)
  58.22  714.69 v _5994_/Y (OR3x1_ASAP7_75t_R)
  63.45  778.14 v _5995_/Y (OR3x2_ASAP7_75t_R)
  62.67  840.81 v _5996_/Y (OR3x2_ASAP7_75t_R)
  62.89  903.70 v _5997_/Y (OR3x2_ASAP7_75t_R)
  42.59  946.30 v _5998_/Y (OR2x2_ASAP7_75t_R)
  21.47  967.77 ^ _5999_/Y (NOR2x1_ASAP7_75t_R)
  42.14 1009.91 ^ _6000_/Y (XOR2x1_ASAP7_75t_R)
  62.68 1072.59 ^ _6016_/Y (AND5x1_ASAP7_75t_R)
  45.38 1117.97 ^ _6019_/Y (AO21x2_ASAP7_75t_R)
 134.34 1252.31 ^ _6022_/Y (AND5x2_ASAP7_75t_R)
 122.35 1374.66 ^ _6034_/Y (OR3x4_ASAP7_75t_R)
  58.30 1432.96 v _6080_/Y (NOR2x1_ASAP7_75t_R)
  38.89 1471.85 v _6081_/Y (AO21x1_ASAP7_75t_R)
  33.47 1505.32 v _6082_/Y (AO21x1_ASAP7_75t_R)
   0.04 1505.36 v Datapath_i.fu_run_benchmark_38252_38986.Datapath_i.fu_kmp_38537_41036.out1$_DFFE_PP_/D (DFFHQNx1_ASAP7_75t_R)
        1505.36   data arrival time
---------------------------------------------------------
(Path is unconstrained)


Startpoint: Datapath_i.fu_run_benchmark_38252_38986.Datapath_i.reg_54.reg_out1[0]$_DFFE_PP_
            (rising edge-triggered flip-flop)
Endpoint: Datapath_i.fu_run_benchmark_38252_38986.Datapath_i.fu_kmp_38537_41054.out1$_DFFE_PP_
          (rising edge-triggered flip-flop)
Path Group: unconstrained
Path Type: max
Corner: slow

  Delay    Time   Description
---------------------------------------------------------
   0.00    0.00 ^ Datapath_i.fu_run_benchmark_38252_38986.Datapath_i.reg_54.reg_out1[0]$_DFFE_PP_/CLK (DFFHQNx1_ASAP7_75t_R)
 124.23  124.23 v Datapath_i.fu_run_benchmark_38252_38986.Datapath_i.reg_54.reg_out1[0]$_DFFE_PP_/QN (DFFHQNx1_ASAP7_75t_R)
  66.51  190.74 v _4830_/Y (OR3x1_ASAP7_75t_R)
  54.50  245.24 v _4838_/Y (OR3x1_ASAP7_75t_R)
  54.49  299.73 v _4848_/Y (OR3x1_ASAP7_75t_R)
  46.91  346.64 v _4857_/Y (OR2x2_ASAP7_75t_R)
  78.39  425.03 v _4868_/Y (OR4x2_ASAP7_75t_R)
  47.21  472.24 v _4880_/Y (OR2x2_ASAP7_75t_R)
  68.17  540.41 v _4891_/Y (OR4x1_ASAP7_75t_R)
  59.28  599.68 v _4900_/Y (OR3x1_ASAP7_75t_R)
  56.79  656.47 v _4914_/Y (OR3x1_ASAP7_75t_R)
  58.22  714.69 v _5994_/Y (OR3x1_ASAP7_75t_R)
  63.45  778.14 v _5995_/Y (OR3x2_ASAP7_75t_R)
  62.67  840.81 v _5996_/Y (OR3x2_ASAP7_75t_R)
  62.89  903.70 v _5997_/Y (OR3x2_ASAP7_75t_R)
  42.59  946.30 v _5998_/Y (OR2x2_ASAP7_75t_R)
  21.47  967.77 ^ _5999_/Y (NOR2x1_ASAP7_75t_R)
  42.14 1009.91 ^ _6000_/Y (XOR2x1_ASAP7_75t_R)
  62.68 1072.59 ^ _6016_/Y (AND5x1_ASAP7_75t_R)
  45.38 1117.97 ^ _6019_/Y (AO21x2_ASAP7_75t_R)
 134.34 1252.31 ^ _6022_/Y (AND5x2_ASAP7_75t_R)
 122.35 1374.66 ^ _6034_/Y (OR3x4_ASAP7_75t_R)
  58.50 1433.16 v _6095_/Y (NOR2x1_ASAP7_75t_R)
  38.29 1471.45 v _6096_/Y (AO21x1_ASAP7_75t_R)
  33.85 1505.30 v _6097_/Y (AO21x1_ASAP7_75t_R)
   0.05 1505.34 v Datapath_i.fu_run_benchmark_38252_38986.Datapath_i.fu_kmp_38537_41054.out1$_DFFE_PP_/D (DFFHQNx1_ASAP7_75t_R)
        1505.34   data arrival time
---------------------------------------------------------
(Path is unconstrained)


Startpoint: Datapath_i.fu_run_benchmark_38252_38986.Datapath_i.reg_54.reg_out1[0]$_DFFE_PP_
            (rising edge-triggered flip-flop)
Endpoint: Datapath_i.fu_run_benchmark_38252_38986.Datapath_i.fu_kmp_38537_41051.out1$_DFFE_PP_
          (rising edge-triggered flip-flop)
Path Group: unconstrained
Path Type: max
Corner: slow

  Delay    Time   Description
---------------------------------------------------------
   0.00    0.00 ^ Datapath_i.fu_run_benchmark_38252_38986.Datapath_i.reg_54.reg_out1[0]$_DFFE_PP_/CLK (DFFHQNx1_ASAP7_75t_R)
 124.23  124.23 v Datapath_i.fu_run_benchmark_38252_38986.Datapath_i.reg_54.reg_out1[0]$_DFFE_PP_/QN (DFFHQNx1_ASAP7_75t_R)
  66.51  190.74 v _4830_/Y (OR3x1_ASAP7_75t_R)
  54.50  245.24 v _4838_/Y (OR3x1_ASAP7_75t_R)
  54.49  299.73 v _4848_/Y (OR3x1_ASAP7_75t_R)
  46.91  346.64 v _4857_/Y (OR2x2_ASAP7_75t_R)
  78.39  425.03 v _4868_/Y (OR4x2_ASAP7_75t_R)
  47.21  472.24 v _4880_/Y (OR2x2_ASAP7_75t_R)
  68.17  540.41 v _4891_/Y (OR4x1_ASAP7_75t_R)
  59.28  599.68 v _4900_/Y (OR3x1_ASAP7_75t_R)
  56.79  656.47 v _4914_/Y (OR3x1_ASAP7_75t_R)
  58.22  714.69 v _5994_/Y (OR3x1_ASAP7_75t_R)
  63.45  778.14 v _5995_/Y (OR3x2_ASAP7_75t_R)
  62.67  840.81 v _5996_/Y (OR3x2_ASAP7_75t_R)
  62.89  903.70 v _5997_/Y (OR3x2_ASAP7_75t_R)
  42.59  946.30 v _5998_/Y (OR2x2_ASAP7_75t_R)
  21.47  967.77 ^ _5999_/Y (NOR2x1_ASAP7_75t_R)
  42.14 1009.91 ^ _6000_/Y (XOR2x1_ASAP7_75t_R)
  62.68 1072.59 ^ _6016_/Y (AND5x1_ASAP7_75t_R)
  45.38 1117.97 ^ _6019_/Y (AO21x2_ASAP7_75t_R)
 134.34 1252.31 ^ _6022_/Y (AND5x2_ASAP7_75t_R)
 122.35 1374.66 ^ _6034_/Y (OR3x4_ASAP7_75t_R)
  58.60 1433.26 v _6092_/Y (NOR2x1_ASAP7_75t_R)
  38.32 1471.58 v _6093_/Y (AO21x1_ASAP7_75t_R)
  33.71 1505.29 v _6094_/Y (AO21x1_ASAP7_75t_R)
   0.05 1505.33 v Datapath_i.fu_run_benchmark_38252_38986.Datapath_i.fu_kmp_38537_41051.out1$_DFFE_PP_/D (DFFHQNx1_ASAP7_75t_R)
        1505.33   data arrival time
---------------------------------------------------------
(Path is unconstrained)


Startpoint: Datapath_i.fu_run_benchmark_38252_38986.Datapath_i.reg_54.reg_out1[0]$_DFFE_PP_
            (rising edge-triggered flip-flop)
Endpoint: Datapath_i.fu_run_benchmark_38252_38986.Datapath_i.fu_kmp_38537_41039.out1$_DFFE_PP_
          (rising edge-triggered flip-flop)
Path Group: unconstrained
Path Type: max
Corner: slow

  Delay    Time   Description
---------------------------------------------------------
   0.00    0.00 ^ Datapath_i.fu_run_benchmark_38252_38986.Datapath_i.reg_54.reg_out1[0]$_DFFE_PP_/CLK (DFFHQNx1_ASAP7_75t_R)
 124.23  124.23 v Datapath_i.fu_run_benchmark_38252_38986.Datapath_i.reg_54.reg_out1[0]$_DFFE_PP_/QN (DFFHQNx1_ASAP7_75t_R)
  66.51  190.74 v _4830_/Y (OR3x1_ASAP7_75t_R)
  54.50  245.24 v _4838_/Y (OR3x1_ASAP7_75t_R)
  54.49  299.73 v _4848_/Y (OR3x1_ASAP7_75t_R)
  46.91  346.64 v _4857_/Y (OR2x2_ASAP7_75t_R)
  78.39  425.03 v _4868_/Y (OR4x2_ASAP7_75t_R)
  47.21  472.24 v _4880_/Y (OR2x2_ASAP7_75t_R)
  68.17  540.41 v _4891_/Y (OR4x1_ASAP7_75t_R)
  59.28  599.68 v _4900_/Y (OR3x1_ASAP7_75t_R)
  56.79  656.47 v _4914_/Y (OR3x1_ASAP7_75t_R)
  58.22  714.69 v _5994_/Y (OR3x1_ASAP7_75t_R)
  63.45  778.14 v _5995_/Y (OR3x2_ASAP7_75t_R)
  62.67  840.81 v _5996_/Y (OR3x2_ASAP7_75t_R)
  62.89  903.70 v _5997_/Y (OR3x2_ASAP7_75t_R)
  42.59  946.30 v _5998_/Y (OR2x2_ASAP7_75t_R)
  21.47  967.77 ^ _5999_/Y (NOR2x1_ASAP7_75t_R)
  42.14 1009.91 ^ _6000_/Y (XOR2x1_ASAP7_75t_R)
  62.68 1072.59 ^ _6016_/Y (AND5x1_ASAP7_75t_R)
  45.38 1117.97 ^ _6019_/Y (AO21x2_ASAP7_75t_R)
 134.34 1252.31 ^ _6022_/Y (AND5x2_ASAP7_75t_R)
 122.35 1374.66 ^ _6034_/Y (OR3x4_ASAP7_75t_R)
  57.77 1432.43 v _6083_/Y (NOR2x1_ASAP7_75t_R)
  38.85 1471.29 v _6084_/Y (AO21x1_ASAP7_75t_R)
  33.78 1505.07 v _6085_/Y (AO21x1_ASAP7_75t_R)
   0.05 1505.12 v Datapath_i.fu_run_benchmark_38252_38986.Datapath_i.fu_kmp_38537_41039.out1$_DFFE_PP_/D (DFFHQNx1_ASAP7_75t_R)
        1505.12   data arrival time
---------------------------------------------------------
(Path is unconstrained)


Startpoint: Datapath_i.fu_run_benchmark_38252_38986.Datapath_i.reg_54.reg_out1[0]$_DFFE_PP_
            (rising edge-triggered flip-flop)
Endpoint: Datapath_i.fu_run_benchmark_38252_38986.Datapath_i.fu_kmp_38537_41042.out1$_DFFE_PP_
          (rising edge-triggered flip-flop)
Path Group: unconstrained
Path Type: max
Corner: slow

  Delay    Time   Description
---------------------------------------------------------
   0.00    0.00 ^ Datapath_i.fu_run_benchmark_38252_38986.Datapath_i.reg_54.reg_out1[0]$_DFFE_PP_/CLK (DFFHQNx1_ASAP7_75t_R)
 124.23  124.23 v Datapath_i.fu_run_benchmark_38252_38986.Datapath_i.reg_54.reg_out1[0]$_DFFE_PP_/QN (DFFHQNx1_ASAP7_75t_R)
  66.51  190.74 v _4830_/Y (OR3x1_ASAP7_75t_R)
  54.50  245.24 v _4838_/Y (OR3x1_ASAP7_75t_R)
  54.49  299.73 v _4848_/Y (OR3x1_ASAP7_75t_R)
  46.91  346.64 v _4857_/Y (OR2x2_ASAP7_75t_R)
  78.39  425.03 v _4868_/Y (OR4x2_ASAP7_75t_R)
  47.21  472.24 v _4880_/Y (OR2x2_ASAP7_75t_R)
  68.17  540.41 v _4891_/Y (OR4x1_ASAP7_75t_R)
  59.28  599.68 v _4900_/Y (OR3x1_ASAP7_75t_R)
  56.79  656.47 v _4914_/Y (OR3x1_ASAP7_75t_R)
  58.22  714.69 v _5994_/Y (OR3x1_ASAP7_75t_R)
  63.45  778.14 v _5995_/Y (OR3x2_ASAP7_75t_R)
  62.67  840.81 v _5996_/Y (OR3x2_ASAP7_75t_R)
  62.89  903.70 v _5997_/Y (OR3x2_ASAP7_75t_R)
  42.59  946.30 v _5998_/Y (OR2x2_ASAP7_75t_R)
  21.47  967.77 ^ _5999_/Y (NOR2x1_ASAP7_75t_R)
  42.14 1009.91 ^ _6000_/Y (XOR2x1_ASAP7_75t_R)
  62.68 1072.59 ^ _6016_/Y (AND5x1_ASAP7_75t_R)
  45.38 1117.97 ^ _6019_/Y (AO21x2_ASAP7_75t_R)
 134.34 1252.31 ^ _6022_/Y (AND5x2_ASAP7_75t_R)
 122.35 1374.66 ^ _6034_/Y (OR3x4_ASAP7_75t_R)
  58.22 1432.88 v _6086_/Y (NOR2x1_ASAP7_75t_R)
  38.33 1471.22 v _6087_/Y (AO21x1_ASAP7_75t_R)
  33.40 1504.61 v _6088_/Y (AO21x1_ASAP7_75t_R)
   0.04 1504.65 v Datapath_i.fu_run_benchmark_38252_38986.Datapath_i.fu_kmp_38537_41042.out1$_DFFE_PP_/D (DFFHQNx1_ASAP7_75t_R)
        1504.65   data arrival time
---------------------------------------------------------
(Path is unconstrained)


Startpoint: Datapath_i.fu_run_benchmark_38252_38986.Datapath_i.reg_54.reg_out1[0]$_DFFE_PP_
            (rising edge-triggered flip-flop)
Endpoint: Datapath_i.fu_run_benchmark_38252_38986.Datapath_i.fu_kmp_38537_41033.out1$_DFFE_PP_
          (rising edge-triggered flip-flop)
Path Group: unconstrained
Path Type: max
Corner: slow

  Delay    Time   Description
---------------------------------------------------------
   0.00    0.00 ^ Datapath_i.fu_run_benchmark_38252_38986.Datapath_i.reg_54.reg_out1[0]$_DFFE_PP_/CLK (DFFHQNx1_ASAP7_75t_R)
 124.23  124.23 v Datapath_i.fu_run_benchmark_38252_38986.Datapath_i.reg_54.reg_out1[0]$_DFFE_PP_/QN (DFFHQNx1_ASAP7_75t_R)
  66.51  190.74 v _4830_/Y (OR3x1_ASAP7_75t_R)
  54.50  245.24 v _4838_/Y (OR3x1_ASAP7_75t_R)
  54.49  299.73 v _4848_/Y (OR3x1_ASAP7_75t_R)
  46.91  346.64 v _4857_/Y (OR2x2_ASAP7_75t_R)
  78.39  425.03 v _4868_/Y (OR4x2_ASAP7_75t_R)
  47.21  472.24 v _4880_/Y (OR2x2_ASAP7_75t_R)
  68.17  540.41 v _4891_/Y (OR4x1_ASAP7_75t_R)
  59.28  599.68 v _4900_/Y (OR3x1_ASAP7_75t_R)
  56.79  656.47 v _4914_/Y (OR3x1_ASAP7_75t_R)
  58.22  714.69 v _5994_/Y (OR3x1_ASAP7_75t_R)
  63.45  778.14 v _5995_/Y (OR3x2_ASAP7_75t_R)
  62.67  840.81 v _5996_/Y (OR3x2_ASAP7_75t_R)
  62.89  903.70 v _5997_/Y (OR3x2_ASAP7_75t_R)
  42.59  946.30 v _5998_/Y (OR2x2_ASAP7_75t_R)
  21.47  967.77 ^ _5999_/Y (NOR2x1_ASAP7_75t_R)
  42.14 1009.91 ^ _6000_/Y (XOR2x1_ASAP7_75t_R)
  62.68 1072.59 ^ _6016_/Y (AND5x1_ASAP7_75t_R)
  45.38 1117.97 ^ _6019_/Y (AO21x2_ASAP7_75t_R)
 134.34 1252.31 ^ _6022_/Y (AND5x2_ASAP7_75t_R)
 122.35 1374.66 ^ _6034_/Y (OR3x4_ASAP7_75t_R)
  57.23 1431.89 v _6077_/Y (NOR2x1_ASAP7_75t_R)
  38.43 1470.32 v _6078_/Y (AO21x1_ASAP7_75t_R)
  33.24 1503.57 v _6079_/Y (AO21x1_ASAP7_75t_R)
   0.04 1503.61 v Datapath_i.fu_run_benchmark_38252_38986.Datapath_i.fu_kmp_38537_41033.out1$_DFFE_PP_/D (DFFHQNx1_ASAP7_75t_R)
        1503.61   data arrival time
---------------------------------------------------------
(Path is unconstrained)


Startpoint: Datapath_i.fu_run_benchmark_38252_38986.Datapath_i.reg_54.reg_out1[0]$_DFFE_PP_
            (rising edge-triggered flip-flop)
Endpoint: Datapath_i.fu_run_benchmark_38252_38986.Datapath_i.fu_kmp_38537_41030.out1$_DFFE_PP_
          (rising edge-triggered flip-flop)
Path Group: unconstrained
Path Type: max
Corner: slow

  Delay    Time   Description
---------------------------------------------------------
   0.00    0.00 ^ Datapath_i.fu_run_benchmark_38252_38986.Datapath_i.reg_54.reg_out1[0]$_DFFE_PP_/CLK (DFFHQNx1_ASAP7_75t_R)
 124.23  124.23 v Datapath_i.fu_run_benchmark_38252_38986.Datapath_i.reg_54.reg_out1[0]$_DFFE_PP_/QN (DFFHQNx1_ASAP7_75t_R)
  66.51  190.74 v _4830_/Y (OR3x1_ASAP7_75t_R)
  54.50  245.24 v _4838_/Y (OR3x1_ASAP7_75t_R)
  54.49  299.73 v _4848_/Y (OR3x1_ASAP7_75t_R)
  46.91  346.64 v _4857_/Y (OR2x2_ASAP7_75t_R)
  78.39  425.03 v _4868_/Y (OR4x2_ASAP7_75t_R)
  47.21  472.24 v _4880_/Y (OR2x2_ASAP7_75t_R)
  68.17  540.41 v _4891_/Y (OR4x1_ASAP7_75t_R)
  59.28  599.68 v _4900_/Y (OR3x1_ASAP7_75t_R)
  56.79  656.47 v _4914_/Y (OR3x1_ASAP7_75t_R)
  58.22  714.69 v _5994_/Y (OR3x1_ASAP7_75t_R)
  63.45  778.14 v _5995_/Y (OR3x2_ASAP7_75t_R)
  62.67  840.81 v _5996_/Y (OR3x2_ASAP7_75t_R)
  62.89  903.70 v _5997_/Y (OR3x2_ASAP7_75t_R)
  42.59  946.30 v _5998_/Y (OR2x2_ASAP7_75t_R)
  21.47  967.77 ^ _5999_/Y (NOR2x1_ASAP7_75t_R)
  42.14 1009.91 ^ _6000_/Y (XOR2x1_ASAP7_75t_R)
  62.68 1072.59 ^ _6016_/Y (AND5x1_ASAP7_75t_R)
  45.38 1117.97 ^ _6019_/Y (AO21x2_ASAP7_75t_R)
 134.34 1252.31 ^ _6022_/Y (AND5x2_ASAP7_75t_R)
 122.35 1374.66 ^ _6034_/Y (OR3x4_ASAP7_75t_R)
  56.48 1431.15 v _6074_/Y (NOR2x1_ASAP7_75t_R)
  38.37 1469.51 v _6075_/Y (AO21x1_ASAP7_75t_R)
  33.96 1503.48 v _6076_/Y (AO21x1_ASAP7_75t_R)
   0.06 1503.53 v Datapath_i.fu_run_benchmark_38252_38986.Datapath_i.fu_kmp_38537_41030.out1$_DFFE_PP_/D (DFFHQNx1_ASAP7_75t_R)
        1503.53   data arrival time
---------------------------------------------------------
(Path is unconstrained)


Startpoint: Datapath_i.fu_run_benchmark_38252_38986.Datapath_i.reg_54.reg_out1[0]$_DFFE_PP_
            (rising edge-triggered flip-flop)
Endpoint: Datapath_i.fu_run_benchmark_38252_38986.Datapath_i.fu_kmp_38537_41024.out1$_DFFE_PP_
          (rising edge-triggered flip-flop)
Path Group: unconstrained
Path Type: max
Corner: slow

  Delay    Time   Description
---------------------------------------------------------
   0.00    0.00 ^ Datapath_i.fu_run_benchmark_38252_38986.Datapath_i.reg_54.reg_out1[0]$_DFFE_PP_/CLK (DFFHQNx1_ASAP7_75t_R)
 124.23  124.23 v Datapath_i.fu_run_benchmark_38252_38986.Datapath_i.reg_54.reg_out1[0]$_DFFE_PP_/QN (DFFHQNx1_ASAP7_75t_R)
  66.51  190.74 v _4830_/Y (OR3x1_ASAP7_75t_R)
  54.50  245.24 v _4838_/Y (OR3x1_ASAP7_75t_R)
  54.49  299.73 v _4848_/Y (OR3x1_ASAP7_75t_R)
  46.91  346.64 v _4857_/Y (OR2x2_ASAP7_75t_R)
  78.39  425.03 v _4868_/Y (OR4x2_ASAP7_75t_R)
  47.21  472.24 v _4880_/Y (OR2x2_ASAP7_75t_R)
  68.17  540.41 v _4891_/Y (OR4x1_ASAP7_75t_R)
  59.28  599.68 v _4900_/Y (OR3x1_ASAP7_75t_R)
  56.79  656.47 v _4914_/Y (OR3x1_ASAP7_75t_R)
  58.22  714.69 v _5994_/Y (OR3x1_ASAP7_75t_R)
  63.45  778.14 v _5995_/Y (OR3x2_ASAP7_75t_R)
  62.67  840.81 v _5996_/Y (OR3x2_ASAP7_75t_R)
  62.89  903.70 v _5997_/Y (OR3x2_ASAP7_75t_R)
  42.59  946.30 v _5998_/Y (OR2x2_ASAP7_75t_R)
  21.47  967.77 ^ _5999_/Y (NOR2x1_ASAP7_75t_R)
  42.14 1009.91 ^ _6000_/Y (XOR2x1_ASAP7_75t_R)
  62.68 1072.59 ^ _6016_/Y (AND5x1_ASAP7_75t_R)
  45.38 1117.97 ^ _6019_/Y (AO21x2_ASAP7_75t_R)
 134.34 1252.31 ^ _6022_/Y (AND5x2_ASAP7_75t_R)
 122.35 1374.66 ^ _6034_/Y (OR3x4_ASAP7_75t_R)
  56.11 1430.77 v _6070_/Y (NOR2x1_ASAP7_75t_R)
  38.55 1469.32 v _6071_/Y (AO21x1_ASAP7_75t_R)
  33.88 1503.20 v _6072_/Y (AO21x1_ASAP7_75t_R)
   0.05 1503.25 v Datapath_i.fu_run_benchmark_38252_38986.Datapath_i.fu_kmp_38537_41024.out1$_DFFE_PP_/D (DFFHQNx1_ASAP7_75t_R)
        1503.25   data arrival time
---------------------------------------------------------
(Path is unconstrained)


