Startpoint: Datapath_i.fu_run_benchmark_38252_38986.Datapath_i.reg_54.reg_out1[0]$_DFFE_PP_
            (rising edge-triggered flip-flop)
Endpoint: Datapath_i.fu_run_benchmark_38252_38986.Datapath_i.fu_kmp_38537_41048.out1$_DFFE_PP_
          (rising edge-triggered flip-flop)
Path Group: unconstrained
Path Type: max
Corner: slow

    Cap   Delay    Time   Description
----------------------------------------------------------------
           0.00    0.00 ^ Datapath_i.fu_run_benchmark_38252_38986.Datapath_i.reg_54.reg_out1[0]$_DFFE_PP_/CLK (DFFHQNx1_ASAP7_75t_R)
   5.36  124.23  124.23 v Datapath_i.fu_run_benchmark_38252_38986.Datapath_i.reg_54.reg_out1[0]$_DFFE_PP_/QN (DFFHQNx1_ASAP7_75t_R)
   1.70   66.51  190.74 v _4830_/Y (OR3x1_ASAP7_75t_R)
   1.55   54.50  245.24 v _4838_/Y (OR3x1_ASAP7_75t_R)
   1.62   54.49  299.73 v _4848_/Y (OR3x1_ASAP7_75t_R)
   2.89   46.91  346.64 v _4857_/Y (OR2x2_ASAP7_75t_R)
   2.17   78.39  425.03 v _4868_/Y (OR4x2_ASAP7_75t_R)
   2.69   47.21  472.24 v _4880_/Y (OR2x2_ASAP7_75t_R)
   1.61   68.17  540.41 v _4891_/Y (OR4x1_ASAP7_75t_R)
   2.25   59.28  599.68 v _4900_/Y (OR3x1_ASAP7_75t_R)
   1.76   56.79  656.47 v _4914_/Y (OR3x1_ASAP7_75t_R)
   2.14   58.22  714.69 v _5994_/Y (OR3x1_ASAP7_75t_R)
   2.17   63.45  778.14 v _5995_/Y (OR3x2_ASAP7_75t_R)
   2.29   62.67  840.81 v _5996_/Y (OR3x2_ASAP7_75t_R)
   2.27   62.89  903.70 v _5997_/Y (OR3x2_ASAP7_75t_R)
   1.69   42.59  946.30 v _5998_/Y (OR2x2_ASAP7_75t_R)
   1.44   21.47  967.77 ^ _5999_/Y (NOR2x1_ASAP7_75t_R)
   1.74   42.14 1009.91 ^ _6000_/Y (XOR2x1_ASAP7_75t_R)
   0.99   62.68 1072.59 ^ _6016_/Y (AND5x1_ASAP7_75t_R)
   3.77   45.38 1117.97 ^ _6019_/Y (AO21x2_ASAP7_75t_R)
  23.09  134.34 1252.31 ^ _6022_/Y (AND5x2_ASAP7_75t_R)
  37.16  122.35 1374.66 ^ _6034_/Y (OR3x4_ASAP7_75t_R)
   0.61   58.79 1433.45 v _6089_/Y (NOR2x1_ASAP7_75t_R)
   0.56   38.31 1471.76 v _6090_/Y (AO21x1_ASAP7_75t_R)
   0.63   33.89 1505.65 v _6091_/Y (AO21x1_ASAP7_75t_R)
           0.05 1505.71 v Datapath_i.fu_run_benchmark_38252_38986.Datapath_i.fu_kmp_38537_41048.out1$_DFFE_PP_/D (DFFHQNx1_ASAP7_75t_R)
                1505.71   data arrival time
----------------------------------------------------------------
(Path is unconstrained)


