Startpoint: Datapath_i.fu_run_benchmark_38252_38986.Datapath_i.reg_54.reg_out1[0]$_DFFE_PP_
            (rising edge-triggered flip-flop)
Endpoint: Datapath_i.fu_run_benchmark_38252_38986.Datapath_i.fu_kmp_38537_41048.out1$_DFFE_PP_
          (rising edge-triggered flip-flop)
Path Group: unconstrained
Path Type: max
Corner: slow

    Cap   Delay    Time   Description
----------------------------------------------------------------
           0.00    0.00 ^ Datapath_i.fu_run_benchmark_38252_38986.Datapath_i.reg_54.reg_out1[0]$_DFFE_PP_/CLK (DFFHQNx1_ASAP7_75t_R)
   5.24  121.41  121.41 v Datapath_i.fu_run_benchmark_38252_38986.Datapath_i.reg_54.reg_out1[0]$_DFFE_PP_/QN (DFFHQNx1_ASAP7_75t_R)
   1.63   65.39  186.80 v _4830_/Y (OR3x1_ASAP7_75t_R)
   1.55   54.31  241.10 v _4838_/Y (OR3x1_ASAP7_75t_R)
   1.68   54.81  295.91 v _4848_/Y (OR3x1_ASAP7_75t_R)
   2.89   47.06  342.98 v _4857_/Y (OR2x2_ASAP7_75t_R)
   2.17   78.23  421.20 v _4868_/Y (OR4x2_ASAP7_75t_R)
   2.71   47.18  468.39 v _4880_/Y (OR2x2_ASAP7_75t_R)
   1.65   68.37  536.75 v _4891_/Y (OR4x1_ASAP7_75t_R)
   2.23   59.20  595.95 v _4900_/Y (OR3x1_ASAP7_75t_R)
   1.67   56.10  652.06 v _4914_/Y (OR3x1_ASAP7_75t_R)
   2.15   58.04  710.09 v _5994_/Y (OR3x1_ASAP7_75t_R)
   2.19   63.39  773.48 v _5995_/Y (OR3x2_ASAP7_75t_R)
   2.25   62.42  835.91 v _5996_/Y (OR3x2_ASAP7_75t_R)
   2.24   62.55  898.45 v _5997_/Y (OR3x2_ASAP7_75t_R)
   1.73   42.52  940.97 v _5998_/Y (OR2x2_ASAP7_75t_R)
   1.47   21.60  962.57 ^ _5999_/Y (NOR2x1_ASAP7_75t_R)
   1.70   41.86 1004.43 ^ _6000_/Y (XOR2x1_ASAP7_75t_R)
   0.99   62.40 1066.82 ^ _6016_/Y (AND5x1_ASAP7_75t_R)
   3.70   45.20 1112.02 ^ _6019_/Y (AO21x2_ASAP7_75t_R)
  21.66  131.13 1243.15 ^ _6022_/Y (AND5x2_ASAP7_75t_R)
  35.61  122.60 1365.75 ^ _6034_/Y (OR3x4_ASAP7_75t_R)
   0.60   47.37 1413.12 v _6089_/Y (NOR2x1_ASAP7_75t_R)
   0.56   37.72 1450.83 v _6090_/Y (AO21x1_ASAP7_75t_R)
   0.65   33.89 1484.72 v _6091_/Y (AO21x1_ASAP7_75t_R)
           0.01 1484.73 v Datapath_i.fu_run_benchmark_38252_38986.Datapath_i.fu_kmp_38537_41048.out1$_DFFE_PP_/D (DFFHQNx1_ASAP7_75t_R)
                1484.73   data arrival time
----------------------------------------------------------------
(Path is unconstrained)


