Startpoint: Datapath_i.reg_57.reg_out1[63]$_DFF_P_
            (rising edge-triggered flip-flop)
Endpoint: Datapath_i.reg_63.reg_out1[52]$_DFF_P_
          (rising edge-triggered flip-flop)
Path Group: unconstrained
Path Type: max
Corner: slow

  Delay    Time   Description
---------------------------------------------------------
   0.00    0.00 ^ Datapath_i.reg_57.reg_out1[63]$_DFF_P_/CLK (DFFHQNx1_ASAP7_75t_R)
 146.77  146.77 v Datapath_i.reg_57.reg_out1[63]$_DFF_P_/QN (DFFHQNx1_ASAP7_75t_R)
  58.33  205.10 v load_slew450/Y (BUFx12f_ASAP7_75t_R)
  29.83  234.93 ^ _26073_/Y (OAI22x1_ASAP7_75t_R)
  30.30  265.23 v _26074_/Y (INVx1_ASAP7_75t_R)
  46.42  311.65 ^ _38548_/CON (HAxp5_ASAP7_75t_R)
  52.18  363.83 v _36438_/CON (FAx1_ASAP7_75t_R)
  61.64  425.47 v _26112_/Y (OA211x2_ASAP7_75t_R)
  61.74  487.22 v _26118_/Y (OR3x2_ASAP7_75t_R)
  53.37  540.59 v _26120_/Y (AO22x1_ASAP7_75t_R)
  41.12  581.71 v _26121_/Y (OA21x2_ASAP7_75t_R)
  41.22  622.93 v _26122_/Y (OA21x2_ASAP7_75t_R)
  37.83  660.75 v _26141_/Y (XOR2x1_ASAP7_75t_R)
  56.24  716.99 v _26144_/Y (OR4x1_ASAP7_75t_R)
  47.04  764.03 v _26145_/Y (AO221x1_ASAP7_75t_R)
  13.64  777.67 ^ _26146_/Y (INVx1_ASAP7_75t_R)
 116.46  894.13 ^ _26147_/Y (OA21x2_ASAP7_75t_R)
 162.53 1056.66 v _26177_/Y (NAND2x2_ASAP7_75t_R)
  76.13 1132.79 v _26358_/Y (AND2x2_ASAP7_75t_R)
  42.26 1175.05 v _26359_/Y (AO21x1_ASAP7_75t_R)
  26.72 1201.77 ^ _26365_/Y (AOI21x1_ASAP7_75t_R)
  18.69 1220.47 v _26366_/Y (NOR2x1_ASAP7_75t_R)
  49.66 1270.12 v _26367_/Y (AO21x1_ASAP7_75t_R)
  18.02 1288.14 ^ _26368_/Y (NOR2x1_ASAP7_75t_R)
  31.38 1319.52 ^ _26369_/Y (AO21x1_ASAP7_75t_R)
  17.43 1336.96 v _26370_/Y (INVx1_ASAP7_75t_R)
  48.92 1385.88 v _26372_/Y (AO32x1_ASAP7_75t_R)
  40.44 1426.31 v _26373_/Y (AO21x1_ASAP7_75t_R)
  34.13 1460.44 v _26378_/Y (XNOR2x1_ASAP7_75t_R)
  97.31 1557.76 v _38721_/SN (HAxp5_ASAP7_75t_R)
  54.19 1611.94 v _34050_/Y (OA21x2_ASAP7_75t_R)
  41.62 1653.57 v _34051_/Y (OA21x2_ASAP7_75t_R)
  38.17 1691.74 v _34052_/Y (OA21x2_ASAP7_75t_R)
  41.40 1733.14 v _34053_/Y (OA21x2_ASAP7_75t_R)
  38.30 1771.45 v _34054_/Y (OA21x2_ASAP7_75t_R)
  41.15 1812.60 v _34055_/Y (OA21x2_ASAP7_75t_R)
  38.14 1850.73 v _34056_/Y (OA21x2_ASAP7_75t_R)
  41.59 1892.32 v _34057_/Y (OA21x2_ASAP7_75t_R)
  38.47 1930.79 v _34070_/Y (OA21x2_ASAP7_75t_R)
  41.62 1972.41 v _34071_/Y (OA21x2_ASAP7_75t_R)
  38.37 2010.78 v _34076_/Y (OA21x2_ASAP7_75t_R)
  41.42 2052.20 v _34077_/Y (OA21x2_ASAP7_75t_R)
  38.19 2090.38 v _34082_/Y (OA21x2_ASAP7_75t_R)
  41.45 2131.84 v _34083_/Y (OA21x2_ASAP7_75t_R)
  39.46 2171.30 v _34088_/Y (OA21x2_ASAP7_75t_R)
  43.11 2214.41 v _34089_/Y (OA21x2_ASAP7_75t_R)
  38.74 2253.15 v _34095_/Y (OA21x2_ASAP7_75t_R)
  41.68 2294.83 v _34096_/Y (OA21x2_ASAP7_75t_R)
  38.35 2333.18 v _34101_/Y (OA21x2_ASAP7_75t_R)
  41.50 2374.68 v _34102_/Y (OA21x2_ASAP7_75t_R)
  37.87 2412.56 v _34107_/Y (OA21x2_ASAP7_75t_R)
  41.33 2453.89 v _34108_/Y (OA21x2_ASAP7_75t_R)
  38.66 2492.55 v _34113_/Y (OA21x2_ASAP7_75t_R)
  42.83 2535.38 v _34114_/Y (OA21x2_ASAP7_75t_R)
  38.61 2573.99 v _34119_/Y (OA21x2_ASAP7_75t_R)
  41.23 2615.22 v _34120_/Y (OA21x2_ASAP7_75t_R)
  38.03 2653.25 v _34126_/Y (OA21x2_ASAP7_75t_R)
  41.62 2694.88 v _34127_/Y (OA21x2_ASAP7_75t_R)
  38.04 2732.92 v _34132_/Y (OA21x2_ASAP7_75t_R)
  41.43 2774.35 v _34133_/Y (OA21x2_ASAP7_75t_R)
  37.94 2812.29 v _34138_/Y (OA21x2_ASAP7_75t_R)
  42.75 2855.04 v _34139_/Y (OA21x2_ASAP7_75t_R)
  45.38 2900.42 v _34145_/Y (OA31x2_ASAP7_75t_R)
  44.07 2944.49 v _34151_/Y (OA31x2_ASAP7_75t_R)
  43.01 2987.50 v _34160_/Y (OA21x2_ASAP7_75t_R)
  39.11 3026.60 v _34166_/Y (OA21x2_ASAP7_75t_R)
  42.16 3068.76 v _34167_/Y (OA21x2_ASAP7_75t_R)
  44.73 3113.49 v _34173_/Y (OR3x1_ASAP7_75t_R)
  62.50 3175.99 v _34174_/Y (OA211x2_ASAP7_75t_R)
  50.00 3225.99 v _34180_/Y (OR3x1_ASAP7_75t_R)
  27.48 3253.47 ^ _34181_/Y (NAND2x1_ASAP7_75t_R)
  42.15 3295.62 ^ _34189_/Y (AO21x1_ASAP7_75t_R)
  41.28 3336.91 ^ _34198_/Y (AO21x1_ASAP7_75t_R)
  37.49 3374.40 ^ _34207_/Y (AO21x1_ASAP7_75t_R)
  33.98 3408.38 ^ _34208_/Y (XNOR2x1_ASAP7_75t_R)
   0.03 3408.41 ^ Datapath_i.reg_63.reg_out1[52]$_DFF_P_/D (DFFHQNx1_ASAP7_75t_R)
        3408.41   data arrival time
---------------------------------------------------------
(Path is unconstrained)


Startpoint: Datapath_i.reg_57.reg_out1[63]$_DFF_P_
            (rising edge-triggered flip-flop)
Endpoint: Datapath_i.reg_63.reg_out1[51]$_DFF_P_
          (rising edge-triggered flip-flop)
Path Group: unconstrained
Path Type: max
Corner: slow

  Delay    Time   Description
---------------------------------------------------------
   0.00    0.00 ^ Datapath_i.reg_57.reg_out1[63]$_DFF_P_/CLK (DFFHQNx1_ASAP7_75t_R)
 146.77  146.77 v Datapath_i.reg_57.reg_out1[63]$_DFF_P_/QN (DFFHQNx1_ASAP7_75t_R)
  58.33  205.10 v load_slew450/Y (BUFx12f_ASAP7_75t_R)
  29.83  234.93 ^ _26073_/Y (OAI22x1_ASAP7_75t_R)
  30.30  265.23 v _26074_/Y (INVx1_ASAP7_75t_R)
  46.42  311.65 ^ _38548_/CON (HAxp5_ASAP7_75t_R)
  52.18  363.83 v _36438_/CON (FAx1_ASAP7_75t_R)
  61.64  425.47 v _26112_/Y (OA211x2_ASAP7_75t_R)
  61.74  487.22 v _26118_/Y (OR3x2_ASAP7_75t_R)
  53.37  540.59 v _26120_/Y (AO22x1_ASAP7_75t_R)
  41.12  581.71 v _26121_/Y (OA21x2_ASAP7_75t_R)
  41.22  622.93 v _26122_/Y (OA21x2_ASAP7_75t_R)
  37.83  660.75 v _26141_/Y (XOR2x1_ASAP7_75t_R)
  56.24  716.99 v _26144_/Y (OR4x1_ASAP7_75t_R)
  47.04  764.03 v _26145_/Y (AO221x1_ASAP7_75t_R)
  13.64  777.67 ^ _26146_/Y (INVx1_ASAP7_75t_R)
 116.46  894.13 ^ _26147_/Y (OA21x2_ASAP7_75t_R)
 162.53 1056.66 v _26177_/Y (NAND2x2_ASAP7_75t_R)
  76.13 1132.79 v _26358_/Y (AND2x2_ASAP7_75t_R)
  42.26 1175.05 v _26359_/Y (AO21x1_ASAP7_75t_R)
  26.72 1201.77 ^ _26365_/Y (AOI21x1_ASAP7_75t_R)
  18.69 1220.47 v _26366_/Y (NOR2x1_ASAP7_75t_R)
  49.66 1270.12 v _26367_/Y (AO21x1_ASAP7_75t_R)
  18.02 1288.14 ^ _26368_/Y (NOR2x1_ASAP7_75t_R)
  31.38 1319.52 ^ _26369_/Y (AO21x1_ASAP7_75t_R)
  17.43 1336.96 v _26370_/Y (INVx1_ASAP7_75t_R)
  48.92 1385.88 v _26372_/Y (AO32x1_ASAP7_75t_R)
  40.44 1426.31 v _26373_/Y (AO21x1_ASAP7_75t_R)
  34.13 1460.44 v _26378_/Y (XNOR2x1_ASAP7_75t_R)
  97.31 1557.76 v _38721_/SN (HAxp5_ASAP7_75t_R)
  59.77 1617.52 v _34060_/Y (OA21x2_ASAP7_75t_R)
  38.51 1656.04 v _34061_/Y (OA21x2_ASAP7_75t_R)
  41.34 1697.37 v _34062_/Y (OA21x2_ASAP7_75t_R)
  38.32 1735.70 v _34063_/Y (OA21x2_ASAP7_75t_R)
  41.40 1777.10 v _34064_/Y (OA21x2_ASAP7_75t_R)
  37.77 1814.87 v _34065_/Y (OA21x2_ASAP7_75t_R)
  41.46 1856.33 v _34066_/Y (OA21x2_ASAP7_75t_R)
  38.16 1894.48 v _34067_/Y (OA21x2_ASAP7_75t_R)
  41.37 1935.85 v _34068_/Y (OA21x2_ASAP7_75t_R)
  38.95 1974.81 v _34073_/Y (OA21x2_ASAP7_75t_R)
  41.69 2016.49 v _34074_/Y (OA21x2_ASAP7_75t_R)
  38.11 2054.61 v _34079_/Y (OA21x2_ASAP7_75t_R)
  41.63 2096.24 v _34080_/Y (OA21x2_ASAP7_75t_R)
  38.34 2134.58 v _34085_/Y (OA21x2_ASAP7_75t_R)
  42.45 2177.03 v _34086_/Y (OA21x2_ASAP7_75t_R)
  40.34 2217.37 v _34091_/Y (OA21x2_ASAP7_75t_R)
  41.72 2259.09 v _34092_/Y (OA21x2_ASAP7_75t_R)
  38.22 2297.31 v _34098_/Y (OA21x2_ASAP7_75t_R)
  41.42 2338.73 v _34099_/Y (OA21x2_ASAP7_75t_R)
  38.47 2377.20 v _34104_/Y (OA21x2_ASAP7_75t_R)
  41.14 2418.34 v _34105_/Y (OA21x2_ASAP7_75t_R)
  38.34 2456.68 v _34110_/Y (OA21x2_ASAP7_75t_R)
  41.85 2498.52 v _34111_/Y (OA21x2_ASAP7_75t_R)
  39.72 2538.25 v _34116_/Y (OA21x2_ASAP7_75t_R)
  41.83 2580.08 v _34117_/Y (OA21x2_ASAP7_75t_R)
  37.96 2618.04 v _34122_/Y (OA21x2_ASAP7_75t_R)
  41.49 2659.53 v _34123_/Y (OA21x2_ASAP7_75t_R)
  38.55 2698.08 v _34129_/Y (OA21x2_ASAP7_75t_R)
  41.28 2739.37 v _34130_/Y (OA21x2_ASAP7_75t_R)
  37.91 2777.27 v _34135_/Y (OA21x2_ASAP7_75t_R)
  40.97 2818.25 v _34136_/Y (OA21x2_ASAP7_75t_R)
  37.73 2855.97 v _34141_/Y (OA21x2_ASAP7_75t_R)
  41.16 2897.14 v _34142_/Y (OA21x2_ASAP7_75t_R)
  38.35 2935.49 v _34147_/Y (OA21x2_ASAP7_75t_R)
  41.90 2977.39 v _34148_/Y (OA21x2_ASAP7_75t_R)
  43.20 3020.59 v _34155_/Y (OA21x2_ASAP7_75t_R)
  44.04 3064.63 v _34164_/Y (OA21x2_ASAP7_75t_R)
  43.14 3107.77 v _34171_/Y (OA21x2_ASAP7_75t_R)
  44.07 3151.84 v _34176_/Y (OR3x1_ASAP7_75t_R)
  62.34 3214.18 v _34177_/Y (OA211x2_ASAP7_75t_R)
  52.66 3266.85 v _34184_/Y (OR3x1_ASAP7_75t_R)
  40.38 3307.22 v _34185_/Y (AND2x2_ASAP7_75t_R)
  52.47 3359.69 v _34203_/Y (OA211x2_ASAP7_75t_R)
  38.95 3398.65 v _34204_/Y (XOR2x1_ASAP7_75t_R)
   0.02 3398.67 v Datapath_i.reg_63.reg_out1[51]$_DFF_P_/D (DFFHQNx1_ASAP7_75t_R)
        3398.67   data arrival time
---------------------------------------------------------
(Path is unconstrained)


Startpoint: Datapath_i.reg_57.reg_out1[63]$_DFF_P_
            (rising edge-triggered flip-flop)
Endpoint: Datapath_i.reg_63.reg_out1[53]$_DFF_P_
          (rising edge-triggered flip-flop)
Path Group: unconstrained
Path Type: max
Corner: slow

  Delay    Time   Description
---------------------------------------------------------
   0.00    0.00 ^ Datapath_i.reg_57.reg_out1[63]$_DFF_P_/CLK (DFFHQNx1_ASAP7_75t_R)
 146.77  146.77 v Datapath_i.reg_57.reg_out1[63]$_DFF_P_/QN (DFFHQNx1_ASAP7_75t_R)
  58.33  205.10 v load_slew450/Y (BUFx12f_ASAP7_75t_R)
  29.83  234.93 ^ _26073_/Y (OAI22x1_ASAP7_75t_R)
  30.30  265.23 v _26074_/Y (INVx1_ASAP7_75t_R)
  46.42  311.65 ^ _38548_/CON (HAxp5_ASAP7_75t_R)
  52.18  363.83 v _36438_/CON (FAx1_ASAP7_75t_R)
  61.64  425.47 v _26112_/Y (OA211x2_ASAP7_75t_R)
  61.74  487.22 v _26118_/Y (OR3x2_ASAP7_75t_R)
  53.37  540.59 v _26120_/Y (AO22x1_ASAP7_75t_R)
  41.12  581.71 v _26121_/Y (OA21x2_ASAP7_75t_R)
  41.22  622.93 v _26122_/Y (OA21x2_ASAP7_75t_R)
  37.83  660.75 v _26141_/Y (XOR2x1_ASAP7_75t_R)
  56.24  716.99 v _26144_/Y (OR4x1_ASAP7_75t_R)
  47.04  764.03 v _26145_/Y (AO221x1_ASAP7_75t_R)
  13.64  777.67 ^ _26146_/Y (INVx1_ASAP7_75t_R)
 116.46  894.13 ^ _26147_/Y (OA21x2_ASAP7_75t_R)
 162.53 1056.66 v _26177_/Y (NAND2x2_ASAP7_75t_R)
  76.13 1132.79 v _26358_/Y (AND2x2_ASAP7_75t_R)
  42.26 1175.05 v _26359_/Y (AO21x1_ASAP7_75t_R)
  26.72 1201.77 ^ _26365_/Y (AOI21x1_ASAP7_75t_R)
  18.69 1220.47 v _26366_/Y (NOR2x1_ASAP7_75t_R)
  49.66 1270.12 v _26367_/Y (AO21x1_ASAP7_75t_R)
  18.02 1288.14 ^ _26368_/Y (NOR2x1_ASAP7_75t_R)
  31.38 1319.52 ^ _26369_/Y (AO21x1_ASAP7_75t_R)
  17.43 1336.96 v _26370_/Y (INVx1_ASAP7_75t_R)
  48.92 1385.88 v _26372_/Y (AO32x1_ASAP7_75t_R)
  40.44 1426.31 v _26373_/Y (AO21x1_ASAP7_75t_R)
  34.13 1460.44 v _26378_/Y (XNOR2x1_ASAP7_75t_R)
  97.31 1557.76 v _38721_/SN (HAxp5_ASAP7_75t_R)
  59.77 1617.52 v _34060_/Y (OA21x2_ASAP7_75t_R)
  38.51 1656.04 v _34061_/Y (OA21x2_ASAP7_75t_R)
  41.34 1697.37 v _34062_/Y (OA21x2_ASAP7_75t_R)
  38.32 1735.70 v _34063_/Y (OA21x2_ASAP7_75t_R)
  41.40 1777.10 v _34064_/Y (OA21x2_ASAP7_75t_R)
  37.77 1814.87 v _34065_/Y (OA21x2_ASAP7_75t_R)
  41.46 1856.33 v _34066_/Y (OA21x2_ASAP7_75t_R)
  38.16 1894.48 v _34067_/Y (OA21x2_ASAP7_75t_R)
  41.37 1935.85 v _34068_/Y (OA21x2_ASAP7_75t_R)
  38.95 1974.81 v _34073_/Y (OA21x2_ASAP7_75t_R)
  41.69 2016.49 v _34074_/Y (OA21x2_ASAP7_75t_R)
  38.11 2054.61 v _34079_/Y (OA21x2_ASAP7_75t_R)
  41.63 2096.24 v _34080_/Y (OA21x2_ASAP7_75t_R)
  38.34 2134.58 v _34085_/Y (OA21x2_ASAP7_75t_R)
  42.45 2177.03 v _34086_/Y (OA21x2_ASAP7_75t_R)
  40.34 2217.37 v _34091_/Y (OA21x2_ASAP7_75t_R)
  41.72 2259.09 v _34092_/Y (OA21x2_ASAP7_75t_R)
  38.22 2297.31 v _34098_/Y (OA21x2_ASAP7_75t_R)
  41.42 2338.73 v _34099_/Y (OA21x2_ASAP7_75t_R)
  38.47 2377.20 v _34104_/Y (OA21x2_ASAP7_75t_R)
  41.14 2418.34 v _34105_/Y (OA21x2_ASAP7_75t_R)
  38.34 2456.68 v _34110_/Y (OA21x2_ASAP7_75t_R)
  41.85 2498.52 v _34111_/Y (OA21x2_ASAP7_75t_R)
  39.72 2538.25 v _34116_/Y (OA21x2_ASAP7_75t_R)
  41.83 2580.08 v _34117_/Y (OA21x2_ASAP7_75t_R)
  37.96 2618.04 v _34122_/Y (OA21x2_ASAP7_75t_R)
  41.49 2659.53 v _34123_/Y (OA21x2_ASAP7_75t_R)
  38.55 2698.08 v _34129_/Y (OA21x2_ASAP7_75t_R)
  41.28 2739.37 v _34130_/Y (OA21x2_ASAP7_75t_R)
  37.91 2777.27 v _34135_/Y (OA21x2_ASAP7_75t_R)
  40.97 2818.25 v _34136_/Y (OA21x2_ASAP7_75t_R)
  37.73 2855.97 v _34141_/Y (OA21x2_ASAP7_75t_R)
  41.16 2897.14 v _34142_/Y (OA21x2_ASAP7_75t_R)
  38.35 2935.49 v _34147_/Y (OA21x2_ASAP7_75t_R)
  41.90 2977.39 v _34148_/Y (OA21x2_ASAP7_75t_R)
  43.20 3020.59 v _34155_/Y (OA21x2_ASAP7_75t_R)
  44.04 3064.63 v _34164_/Y (OA21x2_ASAP7_75t_R)
  43.14 3107.77 v _34171_/Y (OA21x2_ASAP7_75t_R)
  44.07 3151.84 v _34176_/Y (OR3x1_ASAP7_75t_R)
  62.34 3214.18 v _34177_/Y (OA211x2_ASAP7_75t_R)
  52.66 3266.85 v _34184_/Y (OR3x1_ASAP7_75t_R)
  58.90 3325.75 v _34209_/Y (OR4x1_ASAP7_75t_R)
  32.20 3357.95 v _34213_/Y (AND3x1_ASAP7_75t_R)
  30.75 3388.71 v _34214_/Y (XNOR2x1_ASAP7_75t_R)
   0.02 3388.72 v Datapath_i.reg_63.reg_out1[53]$_DFF_P_/D (DFFHQNx1_ASAP7_75t_R)
        3388.72   data arrival time
---------------------------------------------------------
(Path is unconstrained)


Startpoint: Datapath_i.reg_57.reg_out1[63]$_DFF_P_
            (rising edge-triggered flip-flop)
Endpoint: Datapath_i.reg_63.reg_out1[49]$_DFF_P_
          (rising edge-triggered flip-flop)
Path Group: unconstrained
Path Type: max
Corner: slow

  Delay    Time   Description
---------------------------------------------------------
   0.00    0.00 ^ Datapath_i.reg_57.reg_out1[63]$_DFF_P_/CLK (DFFHQNx1_ASAP7_75t_R)
 146.77  146.77 v Datapath_i.reg_57.reg_out1[63]$_DFF_P_/QN (DFFHQNx1_ASAP7_75t_R)
  58.33  205.10 v load_slew450/Y (BUFx12f_ASAP7_75t_R)
  29.83  234.93 ^ _26073_/Y (OAI22x1_ASAP7_75t_R)
  30.30  265.23 v _26074_/Y (INVx1_ASAP7_75t_R)
  46.42  311.65 ^ _38548_/CON (HAxp5_ASAP7_75t_R)
  52.18  363.83 v _36438_/CON (FAx1_ASAP7_75t_R)
  61.64  425.47 v _26112_/Y (OA211x2_ASAP7_75t_R)
  61.74  487.22 v _26118_/Y (OR3x2_ASAP7_75t_R)
  53.37  540.59 v _26120_/Y (AO22x1_ASAP7_75t_R)
  41.12  581.71 v _26121_/Y (OA21x2_ASAP7_75t_R)
  41.22  622.93 v _26122_/Y (OA21x2_ASAP7_75t_R)
  37.83  660.75 v _26141_/Y (XOR2x1_ASAP7_75t_R)
  56.24  716.99 v _26144_/Y (OR4x1_ASAP7_75t_R)
  47.04  764.03 v _26145_/Y (AO221x1_ASAP7_75t_R)
  13.64  777.67 ^ _26146_/Y (INVx1_ASAP7_75t_R)
 116.46  894.13 ^ _26147_/Y (OA21x2_ASAP7_75t_R)
 162.53 1056.66 v _26177_/Y (NAND2x2_ASAP7_75t_R)
  76.13 1132.79 v _26358_/Y (AND2x2_ASAP7_75t_R)
  42.26 1175.05 v _26359_/Y (AO21x1_ASAP7_75t_R)
  26.72 1201.77 ^ _26365_/Y (AOI21x1_ASAP7_75t_R)
  18.69 1220.47 v _26366_/Y (NOR2x1_ASAP7_75t_R)
  49.66 1270.12 v _26367_/Y (AO21x1_ASAP7_75t_R)
  18.02 1288.14 ^ _26368_/Y (NOR2x1_ASAP7_75t_R)
  31.38 1319.52 ^ _26369_/Y (AO21x1_ASAP7_75t_R)
  17.43 1336.96 v _26370_/Y (INVx1_ASAP7_75t_R)
  48.92 1385.88 v _26372_/Y (AO32x1_ASAP7_75t_R)
  40.44 1426.31 v _26373_/Y (AO21x1_ASAP7_75t_R)
  34.13 1460.44 v _26378_/Y (XNOR2x1_ASAP7_75t_R)
  97.31 1557.76 v _38721_/SN (HAxp5_ASAP7_75t_R)
  59.77 1617.52 v _34060_/Y (OA21x2_ASAP7_75t_R)
  38.51 1656.04 v _34061_/Y (OA21x2_ASAP7_75t_R)
  41.34 1697.37 v _34062_/Y (OA21x2_ASAP7_75t_R)
  38.32 1735.70 v _34063_/Y (OA21x2_ASAP7_75t_R)
  41.40 1777.10 v _34064_/Y (OA21x2_ASAP7_75t_R)
  37.77 1814.87 v _34065_/Y (OA21x2_ASAP7_75t_R)
  41.46 1856.33 v _34066_/Y (OA21x2_ASAP7_75t_R)
  38.16 1894.48 v _34067_/Y (OA21x2_ASAP7_75t_R)
  41.37 1935.85 v _34068_/Y (OA21x2_ASAP7_75t_R)
  38.95 1974.81 v _34073_/Y (OA21x2_ASAP7_75t_R)
  41.69 2016.49 v _34074_/Y (OA21x2_ASAP7_75t_R)
  38.11 2054.61 v _34079_/Y (OA21x2_ASAP7_75t_R)
  41.63 2096.24 v _34080_/Y (OA21x2_ASAP7_75t_R)
  38.34 2134.58 v _34085_/Y (OA21x2_ASAP7_75t_R)
  42.45 2177.03 v _34086_/Y (OA21x2_ASAP7_75t_R)
  40.34 2217.37 v _34091_/Y (OA21x2_ASAP7_75t_R)
  41.72 2259.09 v _34092_/Y (OA21x2_ASAP7_75t_R)
  38.22 2297.31 v _34098_/Y (OA21x2_ASAP7_75t_R)
  41.42 2338.73 v _34099_/Y (OA21x2_ASAP7_75t_R)
  38.47 2377.20 v _34104_/Y (OA21x2_ASAP7_75t_R)
  41.14 2418.34 v _34105_/Y (OA21x2_ASAP7_75t_R)
  38.34 2456.68 v _34110_/Y (OA21x2_ASAP7_75t_R)
  41.85 2498.52 v _34111_/Y (OA21x2_ASAP7_75t_R)
  39.72 2538.25 v _34116_/Y (OA21x2_ASAP7_75t_R)
  41.83 2580.08 v _34117_/Y (OA21x2_ASAP7_75t_R)
  37.96 2618.04 v _34122_/Y (OA21x2_ASAP7_75t_R)
  41.49 2659.53 v _34123_/Y (OA21x2_ASAP7_75t_R)
  38.55 2698.08 v _34129_/Y (OA21x2_ASAP7_75t_R)
  41.28 2739.37 v _34130_/Y (OA21x2_ASAP7_75t_R)
  37.91 2777.27 v _34135_/Y (OA21x2_ASAP7_75t_R)
  40.97 2818.25 v _34136_/Y (OA21x2_ASAP7_75t_R)
  37.73 2855.97 v _34141_/Y (OA21x2_ASAP7_75t_R)
  41.16 2897.14 v _34142_/Y (OA21x2_ASAP7_75t_R)
  38.35 2935.49 v _34147_/Y (OA21x2_ASAP7_75t_R)
  41.90 2977.39 v _34148_/Y (OA21x2_ASAP7_75t_R)
  43.20 3020.59 v _34155_/Y (OA21x2_ASAP7_75t_R)
  44.04 3064.63 v _34164_/Y (OA21x2_ASAP7_75t_R)
  43.14 3107.77 v _34171_/Y (OA21x2_ASAP7_75t_R)
  44.07 3151.84 v _34176_/Y (OR3x1_ASAP7_75t_R)
  62.34 3214.18 v _34177_/Y (OA211x2_ASAP7_75t_R)
  52.66 3266.85 v _34184_/Y (OR3x1_ASAP7_75t_R)
  40.38 3307.22 v _34185_/Y (AND2x2_ASAP7_75t_R)
  40.04 3347.26 v _34193_/Y (OA21x2_ASAP7_75t_R)
  37.18 3384.45 v _34194_/Y (XOR2x1_ASAP7_75t_R)
   0.03 3384.47 v Datapath_i.reg_63.reg_out1[49]$_DFF_P_/D (DFFHQNx1_ASAP7_75t_R)
        3384.47   data arrival time
---------------------------------------------------------
(Path is unconstrained)


Startpoint: Datapath_i.reg_57.reg_out1[63]$_DFF_P_
            (rising edge-triggered flip-flop)
Endpoint: Datapath_i.reg_63.reg_out1[50]$_DFF_P_
          (rising edge-triggered flip-flop)
Path Group: unconstrained
Path Type: max
Corner: slow

  Delay    Time   Description
---------------------------------------------------------
   0.00    0.00 ^ Datapath_i.reg_57.reg_out1[63]$_DFF_P_/CLK (DFFHQNx1_ASAP7_75t_R)
 146.77  146.77 v Datapath_i.reg_57.reg_out1[63]$_DFF_P_/QN (DFFHQNx1_ASAP7_75t_R)
  58.33  205.10 v load_slew450/Y (BUFx12f_ASAP7_75t_R)
  29.83  234.93 ^ _26073_/Y (OAI22x1_ASAP7_75t_R)
  30.30  265.23 v _26074_/Y (INVx1_ASAP7_75t_R)
  46.42  311.65 ^ _38548_/CON (HAxp5_ASAP7_75t_R)
  52.18  363.83 v _36438_/CON (FAx1_ASAP7_75t_R)
  61.64  425.47 v _26112_/Y (OA211x2_ASAP7_75t_R)
  61.74  487.22 v _26118_/Y (OR3x2_ASAP7_75t_R)
  53.37  540.59 v _26120_/Y (AO22x1_ASAP7_75t_R)
  41.12  581.71 v _26121_/Y (OA21x2_ASAP7_75t_R)
  41.22  622.93 v _26122_/Y (OA21x2_ASAP7_75t_R)
  37.83  660.75 v _26141_/Y (XOR2x1_ASAP7_75t_R)
  56.24  716.99 v _26144_/Y (OR4x1_ASAP7_75t_R)
  47.04  764.03 v _26145_/Y (AO221x1_ASAP7_75t_R)
  13.64  777.67 ^ _26146_/Y (INVx1_ASAP7_75t_R)
 116.46  894.13 ^ _26147_/Y (OA21x2_ASAP7_75t_R)
 162.53 1056.66 v _26177_/Y (NAND2x2_ASAP7_75t_R)
  76.13 1132.79 v _26358_/Y (AND2x2_ASAP7_75t_R)
  42.26 1175.05 v _26359_/Y (AO21x1_ASAP7_75t_R)
  26.72 1201.77 ^ _26365_/Y (AOI21x1_ASAP7_75t_R)
  18.69 1220.47 v _26366_/Y (NOR2x1_ASAP7_75t_R)
  49.66 1270.12 v _26367_/Y (AO21x1_ASAP7_75t_R)
  18.02 1288.14 ^ _26368_/Y (NOR2x1_ASAP7_75t_R)
  31.38 1319.52 ^ _26369_/Y (AO21x1_ASAP7_75t_R)
  17.43 1336.96 v _26370_/Y (INVx1_ASAP7_75t_R)
  48.92 1385.88 v _26372_/Y (AO32x1_ASAP7_75t_R)
  40.44 1426.31 v _26373_/Y (AO21x1_ASAP7_75t_R)
  34.13 1460.44 v _26378_/Y (XNOR2x1_ASAP7_75t_R)
  97.31 1557.76 v _38721_/SN (HAxp5_ASAP7_75t_R)
  54.19 1611.94 v _34050_/Y (OA21x2_ASAP7_75t_R)
  41.62 1653.57 v _34051_/Y (OA21x2_ASAP7_75t_R)
  38.17 1691.74 v _34052_/Y (OA21x2_ASAP7_75t_R)
  41.40 1733.14 v _34053_/Y (OA21x2_ASAP7_75t_R)
  38.30 1771.45 v _34054_/Y (OA21x2_ASAP7_75t_R)
  41.15 1812.60 v _34055_/Y (OA21x2_ASAP7_75t_R)
  38.14 1850.73 v _34056_/Y (OA21x2_ASAP7_75t_R)
  41.59 1892.32 v _34057_/Y (OA21x2_ASAP7_75t_R)
  38.47 1930.79 v _34070_/Y (OA21x2_ASAP7_75t_R)
  41.62 1972.41 v _34071_/Y (OA21x2_ASAP7_75t_R)
  38.37 2010.78 v _34076_/Y (OA21x2_ASAP7_75t_R)
  41.42 2052.20 v _34077_/Y (OA21x2_ASAP7_75t_R)
  38.19 2090.38 v _34082_/Y (OA21x2_ASAP7_75t_R)
  41.45 2131.84 v _34083_/Y (OA21x2_ASAP7_75t_R)
  39.46 2171.30 v _34088_/Y (OA21x2_ASAP7_75t_R)
  43.11 2214.41 v _34089_/Y (OA21x2_ASAP7_75t_R)
  38.74 2253.15 v _34095_/Y (OA21x2_ASAP7_75t_R)
  41.68 2294.83 v _34096_/Y (OA21x2_ASAP7_75t_R)
  38.35 2333.18 v _34101_/Y (OA21x2_ASAP7_75t_R)
  41.50 2374.68 v _34102_/Y (OA21x2_ASAP7_75t_R)
  37.87 2412.56 v _34107_/Y (OA21x2_ASAP7_75t_R)
  41.33 2453.89 v _34108_/Y (OA21x2_ASAP7_75t_R)
  38.66 2492.55 v _34113_/Y (OA21x2_ASAP7_75t_R)
  42.83 2535.38 v _34114_/Y (OA21x2_ASAP7_75t_R)
  38.61 2573.99 v _34119_/Y (OA21x2_ASAP7_75t_R)
  41.23 2615.22 v _34120_/Y (OA21x2_ASAP7_75t_R)
  38.03 2653.25 v _34126_/Y (OA21x2_ASAP7_75t_R)
  41.62 2694.88 v _34127_/Y (OA21x2_ASAP7_75t_R)
  38.04 2732.92 v _34132_/Y (OA21x2_ASAP7_75t_R)
  41.43 2774.35 v _34133_/Y (OA21x2_ASAP7_75t_R)
  37.94 2812.29 v _34138_/Y (OA21x2_ASAP7_75t_R)
  42.75 2855.04 v _34139_/Y (OA21x2_ASAP7_75t_R)
  45.38 2900.42 v _34145_/Y (OA31x2_ASAP7_75t_R)
  44.07 2944.49 v _34151_/Y (OA31x2_ASAP7_75t_R)
  43.01 2987.50 v _34160_/Y (OA21x2_ASAP7_75t_R)
  39.11 3026.60 v _34166_/Y (OA21x2_ASAP7_75t_R)
  42.16 3068.76 v _34167_/Y (OA21x2_ASAP7_75t_R)
  44.73 3113.49 v _34173_/Y (OR3x1_ASAP7_75t_R)
  62.50 3175.99 v _34174_/Y (OA211x2_ASAP7_75t_R)
  50.00 3225.99 v _34180_/Y (OR3x1_ASAP7_75t_R)
  27.48 3253.47 ^ _34181_/Y (NAND2x1_ASAP7_75t_R)
  42.15 3295.62 ^ _34189_/Y (AO21x1_ASAP7_75t_R)
  41.28 3336.91 ^ _34198_/Y (AO21x1_ASAP7_75t_R)
  36.72 3373.63 ^ _34199_/Y (XNOR2x1_ASAP7_75t_R)
   0.06 3373.69 ^ Datapath_i.reg_63.reg_out1[50]$_DFF_P_/D (DFFHQNx1_ASAP7_75t_R)
        3373.69   data arrival time
---------------------------------------------------------
(Path is unconstrained)


Startpoint: Datapath_i.reg_57.reg_out1[63]$_DFF_P_
            (rising edge-triggered flip-flop)
Endpoint: Datapath_i.reg_63.reg_out1[47]$_DFF_P_
          (rising edge-triggered flip-flop)
Path Group: unconstrained
Path Type: max
Corner: slow

  Delay    Time   Description
---------------------------------------------------------
   0.00    0.00 ^ Datapath_i.reg_57.reg_out1[63]$_DFF_P_/CLK (DFFHQNx1_ASAP7_75t_R)
 146.77  146.77 v Datapath_i.reg_57.reg_out1[63]$_DFF_P_/QN (DFFHQNx1_ASAP7_75t_R)
  58.33  205.10 v load_slew450/Y (BUFx12f_ASAP7_75t_R)
  29.83  234.93 ^ _26073_/Y (OAI22x1_ASAP7_75t_R)
  30.30  265.23 v _26074_/Y (INVx1_ASAP7_75t_R)
  46.42  311.65 ^ _38548_/CON (HAxp5_ASAP7_75t_R)
  52.18  363.83 v _36438_/CON (FAx1_ASAP7_75t_R)
  61.64  425.47 v _26112_/Y (OA211x2_ASAP7_75t_R)
  61.74  487.22 v _26118_/Y (OR3x2_ASAP7_75t_R)
  53.37  540.59 v _26120_/Y (AO22x1_ASAP7_75t_R)
  41.12  581.71 v _26121_/Y (OA21x2_ASAP7_75t_R)
  41.22  622.93 v _26122_/Y (OA21x2_ASAP7_75t_R)
  37.83  660.75 v _26141_/Y (XOR2x1_ASAP7_75t_R)
  56.24  716.99 v _26144_/Y (OR4x1_ASAP7_75t_R)
  47.04  764.03 v _26145_/Y (AO221x1_ASAP7_75t_R)
  13.64  777.67 ^ _26146_/Y (INVx1_ASAP7_75t_R)
 116.46  894.13 ^ _26147_/Y (OA21x2_ASAP7_75t_R)
 162.53 1056.66 v _26177_/Y (NAND2x2_ASAP7_75t_R)
  76.13 1132.79 v _26358_/Y (AND2x2_ASAP7_75t_R)
  42.26 1175.05 v _26359_/Y (AO21x1_ASAP7_75t_R)
  26.72 1201.77 ^ _26365_/Y (AOI21x1_ASAP7_75t_R)
  18.69 1220.47 v _26366_/Y (NOR2x1_ASAP7_75t_R)
  49.66 1270.12 v _26367_/Y (AO21x1_ASAP7_75t_R)
  18.02 1288.14 ^ _26368_/Y (NOR2x1_ASAP7_75t_R)
  31.38 1319.52 ^ _26369_/Y (AO21x1_ASAP7_75t_R)
  17.43 1336.96 v _26370_/Y (INVx1_ASAP7_75t_R)
  48.92 1385.88 v _26372_/Y (AO32x1_ASAP7_75t_R)
  40.44 1426.31 v _26373_/Y (AO21x1_ASAP7_75t_R)
  34.13 1460.44 v _26378_/Y (XNOR2x1_ASAP7_75t_R)
  97.31 1557.76 v _38721_/SN (HAxp5_ASAP7_75t_R)
  59.77 1617.52 v _34060_/Y (OA21x2_ASAP7_75t_R)
  38.51 1656.04 v _34061_/Y (OA21x2_ASAP7_75t_R)
  41.34 1697.37 v _34062_/Y (OA21x2_ASAP7_75t_R)
  38.32 1735.70 v _34063_/Y (OA21x2_ASAP7_75t_R)
  41.40 1777.10 v _34064_/Y (OA21x2_ASAP7_75t_R)
  37.77 1814.87 v _34065_/Y (OA21x2_ASAP7_75t_R)
  41.46 1856.33 v _34066_/Y (OA21x2_ASAP7_75t_R)
  38.16 1894.48 v _34067_/Y (OA21x2_ASAP7_75t_R)
  41.37 1935.85 v _34068_/Y (OA21x2_ASAP7_75t_R)
  38.95 1974.81 v _34073_/Y (OA21x2_ASAP7_75t_R)
  41.69 2016.49 v _34074_/Y (OA21x2_ASAP7_75t_R)
  38.11 2054.61 v _34079_/Y (OA21x2_ASAP7_75t_R)
  41.63 2096.24 v _34080_/Y (OA21x2_ASAP7_75t_R)
  38.34 2134.58 v _34085_/Y (OA21x2_ASAP7_75t_R)
  42.45 2177.03 v _34086_/Y (OA21x2_ASAP7_75t_R)
  40.34 2217.37 v _34091_/Y (OA21x2_ASAP7_75t_R)
  41.72 2259.09 v _34092_/Y (OA21x2_ASAP7_75t_R)
  38.22 2297.31 v _34098_/Y (OA21x2_ASAP7_75t_R)
  41.42 2338.73 v _34099_/Y (OA21x2_ASAP7_75t_R)
  38.47 2377.20 v _34104_/Y (OA21x2_ASAP7_75t_R)
  41.14 2418.34 v _34105_/Y (OA21x2_ASAP7_75t_R)
  38.34 2456.68 v _34110_/Y (OA21x2_ASAP7_75t_R)
  41.85 2498.52 v _34111_/Y (OA21x2_ASAP7_75t_R)
  39.72 2538.25 v _34116_/Y (OA21x2_ASAP7_75t_R)
  41.83 2580.08 v _34117_/Y (OA21x2_ASAP7_75t_R)
  37.96 2618.04 v _34122_/Y (OA21x2_ASAP7_75t_R)
  41.49 2659.53 v _34123_/Y (OA21x2_ASAP7_75t_R)
  38.55 2698.08 v _34129_/Y (OA21x2_ASAP7_75t_R)
  41.28 2739.37 v _34130_/Y (OA21x2_ASAP7_75t_R)
  37.91 2777.27 v _34135_/Y (OA21x2_ASAP7_75t_R)
  40.97 2818.25 v _34136_/Y (OA21x2_ASAP7_75t_R)
  37.73 2855.97 v _34141_/Y (OA21x2_ASAP7_75t_R)
  41.16 2897.14 v _34142_/Y (OA21x2_ASAP7_75t_R)
  38.35 2935.49 v _34147_/Y (OA21x2_ASAP7_75t_R)
  41.90 2977.39 v _34148_/Y (OA21x2_ASAP7_75t_R)
  43.20 3020.59 v _34155_/Y (OA21x2_ASAP7_75t_R)
  44.04 3064.63 v _34164_/Y (OA21x2_ASAP7_75t_R)
  43.14 3107.77 v _34171_/Y (OA21x2_ASAP7_75t_R)
  44.07 3151.84 v _34176_/Y (OR3x1_ASAP7_75t_R)
  62.34 3214.18 v _34177_/Y (OA211x2_ASAP7_75t_R)
  52.66 3266.85 v _34184_/Y (OR3x1_ASAP7_75t_R)
  40.38 3307.22 v _34185_/Y (AND2x2_ASAP7_75t_R)
  38.36 3345.58 v _34186_/Y (XOR2x1_ASAP7_75t_R)
   0.03 3345.61 v Datapath_i.reg_63.reg_out1[47]$_DFF_P_/D (DFFHQNx1_ASAP7_75t_R)
        3345.61   data arrival time
---------------------------------------------------------
(Path is unconstrained)


Startpoint: Datapath_i.reg_57.reg_out1[63]$_DFF_P_
            (rising edge-triggered flip-flop)
Endpoint: Datapath_i.reg_63.reg_out1[48]$_DFF_P_
          (rising edge-triggered flip-flop)
Path Group: unconstrained
Path Type: max
Corner: slow

  Delay    Time   Description
---------------------------------------------------------
   0.00    0.00 ^ Datapath_i.reg_57.reg_out1[63]$_DFF_P_/CLK (DFFHQNx1_ASAP7_75t_R)
 146.77  146.77 v Datapath_i.reg_57.reg_out1[63]$_DFF_P_/QN (DFFHQNx1_ASAP7_75t_R)
  58.33  205.10 v load_slew450/Y (BUFx12f_ASAP7_75t_R)
  29.83  234.93 ^ _26073_/Y (OAI22x1_ASAP7_75t_R)
  30.30  265.23 v _26074_/Y (INVx1_ASAP7_75t_R)
  46.42  311.65 ^ _38548_/CON (HAxp5_ASAP7_75t_R)
  52.18  363.83 v _36438_/CON (FAx1_ASAP7_75t_R)
  61.64  425.47 v _26112_/Y (OA211x2_ASAP7_75t_R)
  61.74  487.22 v _26118_/Y (OR3x2_ASAP7_75t_R)
  53.37  540.59 v _26120_/Y (AO22x1_ASAP7_75t_R)
  41.12  581.71 v _26121_/Y (OA21x2_ASAP7_75t_R)
  41.22  622.93 v _26122_/Y (OA21x2_ASAP7_75t_R)
  37.83  660.75 v _26141_/Y (XOR2x1_ASAP7_75t_R)
  56.24  716.99 v _26144_/Y (OR4x1_ASAP7_75t_R)
  47.04  764.03 v _26145_/Y (AO221x1_ASAP7_75t_R)
  13.64  777.67 ^ _26146_/Y (INVx1_ASAP7_75t_R)
 116.46  894.13 ^ _26147_/Y (OA21x2_ASAP7_75t_R)
 162.53 1056.66 v _26177_/Y (NAND2x2_ASAP7_75t_R)
  76.13 1132.79 v _26358_/Y (AND2x2_ASAP7_75t_R)
  42.26 1175.05 v _26359_/Y (AO21x1_ASAP7_75t_R)
  26.72 1201.77 ^ _26365_/Y (AOI21x1_ASAP7_75t_R)
  18.69 1220.47 v _26366_/Y (NOR2x1_ASAP7_75t_R)
  49.66 1270.12 v _26367_/Y (AO21x1_ASAP7_75t_R)
  18.02 1288.14 ^ _26368_/Y (NOR2x1_ASAP7_75t_R)
  31.38 1319.52 ^ _26369_/Y (AO21x1_ASAP7_75t_R)
  17.43 1336.96 v _26370_/Y (INVx1_ASAP7_75t_R)
  48.92 1385.88 v _26372_/Y (AO32x1_ASAP7_75t_R)
  40.44 1426.31 v _26373_/Y (AO21x1_ASAP7_75t_R)
  34.13 1460.44 v _26378_/Y (XNOR2x1_ASAP7_75t_R)
  97.31 1557.76 v _38721_/SN (HAxp5_ASAP7_75t_R)
  54.19 1611.94 v _34050_/Y (OA21x2_ASAP7_75t_R)
  41.62 1653.57 v _34051_/Y (OA21x2_ASAP7_75t_R)
  38.17 1691.74 v _34052_/Y (OA21x2_ASAP7_75t_R)
  41.40 1733.14 v _34053_/Y (OA21x2_ASAP7_75t_R)
  38.30 1771.45 v _34054_/Y (OA21x2_ASAP7_75t_R)
  41.15 1812.60 v _34055_/Y (OA21x2_ASAP7_75t_R)
  38.14 1850.73 v _34056_/Y (OA21x2_ASAP7_75t_R)
  41.59 1892.32 v _34057_/Y (OA21x2_ASAP7_75t_R)
  38.47 1930.79 v _34070_/Y (OA21x2_ASAP7_75t_R)
  41.62 1972.41 v _34071_/Y (OA21x2_ASAP7_75t_R)
  38.37 2010.78 v _34076_/Y (OA21x2_ASAP7_75t_R)
  41.42 2052.20 v _34077_/Y (OA21x2_ASAP7_75t_R)
  38.19 2090.38 v _34082_/Y (OA21x2_ASAP7_75t_R)
  41.45 2131.84 v _34083_/Y (OA21x2_ASAP7_75t_R)
  39.46 2171.30 v _34088_/Y (OA21x2_ASAP7_75t_R)
  43.11 2214.41 v _34089_/Y (OA21x2_ASAP7_75t_R)
  38.74 2253.15 v _34095_/Y (OA21x2_ASAP7_75t_R)
  41.68 2294.83 v _34096_/Y (OA21x2_ASAP7_75t_R)
  38.35 2333.18 v _34101_/Y (OA21x2_ASAP7_75t_R)
  41.50 2374.68 v _34102_/Y (OA21x2_ASAP7_75t_R)
  37.87 2412.56 v _34107_/Y (OA21x2_ASAP7_75t_R)
  41.33 2453.89 v _34108_/Y (OA21x2_ASAP7_75t_R)
  38.66 2492.55 v _34113_/Y (OA21x2_ASAP7_75t_R)
  42.83 2535.38 v _34114_/Y (OA21x2_ASAP7_75t_R)
  38.61 2573.99 v _34119_/Y (OA21x2_ASAP7_75t_R)
  41.23 2615.22 v _34120_/Y (OA21x2_ASAP7_75t_R)
  38.03 2653.25 v _34126_/Y (OA21x2_ASAP7_75t_R)
  41.62 2694.88 v _34127_/Y (OA21x2_ASAP7_75t_R)
  38.04 2732.92 v _34132_/Y (OA21x2_ASAP7_75t_R)
  41.43 2774.35 v _34133_/Y (OA21x2_ASAP7_75t_R)
  37.94 2812.29 v _34138_/Y (OA21x2_ASAP7_75t_R)
  42.75 2855.04 v _34139_/Y (OA21x2_ASAP7_75t_R)
  45.38 2900.42 v _34145_/Y (OA31x2_ASAP7_75t_R)
  44.07 2944.49 v _34151_/Y (OA31x2_ASAP7_75t_R)
  43.01 2987.50 v _34160_/Y (OA21x2_ASAP7_75t_R)
  39.11 3026.60 v _34166_/Y (OA21x2_ASAP7_75t_R)
  42.16 3068.76 v _34167_/Y (OA21x2_ASAP7_75t_R)
  44.73 3113.49 v _34173_/Y (OR3x1_ASAP7_75t_R)
  62.50 3175.99 v _34174_/Y (OA211x2_ASAP7_75t_R)
  50.00 3225.99 v _34180_/Y (OR3x1_ASAP7_75t_R)
  27.48 3253.47 ^ _34181_/Y (NAND2x1_ASAP7_75t_R)
  42.15 3295.62 ^ _34189_/Y (AO21x1_ASAP7_75t_R)
  36.13 3331.75 ^ _34190_/Y (XNOR2x1_ASAP7_75t_R)
   0.03 3331.78 ^ Datapath_i.reg_63.reg_out1[48]$_DFF_P_/D (DFFHQNx1_ASAP7_75t_R)
        3331.78   data arrival time
---------------------------------------------------------
(Path is unconstrained)


Startpoint: Datapath_i.reg_57.reg_out1[63]$_DFF_P_
            (rising edge-triggered flip-flop)
Endpoint: Datapath_i.reg_63.reg_out1[46]$_DFF_P_
          (rising edge-triggered flip-flop)
Path Group: unconstrained
Path Type: max
Corner: slow

  Delay    Time   Description
---------------------------------------------------------
   0.00    0.00 ^ Datapath_i.reg_57.reg_out1[63]$_DFF_P_/CLK (DFFHQNx1_ASAP7_75t_R)
 146.77  146.77 v Datapath_i.reg_57.reg_out1[63]$_DFF_P_/QN (DFFHQNx1_ASAP7_75t_R)
  58.33  205.10 v load_slew450/Y (BUFx12f_ASAP7_75t_R)
  29.83  234.93 ^ _26073_/Y (OAI22x1_ASAP7_75t_R)
  30.30  265.23 v _26074_/Y (INVx1_ASAP7_75t_R)
  46.42  311.65 ^ _38548_/CON (HAxp5_ASAP7_75t_R)
  52.18  363.83 v _36438_/CON (FAx1_ASAP7_75t_R)
  61.64  425.47 v _26112_/Y (OA211x2_ASAP7_75t_R)
  61.74  487.22 v _26118_/Y (OR3x2_ASAP7_75t_R)
  53.37  540.59 v _26120_/Y (AO22x1_ASAP7_75t_R)
  41.12  581.71 v _26121_/Y (OA21x2_ASAP7_75t_R)
  41.22  622.93 v _26122_/Y (OA21x2_ASAP7_75t_R)
  37.83  660.75 v _26141_/Y (XOR2x1_ASAP7_75t_R)
  56.24  716.99 v _26144_/Y (OR4x1_ASAP7_75t_R)
  47.04  764.03 v _26145_/Y (AO221x1_ASAP7_75t_R)
  13.64  777.67 ^ _26146_/Y (INVx1_ASAP7_75t_R)
 116.46  894.13 ^ _26147_/Y (OA21x2_ASAP7_75t_R)
 162.53 1056.66 v _26177_/Y (NAND2x2_ASAP7_75t_R)
  76.13 1132.79 v _26358_/Y (AND2x2_ASAP7_75t_R)
  42.26 1175.05 v _26359_/Y (AO21x1_ASAP7_75t_R)
  26.72 1201.77 ^ _26365_/Y (AOI21x1_ASAP7_75t_R)
  18.69 1220.47 v _26366_/Y (NOR2x1_ASAP7_75t_R)
  49.66 1270.12 v _26367_/Y (AO21x1_ASAP7_75t_R)
  18.02 1288.14 ^ _26368_/Y (NOR2x1_ASAP7_75t_R)
  31.38 1319.52 ^ _26369_/Y (AO21x1_ASAP7_75t_R)
  17.43 1336.96 v _26370_/Y (INVx1_ASAP7_75t_R)
  48.92 1385.88 v _26372_/Y (AO32x1_ASAP7_75t_R)
  40.44 1426.31 v _26373_/Y (AO21x1_ASAP7_75t_R)
  34.13 1460.44 v _26378_/Y (XNOR2x1_ASAP7_75t_R)
  97.31 1557.76 v _38721_/SN (HAxp5_ASAP7_75t_R)
  54.19 1611.94 v _34050_/Y (OA21x2_ASAP7_75t_R)
  41.62 1653.57 v _34051_/Y (OA21x2_ASAP7_75t_R)
  38.17 1691.74 v _34052_/Y (OA21x2_ASAP7_75t_R)
  41.40 1733.14 v _34053_/Y (OA21x2_ASAP7_75t_R)
  38.30 1771.45 v _34054_/Y (OA21x2_ASAP7_75t_R)
  41.15 1812.60 v _34055_/Y (OA21x2_ASAP7_75t_R)
  38.14 1850.73 v _34056_/Y (OA21x2_ASAP7_75t_R)
  41.59 1892.32 v _34057_/Y (OA21x2_ASAP7_75t_R)
  38.47 1930.79 v _34070_/Y (OA21x2_ASAP7_75t_R)
  41.62 1972.41 v _34071_/Y (OA21x2_ASAP7_75t_R)
  38.37 2010.78 v _34076_/Y (OA21x2_ASAP7_75t_R)
  41.42 2052.20 v _34077_/Y (OA21x2_ASAP7_75t_R)
  38.19 2090.38 v _34082_/Y (OA21x2_ASAP7_75t_R)
  41.45 2131.84 v _34083_/Y (OA21x2_ASAP7_75t_R)
  39.46 2171.30 v _34088_/Y (OA21x2_ASAP7_75t_R)
  43.11 2214.41 v _34089_/Y (OA21x2_ASAP7_75t_R)
  38.74 2253.15 v _34095_/Y (OA21x2_ASAP7_75t_R)
  41.68 2294.83 v _34096_/Y (OA21x2_ASAP7_75t_R)
  38.35 2333.18 v _34101_/Y (OA21x2_ASAP7_75t_R)
  41.50 2374.68 v _34102_/Y (OA21x2_ASAP7_75t_R)
  37.87 2412.56 v _34107_/Y (OA21x2_ASAP7_75t_R)
  41.33 2453.89 v _34108_/Y (OA21x2_ASAP7_75t_R)
  38.66 2492.55 v _34113_/Y (OA21x2_ASAP7_75t_R)
  42.83 2535.38 v _34114_/Y (OA21x2_ASAP7_75t_R)
  38.61 2573.99 v _34119_/Y (OA21x2_ASAP7_75t_R)
  41.23 2615.22 v _34120_/Y (OA21x2_ASAP7_75t_R)
  38.03 2653.25 v _34126_/Y (OA21x2_ASAP7_75t_R)
  41.62 2694.88 v _34127_/Y (OA21x2_ASAP7_75t_R)
  38.04 2732.92 v _34132_/Y (OA21x2_ASAP7_75t_R)
  41.43 2774.35 v _34133_/Y (OA21x2_ASAP7_75t_R)
  37.94 2812.29 v _34138_/Y (OA21x2_ASAP7_75t_R)
  42.75 2855.04 v _34139_/Y (OA21x2_ASAP7_75t_R)
  45.38 2900.42 v _34145_/Y (OA31x2_ASAP7_75t_R)
  44.07 2944.49 v _34151_/Y (OA31x2_ASAP7_75t_R)
  43.01 2987.50 v _34160_/Y (OA21x2_ASAP7_75t_R)
  39.11 3026.60 v _34166_/Y (OA21x2_ASAP7_75t_R)
  42.16 3068.76 v _34167_/Y (OA21x2_ASAP7_75t_R)
  44.73 3113.49 v _34173_/Y (OR3x1_ASAP7_75t_R)
  62.50 3175.99 v _34174_/Y (OA211x2_ASAP7_75t_R)
  50.00 3225.99 v _34180_/Y (OR3x1_ASAP7_75t_R)
  27.48 3253.47 ^ _34181_/Y (NAND2x1_ASAP7_75t_R)
  36.75 3290.22 ^ _34182_/Y (XNOR2x1_ASAP7_75t_R)
   0.04 3290.26 ^ Datapath_i.reg_63.reg_out1[46]$_DFF_P_/D (DFFHQNx1_ASAP7_75t_R)
        3290.26   data arrival time
---------------------------------------------------------
(Path is unconstrained)


Startpoint: Datapath_i.reg_57.reg_out1[63]$_DFF_P_
            (rising edge-triggered flip-flop)
Endpoint: Datapath_i.reg_63.reg_out1[45]$_DFF_P_
          (rising edge-triggered flip-flop)
Path Group: unconstrained
Path Type: max
Corner: slow

  Delay    Time   Description
---------------------------------------------------------
   0.00    0.00 ^ Datapath_i.reg_57.reg_out1[63]$_DFF_P_/CLK (DFFHQNx1_ASAP7_75t_R)
 146.77  146.77 v Datapath_i.reg_57.reg_out1[63]$_DFF_P_/QN (DFFHQNx1_ASAP7_75t_R)
  58.33  205.10 v load_slew450/Y (BUFx12f_ASAP7_75t_R)
  29.83  234.93 ^ _26073_/Y (OAI22x1_ASAP7_75t_R)
  30.30  265.23 v _26074_/Y (INVx1_ASAP7_75t_R)
  46.42  311.65 ^ _38548_/CON (HAxp5_ASAP7_75t_R)
  52.18  363.83 v _36438_/CON (FAx1_ASAP7_75t_R)
  61.64  425.47 v _26112_/Y (OA211x2_ASAP7_75t_R)
  61.74  487.22 v _26118_/Y (OR3x2_ASAP7_75t_R)
  53.37  540.59 v _26120_/Y (AO22x1_ASAP7_75t_R)
  41.12  581.71 v _26121_/Y (OA21x2_ASAP7_75t_R)
  41.22  622.93 v _26122_/Y (OA21x2_ASAP7_75t_R)
  37.83  660.75 v _26141_/Y (XOR2x1_ASAP7_75t_R)
  56.24  716.99 v _26144_/Y (OR4x1_ASAP7_75t_R)
  47.04  764.03 v _26145_/Y (AO221x1_ASAP7_75t_R)
  13.64  777.67 ^ _26146_/Y (INVx1_ASAP7_75t_R)
 116.46  894.13 ^ _26147_/Y (OA21x2_ASAP7_75t_R)
 162.53 1056.66 v _26177_/Y (NAND2x2_ASAP7_75t_R)
  76.13 1132.79 v _26358_/Y (AND2x2_ASAP7_75t_R)
  42.26 1175.05 v _26359_/Y (AO21x1_ASAP7_75t_R)
  26.72 1201.77 ^ _26365_/Y (AOI21x1_ASAP7_75t_R)
  18.69 1220.47 v _26366_/Y (NOR2x1_ASAP7_75t_R)
  49.66 1270.12 v _26367_/Y (AO21x1_ASAP7_75t_R)
  18.02 1288.14 ^ _26368_/Y (NOR2x1_ASAP7_75t_R)
  31.38 1319.52 ^ _26369_/Y (AO21x1_ASAP7_75t_R)
  17.43 1336.96 v _26370_/Y (INVx1_ASAP7_75t_R)
  48.92 1385.88 v _26372_/Y (AO32x1_ASAP7_75t_R)
  40.44 1426.31 v _26373_/Y (AO21x1_ASAP7_75t_R)
  34.13 1460.44 v _26378_/Y (XNOR2x1_ASAP7_75t_R)
  97.31 1557.76 v _38721_/SN (HAxp5_ASAP7_75t_R)
  59.77 1617.52 v _34060_/Y (OA21x2_ASAP7_75t_R)
  38.51 1656.04 v _34061_/Y (OA21x2_ASAP7_75t_R)
  41.34 1697.37 v _34062_/Y (OA21x2_ASAP7_75t_R)
  38.32 1735.70 v _34063_/Y (OA21x2_ASAP7_75t_R)
  41.40 1777.10 v _34064_/Y (OA21x2_ASAP7_75t_R)
  37.77 1814.87 v _34065_/Y (OA21x2_ASAP7_75t_R)
  41.46 1856.33 v _34066_/Y (OA21x2_ASAP7_75t_R)
  38.16 1894.48 v _34067_/Y (OA21x2_ASAP7_75t_R)
  41.37 1935.85 v _34068_/Y (OA21x2_ASAP7_75t_R)
  38.95 1974.81 v _34073_/Y (OA21x2_ASAP7_75t_R)
  41.69 2016.49 v _34074_/Y (OA21x2_ASAP7_75t_R)
  38.11 2054.61 v _34079_/Y (OA21x2_ASAP7_75t_R)
  41.63 2096.24 v _34080_/Y (OA21x2_ASAP7_75t_R)
  38.34 2134.58 v _34085_/Y (OA21x2_ASAP7_75t_R)
  42.45 2177.03 v _34086_/Y (OA21x2_ASAP7_75t_R)
  40.34 2217.37 v _34091_/Y (OA21x2_ASAP7_75t_R)
  41.72 2259.09 v _34092_/Y (OA21x2_ASAP7_75t_R)
  38.22 2297.31 v _34098_/Y (OA21x2_ASAP7_75t_R)
  41.42 2338.73 v _34099_/Y (OA21x2_ASAP7_75t_R)
  38.47 2377.20 v _34104_/Y (OA21x2_ASAP7_75t_R)
  41.14 2418.34 v _34105_/Y (OA21x2_ASAP7_75t_R)
  38.34 2456.68 v _34110_/Y (OA21x2_ASAP7_75t_R)
  41.85 2498.52 v _34111_/Y (OA21x2_ASAP7_75t_R)
  39.72 2538.25 v _34116_/Y (OA21x2_ASAP7_75t_R)
  41.83 2580.08 v _34117_/Y (OA21x2_ASAP7_75t_R)
  37.96 2618.04 v _34122_/Y (OA21x2_ASAP7_75t_R)
  41.49 2659.53 v _34123_/Y (OA21x2_ASAP7_75t_R)
  38.55 2698.08 v _34129_/Y (OA21x2_ASAP7_75t_R)
  41.28 2739.37 v _34130_/Y (OA21x2_ASAP7_75t_R)
  37.91 2777.27 v _34135_/Y (OA21x2_ASAP7_75t_R)
  40.97 2818.25 v _34136_/Y (OA21x2_ASAP7_75t_R)
  37.73 2855.97 v _34141_/Y (OA21x2_ASAP7_75t_R)
  41.16 2897.14 v _34142_/Y (OA21x2_ASAP7_75t_R)
  38.35 2935.49 v _34147_/Y (OA21x2_ASAP7_75t_R)
  41.90 2977.39 v _34148_/Y (OA21x2_ASAP7_75t_R)
  43.20 3020.59 v _34155_/Y (OA21x2_ASAP7_75t_R)
  44.04 3064.63 v _34164_/Y (OA21x2_ASAP7_75t_R)
  43.14 3107.77 v _34171_/Y (OA21x2_ASAP7_75t_R)
  44.07 3151.84 v _34176_/Y (OR3x1_ASAP7_75t_R)
  62.34 3214.18 v _34177_/Y (OA211x2_ASAP7_75t_R)
  40.49 3254.67 v _34178_/Y (XOR2x1_ASAP7_75t_R)
   0.02 3254.69 v Datapath_i.reg_63.reg_out1[45]$_DFF_P_/D (DFFHQNx1_ASAP7_75t_R)
        3254.69   data arrival time
---------------------------------------------------------
(Path is unconstrained)


Startpoint: Datapath_i.reg_65.reg_out1$_SDFF_PP0_
            (rising edge-triggered flip-flop)
Endpoint: Datapath_i.reg_78.reg_out1[49]$_DFF_P_
          (rising edge-triggered flip-flop)
Path Group: unconstrained
Path Type: max
Corner: slow

  Delay    Time   Description
---------------------------------------------------------
   0.00    0.00 ^ Datapath_i.reg_65.reg_out1$_SDFF_PP0_/CLK (DFFHQNx2_ASAP7_75t_R)
 102.09  102.09 v Datapath_i.reg_65.reg_out1$_SDFF_PP0_/QN (DFFHQNx2_ASAP7_75t_R)
  20.79  122.88 ^ _25537_/Y (INVx1_ASAP7_75t_R)
  31.86  154.74 v _38551_/CON (HAxp5_ASAP7_75t_R)
  22.82  177.56 ^ _32851_/Y (INVx1_ASAP7_75t_R)
  30.06  207.62 v _38560_/CON (HAxp5_ASAP7_75t_R)
  65.86  273.48 v _22274_/Y (OR3x2_ASAP7_75t_R)
  54.46  327.94 v _22275_/Y (OR3x1_ASAP7_75t_R)
  54.36  382.30 v _22276_/Y (OR3x1_ASAP7_75t_R)
  41.75  424.04 v _22277_/Y (OR2x2_ASAP7_75t_R)
  62.95  487.00 v _22278_/Y (OR3x2_ASAP7_75t_R)
  64.57  551.57 v _22279_/Y (OR3x2_ASAP7_75t_R)
  68.44  620.01 v _22280_/Y (OR4x1_ASAP7_75t_R)
  82.95  702.95 v _22281_/Y (OR3x4_ASAP7_75t_R)
  82.92  785.87 v _22282_/Y (OR3x4_ASAP7_75t_R)
  55.80  841.67 v _22283_/Y (OR3x1_ASAP7_75t_R)
  57.16  898.83 v _22284_/Y (OR3x1_ASAP7_75t_R)
  55.05  953.89 v _22285_/Y (OR3x1_ASAP7_75t_R)
  62.59 1016.48 v _22286_/Y (OR3x2_ASAP7_75t_R)
  82.05 1098.53 v _22287_/Y (OR3x4_ASAP7_75t_R)
  83.63 1182.16 v _22288_/Y (OR3x4_ASAP7_75t_R)
  93.85 1276.01 v _22289_/Y (OR5x2_ASAP7_75t_R)
  67.19 1343.20 v _22290_/Y (OR3x2_ASAP7_75t_R)
  55.13 1398.33 v _22291_/Y (OR3x1_ASAP7_75t_R)
  83.03 1481.36 v _22292_/Y (OR3x4_ASAP7_75t_R)
  82.97 1564.33 v _22293_/Y (OR3x4_ASAP7_75t_R)
  63.46 1627.78 v _22327_/Y (OR3x2_ASAP7_75t_R)
  86.25 1714.03 v _22329_/Y (OR4x2_ASAP7_75t_R)
  50.11 1764.14 v _22370_/Y (XOR2x1_ASAP7_75t_R)
  71.95 1836.09 v _22373_/Y (OR5x1_ASAP7_75t_R)
  59.05 1895.14 v _22374_/Y (OR4x1_ASAP7_75t_R)
 138.96 2034.10 v _22375_/Y (OR3x4_ASAP7_75t_R)
  48.72 2082.82 ^ _22376_/Y (CKINVDCx10_ASAP7_75t_R)
  43.56 2126.38 ^ _22418_/Y (AO21x1_ASAP7_75t_R)
  27.54 2153.92 ^ _22423_/Y (OR4x1_ASAP7_75t_R)
  46.18 2200.10 ^ _22424_/Y (OR5x2_ASAP7_75t_R)
  27.78 2227.88 v _22425_/Y (INVx3_ASAP7_75t_R)
  81.37 2309.25 ^ _22426_/Y (NAND2x2_ASAP7_75t_R)
  47.99 2357.23 v _22427_/Y (CKINVDCx14_ASAP7_75t_R)
  95.29 2452.53 ^ _38552_/CON (HAxp5_ASAP7_75t_R)
  75.39 2527.92 v _38552_/SN (HAxp5_ASAP7_75t_R)
  55.59 2583.51 v load_slew406/Y (BUFx4f_ASAP7_75t_R)
  50.42 2633.93 v _22604_/Y (OA211x2_ASAP7_75t_R)
  46.39 2680.32 v _22605_/Y (OR3x1_ASAP7_75t_R)
  26.46 2706.78 v _22606_/Y (AND3x1_ASAP7_75t_R)
  41.49 2748.27 v _22607_/Y (AO21x1_ASAP7_75t_R)
  24.15 2772.42 ^ _22608_/Y (INVx1_ASAP7_75t_R)
 144.11 2916.53 ^ _29884_/Y (AND5x2_ASAP7_75t_R)
 146.65 3063.17 v _29885_/Y (NAND2x2_ASAP7_75t_R)
 113.87 3177.04 v _34383_/Y (OA211x2_ASAP7_75t_R)
  16.20 3193.24 ^ _34384_/Y (INVx1_ASAP7_75t_R)
  31.12 3224.37 ^ _34385_/Y (OA21x2_ASAP7_75t_R)
   0.00 3224.37 ^ Datapath_i.reg_78.reg_out1[49]$_DFF_P_/D (DFFHQNx1_ASAP7_75t_R)
        3224.37   data arrival time
---------------------------------------------------------
(Path is unconstrained)


