Startpoint: Datapath_i.reg_57.reg_out1[63]$_DFF_P_
            (rising edge-triggered flip-flop)
Endpoint: Datapath_i.reg_63.reg_out1[52]$_DFF_P_
          (rising edge-triggered flip-flop)
Path Group: unconstrained
Path Type: max
Corner: slow

    Cap   Delay    Time   Description
----------------------------------------------------------------
           0.00    0.00 ^ Datapath_i.reg_57.reg_out1[63]$_DFF_P_/CLK (DFFHQNx1_ASAP7_75t_R)
  10.01  146.77  146.77 v Datapath_i.reg_57.reg_out1[63]$_DFF_P_/QN (DFFHQNx1_ASAP7_75t_R)
  12.37   58.33  205.10 v load_slew450/Y (BUFx12f_ASAP7_75t_R)
   2.04   29.83  234.93 ^ _26073_/Y (OAI22x1_ASAP7_75t_R)
   1.67   30.30  265.23 v _26074_/Y (INVx1_ASAP7_75t_R)
   2.50   46.42  311.65 ^ _38548_/CON (HAxp5_ASAP7_75t_R)
   1.56   52.18  363.83 v _36438_/CON (FAx1_ASAP7_75t_R)
   1.53   61.64  425.47 v _26112_/Y (OA211x2_ASAP7_75t_R)
   2.44   61.74  487.22 v _26118_/Y (OR3x2_ASAP7_75t_R)
   2.15   53.37  540.59 v _26120_/Y (AO22x1_ASAP7_75t_R)
   0.57   41.12  581.71 v _26121_/Y (OA21x2_ASAP7_75t_R)
   2.09   41.22  622.93 v _26122_/Y (OA21x2_ASAP7_75t_R)
   0.55   37.83  660.75 v _26141_/Y (XOR2x1_ASAP7_75t_R)
   0.58   56.24  716.99 v _26144_/Y (OR4x1_ASAP7_75t_R)
   0.59   47.04  764.03 v _26145_/Y (AO221x1_ASAP7_75t_R)
   0.59   13.64  777.67 ^ _26146_/Y (INVx1_ASAP7_75t_R)
  28.23  116.46  894.13 ^ _26147_/Y (OA21x2_ASAP7_75t_R)
  35.04  162.53 1056.66 v _26177_/Y (NAND2x2_ASAP7_75t_R)
   0.58   76.13 1132.79 v _26358_/Y (AND2x2_ASAP7_75t_R)
   1.95   42.26 1175.05 v _26359_/Y (AO21x1_ASAP7_75t_R)
   1.60   26.72 1201.77 ^ _26365_/Y (AOI21x1_ASAP7_75t_R)
   0.61   18.69 1220.47 v _26366_/Y (NOR2x1_ASAP7_75t_R)
   1.72   49.66 1270.12 v _26367_/Y (AO21x1_ASAP7_75t_R)
   0.66   18.02 1288.14 ^ _26368_/Y (NOR2x1_ASAP7_75t_R)
   0.60   31.38 1319.52 ^ _26369_/Y (AO21x1_ASAP7_75t_R)
   1.29   17.43 1336.96 v _26370_/Y (INVx1_ASAP7_75t_R)
   1.13   48.92 1385.88 v _26372_/Y (AO32x1_ASAP7_75t_R)
   1.48   40.44 1426.31 v _26373_/Y (AO21x1_ASAP7_75t_R)
   0.94   34.13 1460.44 v _26378_/Y (XNOR2x1_ASAP7_75t_R)
   2.69   97.31 1557.76 v _38721_/SN (HAxp5_ASAP7_75t_R)
   0.75   54.19 1611.94 v _34050_/Y (OA21x2_ASAP7_75t_R)
   2.02   41.62 1653.57 v _34051_/Y (OA21x2_ASAP7_75t_R)
   0.59   38.17 1691.74 v _34052_/Y (OA21x2_ASAP7_75t_R)
   2.00   41.40 1733.14 v _34053_/Y (OA21x2_ASAP7_75t_R)
   0.63   38.30 1771.45 v _34054_/Y (OA21x2_ASAP7_75t_R)
   2.05   41.15 1812.60 v _34055_/Y (OA21x2_ASAP7_75t_R)
   0.58   38.14 1850.73 v _34056_/Y (OA21x2_ASAP7_75t_R)
   2.08   41.59 1892.32 v _34057_/Y (OA21x2_ASAP7_75t_R)
   0.64   38.47 1930.79 v _34070_/Y (OA21x2_ASAP7_75t_R)
   2.07   41.62 1972.41 v _34071_/Y (OA21x2_ASAP7_75t_R)
   0.63   38.37 2010.78 v _34076_/Y (OA21x2_ASAP7_75t_R)
   2.01   41.42 2052.20 v _34077_/Y (OA21x2_ASAP7_75t_R)
   0.59   38.19 2090.38 v _34082_/Y (OA21x2_ASAP7_75t_R)
   2.04   41.45 2131.84 v _34083_/Y (OA21x2_ASAP7_75t_R)
   0.94   39.46 2171.30 v _34088_/Y (OA21x2_ASAP7_75t_R)
   2.38   43.11 2214.41 v _34089_/Y (OA21x2_ASAP7_75t_R)
   0.65   38.74 2253.15 v _34095_/Y (OA21x2_ASAP7_75t_R)
   2.07   41.68 2294.83 v _34096_/Y (OA21x2_ASAP7_75t_R)
   0.62   38.35 2333.18 v _34101_/Y (OA21x2_ASAP7_75t_R)
   2.03   41.50 2374.68 v _34102_/Y (OA21x2_ASAP7_75t_R)
   0.62   37.87 2412.56 v _34107_/Y (OA21x2_ASAP7_75t_R)
   1.99   41.33 2453.89 v _34108_/Y (OA21x2_ASAP7_75t_R)
   0.74   38.66 2492.55 v _34113_/Y (OA21x2_ASAP7_75t_R)
   2.38   42.83 2535.38 v _34114_/Y (OA21x2_ASAP7_75t_R)
   0.62   38.61 2573.99 v _34119_/Y (OA21x2_ASAP7_75t_R)
   2.08   41.23 2615.22 v _34120_/Y (OA21x2_ASAP7_75t_R)
   0.63   38.03 2653.25 v _34126_/Y (OA21x2_ASAP7_75t_R)
   2.08   41.62 2694.88 v _34127_/Y (OA21x2_ASAP7_75t_R)
   0.64   38.04 2732.92 v _34132_/Y (OA21x2_ASAP7_75t_R)
   2.13   41.43 2774.35 v _34133_/Y (OA21x2_ASAP7_75t_R)
   0.58   37.94 2812.29 v _34138_/Y (OA21x2_ASAP7_75t_R)
   2.50   42.75 2855.04 v _34139_/Y (OA21x2_ASAP7_75t_R)
   2.54   45.38 2900.42 v _34145_/Y (OA31x2_ASAP7_75t_R)
   2.06   44.07 2944.49 v _34151_/Y (OA31x2_ASAP7_75t_R)
   2.04   43.01 2987.50 v _34160_/Y (OA21x2_ASAP7_75t_R)
   1.05   39.11 3026.60 v _34166_/Y (OA21x2_ASAP7_75t_R)
   2.02   42.16 3068.76 v _34167_/Y (OA21x2_ASAP7_75t_R)
   0.43   44.73 3113.49 v _34173_/Y (OR3x1_ASAP7_75t_R)
   2.05   62.50 3175.99 v _34174_/Y (OA211x2_ASAP7_75t_R)
   1.00   50.00 3225.99 v _34180_/Y (OR3x1_ASAP7_75t_R)
   1.98   27.48 3253.47 ^ _34181_/Y (NAND2x1_ASAP7_75t_R)
   2.12   42.15 3295.62 ^ _34189_/Y (AO21x1_ASAP7_75t_R)
   2.04   41.28 3336.91 ^ _34198_/Y (AO21x1_ASAP7_75t_R)
   1.51   37.49 3374.40 ^ _34207_/Y (AO21x1_ASAP7_75t_R)
   0.75   33.98 3408.38 ^ _34208_/Y (XNOR2x1_ASAP7_75t_R)
           0.03 3408.41 ^ Datapath_i.reg_63.reg_out1[52]$_DFF_P_/D (DFFHQNx1_ASAP7_75t_R)
                3408.41   data arrival time
----------------------------------------------------------------
(Path is unconstrained)


