Startpoint: Datapath_i.reg_57.reg_out1[63]$_DFF_P_
            (rising edge-triggered flip-flop)
Endpoint: Datapath_i.reg_63.reg_out1[52]$_DFF_P_
          (rising edge-triggered flip-flop)
Path Group: unconstrained
Path Type: max
Corner: slow

  Delay    Time   Description
---------------------------------------------------------
   0.00    0.00 ^ Datapath_i.reg_57.reg_out1[63]$_DFF_P_/CLK (DFFHQNx1_ASAP7_75t_R)
1070.16 1070.16 ^ Datapath_i.reg_57.reg_out1[63]$_DFF_P_/QN (DFFHQNx1_ASAP7_75t_R)
 322.72 1392.88 v _22834_/Y (OAI22x1_ASAP7_75t_R)
 112.13 1505.01 v _38547_/SN (HAxp5_ASAP7_75t_R)
  61.31 1566.31 v _26130_/Y (OA211x2_ASAP7_75t_R)
  21.26 1587.57 ^ _26131_/Y (NOR2x1_ASAP7_75t_R)
  33.86 1621.44 ^ _26132_/Y (AND2x2_ASAP7_75t_R)
  17.84 1639.28 v _26134_/Y (OAI21x1_ASAP7_75t_R)
  44.18 1683.45 v _26135_/Y (MAJx2_ASAP7_75t_R)
  42.58 1726.03 v _26136_/Y (OA21x2_ASAP7_75t_R)
  40.25 1766.28 v _26143_/Y (XOR2x2_ASAP7_75t_R)
  56.67 1822.95 v _26144_/Y (OR4x1_ASAP7_75t_R)
  46.75 1869.70 v _26145_/Y (AO221x1_ASAP7_75t_R)
  13.21 1882.91 ^ _26146_/Y (INVx1_ASAP7_75t_R)
  81.92 1964.83 ^ _26147_/Y (OA21x2_ASAP7_75t_R)
 226.34 2191.17 v _26173_/Y (NAND2x1_ASAP7_75t_R)
 161.27 2352.44 v _26439_/Y (OA211x2_ASAP7_75t_R)
  43.35 2395.79 v _26440_/Y (AO21x1_ASAP7_75t_R)
  16.21 2412.00 ^ _26441_/Y (NOR2x1_ASAP7_75t_R)
  41.03 2453.04 ^ _26442_/Y (AO21x1_ASAP7_75t_R)
  19.43 2472.47 v _27041_/Y (NOR2x1_ASAP7_75t_R)
  48.15 2520.62 v _27042_/Y (AO21x1_ASAP7_75t_R)
  47.37 2567.99 v _27130_/Y (AO221x1_ASAP7_75t_R)
  41.84 2609.83 v _27131_/Y (OA22x2_ASAP7_75t_R)
  43.41 2653.24 ^ _27132_/Y (XNOR2x2_ASAP7_75t_R)
  26.79 2680.03 v _38772_/CON (HAxp5_ASAP7_75t_R)
  34.95 2714.98 ^ _23103_/Y (INVx1_ASAP7_75t_R)
  38.82 2753.80 v _36443_/CON (FAx1_ASAP7_75t_R)
  56.37 2810.17 v _34050_/Y (OA21x2_ASAP7_75t_R)
  39.29 2849.45 v _34051_/Y (OA21x2_ASAP7_75t_R)
  36.90 2886.35 v _34052_/Y (OA21x2_ASAP7_75t_R)
  39.00 2925.36 v _34053_/Y (OA21x2_ASAP7_75t_R)
  36.90 2962.26 v _34054_/Y (OA21x2_ASAP7_75t_R)
  38.98 3001.23 v _34055_/Y (OA21x2_ASAP7_75t_R)
  36.90 3038.14 v _34056_/Y (OA21x2_ASAP7_75t_R)
  38.98 3077.12 v _34057_/Y (OA21x2_ASAP7_75t_R)
  36.90 3114.01 v _34070_/Y (OA21x2_ASAP7_75t_R)
  38.98 3152.99 v _34071_/Y (OA21x2_ASAP7_75t_R)
  36.90 3189.89 v _34076_/Y (OA21x2_ASAP7_75t_R)
  39.00 3228.89 v _34077_/Y (OA21x2_ASAP7_75t_R)
  36.90 3265.79 v _34082_/Y (OA21x2_ASAP7_75t_R)
  39.01 3304.80 v _34083_/Y (OA21x2_ASAP7_75t_R)
  36.91 3341.70 v _34088_/Y (OA21x2_ASAP7_75t_R)
  39.01 3380.71 v _34089_/Y (OA21x2_ASAP7_75t_R)
  36.90 3417.61 v _34095_/Y (OA21x2_ASAP7_75t_R)
  39.00 3456.62 v _34096_/Y (OA21x2_ASAP7_75t_R)
  36.90 3493.52 v _34101_/Y (OA21x2_ASAP7_75t_R)
  39.00 3532.52 v _34102_/Y (OA21x2_ASAP7_75t_R)
  36.90 3569.42 v _34107_/Y (OA21x2_ASAP7_75t_R)
  38.98 3608.40 v _34108_/Y (OA21x2_ASAP7_75t_R)
  36.91 3645.30 v _34113_/Y (OA21x2_ASAP7_75t_R)
  39.01 3684.31 v _34114_/Y (OA21x2_ASAP7_75t_R)
  36.90 3721.21 v _34119_/Y (OA21x2_ASAP7_75t_R)
  39.01 3760.22 v _34120_/Y (OA21x2_ASAP7_75t_R)
  36.88 3797.10 v _34126_/Y (OA21x2_ASAP7_75t_R)
  39.01 3836.11 v _34127_/Y (OA21x2_ASAP7_75t_R)
  36.90 3873.00 v _34132_/Y (OA21x2_ASAP7_75t_R)
  39.01 3912.01 v _34133_/Y (OA21x2_ASAP7_75t_R)
  36.90 3948.91 v _34138_/Y (OA21x2_ASAP7_75t_R)
  40.66 3989.57 v _34139_/Y (OA21x2_ASAP7_75t_R)
  42.34 4031.91 v _34145_/Y (OA31x2_ASAP7_75t_R)
  40.70 4072.61 v _34151_/Y (OA31x2_ASAP7_75t_R)
  39.96 4112.57 v _34160_/Y (OA21x2_ASAP7_75t_R)
  36.35 4148.93 v _34166_/Y (OA21x2_ASAP7_75t_R)
  38.98 4187.90 v _34167_/Y (OA21x2_ASAP7_75t_R)
  43.53 4231.43 v _34173_/Y (OR3x1_ASAP7_75t_R)
  59.32 4290.75 v _34174_/Y (OA211x2_ASAP7_75t_R)
  48.66 4339.41 v _34180_/Y (OR3x1_ASAP7_75t_R)
  22.97 4362.38 ^ _34181_/Y (NAND2x1_ASAP7_75t_R)
  35.30 4397.68 ^ _34189_/Y (AO21x1_ASAP7_75t_R)
  34.38 4432.06 ^ _34198_/Y (AO21x1_ASAP7_75t_R)
  30.66 4462.72 ^ _34207_/Y (AO21x1_ASAP7_75t_R)
  52.31 4515.03 v _34208_/Y (XNOR2x2_ASAP7_75t_R)
   0.00 4515.03 v Datapath_i.reg_63.reg_out1[52]$_DFF_P_/D (DFFHQNx1_ASAP7_75t_R)
        4515.03   data arrival time
---------------------------------------------------------
(Path is unconstrained)


Startpoint: Datapath_i.reg_57.reg_out1[63]$_DFF_P_
            (rising edge-triggered flip-flop)
Endpoint: Datapath_i.reg_63.reg_out1[50]$_DFF_P_
          (rising edge-triggered flip-flop)
Path Group: unconstrained
Path Type: max
Corner: slow

  Delay    Time   Description
---------------------------------------------------------
   0.00    0.00 ^ Datapath_i.reg_57.reg_out1[63]$_DFF_P_/CLK (DFFHQNx1_ASAP7_75t_R)
1070.16 1070.16 ^ Datapath_i.reg_57.reg_out1[63]$_DFF_P_/QN (DFFHQNx1_ASAP7_75t_R)
 322.72 1392.88 v _22834_/Y (OAI22x1_ASAP7_75t_R)
 112.13 1505.01 v _38547_/SN (HAxp5_ASAP7_75t_R)
  61.31 1566.31 v _26130_/Y (OA211x2_ASAP7_75t_R)
  21.26 1587.57 ^ _26131_/Y (NOR2x1_ASAP7_75t_R)
  33.86 1621.44 ^ _26132_/Y (AND2x2_ASAP7_75t_R)
  17.84 1639.28 v _26134_/Y (OAI21x1_ASAP7_75t_R)
  44.18 1683.45 v _26135_/Y (MAJx2_ASAP7_75t_R)
  42.58 1726.03 v _26136_/Y (OA21x2_ASAP7_75t_R)
  40.25 1766.28 v _26143_/Y (XOR2x2_ASAP7_75t_R)
  56.67 1822.95 v _26144_/Y (OR4x1_ASAP7_75t_R)
  46.75 1869.70 v _26145_/Y (AO221x1_ASAP7_75t_R)
  13.21 1882.91 ^ _26146_/Y (INVx1_ASAP7_75t_R)
  81.92 1964.83 ^ _26147_/Y (OA21x2_ASAP7_75t_R)
 226.34 2191.17 v _26173_/Y (NAND2x1_ASAP7_75t_R)
 161.27 2352.44 v _26439_/Y (OA211x2_ASAP7_75t_R)
  43.35 2395.79 v _26440_/Y (AO21x1_ASAP7_75t_R)
  16.21 2412.00 ^ _26441_/Y (NOR2x1_ASAP7_75t_R)
  41.03 2453.04 ^ _26442_/Y (AO21x1_ASAP7_75t_R)
  19.43 2472.47 v _27041_/Y (NOR2x1_ASAP7_75t_R)
  48.15 2520.62 v _27042_/Y (AO21x1_ASAP7_75t_R)
  47.37 2567.99 v _27130_/Y (AO221x1_ASAP7_75t_R)
  41.84 2609.83 v _27131_/Y (OA22x2_ASAP7_75t_R)
  43.41 2653.24 ^ _27132_/Y (XNOR2x2_ASAP7_75t_R)
  26.79 2680.03 v _38772_/CON (HAxp5_ASAP7_75t_R)
  34.95 2714.98 ^ _23103_/Y (INVx1_ASAP7_75t_R)
  38.82 2753.80 v _36443_/CON (FAx1_ASAP7_75t_R)
  56.37 2810.17 v _34050_/Y (OA21x2_ASAP7_75t_R)
  39.29 2849.45 v _34051_/Y (OA21x2_ASAP7_75t_R)
  36.90 2886.35 v _34052_/Y (OA21x2_ASAP7_75t_R)
  39.00 2925.36 v _34053_/Y (OA21x2_ASAP7_75t_R)
  36.90 2962.26 v _34054_/Y (OA21x2_ASAP7_75t_R)
  38.98 3001.23 v _34055_/Y (OA21x2_ASAP7_75t_R)
  36.90 3038.14 v _34056_/Y (OA21x2_ASAP7_75t_R)
  38.98 3077.12 v _34057_/Y (OA21x2_ASAP7_75t_R)
  36.90 3114.01 v _34070_/Y (OA21x2_ASAP7_75t_R)
  38.98 3152.99 v _34071_/Y (OA21x2_ASAP7_75t_R)
  36.90 3189.89 v _34076_/Y (OA21x2_ASAP7_75t_R)
  39.00 3228.89 v _34077_/Y (OA21x2_ASAP7_75t_R)
  36.90 3265.79 v _34082_/Y (OA21x2_ASAP7_75t_R)
  39.01 3304.80 v _34083_/Y (OA21x2_ASAP7_75t_R)
  36.91 3341.70 v _34088_/Y (OA21x2_ASAP7_75t_R)
  39.01 3380.71 v _34089_/Y (OA21x2_ASAP7_75t_R)
  36.90 3417.61 v _34095_/Y (OA21x2_ASAP7_75t_R)
  39.00 3456.62 v _34096_/Y (OA21x2_ASAP7_75t_R)
  36.90 3493.52 v _34101_/Y (OA21x2_ASAP7_75t_R)
  39.00 3532.52 v _34102_/Y (OA21x2_ASAP7_75t_R)
  36.90 3569.42 v _34107_/Y (OA21x2_ASAP7_75t_R)
  38.98 3608.40 v _34108_/Y (OA21x2_ASAP7_75t_R)
  36.91 3645.30 v _34113_/Y (OA21x2_ASAP7_75t_R)
  39.01 3684.31 v _34114_/Y (OA21x2_ASAP7_75t_R)
  36.90 3721.21 v _34119_/Y (OA21x2_ASAP7_75t_R)
  39.01 3760.22 v _34120_/Y (OA21x2_ASAP7_75t_R)
  36.88 3797.10 v _34126_/Y (OA21x2_ASAP7_75t_R)
  39.01 3836.11 v _34127_/Y (OA21x2_ASAP7_75t_R)
  36.90 3873.00 v _34132_/Y (OA21x2_ASAP7_75t_R)
  39.01 3912.01 v _34133_/Y (OA21x2_ASAP7_75t_R)
  36.90 3948.91 v _34138_/Y (OA21x2_ASAP7_75t_R)
  40.66 3989.57 v _34139_/Y (OA21x2_ASAP7_75t_R)
  42.34 4031.91 v _34145_/Y (OA31x2_ASAP7_75t_R)
  40.70 4072.61 v _34151_/Y (OA31x2_ASAP7_75t_R)
  39.96 4112.57 v _34160_/Y (OA21x2_ASAP7_75t_R)
  36.35 4148.93 v _34166_/Y (OA21x2_ASAP7_75t_R)
  38.98 4187.90 v _34167_/Y (OA21x2_ASAP7_75t_R)
  43.53 4231.43 v _34173_/Y (OR3x1_ASAP7_75t_R)
  59.32 4290.75 v _34174_/Y (OA211x2_ASAP7_75t_R)
  48.66 4339.41 v _34180_/Y (OR3x1_ASAP7_75t_R)
  22.97 4362.38 ^ _34181_/Y (NAND2x1_ASAP7_75t_R)
  35.30 4397.68 ^ _34189_/Y (AO21x1_ASAP7_75t_R)
  34.38 4432.06 ^ _34198_/Y (AO21x1_ASAP7_75t_R)
  54.17 4486.22 v _34199_/Y (XNOR2x2_ASAP7_75t_R)
   0.00 4486.22 v Datapath_i.reg_63.reg_out1[50]$_DFF_P_/D (DFFHQNx1_ASAP7_75t_R)
        4486.22   data arrival time
---------------------------------------------------------
(Path is unconstrained)


Startpoint: Datapath_i.reg_57.reg_out1[63]$_DFF_P_
            (rising edge-triggered flip-flop)
Endpoint: Datapath_i.reg_63.reg_out1[51]$_DFF_P_
          (rising edge-triggered flip-flop)
Path Group: unconstrained
Path Type: max
Corner: slow

  Delay    Time   Description
---------------------------------------------------------
   0.00    0.00 ^ Datapath_i.reg_57.reg_out1[63]$_DFF_P_/CLK (DFFHQNx1_ASAP7_75t_R)
1070.16 1070.16 ^ Datapath_i.reg_57.reg_out1[63]$_DFF_P_/QN (DFFHQNx1_ASAP7_75t_R)
 322.72 1392.88 v _22834_/Y (OAI22x1_ASAP7_75t_R)
 112.13 1505.01 v _38547_/SN (HAxp5_ASAP7_75t_R)
  61.31 1566.31 v _26130_/Y (OA211x2_ASAP7_75t_R)
  21.26 1587.57 ^ _26131_/Y (NOR2x1_ASAP7_75t_R)
  33.86 1621.44 ^ _26132_/Y (AND2x2_ASAP7_75t_R)
  17.84 1639.28 v _26134_/Y (OAI21x1_ASAP7_75t_R)
  44.18 1683.45 v _26135_/Y (MAJx2_ASAP7_75t_R)
  42.58 1726.03 v _26136_/Y (OA21x2_ASAP7_75t_R)
  36.94 1762.97 v _26137_/Y (OA21x2_ASAP7_75t_R)
  39.05 1802.02 v _26138_/Y (OA21x2_ASAP7_75t_R)
  15.42 1817.44 ^ _26140_/Y (NOR2x1_ASAP7_75t_R)
  22.86 1840.31 ^ _26144_/Y (OR4x1_ASAP7_75t_R)
  26.91 1867.22 ^ _26145_/Y (AO221x1_ASAP7_75t_R)
  12.14 1879.36 v _26146_/Y (INVx1_ASAP7_75t_R)
  63.21 1942.57 v _26147_/Y (OA21x2_ASAP7_75t_R)
 233.92 2176.50 ^ _26177_/Y (NAND2x1_ASAP7_75t_R)
 105.21 2281.71 ^ _26475_/Y (OR2x2_ASAP7_75t_R)
  22.84 2304.55 v _26476_/Y (OAI21x1_ASAP7_75t_R)
  36.09 2340.64 ^ _26895_/Y (AOI21x1_ASAP7_75t_R)
  28.20 2368.84 v _26896_/Y (NOR2x1_ASAP7_75t_R)
  43.64 2412.48 v _26897_/Y (AO21x1_ASAP7_75t_R)
  31.66 2444.15 v _26898_/Y (AND2x2_ASAP7_75t_R)
  36.98 2481.13 v _26899_/Y (AO21x1_ASAP7_75t_R)
  41.56 2522.69 v _26900_/Y (OA22x2_ASAP7_75t_R)
  39.09 2561.78 v _26901_/Y (OR2x2_ASAP7_75t_R)
  13.19 2574.97 ^ _26902_/Y (OAI21x1_ASAP7_75t_R)
  55.65 2630.62 v _26903_/Y (XOR2x2_ASAP7_75t_R)
  26.09 2656.71 ^ _38720_/CON (HAxp5_ASAP7_75t_R)
  30.66 2687.37 v _38720_/SN (HAxp5_ASAP7_75t_R)
  46.06 2733.43 v _34059_/Y (OA21x2_ASAP7_75t_R)
  39.05 2772.48 v _34060_/Y (OA21x2_ASAP7_75t_R)
  36.88 2809.36 v _34061_/Y (OA21x2_ASAP7_75t_R)
  39.01 2848.37 v _34062_/Y (OA21x2_ASAP7_75t_R)
  36.90 2885.26 v _34063_/Y (OA21x2_ASAP7_75t_R)
  39.01 2924.27 v _34064_/Y (OA21x2_ASAP7_75t_R)
  36.87 2961.14 v _34065_/Y (OA21x2_ASAP7_75t_R)
  39.01 3000.15 v _34066_/Y (OA21x2_ASAP7_75t_R)
  36.88 3037.03 v _34067_/Y (OA21x2_ASAP7_75t_R)
  39.00 3076.03 v _34068_/Y (OA21x2_ASAP7_75t_R)
  36.87 3112.90 v _34073_/Y (OA21x2_ASAP7_75t_R)
  39.01 3151.90 v _34074_/Y (OA21x2_ASAP7_75t_R)
  36.90 3188.80 v _34079_/Y (OA21x2_ASAP7_75t_R)
  39.00 3227.80 v _34080_/Y (OA21x2_ASAP7_75t_R)
  36.90 3264.71 v _34085_/Y (OA21x2_ASAP7_75t_R)
  39.01 3303.72 v _34086_/Y (OA21x2_ASAP7_75t_R)
  36.90 3340.62 v _34091_/Y (OA21x2_ASAP7_75t_R)
  39.01 3379.63 v _34092_/Y (OA21x2_ASAP7_75t_R)
  36.90 3416.52 v _34098_/Y (OA21x2_ASAP7_75t_R)
  39.01 3455.53 v _34099_/Y (OA21x2_ASAP7_75t_R)
  36.90 3492.43 v _34104_/Y (OA21x2_ASAP7_75t_R)
  39.00 3531.43 v _34105_/Y (OA21x2_ASAP7_75t_R)
  36.88 3568.31 v _34110_/Y (OA21x2_ASAP7_75t_R)
  39.01 3607.32 v _34111_/Y (OA21x2_ASAP7_75t_R)
  36.90 3644.22 v _34116_/Y (OA21x2_ASAP7_75t_R)
  39.01 3683.23 v _34117_/Y (OA21x2_ASAP7_75t_R)
  36.90 3720.13 v _34122_/Y (OA21x2_ASAP7_75t_R)
  38.98 3759.11 v _34123_/Y (OA21x2_ASAP7_75t_R)
  36.90 3796.01 v _34129_/Y (OA21x2_ASAP7_75t_R)
  39.00 3835.02 v _34130_/Y (OA21x2_ASAP7_75t_R)
  36.90 3871.92 v _34135_/Y (OA21x2_ASAP7_75t_R)
  39.00 3910.92 v _34136_/Y (OA21x2_ASAP7_75t_R)
  36.87 3947.79 v _34141_/Y (OA21x2_ASAP7_75t_R)
  39.01 3986.80 v _34142_/Y (OA21x2_ASAP7_75t_R)
  36.95 4023.75 v _34147_/Y (OA21x2_ASAP7_75t_R)
  39.04 4062.78 v _34148_/Y (OA21x2_ASAP7_75t_R)
  39.73 4102.52 v _34155_/Y (OA21x2_ASAP7_75t_R)
  39.23 4141.75 v _34164_/Y (OA21x2_ASAP7_75t_R)
  39.23 4180.98 v _34171_/Y (OA21x2_ASAP7_75t_R)
  43.13 4224.11 v _34176_/Y (OR3x1_ASAP7_75t_R)
  59.31 4283.42 v _34177_/Y (OA211x2_ASAP7_75t_R)
  49.20 4332.62 v _34184_/Y (OR3x1_ASAP7_75t_R)
  36.46 4369.09 v _34185_/Y (AND2x2_ASAP7_75t_R)
  49.35 4418.43 v _34203_/Y (OA211x2_ASAP7_75t_R)
  50.05 4468.49 ^ _34204_/Y (XOR2x2_ASAP7_75t_R)
   0.00 4468.49 ^ Datapath_i.reg_63.reg_out1[51]$_DFF_P_/D (DFFHQNx1_ASAP7_75t_R)
        4468.49   data arrival time
---------------------------------------------------------
(Path is unconstrained)


Startpoint: Datapath_i.reg_57.reg_out1[63]$_DFF_P_
            (rising edge-triggered flip-flop)
Endpoint: Datapath_i.reg_63.reg_out1[53]$_DFF_P_
          (rising edge-triggered flip-flop)
Path Group: unconstrained
Path Type: max
Corner: slow

  Delay    Time   Description
---------------------------------------------------------
   0.00    0.00 ^ Datapath_i.reg_57.reg_out1[63]$_DFF_P_/CLK (DFFHQNx1_ASAP7_75t_R)
1070.16 1070.16 ^ Datapath_i.reg_57.reg_out1[63]$_DFF_P_/QN (DFFHQNx1_ASAP7_75t_R)
 322.72 1392.88 v _22834_/Y (OAI22x1_ASAP7_75t_R)
 112.13 1505.01 v _38547_/SN (HAxp5_ASAP7_75t_R)
  61.31 1566.31 v _26130_/Y (OA211x2_ASAP7_75t_R)
  21.26 1587.57 ^ _26131_/Y (NOR2x1_ASAP7_75t_R)
  33.86 1621.44 ^ _26132_/Y (AND2x2_ASAP7_75t_R)
  17.84 1639.28 v _26134_/Y (OAI21x1_ASAP7_75t_R)
  44.18 1683.45 v _26135_/Y (MAJx2_ASAP7_75t_R)
  42.58 1726.03 v _26136_/Y (OA21x2_ASAP7_75t_R)
  36.94 1762.97 v _26137_/Y (OA21x2_ASAP7_75t_R)
  39.05 1802.02 v _26138_/Y (OA21x2_ASAP7_75t_R)
  15.42 1817.44 ^ _26140_/Y (NOR2x1_ASAP7_75t_R)
  22.86 1840.31 ^ _26144_/Y (OR4x1_ASAP7_75t_R)
  26.91 1867.22 ^ _26145_/Y (AO221x1_ASAP7_75t_R)
  12.14 1879.36 v _26146_/Y (INVx1_ASAP7_75t_R)
  63.21 1942.57 v _26147_/Y (OA21x2_ASAP7_75t_R)
 233.92 2176.50 ^ _26177_/Y (NAND2x1_ASAP7_75t_R)
 105.21 2281.71 ^ _26475_/Y (OR2x2_ASAP7_75t_R)
  22.84 2304.55 v _26476_/Y (OAI21x1_ASAP7_75t_R)
  36.09 2340.64 ^ _26895_/Y (AOI21x1_ASAP7_75t_R)
  28.20 2368.84 v _26896_/Y (NOR2x1_ASAP7_75t_R)
  43.64 2412.48 v _26897_/Y (AO21x1_ASAP7_75t_R)
  31.66 2444.15 v _26898_/Y (AND2x2_ASAP7_75t_R)
  36.98 2481.13 v _26899_/Y (AO21x1_ASAP7_75t_R)
  41.56 2522.69 v _26900_/Y (OA22x2_ASAP7_75t_R)
  39.09 2561.78 v _26901_/Y (OR2x2_ASAP7_75t_R)
  13.19 2574.97 ^ _26902_/Y (OAI21x1_ASAP7_75t_R)
  55.65 2630.62 v _26903_/Y (XOR2x2_ASAP7_75t_R)
  26.09 2656.71 ^ _38720_/CON (HAxp5_ASAP7_75t_R)
  30.66 2687.37 v _38720_/SN (HAxp5_ASAP7_75t_R)
  46.06 2733.43 v _34059_/Y (OA21x2_ASAP7_75t_R)
  39.05 2772.48 v _34060_/Y (OA21x2_ASAP7_75t_R)
  36.88 2809.36 v _34061_/Y (OA21x2_ASAP7_75t_R)
  39.01 2848.37 v _34062_/Y (OA21x2_ASAP7_75t_R)
  36.90 2885.26 v _34063_/Y (OA21x2_ASAP7_75t_R)
  39.01 2924.27 v _34064_/Y (OA21x2_ASAP7_75t_R)
  36.87 2961.14 v _34065_/Y (OA21x2_ASAP7_75t_R)
  39.01 3000.15 v _34066_/Y (OA21x2_ASAP7_75t_R)
  36.88 3037.03 v _34067_/Y (OA21x2_ASAP7_75t_R)
  39.00 3076.03 v _34068_/Y (OA21x2_ASAP7_75t_R)
  36.87 3112.90 v _34073_/Y (OA21x2_ASAP7_75t_R)
  39.01 3151.90 v _34074_/Y (OA21x2_ASAP7_75t_R)
  36.90 3188.80 v _34079_/Y (OA21x2_ASAP7_75t_R)
  39.00 3227.80 v _34080_/Y (OA21x2_ASAP7_75t_R)
  36.90 3264.71 v _34085_/Y (OA21x2_ASAP7_75t_R)
  39.01 3303.72 v _34086_/Y (OA21x2_ASAP7_75t_R)
  36.90 3340.62 v _34091_/Y (OA21x2_ASAP7_75t_R)
  39.01 3379.63 v _34092_/Y (OA21x2_ASAP7_75t_R)
  36.90 3416.52 v _34098_/Y (OA21x2_ASAP7_75t_R)
  39.01 3455.53 v _34099_/Y (OA21x2_ASAP7_75t_R)
  36.90 3492.43 v _34104_/Y (OA21x2_ASAP7_75t_R)
  39.00 3531.43 v _34105_/Y (OA21x2_ASAP7_75t_R)
  36.88 3568.31 v _34110_/Y (OA21x2_ASAP7_75t_R)
  39.01 3607.32 v _34111_/Y (OA21x2_ASAP7_75t_R)
  36.90 3644.22 v _34116_/Y (OA21x2_ASAP7_75t_R)
  39.01 3683.23 v _34117_/Y (OA21x2_ASAP7_75t_R)
  36.90 3720.13 v _34122_/Y (OA21x2_ASAP7_75t_R)
  38.98 3759.11 v _34123_/Y (OA21x2_ASAP7_75t_R)
  36.90 3796.01 v _34129_/Y (OA21x2_ASAP7_75t_R)
  39.00 3835.02 v _34130_/Y (OA21x2_ASAP7_75t_R)
  36.90 3871.92 v _34135_/Y (OA21x2_ASAP7_75t_R)
  39.00 3910.92 v _34136_/Y (OA21x2_ASAP7_75t_R)
  36.87 3947.79 v _34141_/Y (OA21x2_ASAP7_75t_R)
  39.01 3986.80 v _34142_/Y (OA21x2_ASAP7_75t_R)
  36.95 4023.75 v _34147_/Y (OA21x2_ASAP7_75t_R)
  39.04 4062.78 v _34148_/Y (OA21x2_ASAP7_75t_R)
  39.73 4102.52 v _34155_/Y (OA21x2_ASAP7_75t_R)
  39.23 4141.75 v _34164_/Y (OA21x2_ASAP7_75t_R)
  39.23 4180.98 v _34171_/Y (OA21x2_ASAP7_75t_R)
  43.13 4224.11 v _34176_/Y (OR3x1_ASAP7_75t_R)
  59.31 4283.42 v _34177_/Y (OA211x2_ASAP7_75t_R)
  49.20 4332.62 v _34184_/Y (OR3x1_ASAP7_75t_R)
  57.46 4390.08 v _34209_/Y (OR4x1_ASAP7_75t_R)
  27.71 4417.80 v _34213_/Y (AND3x1_ASAP7_75t_R)
  41.45 4459.25 ^ _34214_/Y (XNOR2x2_ASAP7_75t_R)
   0.00 4459.25 ^ Datapath_i.reg_63.reg_out1[53]$_DFF_P_/D (DFFHQNx1_ASAP7_75t_R)
        4459.25   data arrival time
---------------------------------------------------------
(Path is unconstrained)


Startpoint: Datapath_i.reg_57.reg_out1[63]$_DFF_P_
            (rising edge-triggered flip-flop)
Endpoint: Datapath_i.reg_63.reg_out1[49]$_DFF_P_
          (rising edge-triggered flip-flop)
Path Group: unconstrained
Path Type: max
Corner: slow

  Delay    Time   Description
---------------------------------------------------------
   0.00    0.00 ^ Datapath_i.reg_57.reg_out1[63]$_DFF_P_/CLK (DFFHQNx1_ASAP7_75t_R)
1070.16 1070.16 ^ Datapath_i.reg_57.reg_out1[63]$_DFF_P_/QN (DFFHQNx1_ASAP7_75t_R)
 322.72 1392.88 v _22834_/Y (OAI22x1_ASAP7_75t_R)
 112.13 1505.01 v _38547_/SN (HAxp5_ASAP7_75t_R)
  61.31 1566.31 v _26130_/Y (OA211x2_ASAP7_75t_R)
  21.26 1587.57 ^ _26131_/Y (NOR2x1_ASAP7_75t_R)
  33.86 1621.44 ^ _26132_/Y (AND2x2_ASAP7_75t_R)
  17.84 1639.28 v _26134_/Y (OAI21x1_ASAP7_75t_R)
  44.18 1683.45 v _26135_/Y (MAJx2_ASAP7_75t_R)
  42.58 1726.03 v _26136_/Y (OA21x2_ASAP7_75t_R)
  36.94 1762.97 v _26137_/Y (OA21x2_ASAP7_75t_R)
  39.05 1802.02 v _26138_/Y (OA21x2_ASAP7_75t_R)
  15.42 1817.44 ^ _26140_/Y (NOR2x1_ASAP7_75t_R)
  22.86 1840.31 ^ _26144_/Y (OR4x1_ASAP7_75t_R)
  26.91 1867.22 ^ _26145_/Y (AO221x1_ASAP7_75t_R)
  12.14 1879.36 v _26146_/Y (INVx1_ASAP7_75t_R)
  63.21 1942.57 v _26147_/Y (OA21x2_ASAP7_75t_R)
 233.92 2176.50 ^ _26177_/Y (NAND2x1_ASAP7_75t_R)
 105.21 2281.71 ^ _26475_/Y (OR2x2_ASAP7_75t_R)
  22.84 2304.55 v _26476_/Y (OAI21x1_ASAP7_75t_R)
  36.09 2340.64 ^ _26895_/Y (AOI21x1_ASAP7_75t_R)
  28.20 2368.84 v _26896_/Y (NOR2x1_ASAP7_75t_R)
  43.64 2412.48 v _26897_/Y (AO21x1_ASAP7_75t_R)
  31.66 2444.15 v _26898_/Y (AND2x2_ASAP7_75t_R)
  36.98 2481.13 v _26899_/Y (AO21x1_ASAP7_75t_R)
  41.56 2522.69 v _26900_/Y (OA22x2_ASAP7_75t_R)
  39.09 2561.78 v _26901_/Y (OR2x2_ASAP7_75t_R)
  13.19 2574.97 ^ _26902_/Y (OAI21x1_ASAP7_75t_R)
  55.65 2630.62 v _26903_/Y (XOR2x2_ASAP7_75t_R)
  26.09 2656.71 ^ _38720_/CON (HAxp5_ASAP7_75t_R)
  30.66 2687.37 v _38720_/SN (HAxp5_ASAP7_75t_R)
  46.06 2733.43 v _34059_/Y (OA21x2_ASAP7_75t_R)
  39.05 2772.48 v _34060_/Y (OA21x2_ASAP7_75t_R)
  36.88 2809.36 v _34061_/Y (OA21x2_ASAP7_75t_R)
  39.01 2848.37 v _34062_/Y (OA21x2_ASAP7_75t_R)
  36.90 2885.26 v _34063_/Y (OA21x2_ASAP7_75t_R)
  39.01 2924.27 v _34064_/Y (OA21x2_ASAP7_75t_R)
  36.87 2961.14 v _34065_/Y (OA21x2_ASAP7_75t_R)
  39.01 3000.15 v _34066_/Y (OA21x2_ASAP7_75t_R)
  36.88 3037.03 v _34067_/Y (OA21x2_ASAP7_75t_R)
  39.00 3076.03 v _34068_/Y (OA21x2_ASAP7_75t_R)
  36.87 3112.90 v _34073_/Y (OA21x2_ASAP7_75t_R)
  39.01 3151.90 v _34074_/Y (OA21x2_ASAP7_75t_R)
  36.90 3188.80 v _34079_/Y (OA21x2_ASAP7_75t_R)
  39.00 3227.80 v _34080_/Y (OA21x2_ASAP7_75t_R)
  36.90 3264.71 v _34085_/Y (OA21x2_ASAP7_75t_R)
  39.01 3303.72 v _34086_/Y (OA21x2_ASAP7_75t_R)
  36.90 3340.62 v _34091_/Y (OA21x2_ASAP7_75t_R)
  39.01 3379.63 v _34092_/Y (OA21x2_ASAP7_75t_R)
  36.90 3416.52 v _34098_/Y (OA21x2_ASAP7_75t_R)
  39.01 3455.53 v _34099_/Y (OA21x2_ASAP7_75t_R)
  36.90 3492.43 v _34104_/Y (OA21x2_ASAP7_75t_R)
  39.00 3531.43 v _34105_/Y (OA21x2_ASAP7_75t_R)
  36.88 3568.31 v _34110_/Y (OA21x2_ASAP7_75t_R)
  39.01 3607.32 v _34111_/Y (OA21x2_ASAP7_75t_R)
  36.90 3644.22 v _34116_/Y (OA21x2_ASAP7_75t_R)
  39.01 3683.23 v _34117_/Y (OA21x2_ASAP7_75t_R)
  36.90 3720.13 v _34122_/Y (OA21x2_ASAP7_75t_R)
  38.98 3759.11 v _34123_/Y (OA21x2_ASAP7_75t_R)
  36.90 3796.01 v _34129_/Y (OA21x2_ASAP7_75t_R)
  39.00 3835.02 v _34130_/Y (OA21x2_ASAP7_75t_R)
  36.90 3871.92 v _34135_/Y (OA21x2_ASAP7_75t_R)
  39.00 3910.92 v _34136_/Y (OA21x2_ASAP7_75t_R)
  36.87 3947.79 v _34141_/Y (OA21x2_ASAP7_75t_R)
  39.01 3986.80 v _34142_/Y (OA21x2_ASAP7_75t_R)
  36.95 4023.75 v _34147_/Y (OA21x2_ASAP7_75t_R)
  39.04 4062.78 v _34148_/Y (OA21x2_ASAP7_75t_R)
  39.73 4102.52 v _34155_/Y (OA21x2_ASAP7_75t_R)
  39.23 4141.75 v _34164_/Y (OA21x2_ASAP7_75t_R)
  39.23 4180.98 v _34171_/Y (OA21x2_ASAP7_75t_R)
  43.13 4224.11 v _34176_/Y (OR3x1_ASAP7_75t_R)
  59.31 4283.42 v _34177_/Y (OA211x2_ASAP7_75t_R)
  49.20 4332.62 v _34184_/Y (OR3x1_ASAP7_75t_R)
  36.46 4369.09 v _34185_/Y (AND2x2_ASAP7_75t_R)
  37.30 4406.39 v _34193_/Y (OA21x2_ASAP7_75t_R)
  47.78 4454.17 ^ _34194_/Y (XOR2x2_ASAP7_75t_R)
   0.00 4454.17 ^ Datapath_i.reg_63.reg_out1[49]$_DFF_P_/D (DFFHQNx1_ASAP7_75t_R)
        4454.17   data arrival time
---------------------------------------------------------
(Path is unconstrained)


Startpoint: Datapath_i.reg_57.reg_out1[63]$_DFF_P_
            (rising edge-triggered flip-flop)
Endpoint: Datapath_i.reg_63.reg_out1[48]$_DFF_P_
          (rising edge-triggered flip-flop)
Path Group: unconstrained
Path Type: max
Corner: slow

  Delay    Time   Description
---------------------------------------------------------
   0.00    0.00 ^ Datapath_i.reg_57.reg_out1[63]$_DFF_P_/CLK (DFFHQNx1_ASAP7_75t_R)
1070.16 1070.16 ^ Datapath_i.reg_57.reg_out1[63]$_DFF_P_/QN (DFFHQNx1_ASAP7_75t_R)
 322.72 1392.88 v _22834_/Y (OAI22x1_ASAP7_75t_R)
 112.13 1505.01 v _38547_/SN (HAxp5_ASAP7_75t_R)
  61.31 1566.31 v _26130_/Y (OA211x2_ASAP7_75t_R)
  21.26 1587.57 ^ _26131_/Y (NOR2x1_ASAP7_75t_R)
  33.86 1621.44 ^ _26132_/Y (AND2x2_ASAP7_75t_R)
  17.84 1639.28 v _26134_/Y (OAI21x1_ASAP7_75t_R)
  44.18 1683.45 v _26135_/Y (MAJx2_ASAP7_75t_R)
  42.58 1726.03 v _26136_/Y (OA21x2_ASAP7_75t_R)
  40.25 1766.28 v _26143_/Y (XOR2x2_ASAP7_75t_R)
  56.67 1822.95 v _26144_/Y (OR4x1_ASAP7_75t_R)
  46.75 1869.70 v _26145_/Y (AO221x1_ASAP7_75t_R)
  13.21 1882.91 ^ _26146_/Y (INVx1_ASAP7_75t_R)
  81.92 1964.83 ^ _26147_/Y (OA21x2_ASAP7_75t_R)
 226.34 2191.17 v _26173_/Y (NAND2x1_ASAP7_75t_R)
 161.27 2352.44 v _26439_/Y (OA211x2_ASAP7_75t_R)
  43.35 2395.79 v _26440_/Y (AO21x1_ASAP7_75t_R)
  16.21 2412.00 ^ _26441_/Y (NOR2x1_ASAP7_75t_R)
  41.03 2453.04 ^ _26442_/Y (AO21x1_ASAP7_75t_R)
  19.43 2472.47 v _27041_/Y (NOR2x1_ASAP7_75t_R)
  48.15 2520.62 v _27042_/Y (AO21x1_ASAP7_75t_R)
  47.37 2567.99 v _27130_/Y (AO221x1_ASAP7_75t_R)
  41.84 2609.83 v _27131_/Y (OA22x2_ASAP7_75t_R)
  43.41 2653.24 ^ _27132_/Y (XNOR2x2_ASAP7_75t_R)
  26.79 2680.03 v _38772_/CON (HAxp5_ASAP7_75t_R)
  34.95 2714.98 ^ _23103_/Y (INVx1_ASAP7_75t_R)
  38.82 2753.80 v _36443_/CON (FAx1_ASAP7_75t_R)
  56.37 2810.17 v _34050_/Y (OA21x2_ASAP7_75t_R)
  39.29 2849.45 v _34051_/Y (OA21x2_ASAP7_75t_R)
  36.90 2886.35 v _34052_/Y (OA21x2_ASAP7_75t_R)
  39.00 2925.36 v _34053_/Y (OA21x2_ASAP7_75t_R)
  36.90 2962.26 v _34054_/Y (OA21x2_ASAP7_75t_R)
  38.98 3001.23 v _34055_/Y (OA21x2_ASAP7_75t_R)
  36.90 3038.14 v _34056_/Y (OA21x2_ASAP7_75t_R)
  38.98 3077.12 v _34057_/Y (OA21x2_ASAP7_75t_R)
  36.90 3114.01 v _34070_/Y (OA21x2_ASAP7_75t_R)
  38.98 3152.99 v _34071_/Y (OA21x2_ASAP7_75t_R)
  36.90 3189.89 v _34076_/Y (OA21x2_ASAP7_75t_R)
  39.00 3228.89 v _34077_/Y (OA21x2_ASAP7_75t_R)
  36.90 3265.79 v _34082_/Y (OA21x2_ASAP7_75t_R)
  39.01 3304.80 v _34083_/Y (OA21x2_ASAP7_75t_R)
  36.91 3341.70 v _34088_/Y (OA21x2_ASAP7_75t_R)
  39.01 3380.71 v _34089_/Y (OA21x2_ASAP7_75t_R)
  36.90 3417.61 v _34095_/Y (OA21x2_ASAP7_75t_R)
  39.00 3456.62 v _34096_/Y (OA21x2_ASAP7_75t_R)
  36.90 3493.52 v _34101_/Y (OA21x2_ASAP7_75t_R)
  39.00 3532.52 v _34102_/Y (OA21x2_ASAP7_75t_R)
  36.90 3569.42 v _34107_/Y (OA21x2_ASAP7_75t_R)
  38.98 3608.40 v _34108_/Y (OA21x2_ASAP7_75t_R)
  36.91 3645.30 v _34113_/Y (OA21x2_ASAP7_75t_R)
  39.01 3684.31 v _34114_/Y (OA21x2_ASAP7_75t_R)
  36.90 3721.21 v _34119_/Y (OA21x2_ASAP7_75t_R)
  39.01 3760.22 v _34120_/Y (OA21x2_ASAP7_75t_R)
  36.88 3797.10 v _34126_/Y (OA21x2_ASAP7_75t_R)
  39.01 3836.11 v _34127_/Y (OA21x2_ASAP7_75t_R)
  36.90 3873.00 v _34132_/Y (OA21x2_ASAP7_75t_R)
  39.01 3912.01 v _34133_/Y (OA21x2_ASAP7_75t_R)
  36.90 3948.91 v _34138_/Y (OA21x2_ASAP7_75t_R)
  40.66 3989.57 v _34139_/Y (OA21x2_ASAP7_75t_R)
  42.34 4031.91 v _34145_/Y (OA31x2_ASAP7_75t_R)
  40.70 4072.61 v _34151_/Y (OA31x2_ASAP7_75t_R)
  39.96 4112.57 v _34160_/Y (OA21x2_ASAP7_75t_R)
  36.35 4148.93 v _34166_/Y (OA21x2_ASAP7_75t_R)
  38.98 4187.90 v _34167_/Y (OA21x2_ASAP7_75t_R)
  43.53 4231.43 v _34173_/Y (OR3x1_ASAP7_75t_R)
  59.32 4290.75 v _34174_/Y (OA211x2_ASAP7_75t_R)
  48.66 4339.41 v _34180_/Y (OR3x1_ASAP7_75t_R)
  22.97 4362.38 ^ _34181_/Y (NAND2x1_ASAP7_75t_R)
  35.30 4397.68 ^ _34189_/Y (AO21x1_ASAP7_75t_R)
  54.16 4451.83 v _34190_/Y (XNOR2x2_ASAP7_75t_R)
   0.00 4451.83 v Datapath_i.reg_63.reg_out1[48]$_DFF_P_/D (DFFHQNx1_ASAP7_75t_R)
        4451.83   data arrival time
---------------------------------------------------------
(Path is unconstrained)


Startpoint: Datapath_i.reg_57.reg_out1[63]$_DFF_P_
            (rising edge-triggered flip-flop)
Endpoint: Datapath_i.reg_63.reg_out1[47]$_DFF_P_
          (rising edge-triggered flip-flop)
Path Group: unconstrained
Path Type: max
Corner: slow

  Delay    Time   Description
---------------------------------------------------------
   0.00    0.00 ^ Datapath_i.reg_57.reg_out1[63]$_DFF_P_/CLK (DFFHQNx1_ASAP7_75t_R)
1070.16 1070.16 ^ Datapath_i.reg_57.reg_out1[63]$_DFF_P_/QN (DFFHQNx1_ASAP7_75t_R)
 322.72 1392.88 v _22834_/Y (OAI22x1_ASAP7_75t_R)
 112.13 1505.01 v _38547_/SN (HAxp5_ASAP7_75t_R)
  61.31 1566.31 v _26130_/Y (OA211x2_ASAP7_75t_R)
  21.26 1587.57 ^ _26131_/Y (NOR2x1_ASAP7_75t_R)
  33.86 1621.44 ^ _26132_/Y (AND2x2_ASAP7_75t_R)
  17.84 1639.28 v _26134_/Y (OAI21x1_ASAP7_75t_R)
  44.18 1683.45 v _26135_/Y (MAJx2_ASAP7_75t_R)
  42.58 1726.03 v _26136_/Y (OA21x2_ASAP7_75t_R)
  36.94 1762.97 v _26137_/Y (OA21x2_ASAP7_75t_R)
  39.05 1802.02 v _26138_/Y (OA21x2_ASAP7_75t_R)
  15.42 1817.44 ^ _26140_/Y (NOR2x1_ASAP7_75t_R)
  22.86 1840.31 ^ _26144_/Y (OR4x1_ASAP7_75t_R)
  26.91 1867.22 ^ _26145_/Y (AO221x1_ASAP7_75t_R)
  12.14 1879.36 v _26146_/Y (INVx1_ASAP7_75t_R)
  63.21 1942.57 v _26147_/Y (OA21x2_ASAP7_75t_R)
 233.92 2176.50 ^ _26177_/Y (NAND2x1_ASAP7_75t_R)
 105.21 2281.71 ^ _26475_/Y (OR2x2_ASAP7_75t_R)
  22.84 2304.55 v _26476_/Y (OAI21x1_ASAP7_75t_R)
  36.09 2340.64 ^ _26895_/Y (AOI21x1_ASAP7_75t_R)
  28.20 2368.84 v _26896_/Y (NOR2x1_ASAP7_75t_R)
  43.64 2412.48 v _26897_/Y (AO21x1_ASAP7_75t_R)
  31.66 2444.15 v _26898_/Y (AND2x2_ASAP7_75t_R)
  36.98 2481.13 v _26899_/Y (AO21x1_ASAP7_75t_R)
  41.56 2522.69 v _26900_/Y (OA22x2_ASAP7_75t_R)
  39.09 2561.78 v _26901_/Y (OR2x2_ASAP7_75t_R)
  13.19 2574.97 ^ _26902_/Y (OAI21x1_ASAP7_75t_R)
  55.65 2630.62 v _26903_/Y (XOR2x2_ASAP7_75t_R)
  26.09 2656.71 ^ _38720_/CON (HAxp5_ASAP7_75t_R)
  30.66 2687.37 v _38720_/SN (HAxp5_ASAP7_75t_R)
  46.06 2733.43 v _34059_/Y (OA21x2_ASAP7_75t_R)
  39.05 2772.48 v _34060_/Y (OA21x2_ASAP7_75t_R)
  36.88 2809.36 v _34061_/Y (OA21x2_ASAP7_75t_R)
  39.01 2848.37 v _34062_/Y (OA21x2_ASAP7_75t_R)
  36.90 2885.26 v _34063_/Y (OA21x2_ASAP7_75t_R)
  39.01 2924.27 v _34064_/Y (OA21x2_ASAP7_75t_R)
  36.87 2961.14 v _34065_/Y (OA21x2_ASAP7_75t_R)
  39.01 3000.15 v _34066_/Y (OA21x2_ASAP7_75t_R)
  36.88 3037.03 v _34067_/Y (OA21x2_ASAP7_75t_R)
  39.00 3076.03 v _34068_/Y (OA21x2_ASAP7_75t_R)
  36.87 3112.90 v _34073_/Y (OA21x2_ASAP7_75t_R)
  39.01 3151.90 v _34074_/Y (OA21x2_ASAP7_75t_R)
  36.90 3188.80 v _34079_/Y (OA21x2_ASAP7_75t_R)
  39.00 3227.80 v _34080_/Y (OA21x2_ASAP7_75t_R)
  36.90 3264.71 v _34085_/Y (OA21x2_ASAP7_75t_R)
  39.01 3303.72 v _34086_/Y (OA21x2_ASAP7_75t_R)
  36.90 3340.62 v _34091_/Y (OA21x2_ASAP7_75t_R)
  39.01 3379.63 v _34092_/Y (OA21x2_ASAP7_75t_R)
  36.90 3416.52 v _34098_/Y (OA21x2_ASAP7_75t_R)
  39.01 3455.53 v _34099_/Y (OA21x2_ASAP7_75t_R)
  36.90 3492.43 v _34104_/Y (OA21x2_ASAP7_75t_R)
  39.00 3531.43 v _34105_/Y (OA21x2_ASAP7_75t_R)
  36.88 3568.31 v _34110_/Y (OA21x2_ASAP7_75t_R)
  39.01 3607.32 v _34111_/Y (OA21x2_ASAP7_75t_R)
  36.90 3644.22 v _34116_/Y (OA21x2_ASAP7_75t_R)
  39.01 3683.23 v _34117_/Y (OA21x2_ASAP7_75t_R)
  36.90 3720.13 v _34122_/Y (OA21x2_ASAP7_75t_R)
  38.98 3759.11 v _34123_/Y (OA21x2_ASAP7_75t_R)
  36.90 3796.01 v _34129_/Y (OA21x2_ASAP7_75t_R)
  39.00 3835.02 v _34130_/Y (OA21x2_ASAP7_75t_R)
  36.90 3871.92 v _34135_/Y (OA21x2_ASAP7_75t_R)
  39.00 3910.92 v _34136_/Y (OA21x2_ASAP7_75t_R)
  36.87 3947.79 v _34141_/Y (OA21x2_ASAP7_75t_R)
  39.01 3986.80 v _34142_/Y (OA21x2_ASAP7_75t_R)
  36.95 4023.75 v _34147_/Y (OA21x2_ASAP7_75t_R)
  39.04 4062.78 v _34148_/Y (OA21x2_ASAP7_75t_R)
  39.73 4102.52 v _34155_/Y (OA21x2_ASAP7_75t_R)
  39.23 4141.75 v _34164_/Y (OA21x2_ASAP7_75t_R)
  39.23 4180.98 v _34171_/Y (OA21x2_ASAP7_75t_R)
  43.13 4224.11 v _34176_/Y (OR3x1_ASAP7_75t_R)
  59.31 4283.42 v _34177_/Y (OA211x2_ASAP7_75t_R)
  49.20 4332.62 v _34184_/Y (OR3x1_ASAP7_75t_R)
  36.46 4369.09 v _34185_/Y (AND2x2_ASAP7_75t_R)
  48.61 4417.70 ^ _34186_/Y (XOR2x2_ASAP7_75t_R)
   0.00 4417.70 ^ Datapath_i.reg_63.reg_out1[47]$_DFF_P_/D (DFFHQNx1_ASAP7_75t_R)
        4417.70   data arrival time
---------------------------------------------------------
(Path is unconstrained)


Startpoint: Datapath_i.reg_57.reg_out1[63]$_DFF_P_
            (rising edge-triggered flip-flop)
Endpoint: Datapath_i.reg_63.reg_out1[46]$_DFF_P_
          (rising edge-triggered flip-flop)
Path Group: unconstrained
Path Type: max
Corner: slow

  Delay    Time   Description
---------------------------------------------------------
   0.00    0.00 ^ Datapath_i.reg_57.reg_out1[63]$_DFF_P_/CLK (DFFHQNx1_ASAP7_75t_R)
1070.16 1070.16 ^ Datapath_i.reg_57.reg_out1[63]$_DFF_P_/QN (DFFHQNx1_ASAP7_75t_R)
 322.72 1392.88 v _22834_/Y (OAI22x1_ASAP7_75t_R)
 112.13 1505.01 v _38547_/SN (HAxp5_ASAP7_75t_R)
  61.31 1566.31 v _26130_/Y (OA211x2_ASAP7_75t_R)
  21.26 1587.57 ^ _26131_/Y (NOR2x1_ASAP7_75t_R)
  33.86 1621.44 ^ _26132_/Y (AND2x2_ASAP7_75t_R)
  17.84 1639.28 v _26134_/Y (OAI21x1_ASAP7_75t_R)
  44.18 1683.45 v _26135_/Y (MAJx2_ASAP7_75t_R)
  42.58 1726.03 v _26136_/Y (OA21x2_ASAP7_75t_R)
  40.25 1766.28 v _26143_/Y (XOR2x2_ASAP7_75t_R)
  56.67 1822.95 v _26144_/Y (OR4x1_ASAP7_75t_R)
  46.75 1869.70 v _26145_/Y (AO221x1_ASAP7_75t_R)
  13.21 1882.91 ^ _26146_/Y (INVx1_ASAP7_75t_R)
  81.92 1964.83 ^ _26147_/Y (OA21x2_ASAP7_75t_R)
 226.34 2191.17 v _26173_/Y (NAND2x1_ASAP7_75t_R)
 161.27 2352.44 v _26439_/Y (OA211x2_ASAP7_75t_R)
  43.35 2395.79 v _26440_/Y (AO21x1_ASAP7_75t_R)
  16.21 2412.00 ^ _26441_/Y (NOR2x1_ASAP7_75t_R)
  41.03 2453.04 ^ _26442_/Y (AO21x1_ASAP7_75t_R)
  19.43 2472.47 v _27041_/Y (NOR2x1_ASAP7_75t_R)
  48.15 2520.62 v _27042_/Y (AO21x1_ASAP7_75t_R)
  47.37 2567.99 v _27130_/Y (AO221x1_ASAP7_75t_R)
  41.84 2609.83 v _27131_/Y (OA22x2_ASAP7_75t_R)
  43.41 2653.24 ^ _27132_/Y (XNOR2x2_ASAP7_75t_R)
  26.79 2680.03 v _38772_/CON (HAxp5_ASAP7_75t_R)
  34.95 2714.98 ^ _23103_/Y (INVx1_ASAP7_75t_R)
  38.82 2753.80 v _36443_/CON (FAx1_ASAP7_75t_R)
  56.37 2810.17 v _34050_/Y (OA21x2_ASAP7_75t_R)
  39.29 2849.45 v _34051_/Y (OA21x2_ASAP7_75t_R)
  36.90 2886.35 v _34052_/Y (OA21x2_ASAP7_75t_R)
  39.00 2925.36 v _34053_/Y (OA21x2_ASAP7_75t_R)
  36.90 2962.26 v _34054_/Y (OA21x2_ASAP7_75t_R)
  38.98 3001.23 v _34055_/Y (OA21x2_ASAP7_75t_R)
  36.90 3038.14 v _34056_/Y (OA21x2_ASAP7_75t_R)
  38.98 3077.12 v _34057_/Y (OA21x2_ASAP7_75t_R)
  36.90 3114.01 v _34070_/Y (OA21x2_ASAP7_75t_R)
  38.98 3152.99 v _34071_/Y (OA21x2_ASAP7_75t_R)
  36.90 3189.89 v _34076_/Y (OA21x2_ASAP7_75t_R)
  39.00 3228.89 v _34077_/Y (OA21x2_ASAP7_75t_R)
  36.90 3265.79 v _34082_/Y (OA21x2_ASAP7_75t_R)
  39.01 3304.80 v _34083_/Y (OA21x2_ASAP7_75t_R)
  36.91 3341.70 v _34088_/Y (OA21x2_ASAP7_75t_R)
  39.01 3380.71 v _34089_/Y (OA21x2_ASAP7_75t_R)
  36.90 3417.61 v _34095_/Y (OA21x2_ASAP7_75t_R)
  39.00 3456.62 v _34096_/Y (OA21x2_ASAP7_75t_R)
  36.90 3493.52 v _34101_/Y (OA21x2_ASAP7_75t_R)
  39.00 3532.52 v _34102_/Y (OA21x2_ASAP7_75t_R)
  36.90 3569.42 v _34107_/Y (OA21x2_ASAP7_75t_R)
  38.98 3608.40 v _34108_/Y (OA21x2_ASAP7_75t_R)
  36.91 3645.30 v _34113_/Y (OA21x2_ASAP7_75t_R)
  39.01 3684.31 v _34114_/Y (OA21x2_ASAP7_75t_R)
  36.90 3721.21 v _34119_/Y (OA21x2_ASAP7_75t_R)
  39.01 3760.22 v _34120_/Y (OA21x2_ASAP7_75t_R)
  36.88 3797.10 v _34126_/Y (OA21x2_ASAP7_75t_R)
  39.01 3836.11 v _34127_/Y (OA21x2_ASAP7_75t_R)
  36.90 3873.00 v _34132_/Y (OA21x2_ASAP7_75t_R)
  39.01 3912.01 v _34133_/Y (OA21x2_ASAP7_75t_R)
  36.90 3948.91 v _34138_/Y (OA21x2_ASAP7_75t_R)
  40.66 3989.57 v _34139_/Y (OA21x2_ASAP7_75t_R)
  42.34 4031.91 v _34145_/Y (OA31x2_ASAP7_75t_R)
  40.70 4072.61 v _34151_/Y (OA31x2_ASAP7_75t_R)
  39.96 4112.57 v _34160_/Y (OA21x2_ASAP7_75t_R)
  36.35 4148.93 v _34166_/Y (OA21x2_ASAP7_75t_R)
  38.98 4187.90 v _34167_/Y (OA21x2_ASAP7_75t_R)
  43.53 4231.43 v _34173_/Y (OR3x1_ASAP7_75t_R)
  59.32 4290.75 v _34174_/Y (OA211x2_ASAP7_75t_R)
  48.66 4339.41 v _34180_/Y (OR3x1_ASAP7_75t_R)
  22.97 4362.38 ^ _34181_/Y (NAND2x1_ASAP7_75t_R)
  55.28 4417.66 v _34182_/Y (XNOR2x2_ASAP7_75t_R)
   0.00 4417.66 v Datapath_i.reg_63.reg_out1[46]$_DFF_P_/D (DFFHQNx1_ASAP7_75t_R)
        4417.66   data arrival time
---------------------------------------------------------
(Path is unconstrained)


Startpoint: Datapath_i.reg_57.reg_out1[63]$_DFF_P_
            (rising edge-triggered flip-flop)
Endpoint: Datapath_i.reg_63.reg_out1[44]$_DFF_P_
          (rising edge-triggered flip-flop)
Path Group: unconstrained
Path Type: max
Corner: slow

  Delay    Time   Description
---------------------------------------------------------
   0.00    0.00 ^ Datapath_i.reg_57.reg_out1[63]$_DFF_P_/CLK (DFFHQNx1_ASAP7_75t_R)
1070.16 1070.16 ^ Datapath_i.reg_57.reg_out1[63]$_DFF_P_/QN (DFFHQNx1_ASAP7_75t_R)
 322.72 1392.88 v _22834_/Y (OAI22x1_ASAP7_75t_R)
 112.13 1505.01 v _38547_/SN (HAxp5_ASAP7_75t_R)
  61.31 1566.31 v _26130_/Y (OA211x2_ASAP7_75t_R)
  21.26 1587.57 ^ _26131_/Y (NOR2x1_ASAP7_75t_R)
  33.86 1621.44 ^ _26132_/Y (AND2x2_ASAP7_75t_R)
  17.84 1639.28 v _26134_/Y (OAI21x1_ASAP7_75t_R)
  44.18 1683.45 v _26135_/Y (MAJx2_ASAP7_75t_R)
  42.58 1726.03 v _26136_/Y (OA21x2_ASAP7_75t_R)
  40.25 1766.28 v _26143_/Y (XOR2x2_ASAP7_75t_R)
  56.67 1822.95 v _26144_/Y (OR4x1_ASAP7_75t_R)
  46.75 1869.70 v _26145_/Y (AO221x1_ASAP7_75t_R)
  13.21 1882.91 ^ _26146_/Y (INVx1_ASAP7_75t_R)
  81.92 1964.83 ^ _26147_/Y (OA21x2_ASAP7_75t_R)
 226.34 2191.17 v _26173_/Y (NAND2x1_ASAP7_75t_R)
 161.27 2352.44 v _26439_/Y (OA211x2_ASAP7_75t_R)
  43.35 2395.79 v _26440_/Y (AO21x1_ASAP7_75t_R)
  16.21 2412.00 ^ _26441_/Y (NOR2x1_ASAP7_75t_R)
  41.03 2453.04 ^ _26442_/Y (AO21x1_ASAP7_75t_R)
  19.43 2472.47 v _27041_/Y (NOR2x1_ASAP7_75t_R)
  48.15 2520.62 v _27042_/Y (AO21x1_ASAP7_75t_R)
  47.37 2567.99 v _27130_/Y (AO221x1_ASAP7_75t_R)
  41.84 2609.83 v _27131_/Y (OA22x2_ASAP7_75t_R)
  43.41 2653.24 ^ _27132_/Y (XNOR2x2_ASAP7_75t_R)
  26.79 2680.03 v _38772_/CON (HAxp5_ASAP7_75t_R)
  34.95 2714.98 ^ _23103_/Y (INVx1_ASAP7_75t_R)
  38.82 2753.80 v _36443_/CON (FAx1_ASAP7_75t_R)
  56.37 2810.17 v _34050_/Y (OA21x2_ASAP7_75t_R)
  39.29 2849.45 v _34051_/Y (OA21x2_ASAP7_75t_R)
  36.90 2886.35 v _34052_/Y (OA21x2_ASAP7_75t_R)
  39.00 2925.36 v _34053_/Y (OA21x2_ASAP7_75t_R)
  36.90 2962.26 v _34054_/Y (OA21x2_ASAP7_75t_R)
  38.98 3001.23 v _34055_/Y (OA21x2_ASAP7_75t_R)
  36.90 3038.14 v _34056_/Y (OA21x2_ASAP7_75t_R)
  38.98 3077.12 v _34057_/Y (OA21x2_ASAP7_75t_R)
  36.90 3114.01 v _34070_/Y (OA21x2_ASAP7_75t_R)
  38.98 3152.99 v _34071_/Y (OA21x2_ASAP7_75t_R)
  36.90 3189.89 v _34076_/Y (OA21x2_ASAP7_75t_R)
  39.00 3228.89 v _34077_/Y (OA21x2_ASAP7_75t_R)
  36.90 3265.79 v _34082_/Y (OA21x2_ASAP7_75t_R)
  39.01 3304.80 v _34083_/Y (OA21x2_ASAP7_75t_R)
  36.91 3341.70 v _34088_/Y (OA21x2_ASAP7_75t_R)
  39.01 3380.71 v _34089_/Y (OA21x2_ASAP7_75t_R)
  36.90 3417.61 v _34095_/Y (OA21x2_ASAP7_75t_R)
  39.00 3456.62 v _34096_/Y (OA21x2_ASAP7_75t_R)
  36.90 3493.52 v _34101_/Y (OA21x2_ASAP7_75t_R)
  39.00 3532.52 v _34102_/Y (OA21x2_ASAP7_75t_R)
  36.90 3569.42 v _34107_/Y (OA21x2_ASAP7_75t_R)
  38.98 3608.40 v _34108_/Y (OA21x2_ASAP7_75t_R)
  36.91 3645.30 v _34113_/Y (OA21x2_ASAP7_75t_R)
  39.01 3684.31 v _34114_/Y (OA21x2_ASAP7_75t_R)
  36.90 3721.21 v _34119_/Y (OA21x2_ASAP7_75t_R)
  39.01 3760.22 v _34120_/Y (OA21x2_ASAP7_75t_R)
  36.88 3797.10 v _34126_/Y (OA21x2_ASAP7_75t_R)
  39.01 3836.11 v _34127_/Y (OA21x2_ASAP7_75t_R)
  36.90 3873.00 v _34132_/Y (OA21x2_ASAP7_75t_R)
  39.01 3912.01 v _34133_/Y (OA21x2_ASAP7_75t_R)
  36.90 3948.91 v _34138_/Y (OA21x2_ASAP7_75t_R)
  40.66 3989.57 v _34139_/Y (OA21x2_ASAP7_75t_R)
  42.34 4031.91 v _34145_/Y (OA31x2_ASAP7_75t_R)
  40.70 4072.61 v _34151_/Y (OA31x2_ASAP7_75t_R)
  39.96 4112.57 v _34160_/Y (OA21x2_ASAP7_75t_R)
  36.35 4148.93 v _34166_/Y (OA21x2_ASAP7_75t_R)
  38.98 4187.90 v _34167_/Y (OA21x2_ASAP7_75t_R)
  43.53 4231.43 v _34173_/Y (OR3x1_ASAP7_75t_R)
  59.32 4290.75 v _34174_/Y (OA211x2_ASAP7_75t_R)
  50.95 4341.70 ^ _34175_/Y (XOR2x2_ASAP7_75t_R)
   0.00 4341.70 ^ Datapath_i.reg_63.reg_out1[44]$_DFF_P_/D (DFFHQNx1_ASAP7_75t_R)
        4341.70   data arrival time
---------------------------------------------------------
(Path is unconstrained)


Startpoint: Datapath_i.reg_57.reg_out1[63]$_DFF_P_
            (rising edge-triggered flip-flop)
Endpoint: Datapath_i.reg_63.reg_out1[45]$_DFF_P_
          (rising edge-triggered flip-flop)
Path Group: unconstrained
Path Type: max
Corner: slow

  Delay    Time   Description
---------------------------------------------------------
   0.00    0.00 ^ Datapath_i.reg_57.reg_out1[63]$_DFF_P_/CLK (DFFHQNx1_ASAP7_75t_R)
1070.16 1070.16 ^ Datapath_i.reg_57.reg_out1[63]$_DFF_P_/QN (DFFHQNx1_ASAP7_75t_R)
 322.72 1392.88 v _22834_/Y (OAI22x1_ASAP7_75t_R)
 112.13 1505.01 v _38547_/SN (HAxp5_ASAP7_75t_R)
  61.31 1566.31 v _26130_/Y (OA211x2_ASAP7_75t_R)
  21.26 1587.57 ^ _26131_/Y (NOR2x1_ASAP7_75t_R)
  33.86 1621.44 ^ _26132_/Y (AND2x2_ASAP7_75t_R)
  17.84 1639.28 v _26134_/Y (OAI21x1_ASAP7_75t_R)
  44.18 1683.45 v _26135_/Y (MAJx2_ASAP7_75t_R)
  42.58 1726.03 v _26136_/Y (OA21x2_ASAP7_75t_R)
  36.94 1762.97 v _26137_/Y (OA21x2_ASAP7_75t_R)
  39.05 1802.02 v _26138_/Y (OA21x2_ASAP7_75t_R)
  15.42 1817.44 ^ _26140_/Y (NOR2x1_ASAP7_75t_R)
  22.86 1840.31 ^ _26144_/Y (OR4x1_ASAP7_75t_R)
  26.91 1867.22 ^ _26145_/Y (AO221x1_ASAP7_75t_R)
  12.14 1879.36 v _26146_/Y (INVx1_ASAP7_75t_R)
  63.21 1942.57 v _26147_/Y (OA21x2_ASAP7_75t_R)
 233.92 2176.50 ^ _26177_/Y (NAND2x1_ASAP7_75t_R)
 105.21 2281.71 ^ _26475_/Y (OR2x2_ASAP7_75t_R)
  22.84 2304.55 v _26476_/Y (OAI21x1_ASAP7_75t_R)
  36.09 2340.64 ^ _26895_/Y (AOI21x1_ASAP7_75t_R)
  28.20 2368.84 v _26896_/Y (NOR2x1_ASAP7_75t_R)
  43.64 2412.48 v _26897_/Y (AO21x1_ASAP7_75t_R)
  31.66 2444.15 v _26898_/Y (AND2x2_ASAP7_75t_R)
  36.98 2481.13 v _26899_/Y (AO21x1_ASAP7_75t_R)
  41.56 2522.69 v _26900_/Y (OA22x2_ASAP7_75t_R)
  39.09 2561.78 v _26901_/Y (OR2x2_ASAP7_75t_R)
  13.19 2574.97 ^ _26902_/Y (OAI21x1_ASAP7_75t_R)
  55.65 2630.62 v _26903_/Y (XOR2x2_ASAP7_75t_R)
  26.09 2656.71 ^ _38720_/CON (HAxp5_ASAP7_75t_R)
  30.66 2687.37 v _38720_/SN (HAxp5_ASAP7_75t_R)
  46.06 2733.43 v _34059_/Y (OA21x2_ASAP7_75t_R)
  39.05 2772.48 v _34060_/Y (OA21x2_ASAP7_75t_R)
  36.88 2809.36 v _34061_/Y (OA21x2_ASAP7_75t_R)
  39.01 2848.37 v _34062_/Y (OA21x2_ASAP7_75t_R)
  36.90 2885.26 v _34063_/Y (OA21x2_ASAP7_75t_R)
  39.01 2924.27 v _34064_/Y (OA21x2_ASAP7_75t_R)
  36.87 2961.14 v _34065_/Y (OA21x2_ASAP7_75t_R)
  39.01 3000.15 v _34066_/Y (OA21x2_ASAP7_75t_R)
  36.88 3037.03 v _34067_/Y (OA21x2_ASAP7_75t_R)
  39.00 3076.03 v _34068_/Y (OA21x2_ASAP7_75t_R)
  36.87 3112.90 v _34073_/Y (OA21x2_ASAP7_75t_R)
  39.01 3151.90 v _34074_/Y (OA21x2_ASAP7_75t_R)
  36.90 3188.80 v _34079_/Y (OA21x2_ASAP7_75t_R)
  39.00 3227.80 v _34080_/Y (OA21x2_ASAP7_75t_R)
  36.90 3264.71 v _34085_/Y (OA21x2_ASAP7_75t_R)
  39.01 3303.72 v _34086_/Y (OA21x2_ASAP7_75t_R)
  36.90 3340.62 v _34091_/Y (OA21x2_ASAP7_75t_R)
  39.01 3379.63 v _34092_/Y (OA21x2_ASAP7_75t_R)
  36.90 3416.52 v _34098_/Y (OA21x2_ASAP7_75t_R)
  39.01 3455.53 v _34099_/Y (OA21x2_ASAP7_75t_R)
  36.90 3492.43 v _34104_/Y (OA21x2_ASAP7_75t_R)
  39.00 3531.43 v _34105_/Y (OA21x2_ASAP7_75t_R)
  36.88 3568.31 v _34110_/Y (OA21x2_ASAP7_75t_R)
  39.01 3607.32 v _34111_/Y (OA21x2_ASAP7_75t_R)
  36.90 3644.22 v _34116_/Y (OA21x2_ASAP7_75t_R)
  39.01 3683.23 v _34117_/Y (OA21x2_ASAP7_75t_R)
  36.90 3720.13 v _34122_/Y (OA21x2_ASAP7_75t_R)
  38.98 3759.11 v _34123_/Y (OA21x2_ASAP7_75t_R)
  36.90 3796.01 v _34129_/Y (OA21x2_ASAP7_75t_R)
  39.00 3835.02 v _34130_/Y (OA21x2_ASAP7_75t_R)
  36.90 3871.92 v _34135_/Y (OA21x2_ASAP7_75t_R)
  39.00 3910.92 v _34136_/Y (OA21x2_ASAP7_75t_R)
  36.87 3947.79 v _34141_/Y (OA21x2_ASAP7_75t_R)
  39.01 3986.80 v _34142_/Y (OA21x2_ASAP7_75t_R)
  36.95 4023.75 v _34147_/Y (OA21x2_ASAP7_75t_R)
  39.04 4062.78 v _34148_/Y (OA21x2_ASAP7_75t_R)
  39.73 4102.52 v _34155_/Y (OA21x2_ASAP7_75t_R)
  39.23 4141.75 v _34164_/Y (OA21x2_ASAP7_75t_R)
  39.23 4180.98 v _34171_/Y (OA21x2_ASAP7_75t_R)
  43.13 4224.11 v _34176_/Y (OR3x1_ASAP7_75t_R)
  59.31 4283.42 v _34177_/Y (OA211x2_ASAP7_75t_R)
  50.93 4334.35 ^ _34178_/Y (XOR2x2_ASAP7_75t_R)
   0.00 4334.35 ^ Datapath_i.reg_63.reg_out1[45]$_DFF_P_/D (DFFHQNx1_ASAP7_75t_R)
        4334.35   data arrival time
---------------------------------------------------------
(Path is unconstrained)


