Startpoint: Datapath_i.reg_57.reg_out1[63]$_DFF_P_
            (rising edge-triggered flip-flop)
Endpoint: Datapath_i.reg_63.reg_out1[52]$_DFF_P_
          (rising edge-triggered flip-flop)
Path Group: unconstrained
Path Type: max
Corner: slow

    Cap   Delay    Time   Description
----------------------------------------------------------------
           0.00    0.00 ^ Datapath_i.reg_57.reg_out1[63]$_DFF_P_/CLK (DFFHQNx1_ASAP7_75t_R)
 137.09 1070.16 1070.16 ^ Datapath_i.reg_57.reg_out1[63]$_DFF_P_/QN (DFFHQNx1_ASAP7_75t_R)
   4.19  322.72 1392.88 v _22834_/Y (OAI22x1_ASAP7_75t_R)
   0.45  112.13 1505.01 v _38547_/SN (HAxp5_ASAP7_75t_R)
   0.95   61.31 1566.31 v _26130_/Y (OA211x2_ASAP7_75t_R)
   1.35   21.26 1587.57 ^ _26131_/Y (NOR2x1_ASAP7_75t_R)
   1.03   33.86 1621.44 ^ _26132_/Y (AND2x2_ASAP7_75t_R)
   1.65   17.84 1639.28 v _26134_/Y (OAI21x1_ASAP7_75t_R)
   0.54   44.18 1683.45 v _26135_/Y (MAJx2_ASAP7_75t_R)
   1.44   42.58 1726.03 v _26136_/Y (OA21x2_ASAP7_75t_R)
   0.52   40.25 1766.28 v _26143_/Y (XOR2x2_ASAP7_75t_R)
   0.45   56.67 1822.95 v _26144_/Y (OR4x1_ASAP7_75t_R)
   0.58   46.75 1869.70 v _26145_/Y (AO221x1_ASAP7_75t_R)
   0.53   13.21 1882.91 ^ _26146_/Y (INVx1_ASAP7_75t_R)
  15.64   81.92 1964.83 ^ _26147_/Y (OA21x2_ASAP7_75t_R)
  41.58  226.34 2191.17 v _26173_/Y (NAND2x1_ASAP7_75t_R)
   0.53  161.27 2352.44 v _26439_/Y (OA211x2_ASAP7_75t_R)
   1.48   43.35 2395.79 v _26440_/Y (AO21x1_ASAP7_75t_R)
   0.53   16.21 2412.00 ^ _26441_/Y (NOR2x1_ASAP7_75t_R)
   1.86   41.03 2453.04 ^ _26442_/Y (AO21x1_ASAP7_75t_R)
   0.53   19.43 2472.47 v _27041_/Y (NOR2x1_ASAP7_75t_R)
   0.89   48.15 2520.62 v _27042_/Y (AO21x1_ASAP7_75t_R)
   0.51   47.37 2567.99 v _27130_/Y (AO221x1_ASAP7_75t_R)
   0.77   41.84 2609.83 v _27131_/Y (OA22x2_ASAP7_75t_R)
   0.79   43.41 2653.24 ^ _27132_/Y (XNOR2x2_ASAP7_75t_R)
   1.12   26.79 2680.03 v _38772_/CON (HAxp5_ASAP7_75t_R)
   1.39   34.95 2714.98 ^ _23103_/Y (INVx1_ASAP7_75t_R)
   1.44   38.82 2753.80 v _36443_/CON (FAx1_ASAP7_75t_R)
   0.54   56.37 2810.17 v _34050_/Y (OA21x2_ASAP7_75t_R)
   1.44   39.29 2849.45 v _34051_/Y (OA21x2_ASAP7_75t_R)
   0.54   36.90 2886.35 v _34052_/Y (OA21x2_ASAP7_75t_R)
   1.44   39.00 2925.36 v _34053_/Y (OA21x2_ASAP7_75t_R)
   0.54   36.90 2962.26 v _34054_/Y (OA21x2_ASAP7_75t_R)
   1.44   38.98 3001.23 v _34055_/Y (OA21x2_ASAP7_75t_R)
   0.54   36.90 3038.14 v _34056_/Y (OA21x2_ASAP7_75t_R)
   1.44   38.98 3077.12 v _34057_/Y (OA21x2_ASAP7_75t_R)
   0.54   36.90 3114.01 v _34070_/Y (OA21x2_ASAP7_75t_R)
   1.44   38.98 3152.99 v _34071_/Y (OA21x2_ASAP7_75t_R)
   0.54   36.90 3189.89 v _34076_/Y (OA21x2_ASAP7_75t_R)
   1.44   39.00 3228.89 v _34077_/Y (OA21x2_ASAP7_75t_R)
   0.54   36.90 3265.79 v _34082_/Y (OA21x2_ASAP7_75t_R)
   1.44   39.01 3304.80 v _34083_/Y (OA21x2_ASAP7_75t_R)
   0.54   36.91 3341.70 v _34088_/Y (OA21x2_ASAP7_75t_R)
   1.44   39.01 3380.71 v _34089_/Y (OA21x2_ASAP7_75t_R)
   0.54   36.90 3417.61 v _34095_/Y (OA21x2_ASAP7_75t_R)
   1.44   39.00 3456.62 v _34096_/Y (OA21x2_ASAP7_75t_R)
   0.54   36.90 3493.52 v _34101_/Y (OA21x2_ASAP7_75t_R)
   1.44   39.00 3532.52 v _34102_/Y (OA21x2_ASAP7_75t_R)
   0.54   36.90 3569.42 v _34107_/Y (OA21x2_ASAP7_75t_R)
   1.44   38.98 3608.40 v _34108_/Y (OA21x2_ASAP7_75t_R)
   0.54   36.91 3645.30 v _34113_/Y (OA21x2_ASAP7_75t_R)
   1.44   39.01 3684.31 v _34114_/Y (OA21x2_ASAP7_75t_R)
   0.54   36.90 3721.21 v _34119_/Y (OA21x2_ASAP7_75t_R)
   1.44   39.01 3760.22 v _34120_/Y (OA21x2_ASAP7_75t_R)
   0.54   36.88 3797.10 v _34126_/Y (OA21x2_ASAP7_75t_R)
   1.44   39.01 3836.11 v _34127_/Y (OA21x2_ASAP7_75t_R)
   0.54   36.90 3873.00 v _34132_/Y (OA21x2_ASAP7_75t_R)
   1.44   39.01 3912.01 v _34133_/Y (OA21x2_ASAP7_75t_R)
   0.54   36.90 3948.91 v _34138_/Y (OA21x2_ASAP7_75t_R)
   1.89   40.66 3989.57 v _34139_/Y (OA21x2_ASAP7_75t_R)
   1.89   42.34 4031.91 v _34145_/Y (OA31x2_ASAP7_75t_R)
   1.41   40.70 4072.61 v _34151_/Y (OA31x2_ASAP7_75t_R)
   1.44   39.96 4112.57 v _34160_/Y (OA21x2_ASAP7_75t_R)
   0.54   36.35 4148.93 v _34166_/Y (OA21x2_ASAP7_75t_R)
   1.40   38.98 4187.90 v _34167_/Y (OA21x2_ASAP7_75t_R)
   0.37   43.53 4231.43 v _34173_/Y (OR3x1_ASAP7_75t_R)
   1.40   59.32 4290.75 v _34174_/Y (OA211x2_ASAP7_75t_R)
   0.92   48.66 4339.41 v _34180_/Y (OR3x1_ASAP7_75t_R)
   1.37   22.97 4362.38 ^ _34181_/Y (NAND2x1_ASAP7_75t_R)
   1.37   35.30 4397.68 ^ _34189_/Y (AO21x1_ASAP7_75t_R)
   1.37   34.38 4432.06 ^ _34198_/Y (AO21x1_ASAP7_75t_R)
   0.86   30.66 4462.72 ^ _34207_/Y (AO21x1_ASAP7_75t_R)
   0.52   52.31 4515.03 v _34208_/Y (XNOR2x2_ASAP7_75t_R)
           0.00 4515.03 v Datapath_i.reg_63.reg_out1[52]$_DFF_P_/D (DFFHQNx1_ASAP7_75t_R)
                4515.03   data arrival time
----------------------------------------------------------------
(Path is unconstrained)


