max slew

Pin                                    Limit    Slew   Slack
------------------------------------------------------------
_6492_/B                              320.00  331.83  -11.83 (VIOLATED)
_6497_/B                              320.00  331.82  -11.82 (VIOLATED)
_6487_/B                              320.00  331.77  -11.77 (VIOLATED)
_6502_/B                              320.00  331.64  -11.64 (VIOLATED)
_6509_/B                              320.00  331.61  -11.61 (VIOLATED)
_6515_/B                              320.00  331.58  -11.58 (VIOLATED)
_6520_/B                              320.00  331.53  -11.53 (VIOLATED)
_6482_/B                              320.00  331.48  -11.48 (VIOLATED)
_6477_/B                              320.00  331.44  -11.44 (VIOLATED)
_6525_/B                              320.00  331.43  -11.43 (VIOLATED)
_6530_/B                              320.00  331.04  -11.04 (VIOLATED)
_6535_/B                              320.00  330.94  -10.94 (VIOLATED)
_6540_/B                              320.00  330.60  -10.60 (VIOLATED)
_6544_/B                              320.00  330.38  -10.38 (VIOLATED)
_6548_/B                              320.00  330.15  -10.15 (VIOLATED)
_6472_/B                              320.00  329.63   -9.63 (VIOLATED)
_6467_/B                              320.00  329.07   -9.07 (VIOLATED)
_6462_/B                              320.00  328.94   -8.94 (VIOLATED)
_6457_/B                              320.00  328.67   -8.67 (VIOLATED)
_6451_/B                              320.00  327.91   -7.91 (VIOLATED)
_6446_/B                              320.00  327.65   -7.65 (VIOLATED)
_6438_/B                              320.00  327.20   -7.20 (VIOLATED)
_6433_/B                              320.00  327.04   -7.04 (VIOLATED)
_6428_/B                              320.00  326.33   -6.33 (VIOLATED)
_6423_/B                              320.00  326.15   -6.15 (VIOLATED)
_6413_/B                              320.00  325.43   -5.43 (VIOLATED)
_6418_/B                              320.00  325.26   -5.26 (VIOLATED)
_6408_/B                              320.00  325.23   -5.23 (VIOLATED)
_6404_/B                              320.00  325.09   -5.09 (VIOLATED)
_6391_/B                              320.00  324.44   -4.44 (VIOLATED)
_6552_/A                              320.00  324.37   -4.37 (VIOLATED)
_6900_/B                              320.00  324.37   -4.37 (VIOLATED)
_6399_/B                              320.00  324.35   -4.35 (VIOLATED)
_8444_/B                              320.00  322.19   -2.19 (VIOLATED)
_8435_/B                              320.00  322.18   -2.18 (VIOLATED)
_8445_/B                              320.00  322.18   -2.18 (VIOLATED)
_8358_/A2                             320.00  322.11   -2.11 (VIOLATED)
_8446_/B                              320.00  322.08   -2.08 (VIOLATED)
_8319_/A2                             320.00  322.07   -2.07 (VIOLATED)
_8284_/A2                             320.00  322.04   -2.04 (VIOLATED)
_8271_/A2                             320.00  322.04   -2.04 (VIOLATED)
_8332_/A2                             320.00  322.04   -2.04 (VIOLATED)
_8307_/A2                             320.00  321.79   -1.79 (VIOLATED)
_8245_/A2                             320.00  321.79   -1.79 (VIOLATED)
_8258_/A2                             320.00  321.79   -1.79 (VIOLATED)
_8232_/A2                             320.00  321.74   -1.74 (VIOLATED)
_8345_/A2                             320.00  321.68   -1.68 (VIOLATED)
_8344_/B                              320.00  321.15   -1.15 (VIOLATED)
_8331_/C                              320.00  321.11   -1.11 (VIOLATED)
_8357_/C                              320.00  321.11   -1.11 (VIOLATED)
_8318_/C                              320.00  320.92   -0.92 (VIOLATED)
_8373_/C                              320.00  320.58   -0.58 (VIOLATED)
_8306_/B                              320.00  320.42   -0.42 (VIOLATED)

