Startpoint: Datapath_i.fu_run_benchmark_38252_38986.Datapath_i.reg_54.reg_out1[0]$_DFFE_PP_
            (rising edge-triggered flip-flop)
Endpoint: Datapath_i.fu_run_benchmark_38252_38986.Datapath_i.fu_kmp_38537_41039.out1$_DFFE_PP_
          (rising edge-triggered flip-flop)
Path Group: unconstrained
Path Type: max
Corner: slow

  Delay    Time   Description
---------------------------------------------------------
   0.00    0.00 ^ Datapath_i.fu_run_benchmark_38252_38986.Datapath_i.reg_54.reg_out1[0]$_DFFE_PP_/CLK (DFFHQNx1_ASAP7_75t_R)
 123.39  123.39 v Datapath_i.fu_run_benchmark_38252_38986.Datapath_i.reg_54.reg_out1[0]$_DFFE_PP_/QN (DFFHQNx1_ASAP7_75t_R)
  66.70  190.09 v _4830_/Y (OR3x1_ASAP7_75t_R)
  54.91  245.00 v _4838_/Y (OR3x1_ASAP7_75t_R)
  55.71  300.71 v _4848_/Y (OR3x1_ASAP7_75t_R)
  47.87  348.58 v _4857_/Y (OR2x2_ASAP7_75t_R)
  79.07  427.64 v _4868_/Y (OR4x2_ASAP7_75t_R)
  48.01  475.65 v _4880_/Y (OR2x2_ASAP7_75t_R)
  68.83  544.48 v _4891_/Y (OR4x1_ASAP7_75t_R)
  59.70  604.18 v _4900_/Y (OR3x1_ASAP7_75t_R)
  57.19  661.38 v _4914_/Y (OR3x1_ASAP7_75t_R)
  59.61  720.99 v _5994_/Y (OR3x1_ASAP7_75t_R)
  64.41  785.40 v _5995_/Y (OR3x2_ASAP7_75t_R)
  63.25  848.66 v _5996_/Y (OR3x2_ASAP7_75t_R)
  64.15  912.80 v _5997_/Y (OR3x2_ASAP7_75t_R)
  43.39  956.19 v _5998_/Y (OR2x2_ASAP7_75t_R)
  21.93  978.13 ^ _5999_/Y (NOR2x1_ASAP7_75t_R)
  42.67 1020.80 ^ _6000_/Y (XOR2x1_ASAP7_75t_R)
  63.82 1084.62 ^ _6016_/Y (AND5x1_ASAP7_75t_R)
  46.67 1131.29 ^ _6019_/Y (AO21x2_ASAP7_75t_R)
 133.50 1264.79 ^ _6022_/Y (AND5x2_ASAP7_75t_R)
 123.19 1387.98 ^ _6034_/Y (OR3x4_ASAP7_75t_R)
  53.71 1441.69 v _6083_/Y (NOR2x1_ASAP7_75t_R)
  39.86 1481.54 v _6084_/Y (AO21x1_ASAP7_75t_R)
  34.92 1516.46 v _6085_/Y (AO21x1_ASAP7_75t_R)
   0.06 1516.53 v Datapath_i.fu_run_benchmark_38252_38986.Datapath_i.fu_kmp_38537_41039.out1$_DFFE_PP_/D (DFFHQNx1_ASAP7_75t_R)
        1516.53   data arrival time
---------------------------------------------------------
(Path is unconstrained)


Startpoint: Datapath_i.fu_run_benchmark_38252_38986.Datapath_i.reg_54.reg_out1[0]$_DFFE_PP_
            (rising edge-triggered flip-flop)
Endpoint: Datapath_i.fu_run_benchmark_38252_38986.Datapath_i.fu_kmp_38537_41051.out1$_DFFE_PP_
          (rising edge-triggered flip-flop)
Path Group: unconstrained
Path Type: max
Corner: slow

  Delay    Time   Description
---------------------------------------------------------
   0.00    0.00 ^ Datapath_i.fu_run_benchmark_38252_38986.Datapath_i.reg_54.reg_out1[0]$_DFFE_PP_/CLK (DFFHQNx1_ASAP7_75t_R)
 123.39  123.39 v Datapath_i.fu_run_benchmark_38252_38986.Datapath_i.reg_54.reg_out1[0]$_DFFE_PP_/QN (DFFHQNx1_ASAP7_75t_R)
  66.70  190.09 v _4830_/Y (OR3x1_ASAP7_75t_R)
  54.91  245.00 v _4838_/Y (OR3x1_ASAP7_75t_R)
  55.71  300.71 v _4848_/Y (OR3x1_ASAP7_75t_R)
  47.87  348.58 v _4857_/Y (OR2x2_ASAP7_75t_R)
  79.07  427.64 v _4868_/Y (OR4x2_ASAP7_75t_R)
  48.01  475.65 v _4880_/Y (OR2x2_ASAP7_75t_R)
  68.83  544.48 v _4891_/Y (OR4x1_ASAP7_75t_R)
  59.70  604.18 v _4900_/Y (OR3x1_ASAP7_75t_R)
  57.19  661.38 v _4914_/Y (OR3x1_ASAP7_75t_R)
  59.61  720.99 v _5994_/Y (OR3x1_ASAP7_75t_R)
  64.41  785.40 v _5995_/Y (OR3x2_ASAP7_75t_R)
  63.25  848.66 v _5996_/Y (OR3x2_ASAP7_75t_R)
  64.15  912.80 v _5997_/Y (OR3x2_ASAP7_75t_R)
  43.39  956.19 v _5998_/Y (OR2x2_ASAP7_75t_R)
  21.93  978.13 ^ _5999_/Y (NOR2x1_ASAP7_75t_R)
  42.67 1020.80 ^ _6000_/Y (XOR2x1_ASAP7_75t_R)
  63.82 1084.62 ^ _6016_/Y (AND5x1_ASAP7_75t_R)
  46.67 1131.29 ^ _6019_/Y (AO21x2_ASAP7_75t_R)
 133.50 1264.79 ^ _6022_/Y (AND5x2_ASAP7_75t_R)
 123.19 1387.98 ^ _6034_/Y (OR3x4_ASAP7_75t_R)
  54.52 1442.49 v _6092_/Y (NOR2x1_ASAP7_75t_R)
  38.88 1481.37 v _6093_/Y (AO21x1_ASAP7_75t_R)
  34.58 1515.95 v _6094_/Y (AO21x1_ASAP7_75t_R)
   0.09 1516.04 v Datapath_i.fu_run_benchmark_38252_38986.Datapath_i.fu_kmp_38537_41051.out1$_DFFE_PP_/D (DFFHQNx1_ASAP7_75t_R)
        1516.04   data arrival time
---------------------------------------------------------
(Path is unconstrained)


Startpoint: Datapath_i.fu_run_benchmark_38252_38986.Datapath_i.reg_54.reg_out1[0]$_DFFE_PP_
            (rising edge-triggered flip-flop)
Endpoint: Datapath_i.fu_run_benchmark_38252_38986.Datapath_i.fu_kmp_38537_41054.out1$_DFFE_PP_
          (rising edge-triggered flip-flop)
Path Group: unconstrained
Path Type: max
Corner: slow

  Delay    Time   Description
---------------------------------------------------------
   0.00    0.00 ^ Datapath_i.fu_run_benchmark_38252_38986.Datapath_i.reg_54.reg_out1[0]$_DFFE_PP_/CLK (DFFHQNx1_ASAP7_75t_R)
 123.39  123.39 v Datapath_i.fu_run_benchmark_38252_38986.Datapath_i.reg_54.reg_out1[0]$_DFFE_PP_/QN (DFFHQNx1_ASAP7_75t_R)
  66.70  190.09 v _4830_/Y (OR3x1_ASAP7_75t_R)
  54.91  245.00 v _4838_/Y (OR3x1_ASAP7_75t_R)
  55.71  300.71 v _4848_/Y (OR3x1_ASAP7_75t_R)
  47.87  348.58 v _4857_/Y (OR2x2_ASAP7_75t_R)
  79.07  427.64 v _4868_/Y (OR4x2_ASAP7_75t_R)
  48.01  475.65 v _4880_/Y (OR2x2_ASAP7_75t_R)
  68.83  544.48 v _4891_/Y (OR4x1_ASAP7_75t_R)
  59.70  604.18 v _4900_/Y (OR3x1_ASAP7_75t_R)
  57.19  661.38 v _4914_/Y (OR3x1_ASAP7_75t_R)
  59.61  720.99 v _5994_/Y (OR3x1_ASAP7_75t_R)
  64.41  785.40 v _5995_/Y (OR3x2_ASAP7_75t_R)
  63.25  848.66 v _5996_/Y (OR3x2_ASAP7_75t_R)
  64.15  912.80 v _5997_/Y (OR3x2_ASAP7_75t_R)
  43.39  956.19 v _5998_/Y (OR2x2_ASAP7_75t_R)
  21.93  978.13 ^ _5999_/Y (NOR2x1_ASAP7_75t_R)
  42.67 1020.80 ^ _6000_/Y (XOR2x1_ASAP7_75t_R)
  63.82 1084.62 ^ _6016_/Y (AND5x1_ASAP7_75t_R)
  46.67 1131.29 ^ _6019_/Y (AO21x2_ASAP7_75t_R)
 133.50 1264.79 ^ _6022_/Y (AND5x2_ASAP7_75t_R)
 123.19 1387.98 ^ _6034_/Y (OR3x4_ASAP7_75t_R)
  53.73 1441.71 v _6095_/Y (NOR2x1_ASAP7_75t_R)
  39.17 1480.88 v _6096_/Y (AO21x1_ASAP7_75t_R)
  35.00 1515.88 v _6097_/Y (AO21x1_ASAP7_75t_R)
   0.07 1515.95 v Datapath_i.fu_run_benchmark_38252_38986.Datapath_i.fu_kmp_38537_41054.out1$_DFFE_PP_/D (DFFHQNx1_ASAP7_75t_R)
        1515.95   data arrival time
---------------------------------------------------------
(Path is unconstrained)


Startpoint: Datapath_i.fu_run_benchmark_38252_38986.Datapath_i.reg_54.reg_out1[0]$_DFFE_PP_
            (rising edge-triggered flip-flop)
Endpoint: Datapath_i.fu_run_benchmark_38252_38986.Datapath_i.fu_kmp_38537_41033.out1$_DFFE_PP_
          (rising edge-triggered flip-flop)
Path Group: unconstrained
Path Type: max
Corner: slow

  Delay    Time   Description
---------------------------------------------------------
   0.00    0.00 ^ Datapath_i.fu_run_benchmark_38252_38986.Datapath_i.reg_54.reg_out1[0]$_DFFE_PP_/CLK (DFFHQNx1_ASAP7_75t_R)
 123.39  123.39 v Datapath_i.fu_run_benchmark_38252_38986.Datapath_i.reg_54.reg_out1[0]$_DFFE_PP_/QN (DFFHQNx1_ASAP7_75t_R)
  66.70  190.09 v _4830_/Y (OR3x1_ASAP7_75t_R)
  54.91  245.00 v _4838_/Y (OR3x1_ASAP7_75t_R)
  55.71  300.71 v _4848_/Y (OR3x1_ASAP7_75t_R)
  47.87  348.58 v _4857_/Y (OR2x2_ASAP7_75t_R)
  79.07  427.64 v _4868_/Y (OR4x2_ASAP7_75t_R)
  48.01  475.65 v _4880_/Y (OR2x2_ASAP7_75t_R)
  68.83  544.48 v _4891_/Y (OR4x1_ASAP7_75t_R)
  59.70  604.18 v _4900_/Y (OR3x1_ASAP7_75t_R)
  57.19  661.38 v _4914_/Y (OR3x1_ASAP7_75t_R)
  59.61  720.99 v _5994_/Y (OR3x1_ASAP7_75t_R)
  64.41  785.40 v _5995_/Y (OR3x2_ASAP7_75t_R)
  63.25  848.66 v _5996_/Y (OR3x2_ASAP7_75t_R)
  64.15  912.80 v _5997_/Y (OR3x2_ASAP7_75t_R)
  43.39  956.19 v _5998_/Y (OR2x2_ASAP7_75t_R)
  21.93  978.13 ^ _5999_/Y (NOR2x1_ASAP7_75t_R)
  42.67 1020.80 ^ _6000_/Y (XOR2x1_ASAP7_75t_R)
  63.82 1084.62 ^ _6016_/Y (AND5x1_ASAP7_75t_R)
  46.67 1131.29 ^ _6019_/Y (AO21x2_ASAP7_75t_R)
 133.50 1264.79 ^ _6022_/Y (AND5x2_ASAP7_75t_R)
 123.19 1387.98 ^ _6034_/Y (OR3x4_ASAP7_75t_R)
  53.70 1441.68 v _6077_/Y (NOR2x1_ASAP7_75t_R)
  39.45 1481.13 v _6078_/Y (AO21x1_ASAP7_75t_R)
  34.40 1515.53 v _6079_/Y (AO21x1_ASAP7_75t_R)
   0.04 1515.57 v Datapath_i.fu_run_benchmark_38252_38986.Datapath_i.fu_kmp_38537_41033.out1$_DFFE_PP_/D (DFFHQNx1_ASAP7_75t_R)
        1515.57   data arrival time
---------------------------------------------------------
(Path is unconstrained)


Startpoint: Datapath_i.fu_run_benchmark_38252_38986.Datapath_i.reg_54.reg_out1[0]$_DFFE_PP_
            (rising edge-triggered flip-flop)
Endpoint: Datapath_i.fu_run_benchmark_38252_38986.Datapath_i.fu_kmp_38537_41060.out1$_DFFE_PP_
          (rising edge-triggered flip-flop)
Path Group: unconstrained
Path Type: max
Corner: slow

  Delay    Time   Description
---------------------------------------------------------
   0.00    0.00 ^ Datapath_i.fu_run_benchmark_38252_38986.Datapath_i.reg_54.reg_out1[0]$_DFFE_PP_/CLK (DFFHQNx1_ASAP7_75t_R)
 123.39  123.39 v Datapath_i.fu_run_benchmark_38252_38986.Datapath_i.reg_54.reg_out1[0]$_DFFE_PP_/QN (DFFHQNx1_ASAP7_75t_R)
  66.70  190.09 v _4830_/Y (OR3x1_ASAP7_75t_R)
  54.91  245.00 v _4838_/Y (OR3x1_ASAP7_75t_R)
  55.71  300.71 v _4848_/Y (OR3x1_ASAP7_75t_R)
  47.87  348.58 v _4857_/Y (OR2x2_ASAP7_75t_R)
  79.07  427.64 v _4868_/Y (OR4x2_ASAP7_75t_R)
  48.01  475.65 v _4880_/Y (OR2x2_ASAP7_75t_R)
  68.83  544.48 v _4891_/Y (OR4x1_ASAP7_75t_R)
  59.70  604.18 v _4900_/Y (OR3x1_ASAP7_75t_R)
  57.19  661.38 v _4914_/Y (OR3x1_ASAP7_75t_R)
  59.61  720.99 v _5994_/Y (OR3x1_ASAP7_75t_R)
  64.41  785.40 v _5995_/Y (OR3x2_ASAP7_75t_R)
  63.25  848.66 v _5996_/Y (OR3x2_ASAP7_75t_R)
  64.15  912.80 v _5997_/Y (OR3x2_ASAP7_75t_R)
  43.39  956.19 v _5998_/Y (OR2x2_ASAP7_75t_R)
  21.93  978.13 ^ _5999_/Y (NOR2x1_ASAP7_75t_R)
  42.67 1020.80 ^ _6000_/Y (XOR2x1_ASAP7_75t_R)
  63.82 1084.62 ^ _6016_/Y (AND5x1_ASAP7_75t_R)
  46.67 1131.29 ^ _6019_/Y (AO21x2_ASAP7_75t_R)
 133.50 1264.79 ^ _6022_/Y (AND5x2_ASAP7_75t_R)
 123.19 1387.98 ^ _6034_/Y (OR3x4_ASAP7_75t_R)
  53.85 1441.83 v _6101_/Y (NOR2x1_ASAP7_75t_R)
  39.21 1481.04 v _6102_/Y (AO21x1_ASAP7_75t_R)
  34.42 1515.46 v _6103_/Y (AO21x1_ASAP7_75t_R)
   0.04 1515.50 v Datapath_i.fu_run_benchmark_38252_38986.Datapath_i.fu_kmp_38537_41060.out1$_DFFE_PP_/D (DFFHQNx1_ASAP7_75t_R)
        1515.50   data arrival time
---------------------------------------------------------
(Path is unconstrained)


Startpoint: Datapath_i.fu_run_benchmark_38252_38986.Datapath_i.reg_54.reg_out1[0]$_DFFE_PP_
            (rising edge-triggered flip-flop)
Endpoint: Datapath_i.fu_run_benchmark_38252_38986.Datapath_i.fu_kmp_38537_41057.out1$_DFFE_PP_
          (rising edge-triggered flip-flop)
Path Group: unconstrained
Path Type: max
Corner: slow

  Delay    Time   Description
---------------------------------------------------------
   0.00    0.00 ^ Datapath_i.fu_run_benchmark_38252_38986.Datapath_i.reg_54.reg_out1[0]$_DFFE_PP_/CLK (DFFHQNx1_ASAP7_75t_R)
 123.39  123.39 v Datapath_i.fu_run_benchmark_38252_38986.Datapath_i.reg_54.reg_out1[0]$_DFFE_PP_/QN (DFFHQNx1_ASAP7_75t_R)
  66.70  190.09 v _4830_/Y (OR3x1_ASAP7_75t_R)
  54.91  245.00 v _4838_/Y (OR3x1_ASAP7_75t_R)
  55.71  300.71 v _4848_/Y (OR3x1_ASAP7_75t_R)
  47.87  348.58 v _4857_/Y (OR2x2_ASAP7_75t_R)
  79.07  427.64 v _4868_/Y (OR4x2_ASAP7_75t_R)
  48.01  475.65 v _4880_/Y (OR2x2_ASAP7_75t_R)
  68.83  544.48 v _4891_/Y (OR4x1_ASAP7_75t_R)
  59.70  604.18 v _4900_/Y (OR3x1_ASAP7_75t_R)
  57.19  661.38 v _4914_/Y (OR3x1_ASAP7_75t_R)
  59.61  720.99 v _5994_/Y (OR3x1_ASAP7_75t_R)
  64.41  785.40 v _5995_/Y (OR3x2_ASAP7_75t_R)
  63.25  848.66 v _5996_/Y (OR3x2_ASAP7_75t_R)
  64.15  912.80 v _5997_/Y (OR3x2_ASAP7_75t_R)
  43.39  956.19 v _5998_/Y (OR2x2_ASAP7_75t_R)
  21.93  978.13 ^ _5999_/Y (NOR2x1_ASAP7_75t_R)
  42.67 1020.80 ^ _6000_/Y (XOR2x1_ASAP7_75t_R)
  63.82 1084.62 ^ _6016_/Y (AND5x1_ASAP7_75t_R)
  46.67 1131.29 ^ _6019_/Y (AO21x2_ASAP7_75t_R)
 133.50 1264.79 ^ _6022_/Y (AND5x2_ASAP7_75t_R)
 123.19 1387.98 ^ _6034_/Y (OR3x4_ASAP7_75t_R)
  54.62 1442.59 v _6098_/Y (NOR2x1_ASAP7_75t_R)
  38.60 1481.19 v _6099_/Y (AO21x1_ASAP7_75t_R)
  34.02 1515.21 v _6100_/Y (AO21x1_ASAP7_75t_R)
   0.06 1515.27 v Datapath_i.fu_run_benchmark_38252_38986.Datapath_i.fu_kmp_38537_41057.out1$_DFFE_PP_/D (DFFHQNx1_ASAP7_75t_R)
        1515.27   data arrival time
---------------------------------------------------------
(Path is unconstrained)


Startpoint: Datapath_i.fu_run_benchmark_38252_38986.Datapath_i.reg_54.reg_out1[0]$_DFFE_PP_
            (rising edge-triggered flip-flop)
Endpoint: Datapath_i.fu_run_benchmark_38252_38986.Datapath_i.fu_kmp_38537_41015.out1$_DFFE_PP_
          (rising edge-triggered flip-flop)
Path Group: unconstrained
Path Type: max
Corner: slow

  Delay    Time   Description
---------------------------------------------------------
   0.00    0.00 ^ Datapath_i.fu_run_benchmark_38252_38986.Datapath_i.reg_54.reg_out1[0]$_DFFE_PP_/CLK (DFFHQNx1_ASAP7_75t_R)
 123.39  123.39 v Datapath_i.fu_run_benchmark_38252_38986.Datapath_i.reg_54.reg_out1[0]$_DFFE_PP_/QN (DFFHQNx1_ASAP7_75t_R)
  66.70  190.09 v _4830_/Y (OR3x1_ASAP7_75t_R)
  54.91  245.00 v _4838_/Y (OR3x1_ASAP7_75t_R)
  55.71  300.71 v _4848_/Y (OR3x1_ASAP7_75t_R)
  47.87  348.58 v _4857_/Y (OR2x2_ASAP7_75t_R)
  79.07  427.64 v _4868_/Y (OR4x2_ASAP7_75t_R)
  48.01  475.65 v _4880_/Y (OR2x2_ASAP7_75t_R)
  68.83  544.48 v _4891_/Y (OR4x1_ASAP7_75t_R)
  59.70  604.18 v _4900_/Y (OR3x1_ASAP7_75t_R)
  57.19  661.38 v _4914_/Y (OR3x1_ASAP7_75t_R)
  59.61  720.99 v _5994_/Y (OR3x1_ASAP7_75t_R)
  64.41  785.40 v _5995_/Y (OR3x2_ASAP7_75t_R)
  63.25  848.66 v _5996_/Y (OR3x2_ASAP7_75t_R)
  64.15  912.80 v _5997_/Y (OR3x2_ASAP7_75t_R)
  43.39  956.19 v _5998_/Y (OR2x2_ASAP7_75t_R)
  21.93  978.13 ^ _5999_/Y (NOR2x1_ASAP7_75t_R)
  42.67 1020.80 ^ _6000_/Y (XOR2x1_ASAP7_75t_R)
  63.82 1084.62 ^ _6016_/Y (AND5x1_ASAP7_75t_R)
  46.67 1131.29 ^ _6019_/Y (AO21x2_ASAP7_75t_R)
 133.50 1264.79 ^ _6022_/Y (AND5x2_ASAP7_75t_R)
 123.19 1387.98 ^ _6034_/Y (OR3x4_ASAP7_75t_R)
  52.22 1440.20 v _6061_/Y (NOR2x1_ASAP7_75t_R)
  39.50 1479.70 v _6062_/Y (AO21x1_ASAP7_75t_R)
  35.08 1514.77 v _6063_/Y (AO21x1_ASAP7_75t_R)
   0.08 1514.85 v Datapath_i.fu_run_benchmark_38252_38986.Datapath_i.fu_kmp_38537_41015.out1$_DFFE_PP_/D (DFFHQNx1_ASAP7_75t_R)
        1514.85   data arrival time
---------------------------------------------------------
(Path is unconstrained)


Startpoint: Datapath_i.fu_run_benchmark_38252_38986.Datapath_i.reg_54.reg_out1[0]$_DFFE_PP_
            (rising edge-triggered flip-flop)
Endpoint: Datapath_i.fu_run_benchmark_38252_38986.Datapath_i.fu_kmp_38537_41048.out1$_DFFE_PP_
          (rising edge-triggered flip-flop)
Path Group: unconstrained
Path Type: max
Corner: slow

  Delay    Time   Description
---------------------------------------------------------
   0.00    0.00 ^ Datapath_i.fu_run_benchmark_38252_38986.Datapath_i.reg_54.reg_out1[0]$_DFFE_PP_/CLK (DFFHQNx1_ASAP7_75t_R)
 123.39  123.39 v Datapath_i.fu_run_benchmark_38252_38986.Datapath_i.reg_54.reg_out1[0]$_DFFE_PP_/QN (DFFHQNx1_ASAP7_75t_R)
  66.70  190.09 v _4830_/Y (OR3x1_ASAP7_75t_R)
  54.91  245.00 v _4838_/Y (OR3x1_ASAP7_75t_R)
  55.71  300.71 v _4848_/Y (OR3x1_ASAP7_75t_R)
  47.87  348.58 v _4857_/Y (OR2x2_ASAP7_75t_R)
  79.07  427.64 v _4868_/Y (OR4x2_ASAP7_75t_R)
  48.01  475.65 v _4880_/Y (OR2x2_ASAP7_75t_R)
  68.83  544.48 v _4891_/Y (OR4x1_ASAP7_75t_R)
  59.70  604.18 v _4900_/Y (OR3x1_ASAP7_75t_R)
  57.19  661.38 v _4914_/Y (OR3x1_ASAP7_75t_R)
  59.61  720.99 v _5994_/Y (OR3x1_ASAP7_75t_R)
  64.41  785.40 v _5995_/Y (OR3x2_ASAP7_75t_R)
  63.25  848.66 v _5996_/Y (OR3x2_ASAP7_75t_R)
  64.15  912.80 v _5997_/Y (OR3x2_ASAP7_75t_R)
  43.39  956.19 v _5998_/Y (OR2x2_ASAP7_75t_R)
  21.93  978.13 ^ _5999_/Y (NOR2x1_ASAP7_75t_R)
  42.67 1020.80 ^ _6000_/Y (XOR2x1_ASAP7_75t_R)
  63.82 1084.62 ^ _6016_/Y (AND5x1_ASAP7_75t_R)
  46.67 1131.29 ^ _6019_/Y (AO21x2_ASAP7_75t_R)
 133.50 1264.79 ^ _6022_/Y (AND5x2_ASAP7_75t_R)
 123.19 1387.98 ^ _6034_/Y (OR3x4_ASAP7_75t_R)
  53.87 1441.85 v _6089_/Y (NOR2x1_ASAP7_75t_R)
  38.36 1480.21 v _6090_/Y (AO21x1_ASAP7_75t_R)
  34.52 1514.73 v _6091_/Y (AO21x1_ASAP7_75t_R)
   0.07 1514.80 v Datapath_i.fu_run_benchmark_38252_38986.Datapath_i.fu_kmp_38537_41048.out1$_DFFE_PP_/D (DFFHQNx1_ASAP7_75t_R)
        1514.80   data arrival time
---------------------------------------------------------
(Path is unconstrained)


Startpoint: Datapath_i.fu_run_benchmark_38252_38986.Datapath_i.reg_54.reg_out1[0]$_DFFE_PP_
            (rising edge-triggered flip-flop)
Endpoint: Datapath_i.fu_run_benchmark_38252_38986.Datapath_i.fu_kmp_38537_41024.out1$_DFFE_PP_
          (rising edge-triggered flip-flop)
Path Group: unconstrained
Path Type: max
Corner: slow

  Delay    Time   Description
---------------------------------------------------------
   0.00    0.00 ^ Datapath_i.fu_run_benchmark_38252_38986.Datapath_i.reg_54.reg_out1[0]$_DFFE_PP_/CLK (DFFHQNx1_ASAP7_75t_R)
 123.39  123.39 v Datapath_i.fu_run_benchmark_38252_38986.Datapath_i.reg_54.reg_out1[0]$_DFFE_PP_/QN (DFFHQNx1_ASAP7_75t_R)
  66.70  190.09 v _4830_/Y (OR3x1_ASAP7_75t_R)
  54.91  245.00 v _4838_/Y (OR3x1_ASAP7_75t_R)
  55.71  300.71 v _4848_/Y (OR3x1_ASAP7_75t_R)
  47.87  348.58 v _4857_/Y (OR2x2_ASAP7_75t_R)
  79.07  427.64 v _4868_/Y (OR4x2_ASAP7_75t_R)
  48.01  475.65 v _4880_/Y (OR2x2_ASAP7_75t_R)
  68.83  544.48 v _4891_/Y (OR4x1_ASAP7_75t_R)
  59.70  604.18 v _4900_/Y (OR3x1_ASAP7_75t_R)
  57.19  661.38 v _4914_/Y (OR3x1_ASAP7_75t_R)
  59.61  720.99 v _5994_/Y (OR3x1_ASAP7_75t_R)
  64.41  785.40 v _5995_/Y (OR3x2_ASAP7_75t_R)
  63.25  848.66 v _5996_/Y (OR3x2_ASAP7_75t_R)
  64.15  912.80 v _5997_/Y (OR3x2_ASAP7_75t_R)
  43.39  956.19 v _5998_/Y (OR2x2_ASAP7_75t_R)
  21.93  978.13 ^ _5999_/Y (NOR2x1_ASAP7_75t_R)
  42.67 1020.80 ^ _6000_/Y (XOR2x1_ASAP7_75t_R)
  63.82 1084.62 ^ _6016_/Y (AND5x1_ASAP7_75t_R)
  46.67 1131.29 ^ _6019_/Y (AO21x2_ASAP7_75t_R)
 133.50 1264.79 ^ _6022_/Y (AND5x2_ASAP7_75t_R)
 123.19 1387.98 ^ _6034_/Y (OR3x4_ASAP7_75t_R)
  52.34 1440.31 v _6070_/Y (NOR2x1_ASAP7_75t_R)
  39.28 1479.60 v _6071_/Y (AO21x1_ASAP7_75t_R)
  34.60 1514.20 v _6072_/Y (AO21x1_ASAP7_75t_R)
   0.04 1514.24 v Datapath_i.fu_run_benchmark_38252_38986.Datapath_i.fu_kmp_38537_41024.out1$_DFFE_PP_/D (DFFHQNx1_ASAP7_75t_R)
        1514.24   data arrival time
---------------------------------------------------------
(Path is unconstrained)


Startpoint: Datapath_i.fu_run_benchmark_38252_38986.Datapath_i.reg_54.reg_out1[0]$_DFFE_PP_
            (rising edge-triggered flip-flop)
Endpoint: Datapath_i.fu_run_benchmark_38252_38986.Datapath_i.fu_kmp_38537_41078.out1$_DFFE_PP_
          (rising edge-triggered flip-flop)
Path Group: unconstrained
Path Type: max
Corner: slow

  Delay    Time   Description
---------------------------------------------------------
   0.00    0.00 ^ Datapath_i.fu_run_benchmark_38252_38986.Datapath_i.reg_54.reg_out1[0]$_DFFE_PP_/CLK (DFFHQNx1_ASAP7_75t_R)
 123.39  123.39 v Datapath_i.fu_run_benchmark_38252_38986.Datapath_i.reg_54.reg_out1[0]$_DFFE_PP_/QN (DFFHQNx1_ASAP7_75t_R)
  66.70  190.09 v _4830_/Y (OR3x1_ASAP7_75t_R)
  54.91  245.00 v _4838_/Y (OR3x1_ASAP7_75t_R)
  55.71  300.71 v _4848_/Y (OR3x1_ASAP7_75t_R)
  47.87  348.58 v _4857_/Y (OR2x2_ASAP7_75t_R)
  79.07  427.64 v _4868_/Y (OR4x2_ASAP7_75t_R)
  48.01  475.65 v _4880_/Y (OR2x2_ASAP7_75t_R)
  68.83  544.48 v _4891_/Y (OR4x1_ASAP7_75t_R)
  59.70  604.18 v _4900_/Y (OR3x1_ASAP7_75t_R)
  57.19  661.38 v _4914_/Y (OR3x1_ASAP7_75t_R)
  59.61  720.99 v _5994_/Y (OR3x1_ASAP7_75t_R)
  64.41  785.40 v _5995_/Y (OR3x2_ASAP7_75t_R)
  63.25  848.66 v _5996_/Y (OR3x2_ASAP7_75t_R)
  64.15  912.80 v _5997_/Y (OR3x2_ASAP7_75t_R)
  43.39  956.19 v _5998_/Y (OR2x2_ASAP7_75t_R)
  21.93  978.13 ^ _5999_/Y (NOR2x1_ASAP7_75t_R)
  42.67 1020.80 ^ _6000_/Y (XOR2x1_ASAP7_75t_R)
  63.82 1084.62 ^ _6016_/Y (AND5x1_ASAP7_75t_R)
  46.67 1131.29 ^ _6019_/Y (AO21x2_ASAP7_75t_R)
 133.50 1264.79 ^ _6022_/Y (AND5x2_ASAP7_75t_R)
 123.19 1387.98 ^ _6034_/Y (OR3x4_ASAP7_75t_R)
  52.29 1440.26 v _6115_/Y (NOR2x1_ASAP7_75t_R)
  38.77 1479.04 v _6116_/Y (AO21x1_ASAP7_75t_R)
  34.48 1513.52 v _6117_/Y (AO21x1_ASAP7_75t_R)
   0.04 1513.56 v Datapath_i.fu_run_benchmark_38252_38986.Datapath_i.fu_kmp_38537_41078.out1$_DFFE_PP_/D (DFFHQNx1_ASAP7_75t_R)
        1513.56   data arrival time
---------------------------------------------------------
(Path is unconstrained)


