Startpoint: Datapath_i.fu_run_benchmark_38252_38986.Datapath_i.reg_54.reg_out1[0]$_DFFE_PP_
            (rising edge-triggered flip-flop)
Endpoint: Datapath_i.fu_run_benchmark_38252_38986.Datapath_i.fu_kmp_38537_41039.out1$_DFFE_PP_
          (rising edge-triggered flip-flop)
Path Group: unconstrained
Path Type: max
Corner: slow

    Cap   Delay    Time   Description
----------------------------------------------------------------
           0.00    0.00 ^ Datapath_i.fu_run_benchmark_38252_38986.Datapath_i.reg_54.reg_out1[0]$_DFFE_PP_/CLK (DFFHQNx1_ASAP7_75t_R)
   5.42  123.39  123.39 v Datapath_i.fu_run_benchmark_38252_38986.Datapath_i.reg_54.reg_out1[0]$_DFFE_PP_/QN (DFFHQNx1_ASAP7_75t_R)
   1.72   66.70  190.09 v _4830_/Y (OR3x1_ASAP7_75t_R)
   1.61   54.91  245.00 v _4838_/Y (OR3x1_ASAP7_75t_R)
   1.80   55.71  300.71 v _4848_/Y (OR3x1_ASAP7_75t_R)
   2.98   47.87  348.58 v _4857_/Y (OR2x2_ASAP7_75t_R)
   2.30   79.07  427.64 v _4868_/Y (OR4x2_ASAP7_75t_R)
   2.85   48.01  475.65 v _4880_/Y (OR2x2_ASAP7_75t_R)
   1.68   68.83  544.48 v _4891_/Y (OR4x1_ASAP7_75t_R)
   2.30   59.70  604.18 v _4900_/Y (OR3x1_ASAP7_75t_R)
   1.81   57.19  661.38 v _4914_/Y (OR3x1_ASAP7_75t_R)
   2.34   59.61  720.99 v _5994_/Y (OR3x1_ASAP7_75t_R)
   2.31   64.41  785.40 v _5995_/Y (OR3x2_ASAP7_75t_R)
   2.38   63.25  848.66 v _5996_/Y (OR3x2_ASAP7_75t_R)
   2.54   64.15  912.80 v _5997_/Y (OR3x2_ASAP7_75t_R)
   1.78   43.39  956.19 v _5998_/Y (OR2x2_ASAP7_75t_R)
   1.49   21.93  978.13 ^ _5999_/Y (NOR2x1_ASAP7_75t_R)
   1.79   42.67 1020.80 ^ _6000_/Y (XOR2x1_ASAP7_75t_R)
   1.15   63.82 1084.62 ^ _6016_/Y (AND5x1_ASAP7_75t_R)
   3.94   46.67 1131.29 ^ _6019_/Y (AO21x2_ASAP7_75t_R)
  22.33  133.50 1264.79 ^ _6022_/Y (AND5x2_ASAP7_75t_R)
  36.92  123.19 1387.98 ^ _6034_/Y (OR3x4_ASAP7_75t_R)
   0.69   53.71 1441.69 v _6083_/Y (NOR2x1_ASAP7_75t_R)
   0.80   39.86 1481.54 v _6084_/Y (AO21x1_ASAP7_75t_R)
   0.71   34.92 1516.46 v _6085_/Y (AO21x1_ASAP7_75t_R)
           0.06 1516.53 v Datapath_i.fu_run_benchmark_38252_38986.Datapath_i.fu_kmp_38537_41039.out1$_DFFE_PP_/D (DFFHQNx1_ASAP7_75t_R)
                1516.53   data arrival time
----------------------------------------------------------------
(Path is unconstrained)


