Startpoint: fifo_north_pop_data[2] (input port)
Endpoint: array_array_6632d_d[28] (output port)
Path Group: unconstrained
Path Type: max
Corner: slow

  Delay    Time   Description
---------------------------------------------------------
   0.00    0.00 v input external delay
   7.22    7.22 v fifo_north_pop_data[2] (in)
  27.64   34.86 ^ _497_/Y (NAND2x1_ASAP7_75t_R)
  88.53  123.39 v _785_/SN (FAx1_ASAP7_75t_R)
  64.77  188.16 ^ _786_/CON (FAx1_ASAP7_75t_R)
  32.94  221.10 v _786_/SN (FAx1_ASAP7_75t_R)
  28.98  250.08 ^ _650_/Y (INVx1_ASAP7_75t_R)
  57.01  307.09 ^ _787_/SN (FAx1_ASAP7_75t_R)
  21.74  328.83 v _648_/Y (INVx1_ASAP7_75t_R)
  93.32  422.16 v _850_/SN (HAxp5_ASAP7_75t_R)
  78.48  500.63 ^ _788_/CON (FAx1_ASAP7_75t_R)
  25.12  525.76 v _574_/Y (INVx1_ASAP7_75t_R)
  38.63  564.39 v _575_/Y (OA21x2_ASAP7_75t_R)
  41.39  605.78 v _576_/Y (OA21x2_ASAP7_75t_R)
  38.30  644.08 v _582_/Y (OA21x2_ASAP7_75t_R)
  41.32  685.40 v _583_/Y (OA21x2_ASAP7_75t_R)
  38.29  723.69 v _589_/Y (OA21x2_ASAP7_75t_R)
  41.41  765.10 v _590_/Y (OA21x2_ASAP7_75t_R)
  38.43  803.53 v _597_/Y (OA21x2_ASAP7_75t_R)
  41.38  844.90 v _598_/Y (OA21x2_ASAP7_75t_R)
  40.38  885.28 v _599_/Y (XOR2x1_ASAP7_75t_R)
  82.31  967.59 v _881_/SN (HAxp5_ASAP7_75t_R)
  53.14 1020.73 v _728_/Y (OA21x2_ASAP7_75t_R)
  37.11 1057.84 v _733_/Y (OA21x2_ASAP7_75t_R)
  40.83 1098.67 v _734_/Y (OA21x2_ASAP7_75t_R)
  26.39 1125.06 ^ _740_/Y (NOR2x1_ASAP7_75t_R)
  70.97 1196.02 ^ _754_/Y (AND5x1_ASAP7_75t_R)
  39.38 1235.40 ^ _761_/Y (AND2x2_ASAP7_75t_R)
  41.14 1276.54 ^ _765_/Y (AND3x1_ASAP7_75t_R)
  79.82 1356.36 ^ _766_/Y (XOR2x2_ASAP7_75t_R)
   0.00 1356.36 ^ array_array_6632d_d[28] (out)
        1356.36   data arrival time
---------------------------------------------------------
(Path is unconstrained)


Startpoint: fifo_north_pop_data[2] (input port)
Endpoint: array_array_6632d_d[30] (output port)
Path Group: unconstrained
Path Type: max
Corner: slow

  Delay    Time   Description
---------------------------------------------------------
   0.00    0.00 v input external delay
   7.22    7.22 v fifo_north_pop_data[2] (in)
  27.64   34.86 ^ _497_/Y (NAND2x1_ASAP7_75t_R)
  88.53  123.39 v _785_/SN (FAx1_ASAP7_75t_R)
  64.77  188.16 ^ _786_/CON (FAx1_ASAP7_75t_R)
  32.94  221.10 v _786_/SN (FAx1_ASAP7_75t_R)
  28.98  250.08 ^ _650_/Y (INVx1_ASAP7_75t_R)
  57.01  307.09 ^ _787_/SN (FAx1_ASAP7_75t_R)
  21.74  328.83 v _648_/Y (INVx1_ASAP7_75t_R)
  93.32  422.16 v _850_/SN (HAxp5_ASAP7_75t_R)
  78.48  500.63 ^ _788_/CON (FAx1_ASAP7_75t_R)
  25.12  525.76 v _574_/Y (INVx1_ASAP7_75t_R)
  38.63  564.39 v _575_/Y (OA21x2_ASAP7_75t_R)
  41.39  605.78 v _576_/Y (OA21x2_ASAP7_75t_R)
  38.30  644.08 v _582_/Y (OA21x2_ASAP7_75t_R)
  41.32  685.40 v _583_/Y (OA21x2_ASAP7_75t_R)
  38.29  723.69 v _589_/Y (OA21x2_ASAP7_75t_R)
  41.41  765.10 v _590_/Y (OA21x2_ASAP7_75t_R)
  38.43  803.53 v _597_/Y (OA21x2_ASAP7_75t_R)
  41.38  844.90 v _598_/Y (OA21x2_ASAP7_75t_R)
  40.38  885.28 v _599_/Y (XOR2x1_ASAP7_75t_R)
  82.31  967.59 v _881_/SN (HAxp5_ASAP7_75t_R)
  53.14 1020.73 v _728_/Y (OA21x2_ASAP7_75t_R)
  37.11 1057.84 v _733_/Y (OA21x2_ASAP7_75t_R)
  40.83 1098.67 v _734_/Y (OA21x2_ASAP7_75t_R)
  26.39 1125.06 ^ _740_/Y (NOR2x1_ASAP7_75t_R)
  70.97 1196.02 ^ _754_/Y (AND5x1_ASAP7_75t_R)
  39.38 1235.40 ^ _761_/Y (AND2x2_ASAP7_75t_R)
  39.98 1275.38 ^ _772_/Y (AND3x1_ASAP7_75t_R)
  79.25 1354.63 ^ _773_/Y (XOR2x2_ASAP7_75t_R)
   0.00 1354.63 ^ array_array_6632d_d[30] (out)
        1354.63   data arrival time
---------------------------------------------------------
(Path is unconstrained)


Startpoint: fifo_north_pop_data[2] (input port)
Endpoint: array_array_6632d_d[29] (output port)
Path Group: unconstrained
Path Type: max
Corner: slow

  Delay    Time   Description
---------------------------------------------------------
   0.00    0.00 v input external delay
   7.22    7.22 v fifo_north_pop_data[2] (in)
  27.64   34.86 ^ _497_/Y (NAND2x1_ASAP7_75t_R)
  88.53  123.39 v _785_/SN (FAx1_ASAP7_75t_R)
  64.77  188.16 ^ _786_/CON (FAx1_ASAP7_75t_R)
  32.94  221.10 v _786_/SN (FAx1_ASAP7_75t_R)
  28.98  250.08 ^ _650_/Y (INVx1_ASAP7_75t_R)
  61.67  311.75 v _787_/SN (FAx1_ASAP7_75t_R)
  20.74  332.49 ^ _648_/Y (INVx1_ASAP7_75t_R)
  78.89  411.38 ^ _850_/SN (HAxp5_ASAP7_75t_R)
  27.46  438.84 v _693_/Y (INVx1_ASAP7_75t_R)
  26.88  465.72 ^ _851_/CON (HAxp5_ASAP7_75t_R)
  19.69  485.41 v _851_/SN (HAxp5_ASAP7_75t_R)
  39.88  525.29 v _569_/Y (OA21x2_ASAP7_75t_R)
  40.87  566.16 v _570_/Y (OA21x2_ASAP7_75t_R)
  38.31  604.47 v _578_/Y (OA21x2_ASAP7_75t_R)
  41.41  645.88 v _579_/Y (OA21x2_ASAP7_75t_R)
  38.54  684.42 v _586_/Y (OA21x2_ASAP7_75t_R)
  41.57  726.00 v _587_/Y (OA21x2_ASAP7_75t_R)
  38.46  764.46 v _593_/Y (OA21x2_ASAP7_75t_R)
  41.39  805.85 v _594_/Y (OA21x2_ASAP7_75t_R)
  40.43  846.28 v _595_/Y (XOR2x1_ASAP7_75t_R)
  83.98  930.26 v _878_/SN (HAxp5_ASAP7_75t_R)
  53.61  983.86 v _725_/Y (OA21x2_ASAP7_75t_R)
  37.18 1021.05 v _730_/Y (OA21x2_ASAP7_75t_R)
  39.46 1060.51 v _731_/Y (OA21x2_ASAP7_75t_R)
  42.33 1102.84 v _737_/Y (OA21x2_ASAP7_75t_R)
  22.78 1125.62 ^ _738_/Y (NOR2x2_ASAP7_75t_R)
  71.79 1197.41 ^ _752_/Y (AND5x2_ASAP7_75t_R)
  66.27 1263.68 ^ _768_/Y (AND5x1_ASAP7_75t_R)
  80.85 1344.54 ^ _769_/Y (XOR2x2_ASAP7_75t_R)
   0.00 1344.54 ^ array_array_6632d_d[29] (out)
        1344.54   data arrival time
---------------------------------------------------------
(Path is unconstrained)


Startpoint: fifo_north_pop_data[2] (input port)
Endpoint: array_array_6632d_d[31] (output port)
Path Group: unconstrained
Path Type: max
Corner: slow

  Delay    Time   Description
---------------------------------------------------------
   0.00    0.00 v input external delay
   7.22    7.22 v fifo_north_pop_data[2] (in)
  27.64   34.86 ^ _497_/Y (NAND2x1_ASAP7_75t_R)
  88.53  123.39 v _785_/SN (FAx1_ASAP7_75t_R)
  64.77  188.16 ^ _786_/CON (FAx1_ASAP7_75t_R)
  32.94  221.10 v _786_/SN (FAx1_ASAP7_75t_R)
  28.98  250.08 ^ _650_/Y (INVx1_ASAP7_75t_R)
  61.67  311.75 v _787_/SN (FAx1_ASAP7_75t_R)
  20.74  332.49 ^ _648_/Y (INVx1_ASAP7_75t_R)
  78.89  411.38 ^ _850_/SN (HAxp5_ASAP7_75t_R)
  27.46  438.84 v _693_/Y (INVx1_ASAP7_75t_R)
  26.88  465.72 ^ _851_/CON (HAxp5_ASAP7_75t_R)
  19.69  485.41 v _851_/SN (HAxp5_ASAP7_75t_R)
  39.88  525.29 v _569_/Y (OA21x2_ASAP7_75t_R)
  40.87  566.16 v _570_/Y (OA21x2_ASAP7_75t_R)
  38.31  604.47 v _578_/Y (OA21x2_ASAP7_75t_R)
  41.41  645.88 v _579_/Y (OA21x2_ASAP7_75t_R)
  38.54  684.42 v _586_/Y (OA21x2_ASAP7_75t_R)
  41.57  726.00 v _587_/Y (OA21x2_ASAP7_75t_R)
  38.46  764.46 v _593_/Y (OA21x2_ASAP7_75t_R)
  41.39  805.85 v _594_/Y (OA21x2_ASAP7_75t_R)
  40.43  846.28 v _595_/Y (XOR2x1_ASAP7_75t_R)
  83.98  930.26 v _878_/SN (HAxp5_ASAP7_75t_R)
  53.61  983.86 v _725_/Y (OA21x2_ASAP7_75t_R)
  37.18 1021.05 v _730_/Y (OA21x2_ASAP7_75t_R)
  39.46 1060.51 v _731_/Y (OA21x2_ASAP7_75t_R)
  42.33 1102.84 v _737_/Y (OA21x2_ASAP7_75t_R)
  22.78 1125.62 ^ _738_/Y (NOR2x2_ASAP7_75t_R)
  71.79 1197.41 ^ _752_/Y (AND5x2_ASAP7_75t_R)
  65.68 1263.09 ^ _774_/Y (AND5x1_ASAP7_75t_R)
  80.54 1343.63 ^ _775_/Y (XOR2x2_ASAP7_75t_R)
   0.00 1343.63 ^ array_array_6632d_d[31] (out)
        1343.63   data arrival time
---------------------------------------------------------
(Path is unconstrained)


Startpoint: fifo_north_pop_data[2] (input port)
Endpoint: array_array_6632d_d[27] (output port)
Path Group: unconstrained
Path Type: max
Corner: slow

  Delay    Time   Description
---------------------------------------------------------
   0.00    0.00 v input external delay
   7.22    7.22 v fifo_north_pop_data[2] (in)
  27.64   34.86 ^ _497_/Y (NAND2x1_ASAP7_75t_R)
  88.53  123.39 v _785_/SN (FAx1_ASAP7_75t_R)
  64.77  188.16 ^ _786_/CON (FAx1_ASAP7_75t_R)
  32.94  221.10 v _786_/SN (FAx1_ASAP7_75t_R)
  28.98  250.08 ^ _650_/Y (INVx1_ASAP7_75t_R)
  61.67  311.75 v _787_/SN (FAx1_ASAP7_75t_R)
  20.74  332.49 ^ _648_/Y (INVx1_ASAP7_75t_R)
  78.89  411.38 ^ _850_/SN (HAxp5_ASAP7_75t_R)
  27.46  438.84 v _693_/Y (INVx1_ASAP7_75t_R)
  26.88  465.72 ^ _851_/CON (HAxp5_ASAP7_75t_R)
  19.69  485.41 v _851_/SN (HAxp5_ASAP7_75t_R)
  39.88  525.29 v _569_/Y (OA21x2_ASAP7_75t_R)
  40.87  566.16 v _570_/Y (OA21x2_ASAP7_75t_R)
  38.31  604.47 v _578_/Y (OA21x2_ASAP7_75t_R)
  41.41  645.88 v _579_/Y (OA21x2_ASAP7_75t_R)
  38.54  684.42 v _586_/Y (OA21x2_ASAP7_75t_R)
  41.57  726.00 v _587_/Y (OA21x2_ASAP7_75t_R)
  38.46  764.46 v _593_/Y (OA21x2_ASAP7_75t_R)
  41.39  805.85 v _594_/Y (OA21x2_ASAP7_75t_R)
  40.43  846.28 v _595_/Y (XOR2x1_ASAP7_75t_R)
  83.98  930.26 v _878_/SN (HAxp5_ASAP7_75t_R)
  53.61  983.86 v _725_/Y (OA21x2_ASAP7_75t_R)
  37.18 1021.05 v _730_/Y (OA21x2_ASAP7_75t_R)
  39.46 1060.51 v _731_/Y (OA21x2_ASAP7_75t_R)
  42.33 1102.84 v _737_/Y (OA21x2_ASAP7_75t_R)
  22.78 1125.62 ^ _738_/Y (NOR2x2_ASAP7_75t_R)
  71.79 1197.41 ^ _752_/Y (AND5x2_ASAP7_75t_R)
  44.49 1241.90 ^ _763_/Y (AND3x1_ASAP7_75t_R)
  79.43 1321.33 ^ _764_/Y (XOR2x2_ASAP7_75t_R)
   0.00 1321.33 ^ array_array_6632d_d[27] (out)
        1321.33   data arrival time
---------------------------------------------------------
(Path is unconstrained)


Startpoint: fifo_north_pop_data[2] (input port)
Endpoint: array_array_6632d_d[26] (output port)
Path Group: unconstrained
Path Type: max
Corner: slow

  Delay    Time   Description
---------------------------------------------------------
   0.00    0.00 v input external delay
   7.22    7.22 v fifo_north_pop_data[2] (in)
  27.64   34.86 ^ _497_/Y (NAND2x1_ASAP7_75t_R)
  88.53  123.39 v _785_/SN (FAx1_ASAP7_75t_R)
  64.77  188.16 ^ _786_/CON (FAx1_ASAP7_75t_R)
  32.94  221.10 v _786_/SN (FAx1_ASAP7_75t_R)
  28.98  250.08 ^ _650_/Y (INVx1_ASAP7_75t_R)
  57.01  307.09 ^ _787_/SN (FAx1_ASAP7_75t_R)
  21.74  328.83 v _648_/Y (INVx1_ASAP7_75t_R)
  93.32  422.16 v _850_/SN (HAxp5_ASAP7_75t_R)
  78.48  500.63 ^ _788_/CON (FAx1_ASAP7_75t_R)
  25.12  525.76 v _574_/Y (INVx1_ASAP7_75t_R)
  38.63  564.39 v _575_/Y (OA21x2_ASAP7_75t_R)
  41.39  605.78 v _576_/Y (OA21x2_ASAP7_75t_R)
  38.30  644.08 v _582_/Y (OA21x2_ASAP7_75t_R)
  41.32  685.40 v _583_/Y (OA21x2_ASAP7_75t_R)
  38.29  723.69 v _589_/Y (OA21x2_ASAP7_75t_R)
  41.41  765.10 v _590_/Y (OA21x2_ASAP7_75t_R)
  38.43  803.53 v _597_/Y (OA21x2_ASAP7_75t_R)
  41.38  844.90 v _598_/Y (OA21x2_ASAP7_75t_R)
  40.38  885.28 v _599_/Y (XOR2x1_ASAP7_75t_R)
  82.31  967.59 v _881_/SN (HAxp5_ASAP7_75t_R)
  53.14 1020.73 v _728_/Y (OA21x2_ASAP7_75t_R)
  37.11 1057.84 v _733_/Y (OA21x2_ASAP7_75t_R)
  40.83 1098.67 v _734_/Y (OA21x2_ASAP7_75t_R)
  26.39 1125.06 ^ _740_/Y (NOR2x1_ASAP7_75t_R)
  70.97 1196.02 ^ _754_/Y (AND5x1_ASAP7_75t_R)
  39.38 1235.40 ^ _761_/Y (AND2x2_ASAP7_75t_R)
  79.48 1314.88 ^ _762_/Y (XOR2x2_ASAP7_75t_R)
   0.00 1314.88 ^ array_array_6632d_d[26] (out)
        1314.88   data arrival time
---------------------------------------------------------
(Path is unconstrained)


Startpoint: fifo_north_pop_data[2] (input port)
Endpoint: array_array_6632d_d[25] (output port)
Path Group: unconstrained
Path Type: max
Corner: slow

  Delay    Time   Description
---------------------------------------------------------
   0.00    0.00 v input external delay
   7.22    7.22 v fifo_north_pop_data[2] (in)
  27.64   34.86 ^ _497_/Y (NAND2x1_ASAP7_75t_R)
  88.53  123.39 v _785_/SN (FAx1_ASAP7_75t_R)
  64.77  188.16 ^ _786_/CON (FAx1_ASAP7_75t_R)
  32.94  221.10 v _786_/SN (FAx1_ASAP7_75t_R)
  28.98  250.08 ^ _650_/Y (INVx1_ASAP7_75t_R)
  61.67  311.75 v _787_/SN (FAx1_ASAP7_75t_R)
  20.74  332.49 ^ _648_/Y (INVx1_ASAP7_75t_R)
  78.89  411.38 ^ _850_/SN (HAxp5_ASAP7_75t_R)
  27.46  438.84 v _693_/Y (INVx1_ASAP7_75t_R)
  26.88  465.72 ^ _851_/CON (HAxp5_ASAP7_75t_R)
  19.69  485.41 v _851_/SN (HAxp5_ASAP7_75t_R)
  39.88  525.29 v _569_/Y (OA21x2_ASAP7_75t_R)
  40.87  566.16 v _570_/Y (OA21x2_ASAP7_75t_R)
  38.31  604.47 v _578_/Y (OA21x2_ASAP7_75t_R)
  41.41  645.88 v _579_/Y (OA21x2_ASAP7_75t_R)
  38.54  684.42 v _586_/Y (OA21x2_ASAP7_75t_R)
  41.57  726.00 v _587_/Y (OA21x2_ASAP7_75t_R)
  38.46  764.46 v _593_/Y (OA21x2_ASAP7_75t_R)
  41.39  805.85 v _594_/Y (OA21x2_ASAP7_75t_R)
  40.43  846.28 v _595_/Y (XOR2x1_ASAP7_75t_R)
  83.98  930.26 v _878_/SN (HAxp5_ASAP7_75t_R)
  53.61  983.86 v _725_/Y (OA21x2_ASAP7_75t_R)
  37.18 1021.05 v _730_/Y (OA21x2_ASAP7_75t_R)
  39.46 1060.51 v _731_/Y (OA21x2_ASAP7_75t_R)
  42.33 1102.84 v _737_/Y (OA21x2_ASAP7_75t_R)
  22.78 1125.62 ^ _738_/Y (NOR2x2_ASAP7_75t_R)
  71.79 1197.41 ^ _752_/Y (AND5x2_ASAP7_75t_R)
  19.51 1216.93 v _758_/Y (NAND2x1_ASAP7_75t_R)
  85.29 1302.22 ^ _759_/Y (XNOR2x2_ASAP7_75t_R)
   0.00 1302.22 ^ array_array_6632d_d[25] (out)
        1302.22   data arrival time
---------------------------------------------------------
(Path is unconstrained)


Startpoint: fifo_north_pop_data[2] (input port)
Endpoint: array_array_6632d_d[24] (output port)
Path Group: unconstrained
Path Type: max
Corner: slow

  Delay    Time   Description
---------------------------------------------------------
   0.00    0.00 v input external delay
   7.22    7.22 v fifo_north_pop_data[2] (in)
  27.64   34.86 ^ _497_/Y (NAND2x1_ASAP7_75t_R)
  88.53  123.39 v _785_/SN (FAx1_ASAP7_75t_R)
  64.77  188.16 ^ _786_/CON (FAx1_ASAP7_75t_R)
  32.94  221.10 v _786_/SN (FAx1_ASAP7_75t_R)
  28.98  250.08 ^ _650_/Y (INVx1_ASAP7_75t_R)
  57.01  307.09 ^ _787_/SN (FAx1_ASAP7_75t_R)
  21.74  328.83 v _648_/Y (INVx1_ASAP7_75t_R)
  93.32  422.16 v _850_/SN (HAxp5_ASAP7_75t_R)
  78.48  500.63 ^ _788_/CON (FAx1_ASAP7_75t_R)
  25.12  525.76 v _574_/Y (INVx1_ASAP7_75t_R)
  38.63  564.39 v _575_/Y (OA21x2_ASAP7_75t_R)
  41.39  605.78 v _576_/Y (OA21x2_ASAP7_75t_R)
  38.30  644.08 v _582_/Y (OA21x2_ASAP7_75t_R)
  41.32  685.40 v _583_/Y (OA21x2_ASAP7_75t_R)
  38.29  723.69 v _589_/Y (OA21x2_ASAP7_75t_R)
  41.41  765.10 v _590_/Y (OA21x2_ASAP7_75t_R)
  38.43  803.53 v _597_/Y (OA21x2_ASAP7_75t_R)
  41.38  844.90 v _598_/Y (OA21x2_ASAP7_75t_R)
  40.38  885.28 v _599_/Y (XOR2x1_ASAP7_75t_R)
  82.31  967.59 v _881_/SN (HAxp5_ASAP7_75t_R)
  53.14 1020.73 v _728_/Y (OA21x2_ASAP7_75t_R)
  37.11 1057.84 v _733_/Y (OA21x2_ASAP7_75t_R)
  40.83 1098.67 v _734_/Y (OA21x2_ASAP7_75t_R)
  26.39 1125.06 ^ _740_/Y (NOR2x1_ASAP7_75t_R)
  70.97 1196.02 ^ _754_/Y (AND5x1_ASAP7_75t_R)
  18.38 1214.41 v _755_/Y (NAND2x1_ASAP7_75t_R)
  86.11 1300.52 ^ _756_/Y (XNOR2x2_ASAP7_75t_R)
   0.00 1300.52 ^ array_array_6632d_d[24] (out)
        1300.52   data arrival time
---------------------------------------------------------
(Path is unconstrained)


Startpoint: fifo_north_pop_data[2] (input port)
Endpoint: array_array_6632d_d[22] (output port)
Path Group: unconstrained
Path Type: max
Corner: slow

  Delay    Time   Description
---------------------------------------------------------
   0.00    0.00 v input external delay
   7.22    7.22 v fifo_north_pop_data[2] (in)
  27.64   34.86 ^ _497_/Y (NAND2x1_ASAP7_75t_R)
  88.53  123.39 v _785_/SN (FAx1_ASAP7_75t_R)
  64.77  188.16 ^ _786_/CON (FAx1_ASAP7_75t_R)
  32.94  221.10 v _786_/SN (FAx1_ASAP7_75t_R)
  28.98  250.08 ^ _650_/Y (INVx1_ASAP7_75t_R)
  57.01  307.09 ^ _787_/SN (FAx1_ASAP7_75t_R)
  21.74  328.83 v _648_/Y (INVx1_ASAP7_75t_R)
  93.32  422.16 v _850_/SN (HAxp5_ASAP7_75t_R)
  78.48  500.63 ^ _788_/CON (FAx1_ASAP7_75t_R)
  25.12  525.76 v _574_/Y (INVx1_ASAP7_75t_R)
  38.63  564.39 v _575_/Y (OA21x2_ASAP7_75t_R)
  41.39  605.78 v _576_/Y (OA21x2_ASAP7_75t_R)
  38.30  644.08 v _582_/Y (OA21x2_ASAP7_75t_R)
  41.32  685.40 v _583_/Y (OA21x2_ASAP7_75t_R)
  38.29  723.69 v _589_/Y (OA21x2_ASAP7_75t_R)
  41.41  765.10 v _590_/Y (OA21x2_ASAP7_75t_R)
  38.43  803.53 v _597_/Y (OA21x2_ASAP7_75t_R)
  41.38  844.90 v _598_/Y (OA21x2_ASAP7_75t_R)
  40.38  885.28 v _599_/Y (XOR2x1_ASAP7_75t_R)
  82.31  967.59 v _881_/SN (HAxp5_ASAP7_75t_R)
  53.14 1020.73 v _728_/Y (OA21x2_ASAP7_75t_R)
  37.11 1057.84 v _733_/Y (OA21x2_ASAP7_75t_R)
  40.83 1098.67 v _734_/Y (OA21x2_ASAP7_75t_R)
  26.39 1125.06 ^ _740_/Y (NOR2x1_ASAP7_75t_R)
  37.82 1162.87 ^ _746_/Y (AND2x2_ASAP7_75t_R)
  39.37 1202.24 ^ _750_/Y (AND3x1_ASAP7_75t_R)
  79.26 1281.51 ^ _751_/Y (XOR2x2_ASAP7_75t_R)
   0.00 1281.51 ^ array_array_6632d_d[22] (out)
        1281.51   data arrival time
---------------------------------------------------------
(Path is unconstrained)


Startpoint: fifo_north_pop_data[2] (input port)
Endpoint: array_array_6632d_d[23] (output port)
Path Group: unconstrained
Path Type: max
Corner: slow

  Delay    Time   Description
---------------------------------------------------------
   0.00    0.00 v input external delay
   7.22    7.22 v fifo_north_pop_data[2] (in)
  27.64   34.86 ^ _497_/Y (NAND2x1_ASAP7_75t_R)
  88.53  123.39 v _785_/SN (FAx1_ASAP7_75t_R)
  64.77  188.16 ^ _786_/CON (FAx1_ASAP7_75t_R)
  32.94  221.10 v _786_/SN (FAx1_ASAP7_75t_R)
  28.98  250.08 ^ _650_/Y (INVx1_ASAP7_75t_R)
  61.67  311.75 v _787_/SN (FAx1_ASAP7_75t_R)
  20.74  332.49 ^ _648_/Y (INVx1_ASAP7_75t_R)
  78.89  411.38 ^ _850_/SN (HAxp5_ASAP7_75t_R)
  27.46  438.84 v _693_/Y (INVx1_ASAP7_75t_R)
  26.88  465.72 ^ _851_/CON (HAxp5_ASAP7_75t_R)
  19.69  485.41 v _851_/SN (HAxp5_ASAP7_75t_R)
  39.88  525.29 v _569_/Y (OA21x2_ASAP7_75t_R)
  40.87  566.16 v _570_/Y (OA21x2_ASAP7_75t_R)
  38.31  604.47 v _578_/Y (OA21x2_ASAP7_75t_R)
  41.41  645.88 v _579_/Y (OA21x2_ASAP7_75t_R)
  38.54  684.42 v _586_/Y (OA21x2_ASAP7_75t_R)
  41.57  726.00 v _587_/Y (OA21x2_ASAP7_75t_R)
  38.46  764.46 v _593_/Y (OA21x2_ASAP7_75t_R)
  41.39  805.85 v _594_/Y (OA21x2_ASAP7_75t_R)
  40.43  846.28 v _595_/Y (XOR2x1_ASAP7_75t_R)
  83.98  930.26 v _878_/SN (HAxp5_ASAP7_75t_R)
  53.61  983.86 v _725_/Y (OA21x2_ASAP7_75t_R)
  37.18 1021.05 v _730_/Y (OA21x2_ASAP7_75t_R)
  39.46 1060.51 v _731_/Y (OA21x2_ASAP7_75t_R)
  42.33 1102.84 v _737_/Y (OA21x2_ASAP7_75t_R)
  22.78 1125.62 ^ _738_/Y (NOR2x2_ASAP7_75t_R)
  71.79 1197.41 ^ _752_/Y (AND5x2_ASAP7_75t_R)
  83.57 1280.98 ^ _753_/Y (XOR2x2_ASAP7_75t_R)
   0.00 1280.98 ^ array_array_6632d_d[23] (out)
        1280.98   data arrival time
---------------------------------------------------------
(Path is unconstrained)


