Startpoint: fifo_north_pop_data[2] (input port)
Endpoint: array_array_6632d_d[28] (output port)
Path Group: unconstrained
Path Type: max
Corner: slow

    Cap   Delay    Time   Description
----------------------------------------------------------------
           0.00    0.00 v input external delay
   8.93    7.22    7.22 v fifo_north_pop_data[2] (in)
   1.75   27.64   34.86 ^ _497_/Y (NAND2x1_ASAP7_75t_R)
   1.45   88.53  123.39 v _785_/SN (FAx1_ASAP7_75t_R)
   1.92   64.77  188.16 ^ _786_/CON (FAx1_ASAP7_75t_R)
   0.66   32.94  221.10 v _786_/SN (FAx1_ASAP7_75t_R)
   1.46   28.98  250.08 ^ _650_/Y (INVx1_ASAP7_75t_R)
   0.64   57.01  307.09 ^ _787_/SN (FAx1_ASAP7_75t_R)
   0.89   21.74  328.83 v _648_/Y (INVx1_ASAP7_75t_R)
   2.52   93.32  422.16 v _850_/SN (HAxp5_ASAP7_75t_R)
   2.09   78.48  500.63 ^ _788_/CON (FAx1_ASAP7_75t_R)
   0.58   25.12  525.76 v _574_/Y (INVx1_ASAP7_75t_R)
   0.62   38.63  564.39 v _575_/Y (OA21x2_ASAP7_75t_R)
   1.96   41.39  605.78 v _576_/Y (OA21x2_ASAP7_75t_R)
   0.64   38.30  644.08 v _582_/Y (OA21x2_ASAP7_75t_R)
   1.99   41.32  685.40 v _583_/Y (OA21x2_ASAP7_75t_R)
   0.61   38.29  723.69 v _589_/Y (OA21x2_ASAP7_75t_R)
   2.03   41.41  765.10 v _590_/Y (OA21x2_ASAP7_75t_R)
   0.63   38.43  803.53 v _597_/Y (OA21x2_ASAP7_75t_R)
   2.01   41.38  844.90 v _598_/Y (OA21x2_ASAP7_75t_R)
   1.05   40.38  885.28 v _599_/Y (XOR2x1_ASAP7_75t_R)
   1.96   82.31  967.59 v _881_/SN (HAxp5_ASAP7_75t_R)
   1.52   53.14 1020.73 v _728_/Y (OA21x2_ASAP7_75t_R)
   0.57   37.11 1057.84 v _733_/Y (OA21x2_ASAP7_75t_R)
   1.93   40.83 1098.67 v _734_/Y (OA21x2_ASAP7_75t_R)
   2.12   26.39 1125.06 ^ _740_/Y (NOR2x1_ASAP7_75t_R)
   1.66   70.97 1196.02 ^ _754_/Y (AND5x1_ASAP7_75t_R)
   2.10   39.38 1235.40 ^ _761_/Y (AND2x2_ASAP7_75t_R)
   1.08   41.14 1276.54 ^ _765_/Y (AND3x1_ASAP7_75t_R)
  13.35   79.82 1356.36 ^ _766_/Y (XOR2x2_ASAP7_75t_R)
           0.00 1356.36 ^ array_array_6632d_d[28] (out)
                1356.36   data arrival time
----------------------------------------------------------------
(Path is unconstrained)


