max slew

Pin                                    Limit    Slew   Slack
------------------------------------------------------------
_27041_/A                             320.00  342.84  -22.84 (VIOLATED)
_27034_/A1                            320.00  342.84  -22.84 (VIOLATED)
_27042_/A1                            320.00  342.83  -22.83 (VIOLATED)
_34045_/A1                            320.00  342.82  -22.82 (VIOLATED)
_27026_/A                             320.00  342.82  -22.82 (VIOLATED)
_26956_/A1                            320.00  342.82  -22.82 (VIOLATED)
_26922_/A1                            320.00  342.81  -22.81 (VIOLATED)
_27079_/A                             320.00  342.81  -22.81 (VIOLATED)
_27027_/A1                            320.00  342.76  -22.76 (VIOLATED)
_26852_/A1                            320.00  342.74  -22.74 (VIOLATED)
_26990_/A                             320.00  342.70  -22.70 (VIOLATED)
_26969_/A1                            320.00  342.70  -22.70 (VIOLATED)
_26321_/A1                            320.00  342.70  -22.70 (VIOLATED)
_26851_/A                             320.00  342.69  -22.69 (VIOLATED)
_26387_/A1                            320.00  342.68  -22.68 (VIOLATED)
_26395_/A                             320.00  342.67  -22.67 (VIOLATED)
_26368_/A                             320.00  342.66  -22.66 (VIOLATED)
_26461_/A1                            320.00  342.66  -22.66 (VIOLATED)
_26930_/A1                            320.00  342.66  -22.66 (VIOLATED)
_27028_/A                             320.00  342.66  -22.66 (VIOLATED)
_26369_/A1                            320.00  342.63  -22.63 (VIOLATED)
_26964_/A                             320.00  342.63  -22.63 (VIOLATED)
_27000_/A                             320.00  342.53  -22.53 (VIOLATED)
_27019_/A                             320.00  342.53  -22.53 (VIOLATED)
_26975_/A1                            320.00  342.48  -22.48 (VIOLATED)
_26425_/A                             320.00  342.36  -22.36 (VIOLATED)
_26522_/A1                            320.00  342.34  -22.34 (VIOLATED)
_27001_/A1                            320.00  342.33  -22.33 (VIOLATED)
_26991_/A1                            320.00  342.29  -22.29 (VIOLATED)
_27036_/A                             320.00  342.29  -22.29 (VIOLATED)
_26521_/A                             320.00  342.27  -22.27 (VIOLATED)
_27013_/A                             320.00  342.21  -22.21 (VIOLATED)
_26905_/A                             320.00  341.98  -21.98 (VIOLATED)
_26985_/A1                            320.00  341.85  -21.85 (VIOLATED)
_26528_/A1                            320.00  341.85  -21.85 (VIOLATED)
_26455_/A                             320.00  341.84  -21.84 (VIOLATED)
_26898_/A                             320.00  341.77  -21.77 (VIOLATED)
_26242_/A                             320.00  341.65  -21.65 (VIOLATED)
_26243_/A1                            320.00  341.65  -21.65 (VIOLATED)
_26946_/A1                            320.00  341.61  -21.61 (VIOLATED)
_26491_/A                             320.00  341.61  -21.61 (VIOLATED)
_27004_/A1                            320.00  341.61  -21.61 (VIOLATED)
_26463_/B                             320.00  341.43  -21.43 (VIOLATED)
_26536_/A                             320.00  341.37  -21.37 (VIOLATED)
_27108_/A                             320.00  341.32  -21.32 (VIOLATED)
_27110_/A                             320.00  341.26  -21.26 (VIOLATED)
_26538_/A                             320.00  341.21  -21.21 (VIOLATED)
_26544_/A                             320.00  341.03  -21.03 (VIOLATED)
_26954_/A                             320.00  340.92  -20.92 (VIOLATED)
_26319_/A                             320.00  340.92  -20.92 (VIOLATED)
_26427_/B                             320.00  340.92  -20.92 (VIOLATED)
_28441_/A                             320.00  340.91  -20.91 (VIOLATED)
_28409_/A1                            320.00  340.91  -20.91 (VIOLATED)
_28454_/A                             320.00  340.91  -20.91 (VIOLATED)
_28464_/A1                            320.00  340.91  -20.91 (VIOLATED)
_28439_/A1                            320.00  340.90  -20.90 (VIOLATED)
_28440_/A1                            320.00  340.90  -20.90 (VIOLATED)
_28437_/C                             320.00  340.90  -20.90 (VIOLATED)
_22636_/A                             320.00  321.35   -1.35 (VIOLATED)
_22643_/A                             320.00  321.35   -1.35 (VIOLATED)
_22640_/A2                            320.00  321.35   -1.35 (VIOLATED)
_22655_/A2                            320.00  321.35   -1.35 (VIOLATED)
_22644_/A2                            320.00  321.35   -1.35 (VIOLATED)
_22642_/A2                            320.00  321.35   -1.35 (VIOLATED)
_22653_/A1                            320.00  321.35   -1.35 (VIOLATED)
_22651_/B                             320.00  321.35   -1.35 (VIOLATED)
_22638_/A1                            320.00  321.35   -1.35 (VIOLATED)
_22649_/A1                            320.00  321.35   -1.35 (VIOLATED)

