Startpoint: Datapath_i.reg_57.reg_out1[63]$_DFF_P_
            (rising edge-triggered flip-flop)
Endpoint: Datapath_i.reg_63.reg_out1[52]$_DFF_P_
          (rising edge-triggered flip-flop)
Path Group: unconstrained
Path Type: max
Corner: slow

    Cap   Delay    Time   Description
----------------------------------------------------------------
           0.00    0.00 ^ Datapath_i.reg_57.reg_out1[63]$_DFF_P_/CLK (DFFHQNx1_ASAP7_75t_R)
  10.19  150.75  150.75 v Datapath_i.reg_57.reg_out1[63]$_DFF_P_/QN (DFFHQNx1_ASAP7_75t_R)
  12.99   60.38  211.13 v load_slew450/Y (BUFx12f_ASAP7_75t_R)
   2.14   31.52  242.65 ^ _26073_/Y (OAI22x1_ASAP7_75t_R)
   1.79   31.84  274.50 v _26074_/Y (INVx1_ASAP7_75t_R)
   2.58   48.14  322.64 ^ _38548_/CON (HAxp5_ASAP7_75t_R)
   1.66   53.96  376.59 v _36438_/CON (FAx1_ASAP7_75t_R)
   1.71   63.00  439.59 v _26112_/Y (OA211x2_ASAP7_75t_R)
   2.56   62.60  502.19 v _26118_/Y (OR3x2_ASAP7_75t_R)
   2.27   54.36  556.55 v _26120_/Y (AO22x1_ASAP7_75t_R)
   0.62   41.81  598.36 v _26121_/Y (OA21x2_ASAP7_75t_R)
   2.20   42.06  640.43 v _26122_/Y (OA21x2_ASAP7_75t_R)
   0.59   38.81  679.23 v _26141_/Y (XOR2x1_ASAP7_75t_R)
   0.67   57.24  736.48 v _26144_/Y (OR4x1_ASAP7_75t_R)
   0.67   47.91  784.39 v _26145_/Y (AO221x1_ASAP7_75t_R)
   0.67   14.30  798.69 ^ _26146_/Y (INVx1_ASAP7_75t_R)
  28.82  116.68  915.37 ^ _26147_/Y (OA21x2_ASAP7_75t_R)
  36.49  170.35 1085.72 v _26177_/Y (NAND2x2_ASAP7_75t_R)
   0.70   85.71 1171.43 v _26358_/Y (AND2x2_ASAP7_75t_R)
   2.00   42.78 1214.21 v _26359_/Y (AO21x1_ASAP7_75t_R)
   1.74   27.84 1242.05 ^ _26365_/Y (AOI21x1_ASAP7_75t_R)
   0.76   20.36 1262.41 v _26366_/Y (NOR2x1_ASAP7_75t_R)
   1.92   51.50 1313.91 v _26367_/Y (AO21x1_ASAP7_75t_R)
   0.74   19.33 1333.24 ^ _26368_/Y (NOR2x1_ASAP7_75t_R)
   0.68   32.69 1365.93 ^ _26369_/Y (AO21x1_ASAP7_75t_R)
   1.42   18.42 1384.36 v _26370_/Y (INVx1_ASAP7_75t_R)
   1.17   49.69 1434.04 v _26372_/Y (AO32x1_ASAP7_75t_R)
   1.62   41.34 1475.39 v _26373_/Y (AO21x1_ASAP7_75t_R)
   1.10   35.53 1510.92 v _26378_/Y (XNOR2x1_ASAP7_75t_R)
   2.82  101.12 1612.04 v _38721_/SN (HAxp5_ASAP7_75t_R)
   0.76   55.06 1667.09 v _34050_/Y (OA21x2_ASAP7_75t_R)
   2.18   42.24 1709.33 v _34051_/Y (OA21x2_ASAP7_75t_R)
   0.62   38.72 1748.05 v _34052_/Y (OA21x2_ASAP7_75t_R)
   2.10   41.78 1789.83 v _34053_/Y (OA21x2_ASAP7_75t_R)
   0.73   39.05 1828.88 v _34054_/Y (OA21x2_ASAP7_75t_R)
   2.20   42.23 1871.12 v _34055_/Y (OA21x2_ASAP7_75t_R)
   0.60   38.63 1909.75 v _34056_/Y (OA21x2_ASAP7_75t_R)
   2.15   41.87 1951.62 v _34057_/Y (OA21x2_ASAP7_75t_R)
   0.77   39.32 1990.94 v _34070_/Y (OA21x2_ASAP7_75t_R)
   2.17   42.20 2033.14 v _34071_/Y (OA21x2_ASAP7_75t_R)
   0.77   39.25 2072.39 v _34076_/Y (OA21x2_ASAP7_75t_R)
   2.15   42.17 2114.56 v _34077_/Y (OA21x2_ASAP7_75t_R)
   0.67   38.91 2153.46 v _34082_/Y (OA21x2_ASAP7_75t_R)
   2.16   42.00 2195.46 v _34083_/Y (OA21x2_ASAP7_75t_R)
   0.94   39.92 2235.39 v _34088_/Y (OA21x2_ASAP7_75t_R)
   2.54   43.70 2279.08 v _34089_/Y (OA21x2_ASAP7_75t_R)
   0.77   40.03 2319.11 v _34095_/Y (OA21x2_ASAP7_75t_R)
   2.24   42.50 2361.62 v _34096_/Y (OA21x2_ASAP7_75t_R)
   0.72   39.14 2400.75 v _34101_/Y (OA21x2_ASAP7_75t_R)
   2.16   42.14 2442.90 v _34102_/Y (OA21x2_ASAP7_75t_R)
   0.66   38.84 2481.74 v _34107_/Y (OA21x2_ASAP7_75t_R)
   2.12   41.92 2523.66 v _34108_/Y (OA21x2_ASAP7_75t_R)
   0.84   39.34 2563.00 v _34113_/Y (OA21x2_ASAP7_75t_R)
   2.53   43.55 2606.54 v _34114_/Y (OA21x2_ASAP7_75t_R)
   0.69   39.69 2646.23 v _34119_/Y (OA21x2_ASAP7_75t_R)
   2.37   42.75 2688.98 v _34120_/Y (OA21x2_ASAP7_75t_R)
   0.68   39.39 2728.36 v _34126_/Y (OA21x2_ASAP7_75t_R)
   2.18   42.13 2770.49 v _34127_/Y (OA21x2_ASAP7_75t_R)
   0.78   39.35 2809.84 v _34132_/Y (OA21x2_ASAP7_75t_R)
   2.37   42.90 2852.75 v _34133_/Y (OA21x2_ASAP7_75t_R)
   0.63   39.12 2891.86 v _34138_/Y (OA21x2_ASAP7_75t_R)
   2.62   43.65 2935.52 v _34139_/Y (OA21x2_ASAP7_75t_R)
   2.70   46.66 2982.18 v _34145_/Y (OA31x2_ASAP7_75t_R)
   2.26   45.13 3027.31 v _34151_/Y (OA31x2_ASAP7_75t_R)
   2.18   43.88 3071.19 v _34160_/Y (OA21x2_ASAP7_75t_R)
   1.09   39.62 3110.81 v _34166_/Y (OA21x2_ASAP7_75t_R)
   2.20   43.03 3153.84 v _34167_/Y (OA21x2_ASAP7_75t_R)
   0.52   45.67 3199.51 v _34173_/Y (OR3x1_ASAP7_75t_R)
   2.09   63.05 3262.56 v _34174_/Y (OA211x2_ASAP7_75t_R)
   1.08   50.81 3313.36 v _34180_/Y (OR3x1_ASAP7_75t_R)
   2.19   29.27 3342.63 ^ _34181_/Y (NAND2x1_ASAP7_75t_R)
   2.25   43.57 3386.20 ^ _34189_/Y (AO21x1_ASAP7_75t_R)
   2.29   43.51 3429.71 ^ _34198_/Y (AO21x1_ASAP7_75t_R)
   1.62   39.06 3468.78 ^ _34207_/Y (AO21x1_ASAP7_75t_R)
   0.87   35.06 3503.84 ^ _34208_/Y (XNOR2x1_ASAP7_75t_R)
           0.12 3503.95 ^ Datapath_i.reg_63.reg_out1[52]$_DFF_P_/D (DFFHQNx1_ASAP7_75t_R)
                3503.95   data arrival time
----------------------------------------------------------------
(Path is unconstrained)


