Startpoint: Datapath_i.reg_57.reg_out1[63]$_DFF_P_
            (rising edge-triggered flip-flop)
Endpoint: Datapath_i.reg_63.reg_out1[52]$_DFF_P_
          (rising edge-triggered flip-flop)
Path Group: unconstrained
Path Type: max
Corner: slow

  Delay    Time   Description
---------------------------------------------------------
   0.00    0.00 ^ Datapath_i.reg_57.reg_out1[63]$_DFF_P_/CLK (DFFHQNx1_ASAP7_75t_R)
 150.75  150.75 v Datapath_i.reg_57.reg_out1[63]$_DFF_P_/QN (DFFHQNx1_ASAP7_75t_R)
  60.38  211.13 v load_slew450/Y (BUFx12f_ASAP7_75t_R)
  31.52  242.65 ^ _26073_/Y (OAI22x1_ASAP7_75t_R)
  31.84  274.50 v _26074_/Y (INVx1_ASAP7_75t_R)
  48.14  322.64 ^ _38548_/CON (HAxp5_ASAP7_75t_R)
  53.96  376.59 v _36438_/CON (FAx1_ASAP7_75t_R)
  63.00  439.59 v _26112_/Y (OA211x2_ASAP7_75t_R)
  62.60  502.19 v _26118_/Y (OR3x2_ASAP7_75t_R)
  54.36  556.55 v _26120_/Y (AO22x1_ASAP7_75t_R)
  41.81  598.36 v _26121_/Y (OA21x2_ASAP7_75t_R)
  42.06  640.43 v _26122_/Y (OA21x2_ASAP7_75t_R)
  38.81  679.23 v _26141_/Y (XOR2x1_ASAP7_75t_R)
  57.24  736.48 v _26144_/Y (OR4x1_ASAP7_75t_R)
  47.91  784.39 v _26145_/Y (AO221x1_ASAP7_75t_R)
  14.30  798.69 ^ _26146_/Y (INVx1_ASAP7_75t_R)
 116.68  915.37 ^ _26147_/Y (OA21x2_ASAP7_75t_R)
 170.35 1085.72 v _26177_/Y (NAND2x2_ASAP7_75t_R)
  85.71 1171.43 v _26358_/Y (AND2x2_ASAP7_75t_R)
  42.78 1214.21 v _26359_/Y (AO21x1_ASAP7_75t_R)
  27.84 1242.05 ^ _26365_/Y (AOI21x1_ASAP7_75t_R)
  20.36 1262.41 v _26366_/Y (NOR2x1_ASAP7_75t_R)
  51.50 1313.91 v _26367_/Y (AO21x1_ASAP7_75t_R)
  19.33 1333.24 ^ _26368_/Y (NOR2x1_ASAP7_75t_R)
  32.69 1365.93 ^ _26369_/Y (AO21x1_ASAP7_75t_R)
  18.42 1384.36 v _26370_/Y (INVx1_ASAP7_75t_R)
  49.69 1434.04 v _26372_/Y (AO32x1_ASAP7_75t_R)
  41.34 1475.39 v _26373_/Y (AO21x1_ASAP7_75t_R)
  35.53 1510.92 v _26378_/Y (XNOR2x1_ASAP7_75t_R)
 101.12 1612.04 v _38721_/SN (HAxp5_ASAP7_75t_R)
  55.06 1667.09 v _34050_/Y (OA21x2_ASAP7_75t_R)
  42.24 1709.33 v _34051_/Y (OA21x2_ASAP7_75t_R)
  38.72 1748.05 v _34052_/Y (OA21x2_ASAP7_75t_R)
  41.78 1789.83 v _34053_/Y (OA21x2_ASAP7_75t_R)
  39.05 1828.88 v _34054_/Y (OA21x2_ASAP7_75t_R)
  42.23 1871.12 v _34055_/Y (OA21x2_ASAP7_75t_R)
  38.63 1909.75 v _34056_/Y (OA21x2_ASAP7_75t_R)
  41.87 1951.62 v _34057_/Y (OA21x2_ASAP7_75t_R)
  39.32 1990.94 v _34070_/Y (OA21x2_ASAP7_75t_R)
  42.20 2033.14 v _34071_/Y (OA21x2_ASAP7_75t_R)
  39.25 2072.39 v _34076_/Y (OA21x2_ASAP7_75t_R)
  42.17 2114.56 v _34077_/Y (OA21x2_ASAP7_75t_R)
  38.91 2153.46 v _34082_/Y (OA21x2_ASAP7_75t_R)
  42.00 2195.46 v _34083_/Y (OA21x2_ASAP7_75t_R)
  39.92 2235.39 v _34088_/Y (OA21x2_ASAP7_75t_R)
  43.70 2279.08 v _34089_/Y (OA21x2_ASAP7_75t_R)
  40.03 2319.11 v _34095_/Y (OA21x2_ASAP7_75t_R)
  42.50 2361.62 v _34096_/Y (OA21x2_ASAP7_75t_R)
  39.14 2400.75 v _34101_/Y (OA21x2_ASAP7_75t_R)
  42.14 2442.90 v _34102_/Y (OA21x2_ASAP7_75t_R)
  38.84 2481.74 v _34107_/Y (OA21x2_ASAP7_75t_R)
  41.92 2523.66 v _34108_/Y (OA21x2_ASAP7_75t_R)
  39.34 2563.00 v _34113_/Y (OA21x2_ASAP7_75t_R)
  43.55 2606.54 v _34114_/Y (OA21x2_ASAP7_75t_R)
  39.69 2646.23 v _34119_/Y (OA21x2_ASAP7_75t_R)
  42.75 2688.98 v _34120_/Y (OA21x2_ASAP7_75t_R)
  39.39 2728.36 v _34126_/Y (OA21x2_ASAP7_75t_R)
  42.13 2770.49 v _34127_/Y (OA21x2_ASAP7_75t_R)
  39.35 2809.84 v _34132_/Y (OA21x2_ASAP7_75t_R)
  42.90 2852.75 v _34133_/Y (OA21x2_ASAP7_75t_R)
  39.12 2891.86 v _34138_/Y (OA21x2_ASAP7_75t_R)
  43.65 2935.52 v _34139_/Y (OA21x2_ASAP7_75t_R)
  46.66 2982.18 v _34145_/Y (OA31x2_ASAP7_75t_R)
  45.13 3027.31 v _34151_/Y (OA31x2_ASAP7_75t_R)
  43.88 3071.19 v _34160_/Y (OA21x2_ASAP7_75t_R)
  39.62 3110.81 v _34166_/Y (OA21x2_ASAP7_75t_R)
  43.03 3153.84 v _34167_/Y (OA21x2_ASAP7_75t_R)
  45.67 3199.51 v _34173_/Y (OR3x1_ASAP7_75t_R)
  63.05 3262.56 v _34174_/Y (OA211x2_ASAP7_75t_R)
  50.81 3313.36 v _34180_/Y (OR3x1_ASAP7_75t_R)
  29.27 3342.63 ^ _34181_/Y (NAND2x1_ASAP7_75t_R)
  43.57 3386.20 ^ _34189_/Y (AO21x1_ASAP7_75t_R)
  43.51 3429.71 ^ _34198_/Y (AO21x1_ASAP7_75t_R)
  39.06 3468.78 ^ _34207_/Y (AO21x1_ASAP7_75t_R)
  35.06 3503.84 ^ _34208_/Y (XNOR2x1_ASAP7_75t_R)
   0.12 3503.95 ^ Datapath_i.reg_63.reg_out1[52]$_DFF_P_/D (DFFHQNx1_ASAP7_75t_R)
        3503.95   data arrival time
---------------------------------------------------------
(Path is unconstrained)


Startpoint: Datapath_i.reg_57.reg_out1[63]$_DFF_P_
            (rising edge-triggered flip-flop)
Endpoint: Datapath_i.reg_63.reg_out1[51]$_DFF_P_
          (rising edge-triggered flip-flop)
Path Group: unconstrained
Path Type: max
Corner: slow

  Delay    Time   Description
---------------------------------------------------------
   0.00    0.00 ^ Datapath_i.reg_57.reg_out1[63]$_DFF_P_/CLK (DFFHQNx1_ASAP7_75t_R)
 150.75  150.75 v Datapath_i.reg_57.reg_out1[63]$_DFF_P_/QN (DFFHQNx1_ASAP7_75t_R)
  60.38  211.13 v load_slew450/Y (BUFx12f_ASAP7_75t_R)
  31.52  242.65 ^ _26073_/Y (OAI22x1_ASAP7_75t_R)
  31.84  274.50 v _26074_/Y (INVx1_ASAP7_75t_R)
  48.14  322.64 ^ _38548_/CON (HAxp5_ASAP7_75t_R)
  53.96  376.59 v _36438_/CON (FAx1_ASAP7_75t_R)
  63.00  439.59 v _26112_/Y (OA211x2_ASAP7_75t_R)
  62.60  502.19 v _26118_/Y (OR3x2_ASAP7_75t_R)
  54.36  556.55 v _26120_/Y (AO22x1_ASAP7_75t_R)
  41.81  598.36 v _26121_/Y (OA21x2_ASAP7_75t_R)
  42.06  640.43 v _26122_/Y (OA21x2_ASAP7_75t_R)
  38.81  679.23 v _26141_/Y (XOR2x1_ASAP7_75t_R)
  57.24  736.48 v _26144_/Y (OR4x1_ASAP7_75t_R)
  47.91  784.39 v _26145_/Y (AO221x1_ASAP7_75t_R)
  14.30  798.69 ^ _26146_/Y (INVx1_ASAP7_75t_R)
 116.68  915.37 ^ _26147_/Y (OA21x2_ASAP7_75t_R)
 170.35 1085.72 v _26177_/Y (NAND2x2_ASAP7_75t_R)
  85.71 1171.43 v _26358_/Y (AND2x2_ASAP7_75t_R)
  42.78 1214.21 v _26359_/Y (AO21x1_ASAP7_75t_R)
  27.84 1242.05 ^ _26365_/Y (AOI21x1_ASAP7_75t_R)
  20.36 1262.41 v _26366_/Y (NOR2x1_ASAP7_75t_R)
  51.50 1313.91 v _26367_/Y (AO21x1_ASAP7_75t_R)
  19.33 1333.24 ^ _26368_/Y (NOR2x1_ASAP7_75t_R)
  32.69 1365.93 ^ _26369_/Y (AO21x1_ASAP7_75t_R)
  18.42 1384.36 v _26370_/Y (INVx1_ASAP7_75t_R)
  49.69 1434.04 v _26372_/Y (AO32x1_ASAP7_75t_R)
  41.34 1475.39 v _26373_/Y (AO21x1_ASAP7_75t_R)
  35.53 1510.92 v _26378_/Y (XNOR2x1_ASAP7_75t_R)
 101.12 1612.04 v _38721_/SN (HAxp5_ASAP7_75t_R)
  60.84 1672.87 v _34060_/Y (OA21x2_ASAP7_75t_R)
  39.36 1712.24 v _34061_/Y (OA21x2_ASAP7_75t_R)
  42.33 1754.56 v _34062_/Y (OA21x2_ASAP7_75t_R)
  39.56 1794.12 v _34063_/Y (OA21x2_ASAP7_75t_R)
  41.69 1835.82 v _34064_/Y (OA21x2_ASAP7_75t_R)
  38.65 1874.46 v _34065_/Y (OA21x2_ASAP7_75t_R)
  42.04 1916.51 v _34066_/Y (OA21x2_ASAP7_75t_R)
  38.76 1955.27 v _34067_/Y (OA21x2_ASAP7_75t_R)
  41.80 1997.07 v _34068_/Y (OA21x2_ASAP7_75t_R)
  39.67 2036.73 v _34073_/Y (OA21x2_ASAP7_75t_R)
  42.12 2078.85 v _34074_/Y (OA21x2_ASAP7_75t_R)
  38.58 2117.43 v _34079_/Y (OA21x2_ASAP7_75t_R)
  42.30 2159.73 v _34080_/Y (OA21x2_ASAP7_75t_R)
  39.20 2198.93 v _34085_/Y (OA21x2_ASAP7_75t_R)
  43.34 2242.27 v _34086_/Y (OA21x2_ASAP7_75t_R)
  41.03 2283.30 v _34091_/Y (OA21x2_ASAP7_75t_R)
  42.60 2325.90 v _34092_/Y (OA21x2_ASAP7_75t_R)
  38.99 2364.89 v _34098_/Y (OA21x2_ASAP7_75t_R)
  41.90 2406.79 v _34099_/Y (OA21x2_ASAP7_75t_R)
  39.10 2445.89 v _34104_/Y (OA21x2_ASAP7_75t_R)
  42.57 2488.46 v _34105_/Y (OA21x2_ASAP7_75t_R)
  39.17 2527.63 v _34110_/Y (OA21x2_ASAP7_75t_R)
  42.51 2570.14 v _34111_/Y (OA21x2_ASAP7_75t_R)
  40.11 2610.25 v _34116_/Y (OA21x2_ASAP7_75t_R)
  42.51 2652.76 v _34117_/Y (OA21x2_ASAP7_75t_R)
  39.03 2691.79 v _34122_/Y (OA21x2_ASAP7_75t_R)
  42.55 2734.33 v _34123_/Y (OA21x2_ASAP7_75t_R)
  39.19 2773.52 v _34129_/Y (OA21x2_ASAP7_75t_R)
  42.43 2815.95 v _34130_/Y (OA21x2_ASAP7_75t_R)
  38.91 2854.86 v _34135_/Y (OA21x2_ASAP7_75t_R)
  41.89 2896.74 v _34136_/Y (OA21x2_ASAP7_75t_R)
  38.96 2935.70 v _34141_/Y (OA21x2_ASAP7_75t_R)
  42.35 2978.05 v _34142_/Y (OA21x2_ASAP7_75t_R)
  38.88 3016.93 v _34147_/Y (OA21x2_ASAP7_75t_R)
  42.26 3059.19 v _34148_/Y (OA21x2_ASAP7_75t_R)
  43.96 3103.15 v _34155_/Y (OA21x2_ASAP7_75t_R)
  44.74 3147.90 v _34164_/Y (OA21x2_ASAP7_75t_R)
  43.51 3191.40 v _34171_/Y (OA21x2_ASAP7_75t_R)
  45.11 3236.52 v _34176_/Y (OR3x1_ASAP7_75t_R)
  63.47 3299.98 v _34177_/Y (OA211x2_ASAP7_75t_R)
  54.33 3354.32 v _34184_/Y (OR3x1_ASAP7_75t_R)
  41.50 3395.82 v _34185_/Y (AND2x2_ASAP7_75t_R)
  52.95 3448.77 v _34203_/Y (OA211x2_ASAP7_75t_R)
  39.60 3488.37 v _34204_/Y (XOR2x1_ASAP7_75t_R)
   0.08 3488.45 v Datapath_i.reg_63.reg_out1[51]$_DFF_P_/D (DFFHQNx1_ASAP7_75t_R)
        3488.45   data arrival time
---------------------------------------------------------
(Path is unconstrained)


Startpoint: Datapath_i.reg_57.reg_out1[63]$_DFF_P_
            (rising edge-triggered flip-flop)
Endpoint: Datapath_i.reg_63.reg_out1[53]$_DFF_P_
          (rising edge-triggered flip-flop)
Path Group: unconstrained
Path Type: max
Corner: slow

  Delay    Time   Description
---------------------------------------------------------
   0.00    0.00 ^ Datapath_i.reg_57.reg_out1[63]$_DFF_P_/CLK (DFFHQNx1_ASAP7_75t_R)
 150.75  150.75 v Datapath_i.reg_57.reg_out1[63]$_DFF_P_/QN (DFFHQNx1_ASAP7_75t_R)
  60.38  211.13 v load_slew450/Y (BUFx12f_ASAP7_75t_R)
  31.52  242.65 ^ _26073_/Y (OAI22x1_ASAP7_75t_R)
  31.84  274.50 v _26074_/Y (INVx1_ASAP7_75t_R)
  48.14  322.64 ^ _38548_/CON (HAxp5_ASAP7_75t_R)
  53.96  376.59 v _36438_/CON (FAx1_ASAP7_75t_R)
  63.00  439.59 v _26112_/Y (OA211x2_ASAP7_75t_R)
  62.60  502.19 v _26118_/Y (OR3x2_ASAP7_75t_R)
  54.36  556.55 v _26120_/Y (AO22x1_ASAP7_75t_R)
  41.81  598.36 v _26121_/Y (OA21x2_ASAP7_75t_R)
  42.06  640.43 v _26122_/Y (OA21x2_ASAP7_75t_R)
  38.81  679.23 v _26141_/Y (XOR2x1_ASAP7_75t_R)
  57.24  736.48 v _26144_/Y (OR4x1_ASAP7_75t_R)
  47.91  784.39 v _26145_/Y (AO221x1_ASAP7_75t_R)
  14.30  798.69 ^ _26146_/Y (INVx1_ASAP7_75t_R)
 116.68  915.37 ^ _26147_/Y (OA21x2_ASAP7_75t_R)
 170.35 1085.72 v _26177_/Y (NAND2x2_ASAP7_75t_R)
  85.71 1171.43 v _26358_/Y (AND2x2_ASAP7_75t_R)
  42.78 1214.21 v _26359_/Y (AO21x1_ASAP7_75t_R)
  27.84 1242.05 ^ _26365_/Y (AOI21x1_ASAP7_75t_R)
  20.36 1262.41 v _26366_/Y (NOR2x1_ASAP7_75t_R)
  51.50 1313.91 v _26367_/Y (AO21x1_ASAP7_75t_R)
  19.33 1333.24 ^ _26368_/Y (NOR2x1_ASAP7_75t_R)
  32.69 1365.93 ^ _26369_/Y (AO21x1_ASAP7_75t_R)
  18.42 1384.36 v _26370_/Y (INVx1_ASAP7_75t_R)
  49.69 1434.04 v _26372_/Y (AO32x1_ASAP7_75t_R)
  41.34 1475.39 v _26373_/Y (AO21x1_ASAP7_75t_R)
  35.53 1510.92 v _26378_/Y (XNOR2x1_ASAP7_75t_R)
 101.12 1612.04 v _38721_/SN (HAxp5_ASAP7_75t_R)
  60.84 1672.87 v _34060_/Y (OA21x2_ASAP7_75t_R)
  39.36 1712.24 v _34061_/Y (OA21x2_ASAP7_75t_R)
  42.33 1754.56 v _34062_/Y (OA21x2_ASAP7_75t_R)
  39.56 1794.12 v _34063_/Y (OA21x2_ASAP7_75t_R)
  41.69 1835.82 v _34064_/Y (OA21x2_ASAP7_75t_R)
  38.65 1874.46 v _34065_/Y (OA21x2_ASAP7_75t_R)
  42.04 1916.51 v _34066_/Y (OA21x2_ASAP7_75t_R)
  38.76 1955.27 v _34067_/Y (OA21x2_ASAP7_75t_R)
  41.80 1997.07 v _34068_/Y (OA21x2_ASAP7_75t_R)
  39.67 2036.73 v _34073_/Y (OA21x2_ASAP7_75t_R)
  42.12 2078.85 v _34074_/Y (OA21x2_ASAP7_75t_R)
  38.58 2117.43 v _34079_/Y (OA21x2_ASAP7_75t_R)
  42.30 2159.73 v _34080_/Y (OA21x2_ASAP7_75t_R)
  39.20 2198.93 v _34085_/Y (OA21x2_ASAP7_75t_R)
  43.34 2242.27 v _34086_/Y (OA21x2_ASAP7_75t_R)
  41.03 2283.30 v _34091_/Y (OA21x2_ASAP7_75t_R)
  42.60 2325.90 v _34092_/Y (OA21x2_ASAP7_75t_R)
  38.99 2364.89 v _34098_/Y (OA21x2_ASAP7_75t_R)
  41.90 2406.79 v _34099_/Y (OA21x2_ASAP7_75t_R)
  39.10 2445.89 v _34104_/Y (OA21x2_ASAP7_75t_R)
  42.57 2488.46 v _34105_/Y (OA21x2_ASAP7_75t_R)
  39.17 2527.63 v _34110_/Y (OA21x2_ASAP7_75t_R)
  42.51 2570.14 v _34111_/Y (OA21x2_ASAP7_75t_R)
  40.11 2610.25 v _34116_/Y (OA21x2_ASAP7_75t_R)
  42.51 2652.76 v _34117_/Y (OA21x2_ASAP7_75t_R)
  39.03 2691.79 v _34122_/Y (OA21x2_ASAP7_75t_R)
  42.55 2734.33 v _34123_/Y (OA21x2_ASAP7_75t_R)
  39.19 2773.52 v _34129_/Y (OA21x2_ASAP7_75t_R)
  42.43 2815.95 v _34130_/Y (OA21x2_ASAP7_75t_R)
  38.91 2854.86 v _34135_/Y (OA21x2_ASAP7_75t_R)
  41.89 2896.74 v _34136_/Y (OA21x2_ASAP7_75t_R)
  38.96 2935.70 v _34141_/Y (OA21x2_ASAP7_75t_R)
  42.35 2978.05 v _34142_/Y (OA21x2_ASAP7_75t_R)
  38.88 3016.93 v _34147_/Y (OA21x2_ASAP7_75t_R)
  42.26 3059.19 v _34148_/Y (OA21x2_ASAP7_75t_R)
  43.96 3103.15 v _34155_/Y (OA21x2_ASAP7_75t_R)
  44.74 3147.90 v _34164_/Y (OA21x2_ASAP7_75t_R)
  43.51 3191.40 v _34171_/Y (OA21x2_ASAP7_75t_R)
  45.11 3236.52 v _34176_/Y (OR3x1_ASAP7_75t_R)
  63.47 3299.98 v _34177_/Y (OA211x2_ASAP7_75t_R)
  54.33 3354.32 v _34184_/Y (OR3x1_ASAP7_75t_R)
  60.01 3414.33 v _34209_/Y (OR4x1_ASAP7_75t_R)
  32.96 3447.29 v _34213_/Y (AND3x1_ASAP7_75t_R)
  31.37 3478.66 v _34214_/Y (XNOR2x1_ASAP7_75t_R)
   0.06 3478.72 v Datapath_i.reg_63.reg_out1[53]$_DFF_P_/D (DFFHQNx1_ASAP7_75t_R)
        3478.72   data arrival time
---------------------------------------------------------
(Path is unconstrained)


Startpoint: Datapath_i.reg_57.reg_out1[63]$_DFF_P_
            (rising edge-triggered flip-flop)
Endpoint: Datapath_i.reg_63.reg_out1[49]$_DFF_P_
          (rising edge-triggered flip-flop)
Path Group: unconstrained
Path Type: max
Corner: slow

  Delay    Time   Description
---------------------------------------------------------
   0.00    0.00 ^ Datapath_i.reg_57.reg_out1[63]$_DFF_P_/CLK (DFFHQNx1_ASAP7_75t_R)
 150.75  150.75 v Datapath_i.reg_57.reg_out1[63]$_DFF_P_/QN (DFFHQNx1_ASAP7_75t_R)
  60.38  211.13 v load_slew450/Y (BUFx12f_ASAP7_75t_R)
  31.52  242.65 ^ _26073_/Y (OAI22x1_ASAP7_75t_R)
  31.84  274.50 v _26074_/Y (INVx1_ASAP7_75t_R)
  48.14  322.64 ^ _38548_/CON (HAxp5_ASAP7_75t_R)
  53.96  376.59 v _36438_/CON (FAx1_ASAP7_75t_R)
  63.00  439.59 v _26112_/Y (OA211x2_ASAP7_75t_R)
  62.60  502.19 v _26118_/Y (OR3x2_ASAP7_75t_R)
  54.36  556.55 v _26120_/Y (AO22x1_ASAP7_75t_R)
  41.81  598.36 v _26121_/Y (OA21x2_ASAP7_75t_R)
  42.06  640.43 v _26122_/Y (OA21x2_ASAP7_75t_R)
  38.81  679.23 v _26141_/Y (XOR2x1_ASAP7_75t_R)
  57.24  736.48 v _26144_/Y (OR4x1_ASAP7_75t_R)
  47.91  784.39 v _26145_/Y (AO221x1_ASAP7_75t_R)
  14.30  798.69 ^ _26146_/Y (INVx1_ASAP7_75t_R)
 116.68  915.37 ^ _26147_/Y (OA21x2_ASAP7_75t_R)
 170.35 1085.72 v _26177_/Y (NAND2x2_ASAP7_75t_R)
  85.71 1171.43 v _26358_/Y (AND2x2_ASAP7_75t_R)
  42.78 1214.21 v _26359_/Y (AO21x1_ASAP7_75t_R)
  27.84 1242.05 ^ _26365_/Y (AOI21x1_ASAP7_75t_R)
  20.36 1262.41 v _26366_/Y (NOR2x1_ASAP7_75t_R)
  51.50 1313.91 v _26367_/Y (AO21x1_ASAP7_75t_R)
  19.33 1333.24 ^ _26368_/Y (NOR2x1_ASAP7_75t_R)
  32.69 1365.93 ^ _26369_/Y (AO21x1_ASAP7_75t_R)
  18.42 1384.36 v _26370_/Y (INVx1_ASAP7_75t_R)
  49.69 1434.04 v _26372_/Y (AO32x1_ASAP7_75t_R)
  41.34 1475.39 v _26373_/Y (AO21x1_ASAP7_75t_R)
  35.53 1510.92 v _26378_/Y (XNOR2x1_ASAP7_75t_R)
 101.12 1612.04 v _38721_/SN (HAxp5_ASAP7_75t_R)
  60.84 1672.87 v _34060_/Y (OA21x2_ASAP7_75t_R)
  39.36 1712.24 v _34061_/Y (OA21x2_ASAP7_75t_R)
  42.33 1754.56 v _34062_/Y (OA21x2_ASAP7_75t_R)
  39.56 1794.12 v _34063_/Y (OA21x2_ASAP7_75t_R)
  41.69 1835.82 v _34064_/Y (OA21x2_ASAP7_75t_R)
  38.65 1874.46 v _34065_/Y (OA21x2_ASAP7_75t_R)
  42.04 1916.51 v _34066_/Y (OA21x2_ASAP7_75t_R)
  38.76 1955.27 v _34067_/Y (OA21x2_ASAP7_75t_R)
  41.80 1997.07 v _34068_/Y (OA21x2_ASAP7_75t_R)
  39.67 2036.73 v _34073_/Y (OA21x2_ASAP7_75t_R)
  42.12 2078.85 v _34074_/Y (OA21x2_ASAP7_75t_R)
  38.58 2117.43 v _34079_/Y (OA21x2_ASAP7_75t_R)
  42.30 2159.73 v _34080_/Y (OA21x2_ASAP7_75t_R)
  39.20 2198.93 v _34085_/Y (OA21x2_ASAP7_75t_R)
  43.34 2242.27 v _34086_/Y (OA21x2_ASAP7_75t_R)
  41.03 2283.30 v _34091_/Y (OA21x2_ASAP7_75t_R)
  42.60 2325.90 v _34092_/Y (OA21x2_ASAP7_75t_R)
  38.99 2364.89 v _34098_/Y (OA21x2_ASAP7_75t_R)
  41.90 2406.79 v _34099_/Y (OA21x2_ASAP7_75t_R)
  39.10 2445.89 v _34104_/Y (OA21x2_ASAP7_75t_R)
  42.57 2488.46 v _34105_/Y (OA21x2_ASAP7_75t_R)
  39.17 2527.63 v _34110_/Y (OA21x2_ASAP7_75t_R)
  42.51 2570.14 v _34111_/Y (OA21x2_ASAP7_75t_R)
  40.11 2610.25 v _34116_/Y (OA21x2_ASAP7_75t_R)
  42.51 2652.76 v _34117_/Y (OA21x2_ASAP7_75t_R)
  39.03 2691.79 v _34122_/Y (OA21x2_ASAP7_75t_R)
  42.55 2734.33 v _34123_/Y (OA21x2_ASAP7_75t_R)
  39.19 2773.52 v _34129_/Y (OA21x2_ASAP7_75t_R)
  42.43 2815.95 v _34130_/Y (OA21x2_ASAP7_75t_R)
  38.91 2854.86 v _34135_/Y (OA21x2_ASAP7_75t_R)
  41.89 2896.74 v _34136_/Y (OA21x2_ASAP7_75t_R)
  38.96 2935.70 v _34141_/Y (OA21x2_ASAP7_75t_R)
  42.35 2978.05 v _34142_/Y (OA21x2_ASAP7_75t_R)
  38.88 3016.93 v _34147_/Y (OA21x2_ASAP7_75t_R)
  42.26 3059.19 v _34148_/Y (OA21x2_ASAP7_75t_R)
  43.96 3103.15 v _34155_/Y (OA21x2_ASAP7_75t_R)
  44.74 3147.90 v _34164_/Y (OA21x2_ASAP7_75t_R)
  43.51 3191.40 v _34171_/Y (OA21x2_ASAP7_75t_R)
  45.11 3236.52 v _34176_/Y (OR3x1_ASAP7_75t_R)
  63.47 3299.98 v _34177_/Y (OA211x2_ASAP7_75t_R)
  54.33 3354.32 v _34184_/Y (OR3x1_ASAP7_75t_R)
  41.50 3395.82 v _34185_/Y (AND2x2_ASAP7_75t_R)
  40.73 3436.55 v _34193_/Y (OA21x2_ASAP7_75t_R)
  37.68 3474.23 v _34194_/Y (XOR2x1_ASAP7_75t_R)
   0.08 3474.31 v Datapath_i.reg_63.reg_out1[49]$_DFF_P_/D (DFFHQNx1_ASAP7_75t_R)
        3474.31   data arrival time
---------------------------------------------------------
(Path is unconstrained)


Startpoint: Datapath_i.reg_57.reg_out1[63]$_DFF_P_
            (rising edge-triggered flip-flop)
Endpoint: Datapath_i.reg_63.reg_out1[50]$_DFF_P_
          (rising edge-triggered flip-flop)
Path Group: unconstrained
Path Type: max
Corner: slow

  Delay    Time   Description
---------------------------------------------------------
   0.00    0.00 ^ Datapath_i.reg_57.reg_out1[63]$_DFF_P_/CLK (DFFHQNx1_ASAP7_75t_R)
 150.75  150.75 v Datapath_i.reg_57.reg_out1[63]$_DFF_P_/QN (DFFHQNx1_ASAP7_75t_R)
  60.38  211.13 v load_slew450/Y (BUFx12f_ASAP7_75t_R)
  31.52  242.65 ^ _26073_/Y (OAI22x1_ASAP7_75t_R)
  31.84  274.50 v _26074_/Y (INVx1_ASAP7_75t_R)
  48.14  322.64 ^ _38548_/CON (HAxp5_ASAP7_75t_R)
  53.96  376.59 v _36438_/CON (FAx1_ASAP7_75t_R)
  63.00  439.59 v _26112_/Y (OA211x2_ASAP7_75t_R)
  62.60  502.19 v _26118_/Y (OR3x2_ASAP7_75t_R)
  54.36  556.55 v _26120_/Y (AO22x1_ASAP7_75t_R)
  41.81  598.36 v _26121_/Y (OA21x2_ASAP7_75t_R)
  42.06  640.43 v _26122_/Y (OA21x2_ASAP7_75t_R)
  38.81  679.23 v _26141_/Y (XOR2x1_ASAP7_75t_R)
  57.24  736.48 v _26144_/Y (OR4x1_ASAP7_75t_R)
  47.91  784.39 v _26145_/Y (AO221x1_ASAP7_75t_R)
  14.30  798.69 ^ _26146_/Y (INVx1_ASAP7_75t_R)
 116.68  915.37 ^ _26147_/Y (OA21x2_ASAP7_75t_R)
 170.35 1085.72 v _26177_/Y (NAND2x2_ASAP7_75t_R)
  85.71 1171.43 v _26358_/Y (AND2x2_ASAP7_75t_R)
  42.78 1214.21 v _26359_/Y (AO21x1_ASAP7_75t_R)
  27.84 1242.05 ^ _26365_/Y (AOI21x1_ASAP7_75t_R)
  20.36 1262.41 v _26366_/Y (NOR2x1_ASAP7_75t_R)
  51.50 1313.91 v _26367_/Y (AO21x1_ASAP7_75t_R)
  19.33 1333.24 ^ _26368_/Y (NOR2x1_ASAP7_75t_R)
  32.69 1365.93 ^ _26369_/Y (AO21x1_ASAP7_75t_R)
  18.42 1384.36 v _26370_/Y (INVx1_ASAP7_75t_R)
  49.69 1434.04 v _26372_/Y (AO32x1_ASAP7_75t_R)
  41.34 1475.39 v _26373_/Y (AO21x1_ASAP7_75t_R)
  35.53 1510.92 v _26378_/Y (XNOR2x1_ASAP7_75t_R)
 101.12 1612.04 v _38721_/SN (HAxp5_ASAP7_75t_R)
  55.06 1667.09 v _34050_/Y (OA21x2_ASAP7_75t_R)
  42.24 1709.33 v _34051_/Y (OA21x2_ASAP7_75t_R)
  38.72 1748.05 v _34052_/Y (OA21x2_ASAP7_75t_R)
  41.78 1789.83 v _34053_/Y (OA21x2_ASAP7_75t_R)
  39.05 1828.88 v _34054_/Y (OA21x2_ASAP7_75t_R)
  42.23 1871.12 v _34055_/Y (OA21x2_ASAP7_75t_R)
  38.63 1909.75 v _34056_/Y (OA21x2_ASAP7_75t_R)
  41.87 1951.62 v _34057_/Y (OA21x2_ASAP7_75t_R)
  39.32 1990.94 v _34070_/Y (OA21x2_ASAP7_75t_R)
  42.20 2033.14 v _34071_/Y (OA21x2_ASAP7_75t_R)
  39.25 2072.39 v _34076_/Y (OA21x2_ASAP7_75t_R)
  42.17 2114.56 v _34077_/Y (OA21x2_ASAP7_75t_R)
  38.91 2153.46 v _34082_/Y (OA21x2_ASAP7_75t_R)
  42.00 2195.46 v _34083_/Y (OA21x2_ASAP7_75t_R)
  39.92 2235.39 v _34088_/Y (OA21x2_ASAP7_75t_R)
  43.70 2279.08 v _34089_/Y (OA21x2_ASAP7_75t_R)
  40.03 2319.11 v _34095_/Y (OA21x2_ASAP7_75t_R)
  42.50 2361.62 v _34096_/Y (OA21x2_ASAP7_75t_R)
  39.14 2400.75 v _34101_/Y (OA21x2_ASAP7_75t_R)
  42.14 2442.90 v _34102_/Y (OA21x2_ASAP7_75t_R)
  38.84 2481.74 v _34107_/Y (OA21x2_ASAP7_75t_R)
  41.92 2523.66 v _34108_/Y (OA21x2_ASAP7_75t_R)
  39.34 2563.00 v _34113_/Y (OA21x2_ASAP7_75t_R)
  43.55 2606.54 v _34114_/Y (OA21x2_ASAP7_75t_R)
  39.69 2646.23 v _34119_/Y (OA21x2_ASAP7_75t_R)
  42.75 2688.98 v _34120_/Y (OA21x2_ASAP7_75t_R)
  39.39 2728.36 v _34126_/Y (OA21x2_ASAP7_75t_R)
  42.13 2770.49 v _34127_/Y (OA21x2_ASAP7_75t_R)
  39.35 2809.84 v _34132_/Y (OA21x2_ASAP7_75t_R)
  42.90 2852.75 v _34133_/Y (OA21x2_ASAP7_75t_R)
  39.12 2891.86 v _34138_/Y (OA21x2_ASAP7_75t_R)
  43.65 2935.52 v _34139_/Y (OA21x2_ASAP7_75t_R)
  46.66 2982.18 v _34145_/Y (OA31x2_ASAP7_75t_R)
  45.13 3027.31 v _34151_/Y (OA31x2_ASAP7_75t_R)
  43.88 3071.19 v _34160_/Y (OA21x2_ASAP7_75t_R)
  39.62 3110.81 v _34166_/Y (OA21x2_ASAP7_75t_R)
  43.03 3153.84 v _34167_/Y (OA21x2_ASAP7_75t_R)
  45.67 3199.51 v _34173_/Y (OR3x1_ASAP7_75t_R)
  63.05 3262.56 v _34174_/Y (OA211x2_ASAP7_75t_R)
  50.81 3313.36 v _34180_/Y (OR3x1_ASAP7_75t_R)
  29.27 3342.63 ^ _34181_/Y (NAND2x1_ASAP7_75t_R)
  43.57 3386.20 ^ _34189_/Y (AO21x1_ASAP7_75t_R)
  43.51 3429.71 ^ _34198_/Y (AO21x1_ASAP7_75t_R)
  38.12 3467.84 ^ _34199_/Y (XNOR2x1_ASAP7_75t_R)
   0.15 3467.98 ^ Datapath_i.reg_63.reg_out1[50]$_DFF_P_/D (DFFHQNx1_ASAP7_75t_R)
        3467.98   data arrival time
---------------------------------------------------------
(Path is unconstrained)


Startpoint: Datapath_i.reg_57.reg_out1[63]$_DFF_P_
            (rising edge-triggered flip-flop)
Endpoint: Datapath_i.reg_63.reg_out1[47]$_DFF_P_
          (rising edge-triggered flip-flop)
Path Group: unconstrained
Path Type: max
Corner: slow

  Delay    Time   Description
---------------------------------------------------------
   0.00    0.00 ^ Datapath_i.reg_57.reg_out1[63]$_DFF_P_/CLK (DFFHQNx1_ASAP7_75t_R)
 150.75  150.75 v Datapath_i.reg_57.reg_out1[63]$_DFF_P_/QN (DFFHQNx1_ASAP7_75t_R)
  60.38  211.13 v load_slew450/Y (BUFx12f_ASAP7_75t_R)
  31.52  242.65 ^ _26073_/Y (OAI22x1_ASAP7_75t_R)
  31.84  274.50 v _26074_/Y (INVx1_ASAP7_75t_R)
  48.14  322.64 ^ _38548_/CON (HAxp5_ASAP7_75t_R)
  53.96  376.59 v _36438_/CON (FAx1_ASAP7_75t_R)
  63.00  439.59 v _26112_/Y (OA211x2_ASAP7_75t_R)
  62.60  502.19 v _26118_/Y (OR3x2_ASAP7_75t_R)
  54.36  556.55 v _26120_/Y (AO22x1_ASAP7_75t_R)
  41.81  598.36 v _26121_/Y (OA21x2_ASAP7_75t_R)
  42.06  640.43 v _26122_/Y (OA21x2_ASAP7_75t_R)
  38.81  679.23 v _26141_/Y (XOR2x1_ASAP7_75t_R)
  57.24  736.48 v _26144_/Y (OR4x1_ASAP7_75t_R)
  47.91  784.39 v _26145_/Y (AO221x1_ASAP7_75t_R)
  14.30  798.69 ^ _26146_/Y (INVx1_ASAP7_75t_R)
 116.68  915.37 ^ _26147_/Y (OA21x2_ASAP7_75t_R)
 170.35 1085.72 v _26177_/Y (NAND2x2_ASAP7_75t_R)
  85.71 1171.43 v _26358_/Y (AND2x2_ASAP7_75t_R)
  42.78 1214.21 v _26359_/Y (AO21x1_ASAP7_75t_R)
  27.84 1242.05 ^ _26365_/Y (AOI21x1_ASAP7_75t_R)
  20.36 1262.41 v _26366_/Y (NOR2x1_ASAP7_75t_R)
  51.50 1313.91 v _26367_/Y (AO21x1_ASAP7_75t_R)
  19.33 1333.24 ^ _26368_/Y (NOR2x1_ASAP7_75t_R)
  32.69 1365.93 ^ _26369_/Y (AO21x1_ASAP7_75t_R)
  18.42 1384.36 v _26370_/Y (INVx1_ASAP7_75t_R)
  49.69 1434.04 v _26372_/Y (AO32x1_ASAP7_75t_R)
  41.34 1475.39 v _26373_/Y (AO21x1_ASAP7_75t_R)
  35.53 1510.92 v _26378_/Y (XNOR2x1_ASAP7_75t_R)
 101.12 1612.04 v _38721_/SN (HAxp5_ASAP7_75t_R)
  60.84 1672.87 v _34060_/Y (OA21x2_ASAP7_75t_R)
  39.36 1712.24 v _34061_/Y (OA21x2_ASAP7_75t_R)
  42.33 1754.56 v _34062_/Y (OA21x2_ASAP7_75t_R)
  39.56 1794.12 v _34063_/Y (OA21x2_ASAP7_75t_R)
  41.69 1835.82 v _34064_/Y (OA21x2_ASAP7_75t_R)
  38.65 1874.46 v _34065_/Y (OA21x2_ASAP7_75t_R)
  42.04 1916.51 v _34066_/Y (OA21x2_ASAP7_75t_R)
  38.76 1955.27 v _34067_/Y (OA21x2_ASAP7_75t_R)
  41.80 1997.07 v _34068_/Y (OA21x2_ASAP7_75t_R)
  39.67 2036.73 v _34073_/Y (OA21x2_ASAP7_75t_R)
  42.12 2078.85 v _34074_/Y (OA21x2_ASAP7_75t_R)
  38.58 2117.43 v _34079_/Y (OA21x2_ASAP7_75t_R)
  42.30 2159.73 v _34080_/Y (OA21x2_ASAP7_75t_R)
  39.20 2198.93 v _34085_/Y (OA21x2_ASAP7_75t_R)
  43.34 2242.27 v _34086_/Y (OA21x2_ASAP7_75t_R)
  41.03 2283.30 v _34091_/Y (OA21x2_ASAP7_75t_R)
  42.60 2325.90 v _34092_/Y (OA21x2_ASAP7_75t_R)
  38.99 2364.89 v _34098_/Y (OA21x2_ASAP7_75t_R)
  41.90 2406.79 v _34099_/Y (OA21x2_ASAP7_75t_R)
  39.10 2445.89 v _34104_/Y (OA21x2_ASAP7_75t_R)
  42.57 2488.46 v _34105_/Y (OA21x2_ASAP7_75t_R)
  39.17 2527.63 v _34110_/Y (OA21x2_ASAP7_75t_R)
  42.51 2570.14 v _34111_/Y (OA21x2_ASAP7_75t_R)
  40.11 2610.25 v _34116_/Y (OA21x2_ASAP7_75t_R)
  42.51 2652.76 v _34117_/Y (OA21x2_ASAP7_75t_R)
  39.03 2691.79 v _34122_/Y (OA21x2_ASAP7_75t_R)
  42.55 2734.33 v _34123_/Y (OA21x2_ASAP7_75t_R)
  39.19 2773.52 v _34129_/Y (OA21x2_ASAP7_75t_R)
  42.43 2815.95 v _34130_/Y (OA21x2_ASAP7_75t_R)
  38.91 2854.86 v _34135_/Y (OA21x2_ASAP7_75t_R)
  41.89 2896.74 v _34136_/Y (OA21x2_ASAP7_75t_R)
  38.96 2935.70 v _34141_/Y (OA21x2_ASAP7_75t_R)
  42.35 2978.05 v _34142_/Y (OA21x2_ASAP7_75t_R)
  38.88 3016.93 v _34147_/Y (OA21x2_ASAP7_75t_R)
  42.26 3059.19 v _34148_/Y (OA21x2_ASAP7_75t_R)
  43.96 3103.15 v _34155_/Y (OA21x2_ASAP7_75t_R)
  44.74 3147.90 v _34164_/Y (OA21x2_ASAP7_75t_R)
  43.51 3191.40 v _34171_/Y (OA21x2_ASAP7_75t_R)
  45.11 3236.52 v _34176_/Y (OR3x1_ASAP7_75t_R)
  63.47 3299.98 v _34177_/Y (OA211x2_ASAP7_75t_R)
  54.33 3354.32 v _34184_/Y (OR3x1_ASAP7_75t_R)
  41.50 3395.82 v _34185_/Y (AND2x2_ASAP7_75t_R)
  39.06 3434.88 v _34186_/Y (XOR2x1_ASAP7_75t_R)
   0.09 3434.97 v Datapath_i.reg_63.reg_out1[47]$_DFF_P_/D (DFFHQNx1_ASAP7_75t_R)
        3434.97   data arrival time
---------------------------------------------------------
(Path is unconstrained)


Startpoint: Datapath_i.reg_57.reg_out1[63]$_DFF_P_
            (rising edge-triggered flip-flop)
Endpoint: Datapath_i.reg_63.reg_out1[48]$_DFF_P_
          (rising edge-triggered flip-flop)
Path Group: unconstrained
Path Type: max
Corner: slow

  Delay    Time   Description
---------------------------------------------------------
   0.00    0.00 ^ Datapath_i.reg_57.reg_out1[63]$_DFF_P_/CLK (DFFHQNx1_ASAP7_75t_R)
 150.75  150.75 v Datapath_i.reg_57.reg_out1[63]$_DFF_P_/QN (DFFHQNx1_ASAP7_75t_R)
  60.38  211.13 v load_slew450/Y (BUFx12f_ASAP7_75t_R)
  31.52  242.65 ^ _26073_/Y (OAI22x1_ASAP7_75t_R)
  31.84  274.50 v _26074_/Y (INVx1_ASAP7_75t_R)
  48.14  322.64 ^ _38548_/CON (HAxp5_ASAP7_75t_R)
  53.96  376.59 v _36438_/CON (FAx1_ASAP7_75t_R)
  63.00  439.59 v _26112_/Y (OA211x2_ASAP7_75t_R)
  62.60  502.19 v _26118_/Y (OR3x2_ASAP7_75t_R)
  54.36  556.55 v _26120_/Y (AO22x1_ASAP7_75t_R)
  41.81  598.36 v _26121_/Y (OA21x2_ASAP7_75t_R)
  42.06  640.43 v _26122_/Y (OA21x2_ASAP7_75t_R)
  38.81  679.23 v _26141_/Y (XOR2x1_ASAP7_75t_R)
  57.24  736.48 v _26144_/Y (OR4x1_ASAP7_75t_R)
  47.91  784.39 v _26145_/Y (AO221x1_ASAP7_75t_R)
  14.30  798.69 ^ _26146_/Y (INVx1_ASAP7_75t_R)
 116.68  915.37 ^ _26147_/Y (OA21x2_ASAP7_75t_R)
 170.35 1085.72 v _26177_/Y (NAND2x2_ASAP7_75t_R)
  85.71 1171.43 v _26358_/Y (AND2x2_ASAP7_75t_R)
  42.78 1214.21 v _26359_/Y (AO21x1_ASAP7_75t_R)
  27.84 1242.05 ^ _26365_/Y (AOI21x1_ASAP7_75t_R)
  20.36 1262.41 v _26366_/Y (NOR2x1_ASAP7_75t_R)
  51.50 1313.91 v _26367_/Y (AO21x1_ASAP7_75t_R)
  19.33 1333.24 ^ _26368_/Y (NOR2x1_ASAP7_75t_R)
  32.69 1365.93 ^ _26369_/Y (AO21x1_ASAP7_75t_R)
  18.42 1384.36 v _26370_/Y (INVx1_ASAP7_75t_R)
  49.69 1434.04 v _26372_/Y (AO32x1_ASAP7_75t_R)
  41.34 1475.39 v _26373_/Y (AO21x1_ASAP7_75t_R)
  35.53 1510.92 v _26378_/Y (XNOR2x1_ASAP7_75t_R)
 101.12 1612.04 v _38721_/SN (HAxp5_ASAP7_75t_R)
  55.06 1667.09 v _34050_/Y (OA21x2_ASAP7_75t_R)
  42.24 1709.33 v _34051_/Y (OA21x2_ASAP7_75t_R)
  38.72 1748.05 v _34052_/Y (OA21x2_ASAP7_75t_R)
  41.78 1789.83 v _34053_/Y (OA21x2_ASAP7_75t_R)
  39.05 1828.88 v _34054_/Y (OA21x2_ASAP7_75t_R)
  42.23 1871.12 v _34055_/Y (OA21x2_ASAP7_75t_R)
  38.63 1909.75 v _34056_/Y (OA21x2_ASAP7_75t_R)
  41.87 1951.62 v _34057_/Y (OA21x2_ASAP7_75t_R)
  39.32 1990.94 v _34070_/Y (OA21x2_ASAP7_75t_R)
  42.20 2033.14 v _34071_/Y (OA21x2_ASAP7_75t_R)
  39.25 2072.39 v _34076_/Y (OA21x2_ASAP7_75t_R)
  42.17 2114.56 v _34077_/Y (OA21x2_ASAP7_75t_R)
  38.91 2153.46 v _34082_/Y (OA21x2_ASAP7_75t_R)
  42.00 2195.46 v _34083_/Y (OA21x2_ASAP7_75t_R)
  39.92 2235.39 v _34088_/Y (OA21x2_ASAP7_75t_R)
  43.70 2279.08 v _34089_/Y (OA21x2_ASAP7_75t_R)
  40.03 2319.11 v _34095_/Y (OA21x2_ASAP7_75t_R)
  42.50 2361.62 v _34096_/Y (OA21x2_ASAP7_75t_R)
  39.14 2400.75 v _34101_/Y (OA21x2_ASAP7_75t_R)
  42.14 2442.90 v _34102_/Y (OA21x2_ASAP7_75t_R)
  38.84 2481.74 v _34107_/Y (OA21x2_ASAP7_75t_R)
  41.92 2523.66 v _34108_/Y (OA21x2_ASAP7_75t_R)
  39.34 2563.00 v _34113_/Y (OA21x2_ASAP7_75t_R)
  43.55 2606.54 v _34114_/Y (OA21x2_ASAP7_75t_R)
  39.69 2646.23 v _34119_/Y (OA21x2_ASAP7_75t_R)
  42.75 2688.98 v _34120_/Y (OA21x2_ASAP7_75t_R)
  39.39 2728.36 v _34126_/Y (OA21x2_ASAP7_75t_R)
  42.13 2770.49 v _34127_/Y (OA21x2_ASAP7_75t_R)
  39.35 2809.84 v _34132_/Y (OA21x2_ASAP7_75t_R)
  42.90 2852.75 v _34133_/Y (OA21x2_ASAP7_75t_R)
  39.12 2891.86 v _34138_/Y (OA21x2_ASAP7_75t_R)
  43.65 2935.52 v _34139_/Y (OA21x2_ASAP7_75t_R)
  46.66 2982.18 v _34145_/Y (OA31x2_ASAP7_75t_R)
  45.13 3027.31 v _34151_/Y (OA31x2_ASAP7_75t_R)
  43.88 3071.19 v _34160_/Y (OA21x2_ASAP7_75t_R)
  39.62 3110.81 v _34166_/Y (OA21x2_ASAP7_75t_R)
  43.03 3153.84 v _34167_/Y (OA21x2_ASAP7_75t_R)
  45.67 3199.51 v _34173_/Y (OR3x1_ASAP7_75t_R)
  63.05 3262.56 v _34174_/Y (OA211x2_ASAP7_75t_R)
  50.81 3313.36 v _34180_/Y (OR3x1_ASAP7_75t_R)
  29.27 3342.63 ^ _34181_/Y (NAND2x1_ASAP7_75t_R)
  43.57 3386.20 ^ _34189_/Y (AO21x1_ASAP7_75t_R)
  36.88 3423.08 ^ _34190_/Y (XNOR2x1_ASAP7_75t_R)
   0.08 3423.16 ^ Datapath_i.reg_63.reg_out1[48]$_DFF_P_/D (DFFHQNx1_ASAP7_75t_R)
        3423.16   data arrival time
---------------------------------------------------------
(Path is unconstrained)


Startpoint: Datapath_i.reg_57.reg_out1[63]$_DFF_P_
            (rising edge-triggered flip-flop)
Endpoint: Datapath_i.reg_63.reg_out1[46]$_DFF_P_
          (rising edge-triggered flip-flop)
Path Group: unconstrained
Path Type: max
Corner: slow

  Delay    Time   Description
---------------------------------------------------------
   0.00    0.00 ^ Datapath_i.reg_57.reg_out1[63]$_DFF_P_/CLK (DFFHQNx1_ASAP7_75t_R)
 150.75  150.75 v Datapath_i.reg_57.reg_out1[63]$_DFF_P_/QN (DFFHQNx1_ASAP7_75t_R)
  60.38  211.13 v load_slew450/Y (BUFx12f_ASAP7_75t_R)
  31.52  242.65 ^ _26073_/Y (OAI22x1_ASAP7_75t_R)
  31.84  274.50 v _26074_/Y (INVx1_ASAP7_75t_R)
  48.14  322.64 ^ _38548_/CON (HAxp5_ASAP7_75t_R)
  53.96  376.59 v _36438_/CON (FAx1_ASAP7_75t_R)
  63.00  439.59 v _26112_/Y (OA211x2_ASAP7_75t_R)
  62.60  502.19 v _26118_/Y (OR3x2_ASAP7_75t_R)
  54.36  556.55 v _26120_/Y (AO22x1_ASAP7_75t_R)
  41.81  598.36 v _26121_/Y (OA21x2_ASAP7_75t_R)
  42.06  640.43 v _26122_/Y (OA21x2_ASAP7_75t_R)
  38.81  679.23 v _26141_/Y (XOR2x1_ASAP7_75t_R)
  57.24  736.48 v _26144_/Y (OR4x1_ASAP7_75t_R)
  47.91  784.39 v _26145_/Y (AO221x1_ASAP7_75t_R)
  14.30  798.69 ^ _26146_/Y (INVx1_ASAP7_75t_R)
 116.68  915.37 ^ _26147_/Y (OA21x2_ASAP7_75t_R)
 170.35 1085.72 v _26177_/Y (NAND2x2_ASAP7_75t_R)
  85.71 1171.43 v _26358_/Y (AND2x2_ASAP7_75t_R)
  42.78 1214.21 v _26359_/Y (AO21x1_ASAP7_75t_R)
  27.84 1242.05 ^ _26365_/Y (AOI21x1_ASAP7_75t_R)
  20.36 1262.41 v _26366_/Y (NOR2x1_ASAP7_75t_R)
  51.50 1313.91 v _26367_/Y (AO21x1_ASAP7_75t_R)
  19.33 1333.24 ^ _26368_/Y (NOR2x1_ASAP7_75t_R)
  32.69 1365.93 ^ _26369_/Y (AO21x1_ASAP7_75t_R)
  18.42 1384.36 v _26370_/Y (INVx1_ASAP7_75t_R)
  49.69 1434.04 v _26372_/Y (AO32x1_ASAP7_75t_R)
  41.34 1475.39 v _26373_/Y (AO21x1_ASAP7_75t_R)
  35.53 1510.92 v _26378_/Y (XNOR2x1_ASAP7_75t_R)
 101.12 1612.04 v _38721_/SN (HAxp5_ASAP7_75t_R)
  55.06 1667.09 v _34050_/Y (OA21x2_ASAP7_75t_R)
  42.24 1709.33 v _34051_/Y (OA21x2_ASAP7_75t_R)
  38.72 1748.05 v _34052_/Y (OA21x2_ASAP7_75t_R)
  41.78 1789.83 v _34053_/Y (OA21x2_ASAP7_75t_R)
  39.05 1828.88 v _34054_/Y (OA21x2_ASAP7_75t_R)
  42.23 1871.12 v _34055_/Y (OA21x2_ASAP7_75t_R)
  38.63 1909.75 v _34056_/Y (OA21x2_ASAP7_75t_R)
  41.87 1951.62 v _34057_/Y (OA21x2_ASAP7_75t_R)
  39.32 1990.94 v _34070_/Y (OA21x2_ASAP7_75t_R)
  42.20 2033.14 v _34071_/Y (OA21x2_ASAP7_75t_R)
  39.25 2072.39 v _34076_/Y (OA21x2_ASAP7_75t_R)
  42.17 2114.56 v _34077_/Y (OA21x2_ASAP7_75t_R)
  38.91 2153.46 v _34082_/Y (OA21x2_ASAP7_75t_R)
  42.00 2195.46 v _34083_/Y (OA21x2_ASAP7_75t_R)
  39.92 2235.39 v _34088_/Y (OA21x2_ASAP7_75t_R)
  43.70 2279.08 v _34089_/Y (OA21x2_ASAP7_75t_R)
  40.03 2319.11 v _34095_/Y (OA21x2_ASAP7_75t_R)
  42.50 2361.62 v _34096_/Y (OA21x2_ASAP7_75t_R)
  39.14 2400.75 v _34101_/Y (OA21x2_ASAP7_75t_R)
  42.14 2442.90 v _34102_/Y (OA21x2_ASAP7_75t_R)
  38.84 2481.74 v _34107_/Y (OA21x2_ASAP7_75t_R)
  41.92 2523.66 v _34108_/Y (OA21x2_ASAP7_75t_R)
  39.34 2563.00 v _34113_/Y (OA21x2_ASAP7_75t_R)
  43.55 2606.54 v _34114_/Y (OA21x2_ASAP7_75t_R)
  39.69 2646.23 v _34119_/Y (OA21x2_ASAP7_75t_R)
  42.75 2688.98 v _34120_/Y (OA21x2_ASAP7_75t_R)
  39.39 2728.36 v _34126_/Y (OA21x2_ASAP7_75t_R)
  42.13 2770.49 v _34127_/Y (OA21x2_ASAP7_75t_R)
  39.35 2809.84 v _34132_/Y (OA21x2_ASAP7_75t_R)
  42.90 2852.75 v _34133_/Y (OA21x2_ASAP7_75t_R)
  39.12 2891.86 v _34138_/Y (OA21x2_ASAP7_75t_R)
  43.65 2935.52 v _34139_/Y (OA21x2_ASAP7_75t_R)
  46.66 2982.18 v _34145_/Y (OA31x2_ASAP7_75t_R)
  45.13 3027.31 v _34151_/Y (OA31x2_ASAP7_75t_R)
  43.88 3071.19 v _34160_/Y (OA21x2_ASAP7_75t_R)
  39.62 3110.81 v _34166_/Y (OA21x2_ASAP7_75t_R)
  43.03 3153.84 v _34167_/Y (OA21x2_ASAP7_75t_R)
  45.67 3199.51 v _34173_/Y (OR3x1_ASAP7_75t_R)
  63.05 3262.56 v _34174_/Y (OA211x2_ASAP7_75t_R)
  50.81 3313.36 v _34180_/Y (OR3x1_ASAP7_75t_R)
  29.27 3342.63 ^ _34181_/Y (NAND2x1_ASAP7_75t_R)
  37.78 3380.41 ^ _34182_/Y (XNOR2x1_ASAP7_75t_R)
   0.09 3380.50 ^ Datapath_i.reg_63.reg_out1[46]$_DFF_P_/D (DFFHQNx1_ASAP7_75t_R)
        3380.50   data arrival time
---------------------------------------------------------
(Path is unconstrained)


Startpoint: Datapath_i.reg_57.reg_out1[63]$_DFF_P_
            (rising edge-triggered flip-flop)
Endpoint: Datapath_i.reg_63.reg_out1[45]$_DFF_P_
          (rising edge-triggered flip-flop)
Path Group: unconstrained
Path Type: max
Corner: slow

  Delay    Time   Description
---------------------------------------------------------
   0.00    0.00 ^ Datapath_i.reg_57.reg_out1[63]$_DFF_P_/CLK (DFFHQNx1_ASAP7_75t_R)
 150.75  150.75 v Datapath_i.reg_57.reg_out1[63]$_DFF_P_/QN (DFFHQNx1_ASAP7_75t_R)
  60.38  211.13 v load_slew450/Y (BUFx12f_ASAP7_75t_R)
  31.52  242.65 ^ _26073_/Y (OAI22x1_ASAP7_75t_R)
  31.84  274.50 v _26074_/Y (INVx1_ASAP7_75t_R)
  48.14  322.64 ^ _38548_/CON (HAxp5_ASAP7_75t_R)
  53.96  376.59 v _36438_/CON (FAx1_ASAP7_75t_R)
  63.00  439.59 v _26112_/Y (OA211x2_ASAP7_75t_R)
  62.60  502.19 v _26118_/Y (OR3x2_ASAP7_75t_R)
  54.36  556.55 v _26120_/Y (AO22x1_ASAP7_75t_R)
  41.81  598.36 v _26121_/Y (OA21x2_ASAP7_75t_R)
  42.06  640.43 v _26122_/Y (OA21x2_ASAP7_75t_R)
  38.81  679.23 v _26141_/Y (XOR2x1_ASAP7_75t_R)
  57.24  736.48 v _26144_/Y (OR4x1_ASAP7_75t_R)
  47.91  784.39 v _26145_/Y (AO221x1_ASAP7_75t_R)
  14.30  798.69 ^ _26146_/Y (INVx1_ASAP7_75t_R)
 116.68  915.37 ^ _26147_/Y (OA21x2_ASAP7_75t_R)
 170.35 1085.72 v _26177_/Y (NAND2x2_ASAP7_75t_R)
  85.71 1171.43 v _26358_/Y (AND2x2_ASAP7_75t_R)
  42.78 1214.21 v _26359_/Y (AO21x1_ASAP7_75t_R)
  27.84 1242.05 ^ _26365_/Y (AOI21x1_ASAP7_75t_R)
  20.36 1262.41 v _26366_/Y (NOR2x1_ASAP7_75t_R)
  51.50 1313.91 v _26367_/Y (AO21x1_ASAP7_75t_R)
  19.33 1333.24 ^ _26368_/Y (NOR2x1_ASAP7_75t_R)
  32.69 1365.93 ^ _26369_/Y (AO21x1_ASAP7_75t_R)
  18.42 1384.36 v _26370_/Y (INVx1_ASAP7_75t_R)
  49.69 1434.04 v _26372_/Y (AO32x1_ASAP7_75t_R)
  41.34 1475.39 v _26373_/Y (AO21x1_ASAP7_75t_R)
  35.53 1510.92 v _26378_/Y (XNOR2x1_ASAP7_75t_R)
 101.12 1612.04 v _38721_/SN (HAxp5_ASAP7_75t_R)
  60.84 1672.87 v _34060_/Y (OA21x2_ASAP7_75t_R)
  39.36 1712.24 v _34061_/Y (OA21x2_ASAP7_75t_R)
  42.33 1754.56 v _34062_/Y (OA21x2_ASAP7_75t_R)
  39.56 1794.12 v _34063_/Y (OA21x2_ASAP7_75t_R)
  41.69 1835.82 v _34064_/Y (OA21x2_ASAP7_75t_R)
  38.65 1874.46 v _34065_/Y (OA21x2_ASAP7_75t_R)
  42.04 1916.51 v _34066_/Y (OA21x2_ASAP7_75t_R)
  38.76 1955.27 v _34067_/Y (OA21x2_ASAP7_75t_R)
  41.80 1997.07 v _34068_/Y (OA21x2_ASAP7_75t_R)
  39.67 2036.73 v _34073_/Y (OA21x2_ASAP7_75t_R)
  42.12 2078.85 v _34074_/Y (OA21x2_ASAP7_75t_R)
  38.58 2117.43 v _34079_/Y (OA21x2_ASAP7_75t_R)
  42.30 2159.73 v _34080_/Y (OA21x2_ASAP7_75t_R)
  39.20 2198.93 v _34085_/Y (OA21x2_ASAP7_75t_R)
  43.34 2242.27 v _34086_/Y (OA21x2_ASAP7_75t_R)
  41.03 2283.30 v _34091_/Y (OA21x2_ASAP7_75t_R)
  42.60 2325.90 v _34092_/Y (OA21x2_ASAP7_75t_R)
  38.99 2364.89 v _34098_/Y (OA21x2_ASAP7_75t_R)
  41.90 2406.79 v _34099_/Y (OA21x2_ASAP7_75t_R)
  39.10 2445.89 v _34104_/Y (OA21x2_ASAP7_75t_R)
  42.57 2488.46 v _34105_/Y (OA21x2_ASAP7_75t_R)
  39.17 2527.63 v _34110_/Y (OA21x2_ASAP7_75t_R)
  42.51 2570.14 v _34111_/Y (OA21x2_ASAP7_75t_R)
  40.11 2610.25 v _34116_/Y (OA21x2_ASAP7_75t_R)
  42.51 2652.76 v _34117_/Y (OA21x2_ASAP7_75t_R)
  39.03 2691.79 v _34122_/Y (OA21x2_ASAP7_75t_R)
  42.55 2734.33 v _34123_/Y (OA21x2_ASAP7_75t_R)
  39.19 2773.52 v _34129_/Y (OA21x2_ASAP7_75t_R)
  42.43 2815.95 v _34130_/Y (OA21x2_ASAP7_75t_R)
  38.91 2854.86 v _34135_/Y (OA21x2_ASAP7_75t_R)
  41.89 2896.74 v _34136_/Y (OA21x2_ASAP7_75t_R)
  38.96 2935.70 v _34141_/Y (OA21x2_ASAP7_75t_R)
  42.35 2978.05 v _34142_/Y (OA21x2_ASAP7_75t_R)
  38.88 3016.93 v _34147_/Y (OA21x2_ASAP7_75t_R)
  42.26 3059.19 v _34148_/Y (OA21x2_ASAP7_75t_R)
  43.96 3103.15 v _34155_/Y (OA21x2_ASAP7_75t_R)
  44.74 3147.90 v _34164_/Y (OA21x2_ASAP7_75t_R)
  43.51 3191.40 v _34171_/Y (OA21x2_ASAP7_75t_R)
  45.11 3236.52 v _34176_/Y (OR3x1_ASAP7_75t_R)
  63.47 3299.98 v _34177_/Y (OA211x2_ASAP7_75t_R)
  41.40 3341.39 v _34178_/Y (XOR2x1_ASAP7_75t_R)
   0.08 3341.47 v Datapath_i.reg_63.reg_out1[45]$_DFF_P_/D (DFFHQNx1_ASAP7_75t_R)
        3341.47   data arrival time
---------------------------------------------------------
(Path is unconstrained)


Startpoint: Datapath_i.reg_65.reg_out1$_SDFF_PP0_
            (rising edge-triggered flip-flop)
Endpoint: Datapath_i.reg_78.reg_out1[47]$_DFF_P_
          (rising edge-triggered flip-flop)
Path Group: unconstrained
Path Type: max
Corner: slow

  Delay    Time   Description
---------------------------------------------------------
   0.00    0.00 ^ Datapath_i.reg_65.reg_out1$_SDFF_PP0_/CLK (DFFHQNx2_ASAP7_75t_R)
 108.31  108.31 v Datapath_i.reg_65.reg_out1$_SDFF_PP0_/QN (DFFHQNx2_ASAP7_75t_R)
  21.55  129.86 ^ _25537_/Y (INVx1_ASAP7_75t_R)
  32.80  162.67 v _38551_/CON (HAxp5_ASAP7_75t_R)
  23.84  186.51 ^ _32851_/Y (INVx1_ASAP7_75t_R)
  31.16  217.66 v _38560_/CON (HAxp5_ASAP7_75t_R)
  67.18  284.84 v _22274_/Y (OR3x2_ASAP7_75t_R)
  54.95  339.79 v _22275_/Y (OR3x1_ASAP7_75t_R)
  55.31  395.10 v _22276_/Y (OR3x1_ASAP7_75t_R)
  42.84  437.94 v _22277_/Y (OR2x2_ASAP7_75t_R)
  63.71  501.64 v _22278_/Y (OR3x2_ASAP7_75t_R)
  65.17  566.81 v _22279_/Y (OR3x2_ASAP7_75t_R)
  70.20  637.01 v _22280_/Y (OR4x1_ASAP7_75t_R)
  83.77  720.78 v _22281_/Y (OR3x4_ASAP7_75t_R)
  83.76  804.54 v _22282_/Y (OR3x4_ASAP7_75t_R)
  56.36  860.90 v _22283_/Y (OR3x1_ASAP7_75t_R)
  58.16  919.06 v _22284_/Y (OR3x1_ASAP7_75t_R)
  55.94  975.00 v _22285_/Y (OR3x1_ASAP7_75t_R)
  63.32 1038.32 v _22286_/Y (OR3x2_ASAP7_75t_R)
  82.90 1121.21 v _22287_/Y (OR3x4_ASAP7_75t_R)
  84.57 1205.79 v _22288_/Y (OR3x4_ASAP7_75t_R)
  95.18 1300.97 v _22289_/Y (OR5x2_ASAP7_75t_R)
  68.01 1368.97 v _22290_/Y (OR3x2_ASAP7_75t_R)
  56.51 1425.49 v _22291_/Y (OR3x1_ASAP7_75t_R)
  84.13 1509.62 v _22292_/Y (OR3x4_ASAP7_75t_R)
  84.33 1593.95 v _22293_/Y (OR3x4_ASAP7_75t_R)
  64.43 1658.38 v _22327_/Y (OR3x2_ASAP7_75t_R)
  87.34 1745.72 v _22329_/Y (OR4x2_ASAP7_75t_R)
  51.22 1796.94 v _22370_/Y (XOR2x1_ASAP7_75t_R)
  72.87 1869.81 v _22373_/Y (OR5x1_ASAP7_75t_R)
  60.00 1929.81 v _22374_/Y (OR4x1_ASAP7_75t_R)
 138.90 2068.71 v _22375_/Y (OR3x4_ASAP7_75t_R)
  54.76 2123.46 ^ _22376_/Y (CKINVDCx10_ASAP7_75t_R)
  47.81 2171.27 ^ _22415_/Y (AO21x1_ASAP7_75t_R)
  28.81 2200.08 ^ _22423_/Y (OR4x1_ASAP7_75t_R)
  47.91 2247.99 ^ _22424_/Y (OR5x2_ASAP7_75t_R)
  29.26 2277.25 v _22425_/Y (INVx3_ASAP7_75t_R)
  82.84 2360.09 ^ _22426_/Y (NAND2x2_ASAP7_75t_R)
  50.77 2410.86 v _22427_/Y (CKINVDCx14_ASAP7_75t_R)
 100.76 2511.62 ^ _38552_/CON (HAxp5_ASAP7_75t_R)
  77.59 2589.21 v _38552_/SN (HAxp5_ASAP7_75t_R)
  65.47 2654.68 v load_slew406/Y (BUFx4f_ASAP7_75t_R)
  52.36 2707.03 v _22604_/Y (OA211x2_ASAP7_75t_R)
  46.63 2753.66 v _22605_/Y (OR3x1_ASAP7_75t_R)
  27.03 2780.69 v _22606_/Y (AND3x1_ASAP7_75t_R)
  42.37 2823.06 v _22607_/Y (AO21x1_ASAP7_75t_R)
  25.60 2848.66 ^ _22608_/Y (INVx1_ASAP7_75t_R)
 146.18 2994.84 ^ _29884_/Y (AND5x2_ASAP7_75t_R)
 157.36 3152.20 v _29885_/Y (NAND2x2_ASAP7_75t_R)
 118.09 3270.29 v _34376_/Y (OA211x2_ASAP7_75t_R)
  17.29 3287.58 ^ _34377_/Y (INVx1_ASAP7_75t_R)
  32.04 3319.62 ^ _34378_/Y (OA21x2_ASAP7_75t_R)
   0.04 3319.66 ^ Datapath_i.reg_78.reg_out1[47]$_DFF_P_/D (DFFHQNx2_ASAP7_75t_R)
        3319.66   data arrival time
---------------------------------------------------------
(Path is unconstrained)


