Startpoint: io_time[0]$_SDFFE_PP0P_ (rising edge-triggered flip-flop)
Endpoint: large_1[48]$_SDFFE_PP0P_ (rising edge-triggered flip-flop)
Path Group: unconstrained
Path Type: max
Corner: slow

    Cap   Delay    Time   Description
----------------------------------------------------------------
           0.00    0.00 ^ io_time[0]$_SDFFE_PP0P_/CLK (DFFHQNx1_ASAP7_75t_R)
   2.44  101.59  101.59 v io_time[0]$_SDFFE_PP0P_/QN (DFFHQNx1_ASAP7_75t_R)
  14.26  113.50  215.09 ^ _2686_/Y (INVx1_ASAP7_75t_R)
   1.10   53.23  268.32 v _4974_/CON (HAxp5_ASAP7_75t_R)
   0.79   25.87  294.19 ^ _2693_/Y (INVx1_ASAP7_75t_R)
   1.43   31.80  325.99 v _4975_/CON (HAxp5_ASAP7_75t_R)
   3.28  102.02  428.02 v _3960_/Y (OR5x1_ASAP7_75t_R)
   2.38   92.81  520.83 v _3992_/Y (OR5x1_ASAP7_75t_R)
   2.93   92.83  613.65 v _4044_/Y (OR5x1_ASAP7_75t_R)
   5.39  101.42  715.07 v _4093_/Y (OR5x1_ASAP7_75t_R)
   2.81   96.58  811.66 v _4194_/Y (OR5x1_ASAP7_75t_R)
   1.40   81.67  893.33 v _4332_/Y (OR5x1_ASAP7_75t_R)
   0.53   34.85  928.17 v _4333_/Y (XNOR2x1_ASAP7_75t_R)
   0.49   30.48  958.65 v _4335_/Y (AO21x1_ASAP7_75t_R)
   0.52   30.18  988.83 v _4336_/Y (AND2x2_ASAP7_75t_R)
           0.00  988.83 v large_1[48]$_SDFFE_PP0P_/D (DFFHQNx1_ASAP7_75t_R)
                 988.83   data arrival time
----------------------------------------------------------------
(Path is unconstrained)


