max slew

Pin                                    Limit    Slew   Slack
------------------------------------------------------------
_14689_/A1                            320.00  355.67  -35.67 (VIOLATED)
_12660_/A1                            320.00  355.61  -35.61 (VIOLATED)
_12110_/A1                            320.00  355.60  -35.60 (VIOLATED)
_15888_/A2                            320.00  355.58  -35.58 (VIOLATED)
_10943_/B                             320.00  355.57  -35.57 (VIOLATED)
_12202_/A1                            320.00  355.54  -35.54 (VIOLATED)
_13866_/A                             320.00  355.48  -35.48 (VIOLATED)
_13869_/A1                            320.00  355.45  -35.45 (VIOLATED)
_14008_/A1                            320.00  355.37  -35.37 (VIOLATED)
_10994_/A                             320.00  355.34  -35.34 (VIOLATED)
_11667_/A                             320.00  355.33  -35.33 (VIOLATED)
Datapath_i.fu_run_benchmark_38252_39575.Datapath_i.reg_2.reg_out1[6]$_DFFE_PP_/QN  320.00  355.29  -35.29 (VIOLATED)
_15683_/A1                            320.00  346.63  -26.63 (VIOLATED)
_15685_/A1                            320.00  346.62  -26.62 (VIOLATED)
_15681_/A1                            320.00  346.60  -26.60 (VIOLATED)
_15675_/A1                            320.00  346.53  -26.53 (VIOLATED)
_15679_/A1                            320.00  346.51  -26.51 (VIOLATED)
_15677_/A1                            320.00  346.50  -26.50 (VIOLATED)
_15673_/A1                            320.00  346.21  -26.21 (VIOLATED)
_15669_/A1                            320.00  345.97  -25.97 (VIOLATED)
_15671_/A1                            320.00  345.67  -25.67 (VIOLATED)
_15667_/A1                            320.00  345.64  -25.64 (VIOLATED)
_15665_/A1                            320.00  345.61  -25.61 (VIOLATED)
_15661_/A1                            320.00  345.41  -25.41 (VIOLATED)
_15663_/A1                            320.00  345.10  -25.10 (VIOLATED)
_15657_/A1                            320.00  344.62  -24.62 (VIOLATED)
_15653_/A1                            320.00  344.37  -24.37 (VIOLATED)
_15649_/A1                            320.00  344.29  -24.29 (VIOLATED)
_15647_/A1                            320.00  344.29  -24.29 (VIOLATED)
_15651_/A1                            320.00  344.25  -24.25 (VIOLATED)
_16587_/C                             320.00  344.24  -24.24 (VIOLATED)
_16611_/C                             320.00  344.19  -24.19 (VIOLATED)
_16887_/A2                            320.00  344.17  -24.17 (VIOLATED)
_15655_/A1                            320.00  344.14  -24.14 (VIOLATED)
_16416_/A2                            320.00  344.12  -24.12 (VIOLATED)
_16613_/A2                            320.00  344.11  -24.11 (VIOLATED)
_16589_/A2                            320.00  344.00  -24.00 (VIOLATED)
_16408_/A2                            320.00  343.99  -23.99 (VIOLATED)
_16895_/A2                            320.00  343.69  -23.69 (VIOLATED)
_16424_/A2                            320.00  343.45  -23.45 (VIOLATED)
_16603_/C                             320.00  343.41  -23.41 (VIOLATED)
_11995_/B                             320.00  343.35  -23.35 (VIOLATED)
_16605_/A2                            320.00  343.32  -23.32 (VIOLATED)
_16903_/A2                            320.00  343.17  -23.17 (VIOLATED)
_16432_/A2                            320.00  343.03  -23.03 (VIOLATED)
_11997_/B                             320.00  342.88  -22.88 (VIOLATED)
_16581_/A2                            320.00  342.88  -22.88 (VIOLATED)
_12001_/B                             320.00  342.73  -22.73 (VIOLATED)
_12005_/B                             320.00  342.71  -22.71 (VIOLATED)
_12007_/B                             320.00  342.68  -22.68 (VIOLATED)
_12003_/B                             320.00  342.67  -22.67 (VIOLATED)
_11999_/B                             320.00  342.65  -22.65 (VIOLATED)
_16562_/C                             320.00  342.60  -22.60 (VIOLATED)
_16441_/A2                            320.00  342.56  -22.56 (VIOLATED)
_16564_/A2                            320.00  342.44  -22.44 (VIOLATED)
_16449_/A2                            320.00  342.25  -22.25 (VIOLATED)
_11993_/B                             320.00  342.23  -22.23 (VIOLATED)
_11991_/B                             320.00  341.74  -21.74 (VIOLATED)
_16555_/A2                            320.00  341.71  -21.71 (VIOLATED)
_11987_/B                             320.00  341.28  -21.28 (VIOLATED)
_11989_/B                             320.00  341.27  -21.27 (VIOLATED)
_16465_/A2                            320.00  341.12  -21.12 (VIOLATED)
_15638_/A1                            320.00  340.78  -20.78 (VIOLATED)
_16553_/C                             320.00  340.72  -20.72 (VIOLATED)
_16547_/A2                            320.00  340.71  -20.71 (VIOLATED)
_16506_/A2                            320.00  340.51  -20.51 (VIOLATED)
_16531_/A2                            320.00  340.30  -20.30 (VIOLATED)
_16490_/A2                            320.00  340.26  -20.26 (VIOLATED)
_16522_/A2                            320.00  340.25  -20.25 (VIOLATED)
_16457_/A2                            320.00  340.25  -20.25 (VIOLATED)
_11985_/B                             320.00  340.22  -20.22 (VIOLATED)
_16539_/A2                            320.00  339.99  -19.99 (VIOLATED)
_11982_/B                             320.00  339.90  -19.90 (VIOLATED)
_16474_/A2                            320.00  339.78  -19.78 (VIOLATED)
_16514_/A2                            320.00  339.66  -19.66 (VIOLATED)
_11980_/B                             320.00  339.53  -19.53 (VIOLATED)
_11976_/B                             320.00  339.20  -19.20 (VIOLATED)
_16537_/C                             320.00  338.99  -18.99 (VIOLATED)
_11978_/B                             320.00  338.94  -18.94 (VIOLATED)
_11974_/B                             320.00  338.27  -18.27 (VIOLATED)
_16529_/C                             320.00  338.25  -18.25 (VIOLATED)
_15627_/A1                            320.00  338.04  -18.04 (VIOLATED)
_15632_/A1                            320.00  338.03  -18.03 (VIOLATED)
_15629_/A1                            320.00  338.01  -18.01 (VIOLATED)
_16545_/C                             320.00  337.87  -17.87 (VIOLATED)
_16998_/A2                            320.00  337.58  -17.58 (VIOLATED)
_17038_/A2                            320.00  337.56  -17.56 (VIOLATED)
_17161_/A2                            320.00  337.42  -17.42 (VIOLATED)
_16520_/C                             320.00  337.39  -17.39 (VIOLATED)
_11967_/B                             320.00  337.32  -17.32 (VIOLATED)
_17218_/A2                            320.00  337.32  -17.32 (VIOLATED)
_17247_/A2                            320.00  337.13  -17.13 (VIOLATED)
_11968_/A2                            320.00  336.95  -16.95 (VIOLATED)
_16512_/C                             320.00  336.91  -16.91 (VIOLATED)
_17289_/A2                            320.00  336.85  -16.85 (VIOLATED)
_17297_/A2                            320.00  336.84  -16.84 (VIOLATED)
_17185_/A2                            320.00  336.60  -16.60 (VIOLATED)
_11969_/B                             320.00  336.59  -16.59 (VIOLATED)
_11971_/B                             320.00  336.42  -16.42 (VIOLATED)
_17153_/A2                            320.00  336.31  -16.31 (VIOLATED)
_17355_/B                             320.00  336.21  -16.21 (VIOLATED)
_17331_/B                             320.00  336.20  -16.20 (VIOLATED)
_11956_/B                             320.00  336.19  -16.19 (VIOLATED)
_17113_/A2                            320.00  336.18  -16.18 (VIOLATED)
_16504_/C                             320.00  336.14  -16.14 (VIOLATED)
_11958_/B                             320.00  336.02  -16.02 (VIOLATED)
_16909_/A                             320.00  335.92  -15.92 (VIOLATED)
_17100_/A2                            320.00  335.78  -15.78 (VIOLATED)
_16488_/C                             320.00  335.73  -15.73 (VIOLATED)
_15852_/A                             320.00  335.73  -15.73 (VIOLATED)
_17409_/B                             320.00  335.69  -15.69 (VIOLATED)
_17401_/A                             320.00  335.68  -15.68 (VIOLATED)
_17074_/A2                            320.00  335.42  -15.42 (VIOLATED)
_16953_/A2                            320.00  335.19  -15.19 (VIOLATED)
_16472_/C                             320.00  335.18  -15.18 (VIOLATED)
_16455_/C                             320.00  334.88  -14.88 (VIOLATED)
_18001_/A2                            320.00  334.84  -14.84 (VIOLATED)
_17965_/A2                            320.00  334.19  -14.19 (VIOLATED)
_12667_/B2                            320.00  334.19  -14.19 (VIOLATED)
_10921_/A                             320.00  334.18  -14.18 (VIOLATED)
_12210_/A1                            320.00  334.18  -14.18 (VIOLATED)
_14701_/A1                            320.00  334.17  -14.17 (VIOLATED)
_13991_/A                             320.00  334.15  -14.15 (VIOLATED)
_13884_/B2                            320.00  334.15  -14.15 (VIOLATED)
_15895_/A                             320.00  334.15  -14.15 (VIOLATED)
_13883_/B2                            320.00  334.15  -14.15 (VIOLATED)
_14020_/A1                            320.00  334.15  -14.15 (VIOLATED)
_16463_/C                             320.00  334.14  -14.14 (VIOLATED)
_17987_/A2                            320.00  334.13  -14.13 (VIOLATED)
_11020_/A                             320.00  334.03  -14.03 (VIOLATED)
Datapath_i.fu_run_benchmark_38252_39575.Datapath_i.reg_2.reg_out1[9]$_DFFE_PP_/QN  320.00  334.01  -14.01 (VIOLATED)
_17934_/A2                            320.00  333.97  -13.97 (VIOLATED)
_17951_/A2                            320.00  333.95  -13.95 (VIOLATED)
_17914_/A2                            320.00  333.95  -13.95 (VIOLATED)
_17762_/A2                            320.00  333.90  -13.90 (VIOLATED)
_16398_/C                             320.00  333.76  -13.76 (VIOLATED)
_16400_/A2                            320.00  333.76  -13.76 (VIOLATED)
_16879_/A2                            320.00  333.76  -13.76 (VIOLATED)
_16498_/A2                            320.00  333.76  -13.76 (VIOLATED)
_16847_/A2                            320.00  333.76  -13.76 (VIOLATED)
_16707_/A2                            320.00  333.73  -13.73 (VIOLATED)
_16447_/C                             320.00  333.73  -13.73 (VIOLATED)
_16776_/A2                            320.00  333.73  -13.73 (VIOLATED)
_16597_/A2                            320.00  333.72  -13.72 (VIOLATED)
_16496_/C                             320.00  333.69  -13.69 (VIOLATED)
_16705_/C                             320.00  333.65  -13.65 (VIOLATED)
_16439_/C                             320.00  333.62  -13.62 (VIOLATED)
_16595_/C                             320.00  333.59  -13.59 (VIOLATED)
_16430_/C                             320.00  333.52  -13.52 (VIOLATED)
_16774_/C                             320.00  333.50  -13.50 (VIOLATED)
_16579_/C                             320.00  333.49  -13.49 (VIOLATED)
_16845_/C                             320.00  333.39  -13.39 (VIOLATED)
_16877_/C                             320.00  333.34  -13.34 (VIOLATED)
_16885_/C                             320.00  333.31  -13.31 (VIOLATED)
_16893_/C                             320.00  333.27  -13.27 (VIOLATED)
_16414_/C                             320.00  333.23  -13.23 (VIOLATED)
_16422_/C                             320.00  333.22  -13.22 (VIOLATED)
_16901_/C                             320.00  333.22  -13.22 (VIOLATED)
_16406_/C                             320.00  333.20  -13.20 (VIOLATED)
_17510_/A2                            320.00  332.96  -12.96 (VIOLATED)
_14266_/B                             320.00  331.18  -11.18 (VIOLATED)
_13449_/A                             320.00  331.14  -11.14 (VIOLATED)
_11294_/A                             320.00  330.57  -10.57 (VIOLATED)
_17850_/A1                            320.00  330.49  -10.49 (VIOLATED)
_17899_/A1                            320.00  330.49  -10.49 (VIOLATED)
_15469_/A2                            320.00  330.48  -10.48 (VIOLATED)
_12882_/A2                            320.00  330.48  -10.48 (VIOLATED)
_17874_/A1                            320.00  330.40  -10.40 (VIOLATED)
_17827_/A1                            320.00  330.33  -10.33 (VIOLATED)
_10403_/A                             320.00  330.30  -10.30 (VIOLATED)
_17808_/A1                            320.00  330.22  -10.22 (VIOLATED)
_17785_/A1                            320.00  330.18  -10.18 (VIOLATED)
_12805_/A                             320.00  330.18  -10.18 (VIOLATED)
_17415_/A2                            320.00  330.11  -10.11 (VIOLATED)
_17742_/A1                            320.00  330.07  -10.07 (VIOLATED)
_17719_/A1                            320.00  329.94   -9.94 (VIOLATED)
_10517_/D                             320.00  329.88   -9.88 (VIOLATED)
_10531_/E                             320.00  329.88   -9.88 (VIOLATED)
_10497_/A                             320.00  329.88   -9.88 (VIOLATED)
_10490_/A                             320.00  329.88   -9.88 (VIOLATED)
_10486_/A                             320.00  329.88   -9.88 (VIOLATED)
_10503_/B                             320.00  329.87   -9.87 (VIOLATED)
Datapath_i.reg_1.reg_out1[22]$_DFFE_PP_/QN  320.00  329.86   -9.86 (VIOLATED)
_17686_/A1                            320.00  329.71   -9.71 (VIOLATED)
_17433_/A1                            320.00  329.66   -9.66 (VIOLATED)
_17668_/A1                            320.00  329.65   -9.65 (VIOLATED)
_12863_/A2                            320.00  328.98   -8.98 (VIOLATED)
_17452_/A1                            320.00  328.92   -8.92 (VIOLATED)
_17640_/A1                            320.00  328.78   -8.78 (VIOLATED)
_17596_/A1                            320.00  328.61   -8.61 (VIOLATED)
_17856_/B1                            320.00  328.52   -8.52 (VIOLATED)
_17904_/B1                            320.00  328.52   -8.52 (VIOLATED)
_12857_/A2                            320.00  328.49   -8.49 (VIOLATED)
_17879_/B1                            320.00  328.48   -8.48 (VIOLATED)
_17833_/B1                            320.00  328.45   -8.45 (VIOLATED)
_17748_/B1                            320.00  328.37   -8.37 (VIOLATED)
_12848_/A2                            320.00  328.36   -8.36 (VIOLATED)
_16616_/D                             320.00  328.30   -8.30 (VIOLATED)
_16657_/B1                            320.00  328.27   -8.27 (VIOLATED)
_16663_/B1                            320.00  328.27   -8.27 (VIOLATED)
_17725_/B1                            320.00  328.23   -8.23 (VIOLATED)
_16679_/B1                            320.00  328.23   -8.23 (VIOLATED)
_17534_/A1                            320.00  328.20   -8.20 (VIOLATED)
_16691_/B1                            320.00  328.20   -8.20 (VIOLATED)
_16780_/B1                            320.00  328.14   -8.14 (VIOLATED)
_16766_/B1                            320.00  328.13   -8.13 (VIOLATED)
_17692_/B1                            320.00  328.13   -8.13 (VIOLATED)
_16760_/B1                            320.00  328.12   -8.12 (VIOLATED)
_16806_/B1                            320.00  328.10   -8.10 (VIOLATED)
_16825_/B1                            320.00  328.09   -8.09 (VIOLATED)
_16851_/B1                            320.00  328.05   -8.05 (VIOLATED)
_16723_/B1                            320.00  328.02   -8.02 (VIOLATED)
_17345_/B                             320.00  327.98   -7.98 (VIOLATED)
_16748_/B1                            320.00  327.97   -7.97 (VIOLATED)
_17617_/B1                            320.00  327.95   -7.95 (VIOLATED)
_17552_/B1                            320.00  327.89   -7.89 (VIOLATED)
_17386_/B1                            320.00  327.82   -7.82 (VIOLATED)
_17586_/B1                            320.00  327.81   -7.81 (VIOLATED)
_17539_/B1                            320.00  327.76   -7.76 (VIOLATED)
_17417_/A                             320.00  327.74   -7.74 (VIOLATED)
_17477_/A1                            320.00  327.70   -7.70 (VIOLATED)
_17457_/B                             320.00  327.58   -7.58 (VIOLATED)
_17418_/B                             320.00  327.26   -7.26 (VIOLATED)
_17349_/B1                            320.00  327.17   -7.17 (VIOLATED)
_17620_/A1                            320.00  327.06   -7.06 (VIOLATED)
_12860_/A2                            320.00  327.06   -7.06 (VIOLATED)
_17366_/B1                            320.00  327.06   -7.06 (VIOLATED)
_12852_/A2                            320.00  327.04   -7.04 (VIOLATED)
_17546_/A1                            320.00  327.04   -7.04 (VIOLATED)
_12669_/B2                            320.00  326.77   -6.77 (VIOLATED)
_14706_/A1                            320.00  326.74   -6.74 (VIOLATED)
_14026_/A1                            320.00  326.72   -6.72 (VIOLATED)
_10953_/A1                            320.00  326.71   -6.71 (VIOLATED)
_15868_/A                             320.00  326.70   -6.70 (VIOLATED)
_13990_/A                             320.00  326.69   -6.69 (VIOLATED)
_13883_/A1                            320.00  326.69   -6.69 (VIOLATED)
_13884_/A1                            320.00  326.69   -6.69 (VIOLATED)
_10972_/A                             320.00  326.63   -6.63 (VIOLATED)
Datapath_i.fu_run_benchmark_38252_39575.Datapath_i.reg_2.reg_out1[10]$_DFFE_PP_/QN  320.00  326.60   -6.60 (VIOLATED)
_15684_/A2                            320.00  325.22   -5.22 (VIOLATED)
_15682_/A2                            320.00  325.22   -5.22 (VIOLATED)
_15680_/A2                            320.00  325.17   -5.17 (VIOLATED)
_15678_/A2                            320.00  325.13   -5.13 (VIOLATED)
_15676_/A2                            320.00  325.12   -5.12 (VIOLATED)
_15674_/A2                            320.00  325.08   -5.08 (VIOLATED)
_15672_/A2                            320.00  324.97   -4.97 (VIOLATED)
_15668_/A2                            320.00  324.84   -4.84 (VIOLATED)
_15662_/A2                            320.00  324.59   -4.59 (VIOLATED)
_15670_/A2                            320.00  324.00   -4.00 (VIOLATED)
_15666_/A2                            320.00  323.94   -3.94 (VIOLATED)
_15664_/A2                            320.00  323.92   -3.92 (VIOLATED)
_15660_/A2                            320.00  323.47   -3.47 (VIOLATED)
_16825_/A2                            320.00  323.32   -3.32 (VIOLATED)
_16806_/A2                            320.00  323.31   -3.31 (VIOLATED)
_16780_/A2                            320.00  323.17   -3.17 (VIOLATED)
_17903_/A2                            320.00  323.11   -3.11 (VIOLATED)
_17878_/A2                            320.00  323.11   -3.11 (VIOLATED)
_17855_/A2                            320.00  323.10   -3.10 (VIOLATED)
_16766_/A2                            320.00  323.06   -3.06 (VIOLATED)
_17832_/A2                            320.00  323.05   -3.05 (VIOLATED)
_16760_/A2                            320.00  323.03   -3.03 (VIOLATED)
_16616_/C                             320.00  322.99   -2.99 (VIOLATED)
_17747_/A2                            320.00  322.83   -2.83 (VIOLATED)
_17724_/A2                            320.00  322.79   -2.79 (VIOLATED)
_16748_/A2                            320.00  322.75   -2.75 (VIOLATED)
_17691_/A2                            320.00  322.68   -2.68 (VIOLATED)
_16851_/A2                            320.00  322.62   -2.62 (VIOLATED)
_16657_/A2                            320.00  322.54   -2.54 (VIOLATED)
_16663_/A2                            320.00  322.52   -2.52 (VIOLATED)
_15656_/A2                            320.00  322.49   -2.49 (VIOLATED)
_16679_/A2                            320.00  322.48   -2.48 (VIOLATED)
_16691_/A2                            320.00  322.45   -2.45 (VIOLATED)
_16723_/A2                            320.00  322.33   -2.33 (VIOLATED)
_17585_/A2                            320.00  322.22   -2.22 (VIOLATED)
_17456_/A2                            320.00  322.11   -2.11 (VIOLATED)
_17616_/A2                            320.00  322.05   -2.05 (VIOLATED)
_17551_/A2                            320.00  322.04   -2.04 (VIOLATED)
_17384_/A2                            320.00  322.02   -2.02 (VIOLATED)
_17538_/A2                            320.00  321.95   -1.95 (VIOLATED)
_15652_/A2                            320.00  321.79   -1.79 (VIOLATED)
_17481_/A2                            320.00  321.75   -1.75 (VIOLATED)
_17421_/A2                            320.00  321.66   -1.66 (VIOLATED)
_17365_/A2                            320.00  321.63   -1.63 (VIOLATED)
_17348_/A2                            320.00  321.62   -1.62 (VIOLATED)
_13098_/B1                            320.00  321.47   -1.47 (VIOLATED)
_15654_/A2                            320.00  321.46   -1.46 (VIOLATED)
_15650_/A2                            320.00  321.34   -1.34 (VIOLATED)
_15648_/A2                            320.00  321.25   -1.25 (VIOLATED)
_15643_/B1                            320.00  321.24   -1.24 (VIOLATED)
_15646_/A2                            320.00  320.99   -0.99 (VIOLATED)
_09961_/B                             320.00  320.79   -0.79 (VIOLATED)
_10257_/B                             320.00  320.79   -0.79 (VIOLATED)
_10252_/B                             320.00  320.77   -0.77 (VIOLATED)
_09956_/B                             320.00  320.76   -0.76 (VIOLATED)
_09744_/A                             320.00  320.74   -0.74 (VIOLATED)
_15641_/B1                            320.00  320.65   -0.65 (VIOLATED)
_09997_/B                             320.00  320.56   -0.56 (VIOLATED)
_10244_/B                             320.00  320.39   -0.39 (VIOLATED)
_15637_/A2                            320.00  320.35   -0.35 (VIOLATED)
_09992_/B                             320.00  320.30   -0.30 (VIOLATED)
_10239_/B                             320.00  320.29   -0.29 (VIOLATED)
_10262_/B                             320.00  320.23   -0.23 (VIOLATED)
_09967_/B                             320.00  320.23   -0.23 (VIOLATED)
_09973_/B                             320.00  320.21   -0.21 (VIOLATED)
_10267_/B                             320.00  320.19   -0.19 (VIOLATED)
_15635_/B1                            320.00  320.08   -0.08 (VIOLATED)
_09988_/B                             320.00  320.06   -0.06 (VIOLATED)

