Startpoint: Datapath_i.fu_run_benchmark_38252_39575.Datapath_i.reg_12.reg_out1[2]$_DFFE_PP_
            (rising edge-triggered flip-flop)
Endpoint: Datapath_i.fu_run_benchmark_38252_39575.Datapath_i.reg_29.reg_out1[5]$_SDFFCE_PP0P_
          (rising edge-triggered flip-flop)
Path Group: unconstrained
Path Type: max
Corner: slow

    Cap   Delay    Time   Description
----------------------------------------------------------------
           0.00    0.00 ^ Datapath_i.fu_run_benchmark_38252_39575.Datapath_i.reg_12.reg_out1[2]$_DFFE_PP_/CLK (DFFHQNx1_ASAP7_75t_R)
   3.47  128.11  128.11 v Datapath_i.fu_run_benchmark_38252_39575.Datapath_i.reg_12.reg_out1[2]$_DFFE_PP_/QN (DFFHQNx1_ASAP7_75t_R)
   2.94   44.85  172.96 ^ _09739_/Y (INVx1_ASAP7_75t_R)
   2.14   42.91  215.87 v _18052_/CON (HAxp5_ASAP7_75t_R)
   2.11   62.84  278.71 v _13864_/Y (OR3x1_ASAP7_75t_R)
   2.12   58.83  337.54 v _13874_/Y (OR3x1_ASAP7_75t_R)
   1.61   55.61  393.15 v _13879_/Y (OR3x1_ASAP7_75t_R)
   1.69   42.72  435.87 v _13885_/Y (OR2x2_ASAP7_75t_R)
   2.15   77.15  513.02 v _13895_/Y (OR4x2_ASAP7_75t_R)
   1.68   43.53  556.55 v _13904_/Y (OR2x2_ASAP7_75t_R)
   2.77   63.29  619.84 v _13905_/Y (OR3x2_ASAP7_75t_R)
   2.76   65.39  685.23 v _13912_/Y (OR3x2_ASAP7_75t_R)
   1.42   67.73  752.96 v _13928_/Y (OR4x1_ASAP7_75t_R)
   1.62   42.81  795.77 v _13934_/Y (OR2x2_ASAP7_75t_R)
   1.73   67.90  863.67 v _13942_/Y (OR4x1_ASAP7_75t_R)
   1.69   44.15  907.82 v _13951_/Y (OR2x2_ASAP7_75t_R)
   0.95   18.09  925.91 ^ _13952_/Y (NOR2x1_ASAP7_75t_R)
   3.43   65.86  991.77 v _13953_/Y (XNOR2x2_ASAP7_75t_R)
   0.49   33.38 1025.15 v _13977_/Y (XNOR2x1_ASAP7_75t_R)
   0.87   75.58 1100.73 v _13997_/Y (OR5x1_ASAP7_75t_R)
  11.29  128.13 1228.85 v _13998_/Y (OR5x2_ASAP7_75t_R)
  33.51  141.64 1370.50 v _14000_/Y (OR3x4_ASAP7_75t_R)
  25.80  156.60 1527.10 ^ _14003_/Y (NAND2x2_ASAP7_75t_R)
  25.50   91.27 1618.37 ^ load_slew29/Y (BUFx24_ASAP7_75t_R)
   0.52   30.34 1648.71 v _14096_/Y (NOR2x1_ASAP7_75t_R)
   0.65   38.79 1687.51 v _14098_/Y (OR2x2_ASAP7_75t_R)
           0.03 1687.54 v Datapath_i.fu_run_benchmark_38252_39575.Datapath_i.reg_29.reg_out1[5]$_SDFFCE_PP0P_/D (DFFHQNx1_ASAP7_75t_R)
                1687.54   data arrival time
----------------------------------------------------------------
(Path is unconstrained)


