Startpoint: Datapath_i.reg_19.reg_out1[2]$_DFF_P_
            (rising edge-triggered flip-flop)
Endpoint: Datapath_i.reg_21.reg_out1[31]$_DFF_P_
          (rising edge-triggered flip-flop)
Path Group: unconstrained
Path Type: max
Corner: slow

  Delay    Time   Description
---------------------------------------------------------
   0.00    0.00 ^ Datapath_i.reg_19.reg_out1[2]$_DFF_P_/CLK (DFFHQNx1_ASAP7_75t_R)
 301.87  301.87 ^ Datapath_i.reg_19.reg_out1[2]$_DFF_P_/QN (DFFHQNx1_ASAP7_75t_R)
  97.12  398.99 ^ _5340_/Y (OR2x2_ASAP7_75t_R)
  37.01  436.00 v _8884_/CON (FAx1_ASAP7_75t_R)
  28.70  464.70 ^ _8884_/SN (FAx1_ASAP7_75t_R)
  29.03  493.73 v _8027_/Y (INVx1_ASAP7_75t_R)
  41.07  534.79 ^ _8885_/CON (FAx1_ASAP7_75t_R)
  31.15  565.94 v _8885_/SN (FAx1_ASAP7_75t_R)
  75.60  641.54 v _9393_/SN (HAxp5_ASAP7_75t_R)
  64.41  705.95 ^ _8887_/SN (FAx1_ASAP7_75t_R)
  44.12  750.06 v _9396_/CON (HAxp5_ASAP7_75t_R)
  23.63  773.69 ^ _9396_/SN (HAxp5_ASAP7_75t_R)
  18.78  792.47 v _8326_/Y (INVx1_ASAP7_75t_R)
  34.15  826.62 ^ _9398_/CON (HAxp5_ASAP7_75t_R)
  23.98  850.60 v _9398_/SN (HAxp5_ASAP7_75t_R)
  17.12  867.72 ^ _8325_/Y (INVx1_ASAP7_75t_R)
  20.20  887.92 v _9400_/CON (HAxp5_ASAP7_75t_R)
  18.02  905.94 ^ _9400_/SN (HAxp5_ASAP7_75t_R)
  16.94  922.88 v _8328_/Y (INVx1_ASAP7_75t_R)
  42.13  965.01 v _9402_/SN (HAxp5_ASAP7_75t_R)
  16.96  981.98 ^ _7788_/Y (INVx1_ASAP7_75t_R)
  25.02 1006.99 v _9553_/CON (HAxp5_ASAP7_75t_R)
  27.62 1034.61 ^ _5371_/Y (INVx1_ASAP7_75t_R)
  35.52 1070.13 v _8889_/CON (FAx1_ASAP7_75t_R)
  45.71 1115.84 v _8396_/Y (OA21x2_ASAP7_75t_R)
  38.65 1154.49 v _8397_/Y (OA21x2_ASAP7_75t_R)
  36.56 1191.06 v _8398_/Y (OA21x2_ASAP7_75t_R)
  38.65 1229.71 v _8399_/Y (OA21x2_ASAP7_75t_R)
  36.56 1266.27 v _8404_/Y (OA21x2_ASAP7_75t_R)
  38.65 1304.93 v _8405_/Y (OA21x2_ASAP7_75t_R)
  36.57 1341.50 v _8410_/Y (OA21x2_ASAP7_75t_R)
  38.65 1380.15 v _8411_/Y (OA21x2_ASAP7_75t_R)
  36.57 1416.72 v _8416_/Y (OA21x2_ASAP7_75t_R)
  38.66 1455.37 v _8417_/Y (OA21x2_ASAP7_75t_R)
  36.57 1491.94 v _8422_/Y (OA21x2_ASAP7_75t_R)
  38.65 1530.60 v _8423_/Y (OA21x2_ASAP7_75t_R)
  36.57 1567.16 v _8429_/Y (OA21x2_ASAP7_75t_R)
  38.65 1605.82 v _8430_/Y (OA21x2_ASAP7_75t_R)
  36.57 1642.39 v _8435_/Y (OA21x2_ASAP7_75t_R)
  38.65 1681.04 v _8436_/Y (OA21x2_ASAP7_75t_R)
  36.57 1717.61 v _8441_/Y (OA21x2_ASAP7_75t_R)
  38.65 1756.27 v _8442_/Y (OA21x2_ASAP7_75t_R)
  36.57 1792.83 v _8447_/Y (OA21x2_ASAP7_75t_R)
  38.65 1831.49 v _8448_/Y (OA21x2_ASAP7_75t_R)
  36.57 1868.05 v _8453_/Y (OA21x2_ASAP7_75t_R)
  38.65 1906.71 v _8454_/Y (OA21x2_ASAP7_75t_R)
  36.57 1943.28 v _8460_/Y (OA21x2_ASAP7_75t_R)
  36.69 1979.97 v _8461_/Y (OA21x2_ASAP7_75t_R)
  42.93 2022.90 ^ _8558_/Y (XNOR2x2_ASAP7_75t_R)
   0.00 2022.90 ^ Datapath_i.reg_21.reg_out1[31]$_DFF_P_/D (DFFHQNx1_ASAP7_75t_R)
        2022.90   data arrival time
---------------------------------------------------------
(Path is unconstrained)


Startpoint: Datapath_i.reg_19.reg_out1[3]$_DFF_P_
            (rising edge-triggered flip-flop)
Endpoint: Datapath_i.reg_21.reg_out1[30]$_DFF_P_
          (rising edge-triggered flip-flop)
Path Group: unconstrained
Path Type: max
Corner: slow

  Delay    Time   Description
---------------------------------------------------------
   0.00    0.00 ^ Datapath_i.reg_19.reg_out1[3]$_DFF_P_/CLK (DFFHQNx1_ASAP7_75t_R)
 296.03  296.03 ^ Datapath_i.reg_19.reg_out1[3]$_DFF_P_/QN (DFFHQNx1_ASAP7_75t_R)
  88.38  384.41 v _5335_/Y (NOR2x1_ASAP7_75t_R)
  52.88  437.30 ^ _8882_/CON (FAx1_ASAP7_75t_R)
  28.35  465.64 v _8882_/SN (FAx1_ASAP7_75t_R)
  30.84  496.48 ^ _8016_/Y (INVx1_ASAP7_75t_R)
  31.75  528.23 v _8883_/CON (FAx1_ASAP7_75t_R)
  26.75  554.98 ^ _8883_/SN (FAx1_ASAP7_75t_R)
  21.84  576.82 v _8025_/Y (INVx1_ASAP7_75t_R)
  44.10  620.92 v _9391_/SN (HAxp5_ASAP7_75t_R)
  22.86  643.77 ^ _7968_/Y (INVx1_ASAP7_75t_R)
  58.17  701.95 v _8886_/SN (FAx1_ASAP7_75t_R)
  19.89  721.83 ^ _8029_/Y (INVx1_ASAP7_75t_R)
  31.18  753.01 v _9394_/CON (HAxp5_ASAP7_75t_R)
  23.15  776.17 ^ _9394_/SN (HAxp5_ASAP7_75t_R)
  18.46  794.62 v _6065_/Y (INVx1_ASAP7_75t_R)
  34.92  829.55 ^ _9395_/CON (HAxp5_ASAP7_75t_R)
  32.80  862.35 v _9395_/SN (HAxp5_ASAP7_75t_R)
  63.97  926.32 ^ _8888_/SN (FAx1_ASAP7_75t_R)
  32.02  958.34 v _9399_/CON (HAxp5_ASAP7_75t_R)
  21.06  979.40 ^ _9399_/SN (HAxp5_ASAP7_75t_R)
  27.93 1007.32 v _8330_/Y (INVx1_ASAP7_75t_R)
  45.16 1052.49 v _9401_/SN (HAxp5_ASAP7_75t_R)
  37.75 1090.24 v _8391_/Y (OA21x2_ASAP7_75t_R)
  38.47 1128.71 v _8392_/Y (OA21x2_ASAP7_75t_R)
  36.56 1165.28 v _8393_/Y (OA21x2_ASAP7_75t_R)
  38.65 1203.93 v _8394_/Y (OA21x2_ASAP7_75t_R)
  36.56 1240.49 v _8401_/Y (OA21x2_ASAP7_75t_R)
  38.65 1279.14 v _8402_/Y (OA21x2_ASAP7_75t_R)
  36.57 1315.71 v _8407_/Y (OA21x2_ASAP7_75t_R)
  38.65 1354.36 v _8408_/Y (OA21x2_ASAP7_75t_R)
  36.57 1390.93 v _8413_/Y (OA21x2_ASAP7_75t_R)
  38.65 1429.59 v _8414_/Y (OA21x2_ASAP7_75t_R)
  36.57 1466.15 v _8419_/Y (OA21x2_ASAP7_75t_R)
  38.65 1504.81 v _8420_/Y (OA21x2_ASAP7_75t_R)
  36.57 1541.38 v _8426_/Y (OA21x2_ASAP7_75t_R)
  38.65 1580.03 v _8427_/Y (OA21x2_ASAP7_75t_R)
  36.57 1616.60 v _8432_/Y (OA21x2_ASAP7_75t_R)
  38.65 1655.25 v _8433_/Y (OA21x2_ASAP7_75t_R)
  36.57 1691.82 v _8438_/Y (OA21x2_ASAP7_75t_R)
  38.65 1730.48 v _8439_/Y (OA21x2_ASAP7_75t_R)
  36.57 1767.05 v _8444_/Y (OA21x2_ASAP7_75t_R)
  38.65 1805.70 v _8445_/Y (OA21x2_ASAP7_75t_R)
  36.57 1842.27 v _8450_/Y (OA21x2_ASAP7_75t_R)
  38.65 1880.92 v _8451_/Y (OA21x2_ASAP7_75t_R)
  36.57 1917.49 v _8457_/Y (OA21x2_ASAP7_75t_R)
  36.66 1954.15 v _8458_/Y (OA21x2_ASAP7_75t_R)
  48.07 2002.22 ^ _8459_/Y (XOR2x2_ASAP7_75t_R)
   0.00 2002.22 ^ Datapath_i.reg_21.reg_out1[30]$_DFF_P_/D (DFFHQNx1_ASAP7_75t_R)
        2002.22   data arrival time
---------------------------------------------------------
(Path is unconstrained)


Startpoint: Datapath_i.reg_19.reg_out1[2]$_DFF_P_
            (rising edge-triggered flip-flop)
Endpoint: Datapath_i.reg_21.reg_out1[29]$_DFF_P_
          (rising edge-triggered flip-flop)
Path Group: unconstrained
Path Type: max
Corner: slow

  Delay    Time   Description
---------------------------------------------------------
   0.00    0.00 ^ Datapath_i.reg_19.reg_out1[2]$_DFF_P_/CLK (DFFHQNx1_ASAP7_75t_R)
 301.87  301.87 ^ Datapath_i.reg_19.reg_out1[2]$_DFF_P_/QN (DFFHQNx1_ASAP7_75t_R)
  97.12  398.99 ^ _5340_/Y (OR2x2_ASAP7_75t_R)
  37.01  436.00 v _8884_/CON (FAx1_ASAP7_75t_R)
  28.70  464.70 ^ _8884_/SN (FAx1_ASAP7_75t_R)
  29.03  493.73 v _8027_/Y (INVx1_ASAP7_75t_R)
  41.07  534.79 ^ _8885_/CON (FAx1_ASAP7_75t_R)
  31.15  565.94 v _8885_/SN (FAx1_ASAP7_75t_R)
  75.60  641.54 v _9393_/SN (HAxp5_ASAP7_75t_R)
  64.41  705.95 ^ _8887_/SN (FAx1_ASAP7_75t_R)
  44.12  750.06 v _9396_/CON (HAxp5_ASAP7_75t_R)
  23.63  773.69 ^ _9396_/SN (HAxp5_ASAP7_75t_R)
  18.78  792.47 v _8326_/Y (INVx1_ASAP7_75t_R)
  34.15  826.62 ^ _9398_/CON (HAxp5_ASAP7_75t_R)
  23.98  850.60 v _9398_/SN (HAxp5_ASAP7_75t_R)
  17.12  867.72 ^ _8325_/Y (INVx1_ASAP7_75t_R)
  20.20  887.92 v _9400_/CON (HAxp5_ASAP7_75t_R)
  18.02  905.94 ^ _9400_/SN (HAxp5_ASAP7_75t_R)
  16.94  922.88 v _8328_/Y (INVx1_ASAP7_75t_R)
  42.13  965.01 v _9402_/SN (HAxp5_ASAP7_75t_R)
  16.96  981.98 ^ _7788_/Y (INVx1_ASAP7_75t_R)
  25.02 1006.99 v _9553_/CON (HAxp5_ASAP7_75t_R)
  27.62 1034.61 ^ _5371_/Y (INVx1_ASAP7_75t_R)
  35.52 1070.13 v _8889_/CON (FAx1_ASAP7_75t_R)
  45.71 1115.84 v _8396_/Y (OA21x2_ASAP7_75t_R)
  38.65 1154.49 v _8397_/Y (OA21x2_ASAP7_75t_R)
  36.56 1191.06 v _8398_/Y (OA21x2_ASAP7_75t_R)
  38.65 1229.71 v _8399_/Y (OA21x2_ASAP7_75t_R)
  36.56 1266.27 v _8404_/Y (OA21x2_ASAP7_75t_R)
  38.65 1304.93 v _8405_/Y (OA21x2_ASAP7_75t_R)
  36.57 1341.50 v _8410_/Y (OA21x2_ASAP7_75t_R)
  38.65 1380.15 v _8411_/Y (OA21x2_ASAP7_75t_R)
  36.57 1416.72 v _8416_/Y (OA21x2_ASAP7_75t_R)
  38.66 1455.37 v _8417_/Y (OA21x2_ASAP7_75t_R)
  36.57 1491.94 v _8422_/Y (OA21x2_ASAP7_75t_R)
  38.65 1530.60 v _8423_/Y (OA21x2_ASAP7_75t_R)
  36.57 1567.16 v _8429_/Y (OA21x2_ASAP7_75t_R)
  38.65 1605.82 v _8430_/Y (OA21x2_ASAP7_75t_R)
  36.57 1642.39 v _8435_/Y (OA21x2_ASAP7_75t_R)
  38.65 1681.04 v _8436_/Y (OA21x2_ASAP7_75t_R)
  36.57 1717.61 v _8441_/Y (OA21x2_ASAP7_75t_R)
  38.65 1756.27 v _8442_/Y (OA21x2_ASAP7_75t_R)
  36.57 1792.83 v _8447_/Y (OA21x2_ASAP7_75t_R)
  38.65 1831.49 v _8448_/Y (OA21x2_ASAP7_75t_R)
  36.57 1868.05 v _8453_/Y (OA21x2_ASAP7_75t_R)
  38.65 1906.71 v _8454_/Y (OA21x2_ASAP7_75t_R)
  49.00 1955.71 ^ _8455_/Y (XOR2x2_ASAP7_75t_R)
   0.00 1955.71 ^ Datapath_i.reg_21.reg_out1[29]$_DFF_P_/D (DFFHQNx1_ASAP7_75t_R)
        1955.71   data arrival time
---------------------------------------------------------
(Path is unconstrained)


Startpoint: Datapath_i.reg_19.reg_out1[3]$_DFF_P_
            (rising edge-triggered flip-flop)
Endpoint: Datapath_i.reg_21.reg_out1[28]$_DFF_P_
          (rising edge-triggered flip-flop)
Path Group: unconstrained
Path Type: max
Corner: slow

  Delay    Time   Description
---------------------------------------------------------
   0.00    0.00 ^ Datapath_i.reg_19.reg_out1[3]$_DFF_P_/CLK (DFFHQNx1_ASAP7_75t_R)
 296.03  296.03 ^ Datapath_i.reg_19.reg_out1[3]$_DFF_P_/QN (DFFHQNx1_ASAP7_75t_R)
  88.38  384.41 v _5335_/Y (NOR2x1_ASAP7_75t_R)
  52.88  437.30 ^ _8882_/CON (FAx1_ASAP7_75t_R)
  28.35  465.64 v _8882_/SN (FAx1_ASAP7_75t_R)
  30.84  496.48 ^ _8016_/Y (INVx1_ASAP7_75t_R)
  31.75  528.23 v _8883_/CON (FAx1_ASAP7_75t_R)
  26.75  554.98 ^ _8883_/SN (FAx1_ASAP7_75t_R)
  21.84  576.82 v _8025_/Y (INVx1_ASAP7_75t_R)
  44.10  620.92 v _9391_/SN (HAxp5_ASAP7_75t_R)
  22.86  643.77 ^ _7968_/Y (INVx1_ASAP7_75t_R)
  58.17  701.95 v _8886_/SN (FAx1_ASAP7_75t_R)
  19.89  721.83 ^ _8029_/Y (INVx1_ASAP7_75t_R)
  31.18  753.01 v _9394_/CON (HAxp5_ASAP7_75t_R)
  23.15  776.17 ^ _9394_/SN (HAxp5_ASAP7_75t_R)
  18.46  794.62 v _6065_/Y (INVx1_ASAP7_75t_R)
  34.92  829.55 ^ _9395_/CON (HAxp5_ASAP7_75t_R)
  32.80  862.35 v _9395_/SN (HAxp5_ASAP7_75t_R)
  63.97  926.32 ^ _8888_/SN (FAx1_ASAP7_75t_R)
  32.02  958.34 v _9399_/CON (HAxp5_ASAP7_75t_R)
  21.06  979.40 ^ _9399_/SN (HAxp5_ASAP7_75t_R)
  27.93 1007.32 v _8330_/Y (INVx1_ASAP7_75t_R)
  45.16 1052.49 v _9401_/SN (HAxp5_ASAP7_75t_R)
  37.75 1090.24 v _8391_/Y (OA21x2_ASAP7_75t_R)
  38.47 1128.71 v _8392_/Y (OA21x2_ASAP7_75t_R)
  36.56 1165.28 v _8393_/Y (OA21x2_ASAP7_75t_R)
  38.65 1203.93 v _8394_/Y (OA21x2_ASAP7_75t_R)
  36.56 1240.49 v _8401_/Y (OA21x2_ASAP7_75t_R)
  38.65 1279.14 v _8402_/Y (OA21x2_ASAP7_75t_R)
  36.57 1315.71 v _8407_/Y (OA21x2_ASAP7_75t_R)
  38.65 1354.36 v _8408_/Y (OA21x2_ASAP7_75t_R)
  36.57 1390.93 v _8413_/Y (OA21x2_ASAP7_75t_R)
  38.65 1429.59 v _8414_/Y (OA21x2_ASAP7_75t_R)
  36.57 1466.15 v _8419_/Y (OA21x2_ASAP7_75t_R)
  38.65 1504.81 v _8420_/Y (OA21x2_ASAP7_75t_R)
  36.57 1541.38 v _8426_/Y (OA21x2_ASAP7_75t_R)
  38.65 1580.03 v _8427_/Y (OA21x2_ASAP7_75t_R)
  36.57 1616.60 v _8432_/Y (OA21x2_ASAP7_75t_R)
  38.65 1655.25 v _8433_/Y (OA21x2_ASAP7_75t_R)
  36.57 1691.82 v _8438_/Y (OA21x2_ASAP7_75t_R)
  38.65 1730.48 v _8439_/Y (OA21x2_ASAP7_75t_R)
  36.57 1767.05 v _8444_/Y (OA21x2_ASAP7_75t_R)
  38.65 1805.70 v _8445_/Y (OA21x2_ASAP7_75t_R)
  36.57 1842.27 v _8450_/Y (OA21x2_ASAP7_75t_R)
  38.65 1880.92 v _8451_/Y (OA21x2_ASAP7_75t_R)
  49.00 1929.93 ^ _8452_/Y (XOR2x2_ASAP7_75t_R)
   0.00 1929.93 ^ Datapath_i.reg_21.reg_out1[28]$_DFF_P_/D (DFFHQNx1_ASAP7_75t_R)
        1929.93   data arrival time
---------------------------------------------------------
(Path is unconstrained)


Startpoint: Datapath_i.reg_19.reg_out1[2]$_DFF_P_
            (rising edge-triggered flip-flop)
Endpoint: Datapath_i.reg_21.reg_out1[27]$_DFF_P_
          (rising edge-triggered flip-flop)
Path Group: unconstrained
Path Type: max
Corner: slow

  Delay    Time   Description
---------------------------------------------------------
   0.00    0.00 ^ Datapath_i.reg_19.reg_out1[2]$_DFF_P_/CLK (DFFHQNx1_ASAP7_75t_R)
 301.87  301.87 ^ Datapath_i.reg_19.reg_out1[2]$_DFF_P_/QN (DFFHQNx1_ASAP7_75t_R)
  97.12  398.99 ^ _5340_/Y (OR2x2_ASAP7_75t_R)
  37.01  436.00 v _8884_/CON (FAx1_ASAP7_75t_R)
  28.70  464.70 ^ _8884_/SN (FAx1_ASAP7_75t_R)
  29.03  493.73 v _8027_/Y (INVx1_ASAP7_75t_R)
  41.07  534.79 ^ _8885_/CON (FAx1_ASAP7_75t_R)
  31.15  565.94 v _8885_/SN (FAx1_ASAP7_75t_R)
  75.60  641.54 v _9393_/SN (HAxp5_ASAP7_75t_R)
  64.41  705.95 ^ _8887_/SN (FAx1_ASAP7_75t_R)
  44.12  750.06 v _9396_/CON (HAxp5_ASAP7_75t_R)
  23.63  773.69 ^ _9396_/SN (HAxp5_ASAP7_75t_R)
  18.78  792.47 v _8326_/Y (INVx1_ASAP7_75t_R)
  34.15  826.62 ^ _9398_/CON (HAxp5_ASAP7_75t_R)
  23.98  850.60 v _9398_/SN (HAxp5_ASAP7_75t_R)
  17.12  867.72 ^ _8325_/Y (INVx1_ASAP7_75t_R)
  20.20  887.92 v _9400_/CON (HAxp5_ASAP7_75t_R)
  18.02  905.94 ^ _9400_/SN (HAxp5_ASAP7_75t_R)
  16.94  922.88 v _8328_/Y (INVx1_ASAP7_75t_R)
  42.13  965.01 v _9402_/SN (HAxp5_ASAP7_75t_R)
  16.96  981.98 ^ _7788_/Y (INVx1_ASAP7_75t_R)
  25.02 1006.99 v _9553_/CON (HAxp5_ASAP7_75t_R)
  27.62 1034.61 ^ _5371_/Y (INVx1_ASAP7_75t_R)
  35.52 1070.13 v _8889_/CON (FAx1_ASAP7_75t_R)
  45.71 1115.84 v _8396_/Y (OA21x2_ASAP7_75t_R)
  38.65 1154.49 v _8397_/Y (OA21x2_ASAP7_75t_R)
  36.56 1191.06 v _8398_/Y (OA21x2_ASAP7_75t_R)
  38.65 1229.71 v _8399_/Y (OA21x2_ASAP7_75t_R)
  36.56 1266.27 v _8404_/Y (OA21x2_ASAP7_75t_R)
  38.65 1304.93 v _8405_/Y (OA21x2_ASAP7_75t_R)
  36.57 1341.50 v _8410_/Y (OA21x2_ASAP7_75t_R)
  38.65 1380.15 v _8411_/Y (OA21x2_ASAP7_75t_R)
  36.57 1416.72 v _8416_/Y (OA21x2_ASAP7_75t_R)
  38.66 1455.37 v _8417_/Y (OA21x2_ASAP7_75t_R)
  36.57 1491.94 v _8422_/Y (OA21x2_ASAP7_75t_R)
  38.65 1530.60 v _8423_/Y (OA21x2_ASAP7_75t_R)
  36.57 1567.16 v _8429_/Y (OA21x2_ASAP7_75t_R)
  38.65 1605.82 v _8430_/Y (OA21x2_ASAP7_75t_R)
  36.57 1642.39 v _8435_/Y (OA21x2_ASAP7_75t_R)
  38.65 1681.04 v _8436_/Y (OA21x2_ASAP7_75t_R)
  36.57 1717.61 v _8441_/Y (OA21x2_ASAP7_75t_R)
  38.65 1756.27 v _8442_/Y (OA21x2_ASAP7_75t_R)
  36.57 1792.83 v _8447_/Y (OA21x2_ASAP7_75t_R)
  38.65 1831.49 v _8448_/Y (OA21x2_ASAP7_75t_R)
  49.00 1880.49 ^ _8449_/Y (XOR2x2_ASAP7_75t_R)
   0.00 1880.49 ^ Datapath_i.reg_21.reg_out1[27]$_DFF_P_/D (DFFHQNx1_ASAP7_75t_R)
        1880.49   data arrival time
---------------------------------------------------------
(Path is unconstrained)


Startpoint: Datapath_i.reg_19.reg_out1[3]$_DFF_P_
            (rising edge-triggered flip-flop)
Endpoint: Datapath_i.reg_21.reg_out1[26]$_DFF_P_
          (rising edge-triggered flip-flop)
Path Group: unconstrained
Path Type: max
Corner: slow

  Delay    Time   Description
---------------------------------------------------------
   0.00    0.00 ^ Datapath_i.reg_19.reg_out1[3]$_DFF_P_/CLK (DFFHQNx1_ASAP7_75t_R)
 296.03  296.03 ^ Datapath_i.reg_19.reg_out1[3]$_DFF_P_/QN (DFFHQNx1_ASAP7_75t_R)
  88.38  384.41 v _5335_/Y (NOR2x1_ASAP7_75t_R)
  52.88  437.30 ^ _8882_/CON (FAx1_ASAP7_75t_R)
  28.35  465.64 v _8882_/SN (FAx1_ASAP7_75t_R)
  30.84  496.48 ^ _8016_/Y (INVx1_ASAP7_75t_R)
  31.75  528.23 v _8883_/CON (FAx1_ASAP7_75t_R)
  26.75  554.98 ^ _8883_/SN (FAx1_ASAP7_75t_R)
  21.84  576.82 v _8025_/Y (INVx1_ASAP7_75t_R)
  44.10  620.92 v _9391_/SN (HAxp5_ASAP7_75t_R)
  22.86  643.77 ^ _7968_/Y (INVx1_ASAP7_75t_R)
  58.17  701.95 v _8886_/SN (FAx1_ASAP7_75t_R)
  19.89  721.83 ^ _8029_/Y (INVx1_ASAP7_75t_R)
  31.18  753.01 v _9394_/CON (HAxp5_ASAP7_75t_R)
  23.15  776.17 ^ _9394_/SN (HAxp5_ASAP7_75t_R)
  18.46  794.62 v _6065_/Y (INVx1_ASAP7_75t_R)
  34.92  829.55 ^ _9395_/CON (HAxp5_ASAP7_75t_R)
  32.80  862.35 v _9395_/SN (HAxp5_ASAP7_75t_R)
  63.97  926.32 ^ _8888_/SN (FAx1_ASAP7_75t_R)
  32.02  958.34 v _9399_/CON (HAxp5_ASAP7_75t_R)
  21.06  979.40 ^ _9399_/SN (HAxp5_ASAP7_75t_R)
  27.93 1007.32 v _8330_/Y (INVx1_ASAP7_75t_R)
  45.16 1052.49 v _9401_/SN (HAxp5_ASAP7_75t_R)
  37.75 1090.24 v _8391_/Y (OA21x2_ASAP7_75t_R)
  38.47 1128.71 v _8392_/Y (OA21x2_ASAP7_75t_R)
  36.56 1165.28 v _8393_/Y (OA21x2_ASAP7_75t_R)
  38.65 1203.93 v _8394_/Y (OA21x2_ASAP7_75t_R)
  36.56 1240.49 v _8401_/Y (OA21x2_ASAP7_75t_R)
  38.65 1279.14 v _8402_/Y (OA21x2_ASAP7_75t_R)
  36.57 1315.71 v _8407_/Y (OA21x2_ASAP7_75t_R)
  38.65 1354.36 v _8408_/Y (OA21x2_ASAP7_75t_R)
  36.57 1390.93 v _8413_/Y (OA21x2_ASAP7_75t_R)
  38.65 1429.59 v _8414_/Y (OA21x2_ASAP7_75t_R)
  36.57 1466.15 v _8419_/Y (OA21x2_ASAP7_75t_R)
  38.65 1504.81 v _8420_/Y (OA21x2_ASAP7_75t_R)
  36.57 1541.38 v _8426_/Y (OA21x2_ASAP7_75t_R)
  38.65 1580.03 v _8427_/Y (OA21x2_ASAP7_75t_R)
  36.57 1616.60 v _8432_/Y (OA21x2_ASAP7_75t_R)
  38.65 1655.25 v _8433_/Y (OA21x2_ASAP7_75t_R)
  36.57 1691.82 v _8438_/Y (OA21x2_ASAP7_75t_R)
  38.65 1730.48 v _8439_/Y (OA21x2_ASAP7_75t_R)
  36.57 1767.05 v _8444_/Y (OA21x2_ASAP7_75t_R)
  38.65 1805.70 v _8445_/Y (OA21x2_ASAP7_75t_R)
  49.00 1854.70 ^ _8446_/Y (XOR2x2_ASAP7_75t_R)
   0.00 1854.70 ^ Datapath_i.reg_21.reg_out1[26]$_DFF_P_/D (DFFHQNx1_ASAP7_75t_R)
        1854.70   data arrival time
---------------------------------------------------------
(Path is unconstrained)


Startpoint: Datapath_i.reg_19.reg_out1[2]$_DFF_P_
            (rising edge-triggered flip-flop)
Endpoint: Datapath_i.reg_21.reg_out1[25]$_DFF_P_
          (rising edge-triggered flip-flop)
Path Group: unconstrained
Path Type: max
Corner: slow

  Delay    Time   Description
---------------------------------------------------------
   0.00    0.00 ^ Datapath_i.reg_19.reg_out1[2]$_DFF_P_/CLK (DFFHQNx1_ASAP7_75t_R)
 301.87  301.87 ^ Datapath_i.reg_19.reg_out1[2]$_DFF_P_/QN (DFFHQNx1_ASAP7_75t_R)
  97.12  398.99 ^ _5340_/Y (OR2x2_ASAP7_75t_R)
  37.01  436.00 v _8884_/CON (FAx1_ASAP7_75t_R)
  28.70  464.70 ^ _8884_/SN (FAx1_ASAP7_75t_R)
  29.03  493.73 v _8027_/Y (INVx1_ASAP7_75t_R)
  41.07  534.79 ^ _8885_/CON (FAx1_ASAP7_75t_R)
  31.15  565.94 v _8885_/SN (FAx1_ASAP7_75t_R)
  75.60  641.54 v _9393_/SN (HAxp5_ASAP7_75t_R)
  64.41  705.95 ^ _8887_/SN (FAx1_ASAP7_75t_R)
  44.12  750.06 v _9396_/CON (HAxp5_ASAP7_75t_R)
  23.63  773.69 ^ _9396_/SN (HAxp5_ASAP7_75t_R)
  18.78  792.47 v _8326_/Y (INVx1_ASAP7_75t_R)
  34.15  826.62 ^ _9398_/CON (HAxp5_ASAP7_75t_R)
  23.98  850.60 v _9398_/SN (HAxp5_ASAP7_75t_R)
  17.12  867.72 ^ _8325_/Y (INVx1_ASAP7_75t_R)
  20.20  887.92 v _9400_/CON (HAxp5_ASAP7_75t_R)
  18.02  905.94 ^ _9400_/SN (HAxp5_ASAP7_75t_R)
  16.94  922.88 v _8328_/Y (INVx1_ASAP7_75t_R)
  42.13  965.01 v _9402_/SN (HAxp5_ASAP7_75t_R)
  16.96  981.98 ^ _7788_/Y (INVx1_ASAP7_75t_R)
  25.02 1006.99 v _9553_/CON (HAxp5_ASAP7_75t_R)
  27.62 1034.61 ^ _5371_/Y (INVx1_ASAP7_75t_R)
  35.52 1070.13 v _8889_/CON (FAx1_ASAP7_75t_R)
  45.71 1115.84 v _8396_/Y (OA21x2_ASAP7_75t_R)
  38.65 1154.49 v _8397_/Y (OA21x2_ASAP7_75t_R)
  36.56 1191.06 v _8398_/Y (OA21x2_ASAP7_75t_R)
  38.65 1229.71 v _8399_/Y (OA21x2_ASAP7_75t_R)
  36.56 1266.27 v _8404_/Y (OA21x2_ASAP7_75t_R)
  38.65 1304.93 v _8405_/Y (OA21x2_ASAP7_75t_R)
  36.57 1341.50 v _8410_/Y (OA21x2_ASAP7_75t_R)
  38.65 1380.15 v _8411_/Y (OA21x2_ASAP7_75t_R)
  36.57 1416.72 v _8416_/Y (OA21x2_ASAP7_75t_R)
  38.66 1455.37 v _8417_/Y (OA21x2_ASAP7_75t_R)
  36.57 1491.94 v _8422_/Y (OA21x2_ASAP7_75t_R)
  38.65 1530.60 v _8423_/Y (OA21x2_ASAP7_75t_R)
  36.57 1567.16 v _8429_/Y (OA21x2_ASAP7_75t_R)
  38.65 1605.82 v _8430_/Y (OA21x2_ASAP7_75t_R)
  36.57 1642.39 v _8435_/Y (OA21x2_ASAP7_75t_R)
  38.65 1681.04 v _8436_/Y (OA21x2_ASAP7_75t_R)
  36.57 1717.61 v _8441_/Y (OA21x2_ASAP7_75t_R)
  38.65 1756.27 v _8442_/Y (OA21x2_ASAP7_75t_R)
  49.00 1805.27 ^ _8443_/Y (XOR2x2_ASAP7_75t_R)
   0.00 1805.27 ^ Datapath_i.reg_21.reg_out1[25]$_DFF_P_/D (DFFHQNx1_ASAP7_75t_R)
        1805.27   data arrival time
---------------------------------------------------------
(Path is unconstrained)


Startpoint: Datapath_i.reg_19.reg_out1[3]$_DFF_P_
            (rising edge-triggered flip-flop)
Endpoint: Datapath_i.reg_21.reg_out1[24]$_DFF_P_
          (rising edge-triggered flip-flop)
Path Group: unconstrained
Path Type: max
Corner: slow

  Delay    Time   Description
---------------------------------------------------------
   0.00    0.00 ^ Datapath_i.reg_19.reg_out1[3]$_DFF_P_/CLK (DFFHQNx1_ASAP7_75t_R)
 296.03  296.03 ^ Datapath_i.reg_19.reg_out1[3]$_DFF_P_/QN (DFFHQNx1_ASAP7_75t_R)
  88.38  384.41 v _5335_/Y (NOR2x1_ASAP7_75t_R)
  52.88  437.30 ^ _8882_/CON (FAx1_ASAP7_75t_R)
  28.35  465.64 v _8882_/SN (FAx1_ASAP7_75t_R)
  30.84  496.48 ^ _8016_/Y (INVx1_ASAP7_75t_R)
  31.75  528.23 v _8883_/CON (FAx1_ASAP7_75t_R)
  26.75  554.98 ^ _8883_/SN (FAx1_ASAP7_75t_R)
  21.84  576.82 v _8025_/Y (INVx1_ASAP7_75t_R)
  44.10  620.92 v _9391_/SN (HAxp5_ASAP7_75t_R)
  22.86  643.77 ^ _7968_/Y (INVx1_ASAP7_75t_R)
  58.17  701.95 v _8886_/SN (FAx1_ASAP7_75t_R)
  19.89  721.83 ^ _8029_/Y (INVx1_ASAP7_75t_R)
  31.18  753.01 v _9394_/CON (HAxp5_ASAP7_75t_R)
  23.15  776.17 ^ _9394_/SN (HAxp5_ASAP7_75t_R)
  18.46  794.62 v _6065_/Y (INVx1_ASAP7_75t_R)
  34.92  829.55 ^ _9395_/CON (HAxp5_ASAP7_75t_R)
  32.80  862.35 v _9395_/SN (HAxp5_ASAP7_75t_R)
  63.97  926.32 ^ _8888_/SN (FAx1_ASAP7_75t_R)
  32.02  958.34 v _9399_/CON (HAxp5_ASAP7_75t_R)
  21.06  979.40 ^ _9399_/SN (HAxp5_ASAP7_75t_R)
  27.93 1007.32 v _8330_/Y (INVx1_ASAP7_75t_R)
  45.16 1052.49 v _9401_/SN (HAxp5_ASAP7_75t_R)
  37.75 1090.24 v _8391_/Y (OA21x2_ASAP7_75t_R)
  38.47 1128.71 v _8392_/Y (OA21x2_ASAP7_75t_R)
  36.56 1165.28 v _8393_/Y (OA21x2_ASAP7_75t_R)
  38.65 1203.93 v _8394_/Y (OA21x2_ASAP7_75t_R)
  36.56 1240.49 v _8401_/Y (OA21x2_ASAP7_75t_R)
  38.65 1279.14 v _8402_/Y (OA21x2_ASAP7_75t_R)
  36.57 1315.71 v _8407_/Y (OA21x2_ASAP7_75t_R)
  38.65 1354.36 v _8408_/Y (OA21x2_ASAP7_75t_R)
  36.57 1390.93 v _8413_/Y (OA21x2_ASAP7_75t_R)
  38.65 1429.59 v _8414_/Y (OA21x2_ASAP7_75t_R)
  36.57 1466.15 v _8419_/Y (OA21x2_ASAP7_75t_R)
  38.65 1504.81 v _8420_/Y (OA21x2_ASAP7_75t_R)
  36.57 1541.38 v _8426_/Y (OA21x2_ASAP7_75t_R)
  38.65 1580.03 v _8427_/Y (OA21x2_ASAP7_75t_R)
  36.57 1616.60 v _8432_/Y (OA21x2_ASAP7_75t_R)
  38.65 1655.25 v _8433_/Y (OA21x2_ASAP7_75t_R)
  36.57 1691.82 v _8438_/Y (OA21x2_ASAP7_75t_R)
  38.65 1730.48 v _8439_/Y (OA21x2_ASAP7_75t_R)
  49.00 1779.48 ^ _8440_/Y (XOR2x2_ASAP7_75t_R)
   0.00 1779.48 ^ Datapath_i.reg_21.reg_out1[24]$_DFF_P_/D (DFFHQNx1_ASAP7_75t_R)
        1779.48   data arrival time
---------------------------------------------------------
(Path is unconstrained)


Startpoint: Datapath_i.reg_19.reg_out1[2]$_DFF_P_
            (rising edge-triggered flip-flop)
Endpoint: Datapath_i.reg_21.reg_out1[23]$_DFF_P_
          (rising edge-triggered flip-flop)
Path Group: unconstrained
Path Type: max
Corner: slow

  Delay    Time   Description
---------------------------------------------------------
   0.00    0.00 ^ Datapath_i.reg_19.reg_out1[2]$_DFF_P_/CLK (DFFHQNx1_ASAP7_75t_R)
 301.87  301.87 ^ Datapath_i.reg_19.reg_out1[2]$_DFF_P_/QN (DFFHQNx1_ASAP7_75t_R)
  97.12  398.99 ^ _5340_/Y (OR2x2_ASAP7_75t_R)
  37.01  436.00 v _8884_/CON (FAx1_ASAP7_75t_R)
  28.70  464.70 ^ _8884_/SN (FAx1_ASAP7_75t_R)
  29.03  493.73 v _8027_/Y (INVx1_ASAP7_75t_R)
  41.07  534.79 ^ _8885_/CON (FAx1_ASAP7_75t_R)
  31.15  565.94 v _8885_/SN (FAx1_ASAP7_75t_R)
  75.60  641.54 v _9393_/SN (HAxp5_ASAP7_75t_R)
  64.41  705.95 ^ _8887_/SN (FAx1_ASAP7_75t_R)
  44.12  750.06 v _9396_/CON (HAxp5_ASAP7_75t_R)
  23.63  773.69 ^ _9396_/SN (HAxp5_ASAP7_75t_R)
  18.78  792.47 v _8326_/Y (INVx1_ASAP7_75t_R)
  34.15  826.62 ^ _9398_/CON (HAxp5_ASAP7_75t_R)
  23.98  850.60 v _9398_/SN (HAxp5_ASAP7_75t_R)
  17.12  867.72 ^ _8325_/Y (INVx1_ASAP7_75t_R)
  20.20  887.92 v _9400_/CON (HAxp5_ASAP7_75t_R)
  18.02  905.94 ^ _9400_/SN (HAxp5_ASAP7_75t_R)
  16.94  922.88 v _8328_/Y (INVx1_ASAP7_75t_R)
  42.13  965.01 v _9402_/SN (HAxp5_ASAP7_75t_R)
  16.96  981.98 ^ _7788_/Y (INVx1_ASAP7_75t_R)
  25.02 1006.99 v _9553_/CON (HAxp5_ASAP7_75t_R)
  27.62 1034.61 ^ _5371_/Y (INVx1_ASAP7_75t_R)
  35.52 1070.13 v _8889_/CON (FAx1_ASAP7_75t_R)
  45.71 1115.84 v _8396_/Y (OA21x2_ASAP7_75t_R)
  38.65 1154.49 v _8397_/Y (OA21x2_ASAP7_75t_R)
  36.56 1191.06 v _8398_/Y (OA21x2_ASAP7_75t_R)
  38.65 1229.71 v _8399_/Y (OA21x2_ASAP7_75t_R)
  36.56 1266.27 v _8404_/Y (OA21x2_ASAP7_75t_R)
  38.65 1304.93 v _8405_/Y (OA21x2_ASAP7_75t_R)
  36.57 1341.50 v _8410_/Y (OA21x2_ASAP7_75t_R)
  38.65 1380.15 v _8411_/Y (OA21x2_ASAP7_75t_R)
  36.57 1416.72 v _8416_/Y (OA21x2_ASAP7_75t_R)
  38.66 1455.37 v _8417_/Y (OA21x2_ASAP7_75t_R)
  36.57 1491.94 v _8422_/Y (OA21x2_ASAP7_75t_R)
  38.65 1530.60 v _8423_/Y (OA21x2_ASAP7_75t_R)
  36.57 1567.16 v _8429_/Y (OA21x2_ASAP7_75t_R)
  38.65 1605.82 v _8430_/Y (OA21x2_ASAP7_75t_R)
  36.57 1642.39 v _8435_/Y (OA21x2_ASAP7_75t_R)
  38.65 1681.04 v _8436_/Y (OA21x2_ASAP7_75t_R)
  49.00 1730.05 ^ _8437_/Y (XOR2x2_ASAP7_75t_R)
   0.00 1730.05 ^ Datapath_i.reg_21.reg_out1[23]$_DFF_P_/D (DFFHQNx1_ASAP7_75t_R)
        1730.05   data arrival time
---------------------------------------------------------
(Path is unconstrained)


Startpoint: Datapath_i.reg_19.reg_out1[3]$_DFF_P_
            (rising edge-triggered flip-flop)
Endpoint: Datapath_i.reg_21.reg_out1[22]$_DFF_P_
          (rising edge-triggered flip-flop)
Path Group: unconstrained
Path Type: max
Corner: slow

  Delay    Time   Description
---------------------------------------------------------
   0.00    0.00 ^ Datapath_i.reg_19.reg_out1[3]$_DFF_P_/CLK (DFFHQNx1_ASAP7_75t_R)
 296.03  296.03 ^ Datapath_i.reg_19.reg_out1[3]$_DFF_P_/QN (DFFHQNx1_ASAP7_75t_R)
  88.38  384.41 v _5335_/Y (NOR2x1_ASAP7_75t_R)
  52.88  437.30 ^ _8882_/CON (FAx1_ASAP7_75t_R)
  28.35  465.64 v _8882_/SN (FAx1_ASAP7_75t_R)
  30.84  496.48 ^ _8016_/Y (INVx1_ASAP7_75t_R)
  31.75  528.23 v _8883_/CON (FAx1_ASAP7_75t_R)
  26.75  554.98 ^ _8883_/SN (FAx1_ASAP7_75t_R)
  21.84  576.82 v _8025_/Y (INVx1_ASAP7_75t_R)
  44.10  620.92 v _9391_/SN (HAxp5_ASAP7_75t_R)
  22.86  643.77 ^ _7968_/Y (INVx1_ASAP7_75t_R)
  58.17  701.95 v _8886_/SN (FAx1_ASAP7_75t_R)
  19.89  721.83 ^ _8029_/Y (INVx1_ASAP7_75t_R)
  31.18  753.01 v _9394_/CON (HAxp5_ASAP7_75t_R)
  23.15  776.17 ^ _9394_/SN (HAxp5_ASAP7_75t_R)
  18.46  794.62 v _6065_/Y (INVx1_ASAP7_75t_R)
  34.92  829.55 ^ _9395_/CON (HAxp5_ASAP7_75t_R)
  32.80  862.35 v _9395_/SN (HAxp5_ASAP7_75t_R)
  63.97  926.32 ^ _8888_/SN (FAx1_ASAP7_75t_R)
  32.02  958.34 v _9399_/CON (HAxp5_ASAP7_75t_R)
  21.06  979.40 ^ _9399_/SN (HAxp5_ASAP7_75t_R)
  27.93 1007.32 v _8330_/Y (INVx1_ASAP7_75t_R)
  45.16 1052.49 v _9401_/SN (HAxp5_ASAP7_75t_R)
  37.75 1090.24 v _8391_/Y (OA21x2_ASAP7_75t_R)
  38.47 1128.71 v _8392_/Y (OA21x2_ASAP7_75t_R)
  36.56 1165.28 v _8393_/Y (OA21x2_ASAP7_75t_R)
  38.65 1203.93 v _8394_/Y (OA21x2_ASAP7_75t_R)
  36.56 1240.49 v _8401_/Y (OA21x2_ASAP7_75t_R)
  38.65 1279.14 v _8402_/Y (OA21x2_ASAP7_75t_R)
  36.57 1315.71 v _8407_/Y (OA21x2_ASAP7_75t_R)
  38.65 1354.36 v _8408_/Y (OA21x2_ASAP7_75t_R)
  36.57 1390.93 v _8413_/Y (OA21x2_ASAP7_75t_R)
  38.65 1429.59 v _8414_/Y (OA21x2_ASAP7_75t_R)
  36.57 1466.15 v _8419_/Y (OA21x2_ASAP7_75t_R)
  38.65 1504.81 v _8420_/Y (OA21x2_ASAP7_75t_R)
  36.57 1541.38 v _8426_/Y (OA21x2_ASAP7_75t_R)
  38.65 1580.03 v _8427_/Y (OA21x2_ASAP7_75t_R)
  36.57 1616.60 v _8432_/Y (OA21x2_ASAP7_75t_R)
  38.65 1655.25 v _8433_/Y (OA21x2_ASAP7_75t_R)
  49.00 1704.26 ^ _8434_/Y (XOR2x2_ASAP7_75t_R)
   0.00 1704.26 ^ Datapath_i.reg_21.reg_out1[22]$_DFF_P_/D (DFFHQNx1_ASAP7_75t_R)
        1704.26   data arrival time
---------------------------------------------------------
(Path is unconstrained)


