Startpoint: fifo_north_pop_data[2] (input port)
Endpoint: array_array_6632d_d[28] (output port)
Path Group: unconstrained
Path Type: max
Corner: slow

  Delay    Time   Description
---------------------------------------------------------
   0.00    0.00 v input external delay
   7.74    7.74 v fifo_north_pop_data[2] (in)
  33.29   41.02 ^ _534_/Y (NAND2x1_ASAP7_75t_R)
  27.73   68.75 v _535_/Y (INVx1_ASAP7_75t_R)
 237.11  305.86 v _814_/SN (FAx1_ASAP7_75t_R)
  97.39  403.25 v _816_/SN (FAx1_ASAP7_75t_R)
  43.80  447.05 ^ _622_/Y (INVx1_ASAP7_75t_R)
  71.58  518.63 v _818_/SN (FAx1_ASAP7_75t_R)
  30.57  549.20 ^ _681_/Y (INVx1_ASAP7_75t_R)
  78.50  627.70 v _819_/SN (FAx1_ASAP7_75t_R)
 112.93  740.63 v _873_/SN (HAxp5_ASAP7_75t_R)
  59.60  800.23 v _590_/Y (OA21x2_ASAP7_75t_R)
  41.84  842.07 v _591_/Y (XOR2x1_ASAP7_75t_R)
  89.99  932.06 v _874_/SN (HAxp5_ASAP7_75t_R)
  55.78  987.84 v _722_/Y (OA21x2_ASAP7_75t_R)
  38.55 1026.40 v _727_/Y (OA21x2_ASAP7_75t_R)
  40.35 1066.74 v _728_/Y (OA21x2_ASAP7_75t_R)
  38.01 1104.75 v _733_/Y (OA21x2_ASAP7_75t_R)
  41.65 1146.40 v _734_/Y (OA21x2_ASAP7_75t_R)
  27.24 1173.64 ^ _740_/Y (NOR2x1_ASAP7_75t_R)
  71.90 1245.54 ^ _754_/Y (AND5x1_ASAP7_75t_R)
  40.92 1286.46 ^ _761_/Y (AND2x2_ASAP7_75t_R)
  41.70 1328.16 ^ _765_/Y (AND3x1_ASAP7_75t_R)
  80.02 1408.18 ^ _766_/Y (XOR2x2_ASAP7_75t_R)
   1.30 1409.48 ^ array_array_6632d_d[28] (out)
        1409.48   data arrival time
---------------------------------------------------------
(Path is unconstrained)


Startpoint: fifo_north_pop_data[2] (input port)
Endpoint: array_array_6632d_d[30] (output port)
Path Group: unconstrained
Path Type: max
Corner: slow

  Delay    Time   Description
---------------------------------------------------------
   0.00    0.00 v input external delay
   7.74    7.74 v fifo_north_pop_data[2] (in)
  33.29   41.02 ^ _534_/Y (NAND2x1_ASAP7_75t_R)
  27.73   68.75 v _535_/Y (INVx1_ASAP7_75t_R)
 237.11  305.86 v _814_/SN (FAx1_ASAP7_75t_R)
  97.39  403.25 v _816_/SN (FAx1_ASAP7_75t_R)
  43.80  447.05 ^ _622_/Y (INVx1_ASAP7_75t_R)
  71.58  518.63 v _818_/SN (FAx1_ASAP7_75t_R)
  30.57  549.20 ^ _681_/Y (INVx1_ASAP7_75t_R)
  78.50  627.70 v _819_/SN (FAx1_ASAP7_75t_R)
 112.93  740.63 v _873_/SN (HAxp5_ASAP7_75t_R)
  59.60  800.23 v _590_/Y (OA21x2_ASAP7_75t_R)
  41.84  842.07 v _591_/Y (XOR2x1_ASAP7_75t_R)
  89.99  932.06 v _874_/SN (HAxp5_ASAP7_75t_R)
  55.78  987.84 v _722_/Y (OA21x2_ASAP7_75t_R)
  38.55 1026.40 v _727_/Y (OA21x2_ASAP7_75t_R)
  40.35 1066.74 v _728_/Y (OA21x2_ASAP7_75t_R)
  38.01 1104.75 v _733_/Y (OA21x2_ASAP7_75t_R)
  41.65 1146.40 v _734_/Y (OA21x2_ASAP7_75t_R)
  27.24 1173.64 ^ _740_/Y (NOR2x1_ASAP7_75t_R)
  71.90 1245.54 ^ _754_/Y (AND5x1_ASAP7_75t_R)
  40.92 1286.46 ^ _761_/Y (AND2x2_ASAP7_75t_R)
  41.92 1328.38 ^ _772_/Y (AND3x1_ASAP7_75t_R)
  79.84 1408.22 ^ _773_/Y (XOR2x2_ASAP7_75t_R)
   1.13 1409.35 ^ array_array_6632d_d[30] (out)
        1409.35   data arrival time
---------------------------------------------------------
(Path is unconstrained)


Startpoint: fifo_north_pop_data[1] (input port)
Endpoint: array_array_6632d_d[29] (output port)
Path Group: unconstrained
Path Type: max
Corner: slow

  Delay    Time   Description
---------------------------------------------------------
   0.00    0.00 v input external delay
   6.91    6.91 v fifo_north_pop_data[1] (in)
  28.72   35.63 ^ _496_/Y (NAND2x1_ASAP7_75t_R)
  91.29  126.92 v _785_/SN (FAx1_ASAP7_75t_R)
  67.01  193.93 ^ _786_/CON (FAx1_ASAP7_75t_R)
  33.93  227.86 v _786_/SN (FAx1_ASAP7_75t_R)
  30.35  258.22 ^ _650_/Y (INVx1_ASAP7_75t_R)
  68.55  326.77 v _787_/SN (FAx1_ASAP7_75t_R)
  22.96  349.73 ^ _648_/Y (INVx1_ASAP7_75t_R)
  83.44  433.17 ^ _850_/SN (HAxp5_ASAP7_75t_R)
  30.17  463.34 v _693_/Y (INVx1_ASAP7_75t_R)
  51.01  514.35 v _851_/SN (HAxp5_ASAP7_75t_R)
  41.95  556.31 v _569_/Y (OA21x2_ASAP7_75t_R)
  41.39  597.70 v _570_/Y (OA21x2_ASAP7_75t_R)
  39.09  636.79 v _578_/Y (OA21x2_ASAP7_75t_R)
  42.34  679.13 v _579_/Y (OA21x2_ASAP7_75t_R)
  39.13  718.25 v _586_/Y (OA21x2_ASAP7_75t_R)
  42.01  760.26 v _587_/Y (OA21x2_ASAP7_75t_R)
  41.49  801.75 v _588_/Y (XOR2x1_ASAP7_75t_R)
  92.22  893.97 v _871_/SN (HAxp5_ASAP7_75t_R)
  56.18  950.15 v _719_/Y (OA21x2_ASAP7_75t_R)
  38.14  988.29 v _724_/Y (OA21x2_ASAP7_75t_R)
  39.92 1028.22 v _725_/Y (OA21x2_ASAP7_75t_R)
  38.27 1066.49 v _730_/Y (OA21x2_ASAP7_75t_R)
  40.42 1106.90 v _731_/Y (OA21x2_ASAP7_75t_R)
  43.16 1150.06 v _737_/Y (OA21x2_ASAP7_75t_R)
  24.09 1174.15 ^ _738_/Y (NOR2x2_ASAP7_75t_R)
  72.92 1247.07 ^ _752_/Y (AND5x2_ASAP7_75t_R)
  66.89 1313.97 ^ _768_/Y (AND5x1_ASAP7_75t_R)
  81.11 1395.08 ^ _769_/Y (XOR2x2_ASAP7_75t_R)
   1.19 1396.26 ^ array_array_6632d_d[29] (out)
        1396.26   data arrival time
---------------------------------------------------------
(Path is unconstrained)


Startpoint: fifo_north_pop_data[1] (input port)
Endpoint: array_array_6632d_d[31] (output port)
Path Group: unconstrained
Path Type: max
Corner: slow

  Delay    Time   Description
---------------------------------------------------------
   0.00    0.00 v input external delay
   6.91    6.91 v fifo_north_pop_data[1] (in)
  28.72   35.63 ^ _496_/Y (NAND2x1_ASAP7_75t_R)
  91.29  126.92 v _785_/SN (FAx1_ASAP7_75t_R)
  67.01  193.93 ^ _786_/CON (FAx1_ASAP7_75t_R)
  33.93  227.86 v _786_/SN (FAx1_ASAP7_75t_R)
  30.35  258.22 ^ _650_/Y (INVx1_ASAP7_75t_R)
  68.55  326.77 v _787_/SN (FAx1_ASAP7_75t_R)
  22.96  349.73 ^ _648_/Y (INVx1_ASAP7_75t_R)
  83.44  433.17 ^ _850_/SN (HAxp5_ASAP7_75t_R)
  30.17  463.34 v _693_/Y (INVx1_ASAP7_75t_R)
  51.01  514.35 v _851_/SN (HAxp5_ASAP7_75t_R)
  41.95  556.31 v _569_/Y (OA21x2_ASAP7_75t_R)
  41.39  597.70 v _570_/Y (OA21x2_ASAP7_75t_R)
  39.09  636.79 v _578_/Y (OA21x2_ASAP7_75t_R)
  42.34  679.13 v _579_/Y (OA21x2_ASAP7_75t_R)
  39.13  718.25 v _586_/Y (OA21x2_ASAP7_75t_R)
  42.01  760.26 v _587_/Y (OA21x2_ASAP7_75t_R)
  41.49  801.75 v _588_/Y (XOR2x1_ASAP7_75t_R)
  92.22  893.97 v _871_/SN (HAxp5_ASAP7_75t_R)
  56.18  950.15 v _719_/Y (OA21x2_ASAP7_75t_R)
  38.14  988.29 v _724_/Y (OA21x2_ASAP7_75t_R)
  39.92 1028.22 v _725_/Y (OA21x2_ASAP7_75t_R)
  38.27 1066.49 v _730_/Y (OA21x2_ASAP7_75t_R)
  40.42 1106.90 v _731_/Y (OA21x2_ASAP7_75t_R)
  43.16 1150.06 v _737_/Y (OA21x2_ASAP7_75t_R)
  24.09 1174.15 ^ _738_/Y (NOR2x2_ASAP7_75t_R)
  72.92 1247.07 ^ _752_/Y (AND5x2_ASAP7_75t_R)
  66.56 1313.64 ^ _774_/Y (AND5x1_ASAP7_75t_R)
  80.90 1394.53 ^ _775_/Y (XOR2x2_ASAP7_75t_R)
   1.19 1395.72 ^ array_array_6632d_d[31] (out)
        1395.72   data arrival time
---------------------------------------------------------
(Path is unconstrained)


Startpoint: fifo_north_pop_data[1] (input port)
Endpoint: array_array_6632d_d[27] (output port)
Path Group: unconstrained
Path Type: max
Corner: slow

  Delay    Time   Description
---------------------------------------------------------
   0.00    0.00 v input external delay
   6.91    6.91 v fifo_north_pop_data[1] (in)
  28.72   35.63 ^ _496_/Y (NAND2x1_ASAP7_75t_R)
  91.29  126.92 v _785_/SN (FAx1_ASAP7_75t_R)
  67.01  193.93 ^ _786_/CON (FAx1_ASAP7_75t_R)
  33.93  227.86 v _786_/SN (FAx1_ASAP7_75t_R)
  30.35  258.22 ^ _650_/Y (INVx1_ASAP7_75t_R)
  68.55  326.77 v _787_/SN (FAx1_ASAP7_75t_R)
  22.96  349.73 ^ _648_/Y (INVx1_ASAP7_75t_R)
  83.44  433.17 ^ _850_/SN (HAxp5_ASAP7_75t_R)
  30.17  463.34 v _693_/Y (INVx1_ASAP7_75t_R)
  51.01  514.35 v _851_/SN (HAxp5_ASAP7_75t_R)
  41.95  556.31 v _569_/Y (OA21x2_ASAP7_75t_R)
  41.39  597.70 v _570_/Y (OA21x2_ASAP7_75t_R)
  39.09  636.79 v _578_/Y (OA21x2_ASAP7_75t_R)
  42.34  679.13 v _579_/Y (OA21x2_ASAP7_75t_R)
  39.13  718.25 v _586_/Y (OA21x2_ASAP7_75t_R)
  42.01  760.26 v _587_/Y (OA21x2_ASAP7_75t_R)
  41.49  801.75 v _588_/Y (XOR2x1_ASAP7_75t_R)
  92.22  893.97 v _871_/SN (HAxp5_ASAP7_75t_R)
  56.18  950.15 v _719_/Y (OA21x2_ASAP7_75t_R)
  38.14  988.29 v _724_/Y (OA21x2_ASAP7_75t_R)
  39.92 1028.22 v _725_/Y (OA21x2_ASAP7_75t_R)
  38.27 1066.49 v _730_/Y (OA21x2_ASAP7_75t_R)
  40.42 1106.90 v _731_/Y (OA21x2_ASAP7_75t_R)
  43.16 1150.06 v _737_/Y (OA21x2_ASAP7_75t_R)
  24.09 1174.15 ^ _738_/Y (NOR2x2_ASAP7_75t_R)
  72.92 1247.07 ^ _752_/Y (AND5x2_ASAP7_75t_R)
  45.18 1292.25 ^ _763_/Y (AND3x1_ASAP7_75t_R)
  79.72 1371.97 ^ _764_/Y (XOR2x2_ASAP7_75t_R)
   1.25 1373.22 ^ array_array_6632d_d[27] (out)
        1373.22   data arrival time
---------------------------------------------------------
(Path is unconstrained)


Startpoint: fifo_north_pop_data[2] (input port)
Endpoint: array_array_6632d_d[26] (output port)
Path Group: unconstrained
Path Type: max
Corner: slow

  Delay    Time   Description
---------------------------------------------------------
   0.00    0.00 v input external delay
   7.74    7.74 v fifo_north_pop_data[2] (in)
  33.29   41.02 ^ _534_/Y (NAND2x1_ASAP7_75t_R)
  27.73   68.75 v _535_/Y (INVx1_ASAP7_75t_R)
 237.11  305.86 v _814_/SN (FAx1_ASAP7_75t_R)
  97.39  403.25 v _816_/SN (FAx1_ASAP7_75t_R)
  43.80  447.05 ^ _622_/Y (INVx1_ASAP7_75t_R)
  71.58  518.63 v _818_/SN (FAx1_ASAP7_75t_R)
  30.57  549.20 ^ _681_/Y (INVx1_ASAP7_75t_R)
  78.50  627.70 v _819_/SN (FAx1_ASAP7_75t_R)
 112.93  740.63 v _873_/SN (HAxp5_ASAP7_75t_R)
  59.60  800.23 v _590_/Y (OA21x2_ASAP7_75t_R)
  41.84  842.07 v _591_/Y (XOR2x1_ASAP7_75t_R)
  89.99  932.06 v _874_/SN (HAxp5_ASAP7_75t_R)
  55.78  987.84 v _722_/Y (OA21x2_ASAP7_75t_R)
  38.55 1026.40 v _727_/Y (OA21x2_ASAP7_75t_R)
  40.35 1066.74 v _728_/Y (OA21x2_ASAP7_75t_R)
  38.01 1104.75 v _733_/Y (OA21x2_ASAP7_75t_R)
  41.65 1146.40 v _734_/Y (OA21x2_ASAP7_75t_R)
  27.24 1173.64 ^ _740_/Y (NOR2x1_ASAP7_75t_R)
  71.90 1245.54 ^ _754_/Y (AND5x1_ASAP7_75t_R)
  40.92 1286.46 ^ _761_/Y (AND2x2_ASAP7_75t_R)
  80.12 1366.58 ^ _762_/Y (XOR2x2_ASAP7_75t_R)
   1.18 1367.76 ^ array_array_6632d_d[26] (out)
        1367.76   data arrival time
---------------------------------------------------------
(Path is unconstrained)


Startpoint: fifo_north_pop_data[1] (input port)
Endpoint: array_array_6632d_d[25] (output port)
Path Group: unconstrained
Path Type: max
Corner: slow

  Delay    Time   Description
---------------------------------------------------------
   0.00    0.00 v input external delay
   6.91    6.91 v fifo_north_pop_data[1] (in)
  28.72   35.63 ^ _496_/Y (NAND2x1_ASAP7_75t_R)
  91.29  126.92 v _785_/SN (FAx1_ASAP7_75t_R)
  67.01  193.93 ^ _786_/CON (FAx1_ASAP7_75t_R)
  33.93  227.86 v _786_/SN (FAx1_ASAP7_75t_R)
  30.35  258.22 ^ _650_/Y (INVx1_ASAP7_75t_R)
  68.55  326.77 v _787_/SN (FAx1_ASAP7_75t_R)
  22.96  349.73 ^ _648_/Y (INVx1_ASAP7_75t_R)
  83.44  433.17 ^ _850_/SN (HAxp5_ASAP7_75t_R)
  30.17  463.34 v _693_/Y (INVx1_ASAP7_75t_R)
  51.01  514.35 v _851_/SN (HAxp5_ASAP7_75t_R)
  41.95  556.31 v _569_/Y (OA21x2_ASAP7_75t_R)
  41.39  597.70 v _570_/Y (OA21x2_ASAP7_75t_R)
  39.09  636.79 v _578_/Y (OA21x2_ASAP7_75t_R)
  42.34  679.13 v _579_/Y (OA21x2_ASAP7_75t_R)
  39.13  718.25 v _586_/Y (OA21x2_ASAP7_75t_R)
  42.01  760.26 v _587_/Y (OA21x2_ASAP7_75t_R)
  41.49  801.75 v _588_/Y (XOR2x1_ASAP7_75t_R)
  92.22  893.97 v _871_/SN (HAxp5_ASAP7_75t_R)
  56.18  950.15 v _719_/Y (OA21x2_ASAP7_75t_R)
  38.14  988.29 v _724_/Y (OA21x2_ASAP7_75t_R)
  39.92 1028.22 v _725_/Y (OA21x2_ASAP7_75t_R)
  38.27 1066.49 v _730_/Y (OA21x2_ASAP7_75t_R)
  40.42 1106.90 v _731_/Y (OA21x2_ASAP7_75t_R)
  43.16 1150.06 v _737_/Y (OA21x2_ASAP7_75t_R)
  24.09 1174.15 ^ _738_/Y (NOR2x2_ASAP7_75t_R)
  72.92 1247.07 ^ _752_/Y (AND5x2_ASAP7_75t_R)
  20.38 1267.45 v _758_/Y (NAND2x1_ASAP7_75t_R)
  85.62 1353.07 ^ _759_/Y (XNOR2x2_ASAP7_75t_R)
   1.11 1354.18 ^ array_array_6632d_d[25] (out)
        1354.18   data arrival time
---------------------------------------------------------
(Path is unconstrained)


Startpoint: fifo_north_pop_data[2] (input port)
Endpoint: array_array_6632d_d[24] (output port)
Path Group: unconstrained
Path Type: max
Corner: slow

  Delay    Time   Description
---------------------------------------------------------
   0.00    0.00 v input external delay
   7.74    7.74 v fifo_north_pop_data[2] (in)
  33.29   41.02 ^ _534_/Y (NAND2x1_ASAP7_75t_R)
  27.73   68.75 v _535_/Y (INVx1_ASAP7_75t_R)
 237.11  305.86 v _814_/SN (FAx1_ASAP7_75t_R)
  97.39  403.25 v _816_/SN (FAx1_ASAP7_75t_R)
  43.80  447.05 ^ _622_/Y (INVx1_ASAP7_75t_R)
  71.58  518.63 v _818_/SN (FAx1_ASAP7_75t_R)
  30.57  549.20 ^ _681_/Y (INVx1_ASAP7_75t_R)
  78.50  627.70 v _819_/SN (FAx1_ASAP7_75t_R)
 112.93  740.63 v _873_/SN (HAxp5_ASAP7_75t_R)
  59.60  800.23 v _590_/Y (OA21x2_ASAP7_75t_R)
  41.84  842.07 v _591_/Y (XOR2x1_ASAP7_75t_R)
  89.99  932.06 v _874_/SN (HAxp5_ASAP7_75t_R)
  55.78  987.84 v _722_/Y (OA21x2_ASAP7_75t_R)
  38.55 1026.40 v _727_/Y (OA21x2_ASAP7_75t_R)
  40.35 1066.74 v _728_/Y (OA21x2_ASAP7_75t_R)
  38.01 1104.75 v _733_/Y (OA21x2_ASAP7_75t_R)
  41.65 1146.40 v _734_/Y (OA21x2_ASAP7_75t_R)
  27.24 1173.64 ^ _740_/Y (NOR2x1_ASAP7_75t_R)
  71.90 1245.54 ^ _754_/Y (AND5x1_ASAP7_75t_R)
  19.02 1264.56 v _755_/Y (NAND2x1_ASAP7_75t_R)
  86.37 1350.92 ^ _756_/Y (XNOR2x2_ASAP7_75t_R)
   1.30 1352.23 ^ array_array_6632d_d[24] (out)
        1352.23   data arrival time
---------------------------------------------------------
(Path is unconstrained)


Startpoint: fifo_north_pop_data[2] (input port)
Endpoint: array_array_6632d_d[22] (output port)
Path Group: unconstrained
Path Type: max
Corner: slow

  Delay    Time   Description
---------------------------------------------------------
   0.00    0.00 v input external delay
   7.74    7.74 v fifo_north_pop_data[2] (in)
  33.29   41.02 ^ _534_/Y (NAND2x1_ASAP7_75t_R)
  27.73   68.75 v _535_/Y (INVx1_ASAP7_75t_R)
 237.11  305.86 v _814_/SN (FAx1_ASAP7_75t_R)
  97.39  403.25 v _816_/SN (FAx1_ASAP7_75t_R)
  43.80  447.05 ^ _622_/Y (INVx1_ASAP7_75t_R)
  71.58  518.63 v _818_/SN (FAx1_ASAP7_75t_R)
  30.57  549.20 ^ _681_/Y (INVx1_ASAP7_75t_R)
  78.50  627.70 v _819_/SN (FAx1_ASAP7_75t_R)
 112.93  740.63 v _873_/SN (HAxp5_ASAP7_75t_R)
  59.60  800.23 v _590_/Y (OA21x2_ASAP7_75t_R)
  41.84  842.07 v _591_/Y (XOR2x1_ASAP7_75t_R)
  89.99  932.06 v _874_/SN (HAxp5_ASAP7_75t_R)
  55.78  987.84 v _722_/Y (OA21x2_ASAP7_75t_R)
  38.55 1026.40 v _727_/Y (OA21x2_ASAP7_75t_R)
  40.35 1066.74 v _728_/Y (OA21x2_ASAP7_75t_R)
  38.01 1104.75 v _733_/Y (OA21x2_ASAP7_75t_R)
  41.65 1146.40 v _734_/Y (OA21x2_ASAP7_75t_R)
  27.24 1173.64 ^ _740_/Y (NOR2x1_ASAP7_75t_R)
  38.45 1212.09 ^ _746_/Y (AND2x2_ASAP7_75t_R)
  39.87 1251.96 ^ _750_/Y (AND3x1_ASAP7_75t_R)
  79.38 1331.33 ^ _751_/Y (XOR2x2_ASAP7_75t_R)
   1.15 1332.48 ^ array_array_6632d_d[22] (out)
        1332.48   data arrival time
---------------------------------------------------------
(Path is unconstrained)


Startpoint: fifo_north_pop_data[1] (input port)
Endpoint: array_array_6632d_d[23] (output port)
Path Group: unconstrained
Path Type: max
Corner: slow

  Delay    Time   Description
---------------------------------------------------------
   0.00    0.00 v input external delay
   6.91    6.91 v fifo_north_pop_data[1] (in)
  28.72   35.63 ^ _496_/Y (NAND2x1_ASAP7_75t_R)
  91.29  126.92 v _785_/SN (FAx1_ASAP7_75t_R)
  67.01  193.93 ^ _786_/CON (FAx1_ASAP7_75t_R)
  33.93  227.86 v _786_/SN (FAx1_ASAP7_75t_R)
  30.35  258.22 ^ _650_/Y (INVx1_ASAP7_75t_R)
  68.55  326.77 v _787_/SN (FAx1_ASAP7_75t_R)
  22.96  349.73 ^ _648_/Y (INVx1_ASAP7_75t_R)
  83.44  433.17 ^ _850_/SN (HAxp5_ASAP7_75t_R)
  30.17  463.34 v _693_/Y (INVx1_ASAP7_75t_R)
  51.01  514.35 v _851_/SN (HAxp5_ASAP7_75t_R)
  41.95  556.31 v _569_/Y (OA21x2_ASAP7_75t_R)
  41.39  597.70 v _570_/Y (OA21x2_ASAP7_75t_R)
  39.09  636.79 v _578_/Y (OA21x2_ASAP7_75t_R)
  42.34  679.13 v _579_/Y (OA21x2_ASAP7_75t_R)
  39.13  718.25 v _586_/Y (OA21x2_ASAP7_75t_R)
  42.01  760.26 v _587_/Y (OA21x2_ASAP7_75t_R)
  41.49  801.75 v _588_/Y (XOR2x1_ASAP7_75t_R)
  92.22  893.97 v _871_/SN (HAxp5_ASAP7_75t_R)
  56.18  950.15 v _719_/Y (OA21x2_ASAP7_75t_R)
  38.14  988.29 v _724_/Y (OA21x2_ASAP7_75t_R)
  39.92 1028.22 v _725_/Y (OA21x2_ASAP7_75t_R)
  38.27 1066.49 v _730_/Y (OA21x2_ASAP7_75t_R)
  40.42 1106.90 v _731_/Y (OA21x2_ASAP7_75t_R)
  43.16 1150.06 v _737_/Y (OA21x2_ASAP7_75t_R)
  24.09 1174.15 ^ _738_/Y (NOR2x2_ASAP7_75t_R)
  72.92 1247.07 ^ _752_/Y (AND5x2_ASAP7_75t_R)
  83.90 1330.97 ^ _753_/Y (XOR2x2_ASAP7_75t_R)
   1.11 1332.08 ^ array_array_6632d_d[23] (out)
        1332.08   data arrival time
---------------------------------------------------------
(Path is unconstrained)


