max slew

Pin                                    Limit    Slew   Slack
------------------------------------------------------------
_19114_/A                             320.00  371.61  -51.61 (VIOLATED)
_19131_/A1                            320.00  371.61  -51.61 (VIOLATED)
_22373_/B                             320.00  371.61  -51.61 (VIOLATED)
_22721_/A                             320.00  371.61  -51.61 (VIOLATED)
_22573_/A                             320.00  371.61  -51.61 (VIOLATED)
_22375_/A1                            320.00  371.60  -51.60 (VIOLATED)
_22389_/A                             320.00  371.60  -51.60 (VIOLATED)
_22579_/A1                            320.00  371.60  -51.60 (VIOLATED)
_23711_/A2                            320.00  334.69  -14.69 (VIOLATED)
_23279_/A2                            320.00  334.69  -14.69 (VIOLATED)
_23705_/A2                            320.00  334.68  -14.68 (VIOLATED)
_23290_/A2                            320.00  334.67  -14.67 (VIOLATED)
_23317_/A2                            320.00  334.64  -14.64 (VIOLATED)
_23298_/A2                            320.00  334.62  -14.62 (VIOLATED)
_23309_/A2                            320.00  334.57  -14.57 (VIOLATED)
_23717_/A2                            320.00  334.46  -14.46 (VIOLATED)
_23339_/A2                            320.00  334.08  -14.08 (VIOLATED)
_23333_/A2                            320.00  334.06  -14.06 (VIOLATED)
_23355_/A2                            320.00  333.82  -13.82 (VIOLATED)
_23363_/A2                            320.00  333.70  -13.70 (VIOLATED)
_23347_/A2                            320.00  333.62  -13.62 (VIOLATED)
_25353_/CI                            320.00  333.32  -13.32 (VIOLATED)
_18748_/A                             320.00  333.32  -13.32 (VIOLATED)
_25324_/CI                            320.00  333.31  -13.31 (VIOLATED)
_21025_/A                             320.00  333.31  -13.31 (VIOLATED)
_25266_/CI                            320.00  333.31  -13.31 (VIOLATED)
_25295_/CI                            320.00  333.31  -13.31 (VIOLATED)
_23376_/A2                            320.00  333.21  -13.21 (VIOLATED)
_23383_/A2                            320.00  332.93  -12.93 (VIOLATED)
_23392_/A2                            320.00  332.75  -12.75 (VIOLATED)
_23399_/A2                            320.00  332.51  -12.51 (VIOLATED)
_23407_/A2                            320.00  332.38  -12.38 (VIOLATED)
_23414_/A2                            320.00  332.15  -12.15 (VIOLATED)
_23672_/A2                            320.00  331.84  -11.84 (VIOLATED)
_23615_/A2                            320.00  331.84  -11.84 (VIOLATED)
_23551_/A2                            320.00  331.84  -11.84 (VIOLATED)
_23699_/A2                            320.00  331.83  -11.83 (VIOLATED)
_23422_/A2                            320.00  331.80  -11.80 (VIOLATED)
_23261_/A2                            320.00  331.79  -11.79 (VIOLATED)
_23369_/A2                            320.00  331.76  -11.76 (VIOLATED)
_23431_/A2                            320.00  331.67  -11.67 (VIOLATED)
_23836_/A2                            320.00  331.54  -11.54 (VIOLATED)
_23441_/A2                            320.00  331.49  -11.49 (VIOLATED)
_23822_/A2                            320.00  331.46  -11.46 (VIOLATED)
_23812_/A2                            320.00  331.45  -11.45 (VIOLATED)
_23450_/A2                            320.00  331.41  -11.41 (VIOLATED)
_23469_/A2                            320.00  331.37  -11.37 (VIOLATED)
_23805_/A2                            320.00  331.34  -11.34 (VIOLATED)
_23481_/A2                            320.00  331.22  -11.22 (VIOLATED)
_23791_/A2                            320.00  331.21  -11.21 (VIOLATED)
_23784_/A2                            320.00  331.12  -11.12 (VIOLATED)
_23777_/A2                            320.00  331.01  -11.01 (VIOLATED)
_23769_/A2                            320.00  330.94  -10.94 (VIOLATED)
_23762_/A2                            320.00  330.91  -10.91 (VIOLATED)
_24027_/B                             320.00  330.89  -10.89 (VIOLATED)
_24017_/B                             320.00  330.89  -10.89 (VIOLATED)
_24022_/B                             320.00  330.89  -10.89 (VIOLATED)
_24032_/A2                            320.00  330.87  -10.87 (VIOLATED)
_23750_/A2                            320.00  330.87  -10.87 (VIOLATED)
_24042_/A2                            320.00  330.87  -10.87 (VIOLATED)
_24037_/A2                            320.00  330.86  -10.86 (VIOLATED)
_23965_/A2                            320.00  330.81  -10.81 (VIOLATED)
_15359_/A                             320.00  328.30   -8.30 (VIOLATED)
_15382_/A                             320.00  328.29   -8.29 (VIOLATED)
_15408_/A                             320.00  328.27   -8.27 (VIOLATED)
_15446_/A                             320.00  328.22   -8.22 (VIOLATED)
_15479_/A                             320.00  328.15   -8.15 (VIOLATED)
_15510_/A                             320.00  328.12   -8.12 (VIOLATED)
_15544_/A                             320.00  328.10   -8.10 (VIOLATED)
_15576_/A                             320.00  328.07   -8.07 (VIOLATED)
_15612_/A                             320.00  327.99   -7.99 (VIOLATED)
_15647_/A                             320.00  327.89   -7.89 (VIOLATED)
_15678_/A                             320.00  327.71   -7.71 (VIOLATED)
_15712_/A                             320.00  327.63   -7.63 (VIOLATED)
_15742_/A                             320.00  327.53   -7.53 (VIOLATED)
_23164_/A                             320.00  327.47   -7.47 (VIOLATED)
_15800_/A                             320.00  327.47   -7.47 (VIOLATED)
_15772_/A                             320.00  327.45   -7.45 (VIOLATED)
_18851_/A                             320.00  327.43   -7.43 (VIOLATED)
Datapath_i.fu_run_benchmark_38252_38805.Datapath_i.reg_22.reg_out1[24]$_DFFE_PP_/QN  320.00  327.43   -7.43 (VIOLATED)
_17386_/A                             320.00  326.46   -6.46 (VIOLATED)
_17414_/A                             320.00  326.46   -6.46 (VIOLATED)
_22981_/A                             320.00  326.41   -6.41 (VIOLATED)
_17356_/A                             320.00  326.38   -6.38 (VIOLATED)
_17327_/A                             320.00  326.29   -6.29 (VIOLATED)
_17297_/A                             320.00  326.19   -6.19 (VIOLATED)
_17266_/A                             320.00  326.12   -6.12 (VIOLATED)
_17235_/A                             320.00  326.00   -6.00 (VIOLATED)
_17200_/A                             320.00  325.90   -5.90 (VIOLATED)
_17167_/A                             320.00  325.69   -5.69 (VIOLATED)
_17128_/A                             320.00  325.48   -5.48 (VIOLATED)
_22471_/D                             320.00  325.44   -5.44 (VIOLATED)
_22469_/A                             320.00  325.43   -5.43 (VIOLATED)
_22646_/A                             320.00  325.43   -5.43 (VIOLATED)
_22649_/B                             320.00  325.43   -5.43 (VIOLATED)
_22489_/B                             320.00  325.43   -5.43 (VIOLATED)
_22497_/A                             320.00  325.42   -5.42 (VIOLATED)
_22479_/A                             320.00  325.42   -5.42 (VIOLATED)
_22474_/B                             320.00  325.41   -5.41 (VIOLATED)
_22648_/A1                            320.00  325.40   -5.41 (VIOLATED)
_22475_/A1                            320.00  325.40   -5.40 (VIOLATED)
_19233_/A                             320.00  325.40   -5.40 (VIOLATED)
_19252_/A1                            320.00  325.40   -5.40 (VIOLATED)
_17097_/A                             320.00  325.33   -5.33 (VIOLATED)
_17064_/A                             320.00  325.26   -5.26 (VIOLATED)
_17037_/A                             320.00  325.17   -5.17 (VIOLATED)
_17010_/A                             320.00  325.11   -5.11 (VIOLATED)
_18919_/A                             320.00  325.02   -5.02 (VIOLATED)
_16982_/A                             320.00  325.00   -5.00 (VIOLATED)
_16957_/A                             320.00  324.97   -4.97 (VIOLATED)
Datapath_i.fu_run_benchmark_38252_38805.Datapath_i.reg_21.reg_out1[23]$_DFFE_PP_/QN  320.00  324.96   -4.96 (VIOLATED)
_22576_/A                             320.00  321.27   -1.27 (VIOLATED)
_22724_/A                             320.00  321.27   -1.27 (VIOLATED)
_19142_/A                             320.00  321.26   -1.26 (VIOLATED)
_19157_/A                             320.00  321.26   -1.26 (VIOLATED)
_19151_/A1                            320.00  321.26   -1.26 (VIOLATED)
_22399_/A1                            320.00  321.26   -1.26 (VIOLATED)
_22370_/A                             320.00  321.26   -1.26 (VIOLATED)
_22584_/A                             320.00  321.26   -1.26 (VIOLATED)
_22593_/A1                            320.00  321.26   -1.26 (VIOLATED)
_22387_/B                             320.00  321.26   -1.26 (VIOLATED)

