Startpoint: Datapath_i.fu_run_benchmark_38252_38805.Datapath_i.reg_19.reg_out1[7]$_DFF_P_
            (rising edge-triggered flip-flop)
Endpoint: Datapath_i.fu_run_benchmark_38252_38805.Datapath_i.reg_23.reg_out1[39]$_DFFE_PP_
          (rising edge-triggered flip-flop)
Path Group: unconstrained
Path Type: max
Corner: slow

    Cap   Delay    Time   Description
----------------------------------------------------------------
           0.00    0.00 ^ Datapath_i.fu_run_benchmark_38252_38805.Datapath_i.reg_19.reg_out1[7]$_DFF_P_/CLK (DFFHQNx1_ASAP7_75t_R)
  14.74  199.66  199.66 ^ Datapath_i.fu_run_benchmark_38252_38805.Datapath_i.reg_19.reg_out1[7]$_DFF_P_/QN (DFFHQNx1_ASAP7_75t_R)
  15.01   90.15  289.81 ^ wire563/Y (BUFx12_ASAP7_75t_R)
   1.87   46.06  335.87 ^ _17601_/Y (OR2x2_ASAP7_75t_R)
   0.65   59.07  394.95 v _24722_/SN (FAx1_ASAP7_75t_R)
   1.41   26.13  421.08 ^ _21623_/Y (INVx1_ASAP7_75t_R)
   1.77   94.85  515.93 v _24724_/SN (FAx1_ASAP7_75t_R)
   0.60   49.16  565.09 ^ _24725_/CON (FAx1_ASAP7_75t_R)
   0.65   29.13  594.21 v _24725_/SN (FAx1_ASAP7_75t_R)
   0.99   25.03  619.25 ^ _21628_/Y (INVx1_ASAP7_75t_R)
   0.61   23.63  642.88 v _26638_/CON (HAxp5_ASAP7_75t_R)
   0.63   19.01  661.89 ^ _26638_/SN (HAxp5_ASAP7_75t_R)
   0.88   17.76  679.65 v _21668_/Y (INVx1_ASAP7_75t_R)
   0.64   44.00  723.66 v _26639_/SN (HAxp5_ASAP7_75t_R)
   1.43   23.87  747.52 ^ _21655_/Y (INVx1_ASAP7_75t_R)
   0.64   55.47  802.99 ^ _24726_/SN (FAx1_ASAP7_75t_R)
   0.88   21.52  824.51 v _21640_/Y (INVx1_ASAP7_75t_R)
   1.88   35.67  860.18 ^ _26642_/CON (HAxp5_ASAP7_75t_R)
   1.44   33.31  893.49 v _26642_/SN (HAxp5_ASAP7_75t_R)
   0.97   48.15  941.64 ^ _24727_/CON (FAx1_ASAP7_75t_R)
   0.91   31.85  973.49 v _24727_/SN (FAx1_ASAP7_75t_R)
   2.57  105.04 1078.53 v _26643_/SN (HAxp5_ASAP7_75t_R)
   0.58   53.09 1131.62 v _18549_/Y (OA21x2_ASAP7_75t_R)
   2.04   41.39 1173.02 v _18550_/Y (OA21x2_ASAP7_75t_R)
   0.60   38.40 1211.42 v _18561_/Y (OA21x2_ASAP7_75t_R)
   2.30   42.33 1253.75 v _18562_/Y (OA21x2_ASAP7_75t_R)
   1.02   40.43 1294.18 v _18571_/Y (OA21x2_ASAP7_75t_R)
   2.14   42.41 1336.59 v _18572_/Y (OA21x2_ASAP7_75t_R)
   0.58   38.49 1375.08 v _18581_/Y (OA21x2_ASAP7_75t_R)
   2.35   42.48 1417.56 v _18582_/Y (OA21x2_ASAP7_75t_R)
   0.85   39.93 1457.50 v _18591_/Y (OA21x2_ASAP7_75t_R)
   2.13   42.07 1499.56 v _18592_/Y (OA21x2_ASAP7_75t_R)
   0.64   38.85 1538.41 v _18601_/Y (OA21x2_ASAP7_75t_R)
   2.16   41.93 1580.34 v _18602_/Y (OA21x2_ASAP7_75t_R)
   0.62   38.72 1619.06 v _18613_/Y (OA21x2_ASAP7_75t_R)
   2.18   41.93 1660.99 v _18614_/Y (OA21x2_ASAP7_75t_R)
   0.66   38.97 1699.96 v _18623_/Y (OA21x2_ASAP7_75t_R)
   2.02   41.48 1741.45 v _18624_/Y (OA21x2_ASAP7_75t_R)
   0.63   38.41 1779.86 v _18633_/Y (OA21x2_ASAP7_75t_R)
   2.10   41.68 1821.54 v _18634_/Y (OA21x2_ASAP7_75t_R)
   0.68   38.77 1860.31 v _18643_/Y (OA21x2_ASAP7_75t_R)
   2.09   41.71 1902.03 v _18644_/Y (OA21x2_ASAP7_75t_R)
   0.96   39.65 1941.67 v _18653_/Y (OA21x2_ASAP7_75t_R)
   2.33   42.95 1984.62 v _18654_/Y (OA21x2_ASAP7_75t_R)
   0.77   39.69 2024.31 v _18665_/Y (OA21x2_ASAP7_75t_R)
   2.28   42.45 2066.77 v _18666_/Y (OA21x2_ASAP7_75t_R)
   0.80   39.70 2106.46 v _18675_/Y (OA21x2_ASAP7_75t_R)
   2.11   41.90 2148.37 v _18676_/Y (OA21x2_ASAP7_75t_R)
   0.73   39.05 2187.42 v _18685_/Y (OA21x2_ASAP7_75t_R)
   2.72   44.11 2231.53 v _18686_/Y (OA21x2_ASAP7_75t_R)
   0.60   73.80 2305.33 v _18708_/Y (OR5x1_ASAP7_75t_R)
   1.41   34.21 2339.53 v _18710_/Y (AND4x1_ASAP7_75t_R)
   1.35   34.14 2373.67 v _18790_/Y (XNOR2x1_ASAP7_75t_R)
   0.54   32.94 2406.61 v _18792_/Y (AO21x1_ASAP7_75t_R)
           0.04 2406.65 v Datapath_i.fu_run_benchmark_38252_38805.Datapath_i.reg_23.reg_out1[39]$_DFFE_PP_/D (DFFHQNx1_ASAP7_75t_R)
                2406.65   data arrival time
----------------------------------------------------------------
(Path is unconstrained)


