Startpoint: Datapath_i.fu_run_benchmark_38252_38805.Datapath_i.reg_19.reg_out1[7]$_DFF_P_
            (rising edge-triggered flip-flop)
Endpoint: Datapath_i.fu_run_benchmark_38252_38805.Datapath_i.reg_23.reg_out1[39]$_DFFE_PP_
          (rising edge-triggered flip-flop)
Path Group: unconstrained
Path Type: max
Corner: slow

  Delay    Time   Description
---------------------------------------------------------
   0.00    0.00 ^ Datapath_i.fu_run_benchmark_38252_38805.Datapath_i.reg_19.reg_out1[7]$_DFF_P_/CLK (DFFHQNx1_ASAP7_75t_R)
 199.66  199.66 ^ Datapath_i.fu_run_benchmark_38252_38805.Datapath_i.reg_19.reg_out1[7]$_DFF_P_/QN (DFFHQNx1_ASAP7_75t_R)
  90.15  289.81 ^ wire563/Y (BUFx12_ASAP7_75t_R)
  46.06  335.87 ^ _17601_/Y (OR2x2_ASAP7_75t_R)
  59.07  394.95 v _24722_/SN (FAx1_ASAP7_75t_R)
  26.13  421.08 ^ _21623_/Y (INVx1_ASAP7_75t_R)
  94.85  515.93 v _24724_/SN (FAx1_ASAP7_75t_R)
  49.16  565.09 ^ _24725_/CON (FAx1_ASAP7_75t_R)
  29.13  594.21 v _24725_/SN (FAx1_ASAP7_75t_R)
  25.03  619.25 ^ _21628_/Y (INVx1_ASAP7_75t_R)
  23.63  642.88 v _26638_/CON (HAxp5_ASAP7_75t_R)
  19.01  661.89 ^ _26638_/SN (HAxp5_ASAP7_75t_R)
  17.76  679.65 v _21668_/Y (INVx1_ASAP7_75t_R)
  44.00  723.66 v _26639_/SN (HAxp5_ASAP7_75t_R)
  23.87  747.52 ^ _21655_/Y (INVx1_ASAP7_75t_R)
  55.47  802.99 ^ _24726_/SN (FAx1_ASAP7_75t_R)
  21.52  824.51 v _21640_/Y (INVx1_ASAP7_75t_R)
  35.67  860.18 ^ _26642_/CON (HAxp5_ASAP7_75t_R)
  33.31  893.49 v _26642_/SN (HAxp5_ASAP7_75t_R)
  48.15  941.64 ^ _24727_/CON (FAx1_ASAP7_75t_R)
  31.85  973.49 v _24727_/SN (FAx1_ASAP7_75t_R)
 105.04 1078.53 v _26643_/SN (HAxp5_ASAP7_75t_R)
  53.09 1131.62 v _18549_/Y (OA21x2_ASAP7_75t_R)
  41.39 1173.02 v _18550_/Y (OA21x2_ASAP7_75t_R)
  38.40 1211.42 v _18561_/Y (OA21x2_ASAP7_75t_R)
  42.33 1253.75 v _18562_/Y (OA21x2_ASAP7_75t_R)
  40.43 1294.18 v _18571_/Y (OA21x2_ASAP7_75t_R)
  42.41 1336.59 v _18572_/Y (OA21x2_ASAP7_75t_R)
  38.49 1375.08 v _18581_/Y (OA21x2_ASAP7_75t_R)
  42.48 1417.56 v _18582_/Y (OA21x2_ASAP7_75t_R)
  39.93 1457.50 v _18591_/Y (OA21x2_ASAP7_75t_R)
  42.07 1499.56 v _18592_/Y (OA21x2_ASAP7_75t_R)
  38.85 1538.41 v _18601_/Y (OA21x2_ASAP7_75t_R)
  41.93 1580.34 v _18602_/Y (OA21x2_ASAP7_75t_R)
  38.72 1619.06 v _18613_/Y (OA21x2_ASAP7_75t_R)
  41.93 1660.99 v _18614_/Y (OA21x2_ASAP7_75t_R)
  38.97 1699.96 v _18623_/Y (OA21x2_ASAP7_75t_R)
  41.48 1741.45 v _18624_/Y (OA21x2_ASAP7_75t_R)
  38.41 1779.86 v _18633_/Y (OA21x2_ASAP7_75t_R)
  41.68 1821.54 v _18634_/Y (OA21x2_ASAP7_75t_R)
  38.77 1860.31 v _18643_/Y (OA21x2_ASAP7_75t_R)
  41.71 1902.03 v _18644_/Y (OA21x2_ASAP7_75t_R)
  39.65 1941.67 v _18653_/Y (OA21x2_ASAP7_75t_R)
  42.95 1984.62 v _18654_/Y (OA21x2_ASAP7_75t_R)
  39.69 2024.31 v _18665_/Y (OA21x2_ASAP7_75t_R)
  42.45 2066.77 v _18666_/Y (OA21x2_ASAP7_75t_R)
  39.70 2106.46 v _18675_/Y (OA21x2_ASAP7_75t_R)
  41.90 2148.37 v _18676_/Y (OA21x2_ASAP7_75t_R)
  39.05 2187.42 v _18685_/Y (OA21x2_ASAP7_75t_R)
  44.11 2231.53 v _18686_/Y (OA21x2_ASAP7_75t_R)
  73.80 2305.33 v _18708_/Y (OR5x1_ASAP7_75t_R)
  34.21 2339.53 v _18710_/Y (AND4x1_ASAP7_75t_R)
  34.14 2373.67 v _18790_/Y (XNOR2x1_ASAP7_75t_R)
  32.94 2406.61 v _18792_/Y (AO21x1_ASAP7_75t_R)
   0.04 2406.65 v Datapath_i.fu_run_benchmark_38252_38805.Datapath_i.reg_23.reg_out1[39]$_DFFE_PP_/D (DFFHQNx1_ASAP7_75t_R)
        2406.65   data arrival time
---------------------------------------------------------
(Path is unconstrained)


Startpoint: Datapath_i.fu_run_benchmark_38252_38805.Datapath_i.reg_19.reg_out1[7]$_DFF_P_
            (rising edge-triggered flip-flop)
Endpoint: Datapath_i.fu_run_benchmark_38252_38805.Datapath_i.reg_23.reg_out1[38]$_DFFE_PP_
          (rising edge-triggered flip-flop)
Path Group: unconstrained
Path Type: max
Corner: slow

  Delay    Time   Description
---------------------------------------------------------
   0.00    0.00 ^ Datapath_i.fu_run_benchmark_38252_38805.Datapath_i.reg_19.reg_out1[7]$_DFF_P_/CLK (DFFHQNx1_ASAP7_75t_R)
 199.66  199.66 ^ Datapath_i.fu_run_benchmark_38252_38805.Datapath_i.reg_19.reg_out1[7]$_DFF_P_/QN (DFFHQNx1_ASAP7_75t_R)
  90.15  289.81 ^ wire563/Y (BUFx12_ASAP7_75t_R)
  46.06  335.87 ^ _17601_/Y (OR2x2_ASAP7_75t_R)
  59.07  394.95 v _24722_/SN (FAx1_ASAP7_75t_R)
  26.13  421.08 ^ _21623_/Y (INVx1_ASAP7_75t_R)
  94.85  515.93 v _24724_/SN (FAx1_ASAP7_75t_R)
  49.16  565.09 ^ _24725_/CON (FAx1_ASAP7_75t_R)
  29.13  594.21 v _24725_/SN (FAx1_ASAP7_75t_R)
  25.03  619.25 ^ _21628_/Y (INVx1_ASAP7_75t_R)
  23.63  642.88 v _26638_/CON (HAxp5_ASAP7_75t_R)
  19.01  661.89 ^ _26638_/SN (HAxp5_ASAP7_75t_R)
  17.76  679.65 v _21668_/Y (INVx1_ASAP7_75t_R)
  44.00  723.66 v _26639_/SN (HAxp5_ASAP7_75t_R)
  23.87  747.52 ^ _21655_/Y (INVx1_ASAP7_75t_R)
  55.47  802.99 ^ _24726_/SN (FAx1_ASAP7_75t_R)
  21.52  824.51 v _21640_/Y (INVx1_ASAP7_75t_R)
  35.67  860.18 ^ _26642_/CON (HAxp5_ASAP7_75t_R)
  33.31  893.49 v _26642_/SN (HAxp5_ASAP7_75t_R)
  48.15  941.64 ^ _24727_/CON (FAx1_ASAP7_75t_R)
  31.85  973.49 v _24727_/SN (FAx1_ASAP7_75t_R)
 105.04 1078.53 v _26643_/SN (HAxp5_ASAP7_75t_R)
  58.83 1137.36 v _18544_/Y (OA21x2_ASAP7_75t_R)
  38.42 1175.78 v _18554_/Y (OA21x2_ASAP7_75t_R)
  41.63 1217.41 v _18555_/Y (OA21x2_ASAP7_75t_R)
  39.01 1256.42 v _18566_/Y (OA21x2_ASAP7_75t_R)
  42.66 1299.07 v _18567_/Y (OA21x2_ASAP7_75t_R)
  39.63 1338.70 v _18576_/Y (OA21x2_ASAP7_75t_R)
  42.01 1380.71 v _18577_/Y (OA21x2_ASAP7_75t_R)
  39.48 1420.19 v _18586_/Y (OA21x2_ASAP7_75t_R)
  42.59 1462.78 v _18587_/Y (OA21x2_ASAP7_75t_R)
  39.41 1502.18 v _18596_/Y (OA21x2_ASAP7_75t_R)
  41.54 1543.73 v _18597_/Y (OA21x2_ASAP7_75t_R)
  38.75 1582.47 v _18606_/Y (OA21x2_ASAP7_75t_R)
  41.87 1624.35 v _18607_/Y (OA21x2_ASAP7_75t_R)
  38.98 1663.33 v _18618_/Y (OA21x2_ASAP7_75t_R)
  41.87 1705.20 v _18619_/Y (OA21x2_ASAP7_75t_R)
  38.70 1743.90 v _18628_/Y (OA21x2_ASAP7_75t_R)
  41.31 1785.21 v _18629_/Y (OA21x2_ASAP7_75t_R)
  38.19 1823.40 v _18638_/Y (OA21x2_ASAP7_75t_R)
  41.76 1865.16 v _18639_/Y (OA21x2_ASAP7_75t_R)
  38.60 1903.76 v _18648_/Y (OA21x2_ASAP7_75t_R)
  42.69 1946.45 v _18649_/Y (OA21x2_ASAP7_75t_R)
  40.39 1986.84 v _18658_/Y (OA21x2_ASAP7_75t_R)
  43.42 2030.26 v _18659_/Y (OA21x2_ASAP7_75t_R)
  39.66 2069.92 v _18670_/Y (OA21x2_ASAP7_75t_R)
  42.71 2112.63 v _18671_/Y (OA21x2_ASAP7_75t_R)
  39.44 2152.07 v _18680_/Y (OA21x2_ASAP7_75t_R)
  41.78 2193.84 v _18681_/Y (OA21x2_ASAP7_75t_R)
  38.68 2232.52 v _18690_/Y (OA21x2_ASAP7_75t_R)
  41.21 2273.73 v _18691_/Y (OA21x2_ASAP7_75t_R)
  40.80 2314.53 v _18703_/Y (OA21x2_ASAP7_75t_R)
  41.27 2355.80 v _18704_/Y (XOR2x1_ASAP7_75t_R)
  37.95 2393.74 v _18706_/Y (AO21x1_ASAP7_75t_R)
   0.04 2393.78 v Datapath_i.fu_run_benchmark_38252_38805.Datapath_i.reg_23.reg_out1[38]$_DFFE_PP_/D (DFFHQNx1_ASAP7_75t_R)
        2393.78   data arrival time
---------------------------------------------------------
(Path is unconstrained)


Startpoint: Datapath_i.fu_run_benchmark_38252_38805.Datapath_i.reg_19.reg_out1[7]$_DFF_P_
            (rising edge-triggered flip-flop)
Endpoint: Datapath_i.fu_run_benchmark_38252_38805.Datapath_i.reg_23.reg_out1[37]$_DFFE_PP_
          (rising edge-triggered flip-flop)
Path Group: unconstrained
Path Type: max
Corner: slow

  Delay    Time   Description
---------------------------------------------------------
   0.00    0.00 ^ Datapath_i.fu_run_benchmark_38252_38805.Datapath_i.reg_19.reg_out1[7]$_DFF_P_/CLK (DFFHQNx1_ASAP7_75t_R)
 199.66  199.66 ^ Datapath_i.fu_run_benchmark_38252_38805.Datapath_i.reg_19.reg_out1[7]$_DFF_P_/QN (DFFHQNx1_ASAP7_75t_R)
  90.15  289.81 ^ wire563/Y (BUFx12_ASAP7_75t_R)
  46.06  335.87 ^ _17601_/Y (OR2x2_ASAP7_75t_R)
  59.07  394.95 v _24722_/SN (FAx1_ASAP7_75t_R)
  26.13  421.08 ^ _21623_/Y (INVx1_ASAP7_75t_R)
  94.85  515.93 v _24724_/SN (FAx1_ASAP7_75t_R)
  49.16  565.09 ^ _24725_/CON (FAx1_ASAP7_75t_R)
  29.13  594.21 v _24725_/SN (FAx1_ASAP7_75t_R)
  25.03  619.25 ^ _21628_/Y (INVx1_ASAP7_75t_R)
  23.63  642.88 v _26638_/CON (HAxp5_ASAP7_75t_R)
  19.01  661.89 ^ _26638_/SN (HAxp5_ASAP7_75t_R)
  17.76  679.65 v _21668_/Y (INVx1_ASAP7_75t_R)
  44.00  723.66 v _26639_/SN (HAxp5_ASAP7_75t_R)
  23.87  747.52 ^ _21655_/Y (INVx1_ASAP7_75t_R)
  55.47  802.99 ^ _24726_/SN (FAx1_ASAP7_75t_R)
  21.52  824.51 v _21640_/Y (INVx1_ASAP7_75t_R)
  35.67  860.18 ^ _26642_/CON (HAxp5_ASAP7_75t_R)
  33.31  893.49 v _26642_/SN (HAxp5_ASAP7_75t_R)
  48.15  941.64 ^ _24727_/CON (FAx1_ASAP7_75t_R)
  31.85  973.49 v _24727_/SN (FAx1_ASAP7_75t_R)
 105.04 1078.53 v _26643_/SN (HAxp5_ASAP7_75t_R)
  53.09 1131.62 v _18549_/Y (OA21x2_ASAP7_75t_R)
  41.39 1173.02 v _18550_/Y (OA21x2_ASAP7_75t_R)
  38.40 1211.42 v _18561_/Y (OA21x2_ASAP7_75t_R)
  42.33 1253.75 v _18562_/Y (OA21x2_ASAP7_75t_R)
  40.43 1294.18 v _18571_/Y (OA21x2_ASAP7_75t_R)
  42.41 1336.59 v _18572_/Y (OA21x2_ASAP7_75t_R)
  38.49 1375.08 v _18581_/Y (OA21x2_ASAP7_75t_R)
  42.48 1417.56 v _18582_/Y (OA21x2_ASAP7_75t_R)
  39.93 1457.50 v _18591_/Y (OA21x2_ASAP7_75t_R)
  42.07 1499.56 v _18592_/Y (OA21x2_ASAP7_75t_R)
  38.85 1538.41 v _18601_/Y (OA21x2_ASAP7_75t_R)
  41.93 1580.34 v _18602_/Y (OA21x2_ASAP7_75t_R)
  38.72 1619.06 v _18613_/Y (OA21x2_ASAP7_75t_R)
  41.93 1660.99 v _18614_/Y (OA21x2_ASAP7_75t_R)
  38.97 1699.96 v _18623_/Y (OA21x2_ASAP7_75t_R)
  41.48 1741.45 v _18624_/Y (OA21x2_ASAP7_75t_R)
  38.41 1779.86 v _18633_/Y (OA21x2_ASAP7_75t_R)
  41.68 1821.54 v _18634_/Y (OA21x2_ASAP7_75t_R)
  38.77 1860.31 v _18643_/Y (OA21x2_ASAP7_75t_R)
  41.71 1902.03 v _18644_/Y (OA21x2_ASAP7_75t_R)
  39.65 1941.67 v _18653_/Y (OA21x2_ASAP7_75t_R)
  42.95 1984.62 v _18654_/Y (OA21x2_ASAP7_75t_R)
  39.69 2024.31 v _18665_/Y (OA21x2_ASAP7_75t_R)
  42.45 2066.77 v _18666_/Y (OA21x2_ASAP7_75t_R)
  39.70 2106.46 v _18675_/Y (OA21x2_ASAP7_75t_R)
  41.90 2148.37 v _18676_/Y (OA21x2_ASAP7_75t_R)
  39.05 2187.42 v _18685_/Y (OA21x2_ASAP7_75t_R)
  44.11 2231.53 v _18686_/Y (OA21x2_ASAP7_75t_R)
  49.73 2281.26 v _18696_/Y (OR3x1_ASAP7_75t_R)
  24.07 2305.33 ^ _18697_/Y (NAND2x1_ASAP7_75t_R)
  38.51 2343.84 ^ _18698_/Y (XNOR2x1_ASAP7_75t_R)
  38.84 2382.68 ^ _18700_/Y (AO21x1_ASAP7_75t_R)
   0.02 2382.71 ^ Datapath_i.fu_run_benchmark_38252_38805.Datapath_i.reg_23.reg_out1[37]$_DFFE_PP_/D (DFFHQNx1_ASAP7_75t_R)
        2382.71   data arrival time
---------------------------------------------------------
(Path is unconstrained)


Startpoint: Datapath_i.fu_run_benchmark_38252_38805.Datapath_i.reg_19.reg_out1[7]$_DFF_P_
            (rising edge-triggered flip-flop)
Endpoint: Datapath_i.fu_run_benchmark_38252_38805.Datapath_i.reg_26.reg_out1[39]$_DFF_P_
          (rising edge-triggered flip-flop)
Path Group: unconstrained
Path Type: max
Corner: slow

  Delay    Time   Description
---------------------------------------------------------
   0.00    0.00 ^ Datapath_i.fu_run_benchmark_38252_38805.Datapath_i.reg_19.reg_out1[7]$_DFF_P_/CLK (DFFHQNx1_ASAP7_75t_R)
 199.66  199.66 ^ Datapath_i.fu_run_benchmark_38252_38805.Datapath_i.reg_19.reg_out1[7]$_DFF_P_/QN (DFFHQNx1_ASAP7_75t_R)
  90.15  289.81 ^ wire563/Y (BUFx12_ASAP7_75t_R)
  46.06  335.87 ^ _17601_/Y (OR2x2_ASAP7_75t_R)
  59.07  394.95 v _24722_/SN (FAx1_ASAP7_75t_R)
  26.13  421.08 ^ _21623_/Y (INVx1_ASAP7_75t_R)
  94.85  515.93 v _24724_/SN (FAx1_ASAP7_75t_R)
  49.16  565.09 ^ _24725_/CON (FAx1_ASAP7_75t_R)
  29.13  594.21 v _24725_/SN (FAx1_ASAP7_75t_R)
  25.03  619.25 ^ _21628_/Y (INVx1_ASAP7_75t_R)
  23.63  642.88 v _26638_/CON (HAxp5_ASAP7_75t_R)
  19.01  661.89 ^ _26638_/SN (HAxp5_ASAP7_75t_R)
  17.76  679.65 v _21668_/Y (INVx1_ASAP7_75t_R)
  44.00  723.66 v _26639_/SN (HAxp5_ASAP7_75t_R)
  23.87  747.52 ^ _21655_/Y (INVx1_ASAP7_75t_R)
  55.47  802.99 ^ _24726_/SN (FAx1_ASAP7_75t_R)
  21.52  824.51 v _21640_/Y (INVx1_ASAP7_75t_R)
  35.67  860.18 ^ _26642_/CON (HAxp5_ASAP7_75t_R)
  33.31  893.49 v _26642_/SN (HAxp5_ASAP7_75t_R)
  48.15  941.64 ^ _24727_/CON (FAx1_ASAP7_75t_R)
  31.85  973.49 v _24727_/SN (FAx1_ASAP7_75t_R)
 105.04 1078.53 v _26643_/SN (HAxp5_ASAP7_75t_R)
  53.09 1131.62 v _18549_/Y (OA21x2_ASAP7_75t_R)
  41.39 1173.02 v _18550_/Y (OA21x2_ASAP7_75t_R)
  38.40 1211.42 v _18561_/Y (OA21x2_ASAP7_75t_R)
  42.33 1253.75 v _18562_/Y (OA21x2_ASAP7_75t_R)
  40.43 1294.18 v _18571_/Y (OA21x2_ASAP7_75t_R)
  42.41 1336.59 v _18572_/Y (OA21x2_ASAP7_75t_R)
  38.49 1375.08 v _18581_/Y (OA21x2_ASAP7_75t_R)
  42.48 1417.56 v _18582_/Y (OA21x2_ASAP7_75t_R)
  39.93 1457.50 v _18591_/Y (OA21x2_ASAP7_75t_R)
  42.07 1499.56 v _18592_/Y (OA21x2_ASAP7_75t_R)
  38.85 1538.41 v _18601_/Y (OA21x2_ASAP7_75t_R)
  41.93 1580.34 v _18602_/Y (OA21x2_ASAP7_75t_R)
  38.72 1619.06 v _18613_/Y (OA21x2_ASAP7_75t_R)
  41.93 1660.99 v _18614_/Y (OA21x2_ASAP7_75t_R)
  38.97 1699.96 v _18623_/Y (OA21x2_ASAP7_75t_R)
  41.48 1741.45 v _18624_/Y (OA21x2_ASAP7_75t_R)
  38.41 1779.86 v _18633_/Y (OA21x2_ASAP7_75t_R)
  41.68 1821.54 v _18634_/Y (OA21x2_ASAP7_75t_R)
  38.77 1860.31 v _18643_/Y (OA21x2_ASAP7_75t_R)
  41.71 1902.03 v _18644_/Y (OA21x2_ASAP7_75t_R)
  39.65 1941.67 v _18653_/Y (OA21x2_ASAP7_75t_R)
  42.95 1984.62 v _18654_/Y (OA21x2_ASAP7_75t_R)
  39.69 2024.31 v _18665_/Y (OA21x2_ASAP7_75t_R)
  42.45 2066.77 v _18666_/Y (OA21x2_ASAP7_75t_R)
  39.70 2106.46 v _18675_/Y (OA21x2_ASAP7_75t_R)
  41.90 2148.37 v _18676_/Y (OA21x2_ASAP7_75t_R)
  39.05 2187.42 v _18685_/Y (OA21x2_ASAP7_75t_R)
  44.11 2231.53 v _18686_/Y (OA21x2_ASAP7_75t_R)
  73.80 2305.33 v _18708_/Y (OR5x1_ASAP7_75t_R)
  34.21 2339.53 v _18710_/Y (AND4x1_ASAP7_75t_R)
  34.14 2373.67 v _18790_/Y (XNOR2x1_ASAP7_75t_R)
   0.14 2373.81 v Datapath_i.fu_run_benchmark_38252_38805.Datapath_i.reg_26.reg_out1[39]$_DFF_P_/D (DFFHQNx1_ASAP7_75t_R)
        2373.81   data arrival time
---------------------------------------------------------
(Path is unconstrained)


Startpoint: Datapath_i.fu_run_benchmark_38252_38805.Datapath_i.reg_20.reg_out1[3]$_DFF_P_
            (rising edge-triggered flip-flop)
Endpoint: Datapath_i.fu_run_benchmark_38252_38805.Datapath_i.reg_28.reg_out1[38]$_DFF_P_
          (rising edge-triggered flip-flop)
Path Group: unconstrained
Path Type: max
Corner: slow

  Delay    Time   Description
---------------------------------------------------------
   0.00    0.00 ^ Datapath_i.fu_run_benchmark_38252_38805.Datapath_i.reg_20.reg_out1[3]$_DFF_P_/CLK (DFFHQNx1_ASAP7_75t_R)
 195.30  195.30 ^ Datapath_i.fu_run_benchmark_38252_38805.Datapath_i.reg_20.reg_out1[3]$_DFF_P_/QN (DFFHQNx1_ASAP7_75t_R)
  81.91  277.20 ^ max_cap463/Y (BUFx10_ASAP7_75t_R)
  30.13  307.34 v _15016_/Y (NOR2x1_ASAP7_75t_R)
  56.86  364.20 ^ _24091_/CON (FAx1_ASAP7_75t_R)
  43.03  407.23 v _24091_/SN (FAx1_ASAP7_75t_R)
  64.83  472.06 ^ _24092_/CON (FAx1_ASAP7_75t_R)
  43.25  515.32 v _24092_/SN (FAx1_ASAP7_75t_R)
  63.45  578.77 ^ _24093_/CON (FAx1_ASAP7_75t_R)
  34.22  612.99 v _24093_/SN (FAx1_ASAP7_75t_R)
  32.28  645.27 ^ _20915_/Y (INVx1_ASAP7_75t_R)
  63.94  709.21 v _24094_/SN (FAx1_ASAP7_75t_R)
  20.37  729.58 ^ _20913_/Y (INVx1_ASAP7_75t_R)
  31.79  761.37 v _26456_/CON (HAxp5_ASAP7_75t_R)
  22.34  783.71 ^ _26456_/SN (HAxp5_ASAP7_75t_R)
  17.60  801.31 v _21588_/Y (INVx1_ASAP7_75t_R)
  35.12  836.43 ^ _26457_/CON (HAxp5_ASAP7_75t_R)
  33.36  869.79 v _26457_/SN (HAxp5_ASAP7_75t_R)
 100.38  970.17 v _24095_/SN (FAx1_ASAP7_75t_R)
  69.70 1039.86 ^ _24096_/SN (FAx1_ASAP7_75t_R)
  23.30 1063.16 v _20908_/Y (INVx1_ASAP7_75t_R)
  94.89 1158.05 v _26458_/SN (HAxp5_ASAP7_75t_R)
  58.72 1216.77 v _23055_/Y (OA21x2_ASAP7_75t_R)
  38.67 1255.44 v _23064_/Y (OA21x2_ASAP7_75t_R)
  41.69 1297.13 v _23065_/Y (OA21x2_ASAP7_75t_R)
  38.24 1335.38 v _23070_/Y (OA21x2_ASAP7_75t_R)
  41.51 1376.89 v _23071_/Y (OA21x2_ASAP7_75t_R)
  38.60 1415.49 v _23076_/Y (OA21x2_ASAP7_75t_R)
  41.44 1456.93 v _23077_/Y (OA21x2_ASAP7_75t_R)
  38.46 1495.40 v _23082_/Y (OA21x2_ASAP7_75t_R)
  41.66 1537.05 v _23083_/Y (OA21x2_ASAP7_75t_R)
  38.34 1575.39 v _23089_/Y (OA21x2_ASAP7_75t_R)
  41.49 1616.87 v _23090_/Y (OA21x2_ASAP7_75t_R)
  38.51 1655.39 v _23095_/Y (OA21x2_ASAP7_75t_R)
  41.54 1696.93 v _23096_/Y (OA21x2_ASAP7_75t_R)
  38.55 1735.48 v _23101_/Y (OA21x2_ASAP7_75t_R)
  41.43 1776.91 v _23102_/Y (OA21x2_ASAP7_75t_R)
  38.75 1815.65 v _23107_/Y (OA21x2_ASAP7_75t_R)
  41.88 1857.53 v _23108_/Y (OA21x2_ASAP7_75t_R)
  38.71 1896.24 v _23113_/Y (OA21x2_ASAP7_75t_R)
  41.59 1937.83 v _23114_/Y (OA21x2_ASAP7_75t_R)
  38.84 1976.67 v _23120_/Y (OA21x2_ASAP7_75t_R)
  40.14 2016.81 v _23121_/Y (OA21x2_ASAP7_75t_R)
  37.54 2054.35 v _23126_/Y (OA21x2_ASAP7_75t_R)
  39.70 2094.05 v _23127_/Y (OA21x2_ASAP7_75t_R)
  38.08 2132.13 v _23132_/Y (OA21x2_ASAP7_75t_R)
  42.48 2174.60 v _23133_/Y (OA21x2_ASAP7_75t_R)
  54.13 2228.73 v _23139_/Y (OR3x1_ASAP7_75t_R)
  47.60 2276.33 v _23146_/Y (OR3x1_ASAP7_75t_R)
  27.49 2303.82 v _23149_/Y (AND3x1_ASAP7_75t_R)
  61.17 2364.99 ^ _23150_/Y (XOR2x2_ASAP7_75t_R)
   1.58 2366.57 ^ Datapath_i.fu_run_benchmark_38252_38805.Datapath_i.reg_28.reg_out1[38]$_DFF_P_/D (DFFHQNx1_ASAP7_75t_R)
        2366.57   data arrival time
---------------------------------------------------------
(Path is unconstrained)


Startpoint: Datapath_i.fu_run_benchmark_38252_38805.Datapath_i.reg_20.reg_out1[3]$_DFF_P_
            (rising edge-triggered flip-flop)
Endpoint: Datapath_i.fu_run_benchmark_38252_38805.Datapath_i.reg_28.reg_out1[39]$_DFF_P_
          (rising edge-triggered flip-flop)
Path Group: unconstrained
Path Type: max
Corner: slow

  Delay    Time   Description
---------------------------------------------------------
   0.00    0.00 ^ Datapath_i.fu_run_benchmark_38252_38805.Datapath_i.reg_20.reg_out1[3]$_DFF_P_/CLK (DFFHQNx1_ASAP7_75t_R)
 195.30  195.30 ^ Datapath_i.fu_run_benchmark_38252_38805.Datapath_i.reg_20.reg_out1[3]$_DFF_P_/QN (DFFHQNx1_ASAP7_75t_R)
  81.91  277.20 ^ max_cap463/Y (BUFx10_ASAP7_75t_R)
  30.13  307.34 v _15016_/Y (NOR2x1_ASAP7_75t_R)
  56.86  364.20 ^ _24091_/CON (FAx1_ASAP7_75t_R)
  43.03  407.23 v _24091_/SN (FAx1_ASAP7_75t_R)
  64.83  472.06 ^ _24092_/CON (FAx1_ASAP7_75t_R)
  43.25  515.32 v _24092_/SN (FAx1_ASAP7_75t_R)
  63.45  578.77 ^ _24093_/CON (FAx1_ASAP7_75t_R)
  34.22  612.99 v _24093_/SN (FAx1_ASAP7_75t_R)
  32.28  645.27 ^ _20915_/Y (INVx1_ASAP7_75t_R)
  63.94  709.21 v _24094_/SN (FAx1_ASAP7_75t_R)
  20.37  729.58 ^ _20913_/Y (INVx1_ASAP7_75t_R)
  31.79  761.37 v _26456_/CON (HAxp5_ASAP7_75t_R)
  22.34  783.71 ^ _26456_/SN (HAxp5_ASAP7_75t_R)
  17.60  801.31 v _21588_/Y (INVx1_ASAP7_75t_R)
  35.12  836.43 ^ _26457_/CON (HAxp5_ASAP7_75t_R)
  33.36  869.79 v _26457_/SN (HAxp5_ASAP7_75t_R)
 100.38  970.17 v _24095_/SN (FAx1_ASAP7_75t_R)
  69.70 1039.86 ^ _24096_/SN (FAx1_ASAP7_75t_R)
  23.30 1063.16 v _20908_/Y (INVx1_ASAP7_75t_R)
  94.89 1158.05 v _26458_/SN (HAxp5_ASAP7_75t_R)
  53.00 1211.05 v _23061_/Y (OA21x2_ASAP7_75t_R)
  41.35 1252.41 v _23062_/Y (OA21x2_ASAP7_75t_R)
  38.23 1290.64 v _23067_/Y (OA21x2_ASAP7_75t_R)
  41.54 1332.18 v _23068_/Y (OA21x2_ASAP7_75t_R)
  38.38 1370.56 v _23073_/Y (OA21x2_ASAP7_75t_R)
  41.68 1412.24 v _23074_/Y (OA21x2_ASAP7_75t_R)
  38.83 1451.07 v _23079_/Y (OA21x2_ASAP7_75t_R)
  41.65 1492.72 v _23080_/Y (OA21x2_ASAP7_75t_R)
  39.00 1531.72 v _23085_/Y (OA21x2_ASAP7_75t_R)
  41.45 1573.17 v _23086_/Y (OA21x2_ASAP7_75t_R)
  38.13 1611.30 v _23092_/Y (OA21x2_ASAP7_75t_R)
  41.45 1652.76 v _23093_/Y (OA21x2_ASAP7_75t_R)
  38.60 1691.36 v _23098_/Y (OA21x2_ASAP7_75t_R)
  41.53 1732.89 v _23099_/Y (OA21x2_ASAP7_75t_R)
  38.48 1771.37 v _23104_/Y (OA21x2_ASAP7_75t_R)
  41.81 1813.18 v _23105_/Y (OA21x2_ASAP7_75t_R)
  39.11 1852.29 v _23110_/Y (OA21x2_ASAP7_75t_R)
  41.83 1894.12 v _23111_/Y (OA21x2_ASAP7_75t_R)
  38.46 1932.58 v _23116_/Y (OA21x2_ASAP7_75t_R)
  41.62 1974.20 v _23117_/Y (OA21x2_ASAP7_75t_R)
  38.39 2012.60 v _23123_/Y (OA21x2_ASAP7_75t_R)
  39.67 2052.26 v _23124_/Y (OA21x2_ASAP7_75t_R)
  37.58 2089.84 v _23129_/Y (OA21x2_ASAP7_75t_R)
  40.10 2129.95 v _23130_/Y (OA21x2_ASAP7_75t_R)
  40.81 2170.76 v _23135_/Y (OA21x2_ASAP7_75t_R)
  40.86 2211.62 v _23136_/Y (OA21x2_ASAP7_75t_R)
  53.66 2265.28 v _23143_/Y (OR3x1_ASAP7_75t_R)
  44.84 2310.12 v _23154_/Y (OA21x2_ASAP7_75t_R)
  51.99 2362.11 ^ _23232_/Y (XNOR2x2_ASAP7_75t_R)
   0.80 2362.91 ^ Datapath_i.fu_run_benchmark_38252_38805.Datapath_i.reg_28.reg_out1[39]$_DFF_P_/D (DFFHQNx1_ASAP7_75t_R)
        2362.91   data arrival time
---------------------------------------------------------
(Path is unconstrained)


Startpoint: Datapath_i.fu_run_benchmark_38252_38805.Datapath_i.reg_19.reg_out1[7]$_DFF_P_
            (rising edge-triggered flip-flop)
Endpoint: Datapath_i.fu_run_benchmark_38252_38805.Datapath_i.reg_26.reg_out1[38]$_DFF_P_
          (rising edge-triggered flip-flop)
Path Group: unconstrained
Path Type: max
Corner: slow

  Delay    Time   Description
---------------------------------------------------------
   0.00    0.00 ^ Datapath_i.fu_run_benchmark_38252_38805.Datapath_i.reg_19.reg_out1[7]$_DFF_P_/CLK (DFFHQNx1_ASAP7_75t_R)
 199.66  199.66 ^ Datapath_i.fu_run_benchmark_38252_38805.Datapath_i.reg_19.reg_out1[7]$_DFF_P_/QN (DFFHQNx1_ASAP7_75t_R)
  90.15  289.81 ^ wire563/Y (BUFx12_ASAP7_75t_R)
  46.06  335.87 ^ _17601_/Y (OR2x2_ASAP7_75t_R)
  59.07  394.95 v _24722_/SN (FAx1_ASAP7_75t_R)
  26.13  421.08 ^ _21623_/Y (INVx1_ASAP7_75t_R)
  94.85  515.93 v _24724_/SN (FAx1_ASAP7_75t_R)
  49.16  565.09 ^ _24725_/CON (FAx1_ASAP7_75t_R)
  29.13  594.21 v _24725_/SN (FAx1_ASAP7_75t_R)
  25.03  619.25 ^ _21628_/Y (INVx1_ASAP7_75t_R)
  23.63  642.88 v _26638_/CON (HAxp5_ASAP7_75t_R)
  19.01  661.89 ^ _26638_/SN (HAxp5_ASAP7_75t_R)
  17.76  679.65 v _21668_/Y (INVx1_ASAP7_75t_R)
  44.00  723.66 v _26639_/SN (HAxp5_ASAP7_75t_R)
  23.87  747.52 ^ _21655_/Y (INVx1_ASAP7_75t_R)
  55.47  802.99 ^ _24726_/SN (FAx1_ASAP7_75t_R)
  21.52  824.51 v _21640_/Y (INVx1_ASAP7_75t_R)
  35.67  860.18 ^ _26642_/CON (HAxp5_ASAP7_75t_R)
  33.31  893.49 v _26642_/SN (HAxp5_ASAP7_75t_R)
  48.15  941.64 ^ _24727_/CON (FAx1_ASAP7_75t_R)
  31.85  973.49 v _24727_/SN (FAx1_ASAP7_75t_R)
 105.04 1078.53 v _26643_/SN (HAxp5_ASAP7_75t_R)
  58.83 1137.36 v _18544_/Y (OA21x2_ASAP7_75t_R)
  38.42 1175.78 v _18554_/Y (OA21x2_ASAP7_75t_R)
  41.63 1217.41 v _18555_/Y (OA21x2_ASAP7_75t_R)
  39.01 1256.42 v _18566_/Y (OA21x2_ASAP7_75t_R)
  42.66 1299.07 v _18567_/Y (OA21x2_ASAP7_75t_R)
  39.63 1338.70 v _18576_/Y (OA21x2_ASAP7_75t_R)
  42.01 1380.71 v _18577_/Y (OA21x2_ASAP7_75t_R)
  39.48 1420.19 v _18586_/Y (OA21x2_ASAP7_75t_R)
  42.59 1462.78 v _18587_/Y (OA21x2_ASAP7_75t_R)
  39.41 1502.18 v _18596_/Y (OA21x2_ASAP7_75t_R)
  41.54 1543.73 v _18597_/Y (OA21x2_ASAP7_75t_R)
  38.75 1582.47 v _18606_/Y (OA21x2_ASAP7_75t_R)
  41.87 1624.35 v _18607_/Y (OA21x2_ASAP7_75t_R)
  38.98 1663.33 v _18618_/Y (OA21x2_ASAP7_75t_R)
  41.87 1705.20 v _18619_/Y (OA21x2_ASAP7_75t_R)
  38.70 1743.90 v _18628_/Y (OA21x2_ASAP7_75t_R)
  41.31 1785.21 v _18629_/Y (OA21x2_ASAP7_75t_R)
  38.19 1823.40 v _18638_/Y (OA21x2_ASAP7_75t_R)
  41.76 1865.16 v _18639_/Y (OA21x2_ASAP7_75t_R)
  38.60 1903.76 v _18648_/Y (OA21x2_ASAP7_75t_R)
  42.69 1946.45 v _18649_/Y (OA21x2_ASAP7_75t_R)
  40.39 1986.84 v _18658_/Y (OA21x2_ASAP7_75t_R)
  43.42 2030.26 v _18659_/Y (OA21x2_ASAP7_75t_R)
  39.66 2069.92 v _18670_/Y (OA21x2_ASAP7_75t_R)
  42.71 2112.63 v _18671_/Y (OA21x2_ASAP7_75t_R)
  39.44 2152.07 v _18680_/Y (OA21x2_ASAP7_75t_R)
  41.78 2193.84 v _18681_/Y (OA21x2_ASAP7_75t_R)
  38.68 2232.52 v _18690_/Y (OA21x2_ASAP7_75t_R)
  41.21 2273.73 v _18691_/Y (OA21x2_ASAP7_75t_R)
  40.80 2314.53 v _18703_/Y (OA21x2_ASAP7_75t_R)
  41.27 2355.80 v _18704_/Y (XOR2x1_ASAP7_75t_R)
   0.29 2356.09 v Datapath_i.fu_run_benchmark_38252_38805.Datapath_i.reg_26.reg_out1[38]$_DFF_P_/D (DFFHQNx2_ASAP7_75t_R)
        2356.09   data arrival time
---------------------------------------------------------
(Path is unconstrained)


Startpoint: Datapath_i.fu_run_benchmark_38252_38805.Datapath_i.reg_19.reg_out1[7]$_DFF_P_
            (rising edge-triggered flip-flop)
Endpoint: Datapath_i.fu_run_benchmark_38252_38805.Datapath_i.reg_23.reg_out1[36]$_DFFE_PP_
          (rising edge-triggered flip-flop)
Path Group: unconstrained
Path Type: max
Corner: slow

  Delay    Time   Description
---------------------------------------------------------
   0.00    0.00 ^ Datapath_i.fu_run_benchmark_38252_38805.Datapath_i.reg_19.reg_out1[7]$_DFF_P_/CLK (DFFHQNx1_ASAP7_75t_R)
 199.66  199.66 ^ Datapath_i.fu_run_benchmark_38252_38805.Datapath_i.reg_19.reg_out1[7]$_DFF_P_/QN (DFFHQNx1_ASAP7_75t_R)
  90.15  289.81 ^ wire563/Y (BUFx12_ASAP7_75t_R)
  46.06  335.87 ^ _17601_/Y (OR2x2_ASAP7_75t_R)
  59.07  394.95 v _24722_/SN (FAx1_ASAP7_75t_R)
  26.13  421.08 ^ _21623_/Y (INVx1_ASAP7_75t_R)
  94.85  515.93 v _24724_/SN (FAx1_ASAP7_75t_R)
  49.16  565.09 ^ _24725_/CON (FAx1_ASAP7_75t_R)
  29.13  594.21 v _24725_/SN (FAx1_ASAP7_75t_R)
  25.03  619.25 ^ _21628_/Y (INVx1_ASAP7_75t_R)
  23.63  642.88 v _26638_/CON (HAxp5_ASAP7_75t_R)
  19.01  661.89 ^ _26638_/SN (HAxp5_ASAP7_75t_R)
  17.76  679.65 v _21668_/Y (INVx1_ASAP7_75t_R)
  44.00  723.66 v _26639_/SN (HAxp5_ASAP7_75t_R)
  23.87  747.52 ^ _21655_/Y (INVx1_ASAP7_75t_R)
  55.47  802.99 ^ _24726_/SN (FAx1_ASAP7_75t_R)
  21.52  824.51 v _21640_/Y (INVx1_ASAP7_75t_R)
  35.67  860.18 ^ _26642_/CON (HAxp5_ASAP7_75t_R)
  33.31  893.49 v _26642_/SN (HAxp5_ASAP7_75t_R)
  48.15  941.64 ^ _24727_/CON (FAx1_ASAP7_75t_R)
  31.85  973.49 v _24727_/SN (FAx1_ASAP7_75t_R)
 105.04 1078.53 v _26643_/SN (HAxp5_ASAP7_75t_R)
  58.83 1137.36 v _18544_/Y (OA21x2_ASAP7_75t_R)
  38.42 1175.78 v _18554_/Y (OA21x2_ASAP7_75t_R)
  41.63 1217.41 v _18555_/Y (OA21x2_ASAP7_75t_R)
  39.01 1256.42 v _18566_/Y (OA21x2_ASAP7_75t_R)
  42.66 1299.07 v _18567_/Y (OA21x2_ASAP7_75t_R)
  39.63 1338.70 v _18576_/Y (OA21x2_ASAP7_75t_R)
  42.01 1380.71 v _18577_/Y (OA21x2_ASAP7_75t_R)
  39.48 1420.19 v _18586_/Y (OA21x2_ASAP7_75t_R)
  42.59 1462.78 v _18587_/Y (OA21x2_ASAP7_75t_R)
  39.41 1502.18 v _18596_/Y (OA21x2_ASAP7_75t_R)
  41.54 1543.73 v _18597_/Y (OA21x2_ASAP7_75t_R)
  38.75 1582.47 v _18606_/Y (OA21x2_ASAP7_75t_R)
  41.87 1624.35 v _18607_/Y (OA21x2_ASAP7_75t_R)
  38.98 1663.33 v _18618_/Y (OA21x2_ASAP7_75t_R)
  41.87 1705.20 v _18619_/Y (OA21x2_ASAP7_75t_R)
  38.70 1743.90 v _18628_/Y (OA21x2_ASAP7_75t_R)
  41.31 1785.21 v _18629_/Y (OA21x2_ASAP7_75t_R)
  38.19 1823.40 v _18638_/Y (OA21x2_ASAP7_75t_R)
  41.76 1865.16 v _18639_/Y (OA21x2_ASAP7_75t_R)
  38.60 1903.76 v _18648_/Y (OA21x2_ASAP7_75t_R)
  42.69 1946.45 v _18649_/Y (OA21x2_ASAP7_75t_R)
  40.39 1986.84 v _18658_/Y (OA21x2_ASAP7_75t_R)
  43.42 2030.26 v _18659_/Y (OA21x2_ASAP7_75t_R)
  39.66 2069.92 v _18670_/Y (OA21x2_ASAP7_75t_R)
  42.71 2112.63 v _18671_/Y (OA21x2_ASAP7_75t_R)
  39.44 2152.07 v _18680_/Y (OA21x2_ASAP7_75t_R)
  41.78 2193.84 v _18681_/Y (OA21x2_ASAP7_75t_R)
  38.68 2232.52 v _18690_/Y (OA21x2_ASAP7_75t_R)
  41.21 2273.73 v _18691_/Y (OA21x2_ASAP7_75t_R)
  42.85 2316.58 v _18692_/Y (XOR2x1_ASAP7_75t_R)
  37.95 2354.53 v _18694_/Y (AO21x1_ASAP7_75t_R)
   0.04 2354.56 v Datapath_i.fu_run_benchmark_38252_38805.Datapath_i.reg_23.reg_out1[36]$_DFFE_PP_/D (DFFHQNx1_ASAP7_75t_R)
        2354.56   data arrival time
---------------------------------------------------------
(Path is unconstrained)


Startpoint: Datapath_i.fu_run_benchmark_38252_38805.Datapath_i.reg_20.reg_out1[3]$_DFF_P_
            (rising edge-triggered flip-flop)
Endpoint: Datapath_i.fu_run_benchmark_38252_38805.Datapath_i.reg_28.reg_out1[37]$_DFF_P_
          (rising edge-triggered flip-flop)
Path Group: unconstrained
Path Type: max
Corner: slow

  Delay    Time   Description
---------------------------------------------------------
   0.00    0.00 ^ Datapath_i.fu_run_benchmark_38252_38805.Datapath_i.reg_20.reg_out1[3]$_DFF_P_/CLK (DFFHQNx1_ASAP7_75t_R)
 195.30  195.30 ^ Datapath_i.fu_run_benchmark_38252_38805.Datapath_i.reg_20.reg_out1[3]$_DFF_P_/QN (DFFHQNx1_ASAP7_75t_R)
  81.91  277.20 ^ max_cap463/Y (BUFx10_ASAP7_75t_R)
  30.13  307.34 v _15016_/Y (NOR2x1_ASAP7_75t_R)
  56.86  364.20 ^ _24091_/CON (FAx1_ASAP7_75t_R)
  43.03  407.23 v _24091_/SN (FAx1_ASAP7_75t_R)
  64.83  472.06 ^ _24092_/CON (FAx1_ASAP7_75t_R)
  43.25  515.32 v _24092_/SN (FAx1_ASAP7_75t_R)
  63.45  578.77 ^ _24093_/CON (FAx1_ASAP7_75t_R)
  34.22  612.99 v _24093_/SN (FAx1_ASAP7_75t_R)
  32.28  645.27 ^ _20915_/Y (INVx1_ASAP7_75t_R)
  63.94  709.21 v _24094_/SN (FAx1_ASAP7_75t_R)
  20.37  729.58 ^ _20913_/Y (INVx1_ASAP7_75t_R)
  31.79  761.37 v _26456_/CON (HAxp5_ASAP7_75t_R)
  22.34  783.71 ^ _26456_/SN (HAxp5_ASAP7_75t_R)
  17.60  801.31 v _21588_/Y (INVx1_ASAP7_75t_R)
  35.12  836.43 ^ _26457_/CON (HAxp5_ASAP7_75t_R)
  33.36  869.79 v _26457_/SN (HAxp5_ASAP7_75t_R)
 100.38  970.17 v _24095_/SN (FAx1_ASAP7_75t_R)
  69.70 1039.86 ^ _24096_/SN (FAx1_ASAP7_75t_R)
  23.30 1063.16 v _20908_/Y (INVx1_ASAP7_75t_R)
  94.89 1158.05 v _26458_/SN (HAxp5_ASAP7_75t_R)
  53.00 1211.05 v _23061_/Y (OA21x2_ASAP7_75t_R)
  41.35 1252.41 v _23062_/Y (OA21x2_ASAP7_75t_R)
  38.23 1290.64 v _23067_/Y (OA21x2_ASAP7_75t_R)
  41.54 1332.18 v _23068_/Y (OA21x2_ASAP7_75t_R)
  38.38 1370.56 v _23073_/Y (OA21x2_ASAP7_75t_R)
  41.68 1412.24 v _23074_/Y (OA21x2_ASAP7_75t_R)
  38.83 1451.07 v _23079_/Y (OA21x2_ASAP7_75t_R)
  41.65 1492.72 v _23080_/Y (OA21x2_ASAP7_75t_R)
  39.00 1531.72 v _23085_/Y (OA21x2_ASAP7_75t_R)
  41.45 1573.17 v _23086_/Y (OA21x2_ASAP7_75t_R)
  38.13 1611.30 v _23092_/Y (OA21x2_ASAP7_75t_R)
  41.45 1652.76 v _23093_/Y (OA21x2_ASAP7_75t_R)
  38.60 1691.36 v _23098_/Y (OA21x2_ASAP7_75t_R)
  41.53 1732.89 v _23099_/Y (OA21x2_ASAP7_75t_R)
  38.48 1771.37 v _23104_/Y (OA21x2_ASAP7_75t_R)
  41.81 1813.18 v _23105_/Y (OA21x2_ASAP7_75t_R)
  39.11 1852.29 v _23110_/Y (OA21x2_ASAP7_75t_R)
  41.83 1894.12 v _23111_/Y (OA21x2_ASAP7_75t_R)
  38.46 1932.58 v _23116_/Y (OA21x2_ASAP7_75t_R)
  41.62 1974.20 v _23117_/Y (OA21x2_ASAP7_75t_R)
  38.39 2012.60 v _23123_/Y (OA21x2_ASAP7_75t_R)
  39.67 2052.26 v _23124_/Y (OA21x2_ASAP7_75t_R)
  37.58 2089.84 v _23129_/Y (OA21x2_ASAP7_75t_R)
  40.10 2129.95 v _23130_/Y (OA21x2_ASAP7_75t_R)
  40.81 2170.76 v _23135_/Y (OA21x2_ASAP7_75t_R)
  40.86 2211.62 v _23136_/Y (OA21x2_ASAP7_75t_R)
  53.66 2265.28 v _23143_/Y (OR3x1_ASAP7_75t_R)
  22.95 2288.23 ^ _23144_/Y (NAND2x1_ASAP7_75t_R)
  62.89 2351.12 v _23145_/Y (XNOR2x2_ASAP7_75t_R)
   1.06 2352.17 v Datapath_i.fu_run_benchmark_38252_38805.Datapath_i.reg_28.reg_out1[37]$_DFF_P_/D (DFFHQNx1_ASAP7_75t_R)
        2352.17   data arrival time
---------------------------------------------------------
(Path is unconstrained)


Startpoint: Datapath_i.fu_run_benchmark_38252_38805.Datapath_i.reg_19.reg_out1[7]$_DFF_P_
            (rising edge-triggered flip-flop)
Endpoint: Datapath_i.fu_run_benchmark_38252_38805.Datapath_i.reg_26.reg_out1[37]$_DFF_P_
          (rising edge-triggered flip-flop)
Path Group: unconstrained
Path Type: max
Corner: slow

  Delay    Time   Description
---------------------------------------------------------
   0.00    0.00 ^ Datapath_i.fu_run_benchmark_38252_38805.Datapath_i.reg_19.reg_out1[7]$_DFF_P_/CLK (DFFHQNx1_ASAP7_75t_R)
 199.66  199.66 ^ Datapath_i.fu_run_benchmark_38252_38805.Datapath_i.reg_19.reg_out1[7]$_DFF_P_/QN (DFFHQNx1_ASAP7_75t_R)
  90.15  289.81 ^ wire563/Y (BUFx12_ASAP7_75t_R)
  46.06  335.87 ^ _17601_/Y (OR2x2_ASAP7_75t_R)
  59.07  394.95 v _24722_/SN (FAx1_ASAP7_75t_R)
  26.13  421.08 ^ _21623_/Y (INVx1_ASAP7_75t_R)
  94.85  515.93 v _24724_/SN (FAx1_ASAP7_75t_R)
  49.16  565.09 ^ _24725_/CON (FAx1_ASAP7_75t_R)
  29.13  594.21 v _24725_/SN (FAx1_ASAP7_75t_R)
  25.03  619.25 ^ _21628_/Y (INVx1_ASAP7_75t_R)
  23.63  642.88 v _26638_/CON (HAxp5_ASAP7_75t_R)
  19.01  661.89 ^ _26638_/SN (HAxp5_ASAP7_75t_R)
  17.76  679.65 v _21668_/Y (INVx1_ASAP7_75t_R)
  44.00  723.66 v _26639_/SN (HAxp5_ASAP7_75t_R)
  23.87  747.52 ^ _21655_/Y (INVx1_ASAP7_75t_R)
  55.47  802.99 ^ _24726_/SN (FAx1_ASAP7_75t_R)
  21.52  824.51 v _21640_/Y (INVx1_ASAP7_75t_R)
  35.67  860.18 ^ _26642_/CON (HAxp5_ASAP7_75t_R)
  33.31  893.49 v _26642_/SN (HAxp5_ASAP7_75t_R)
  48.15  941.64 ^ _24727_/CON (FAx1_ASAP7_75t_R)
  31.85  973.49 v _24727_/SN (FAx1_ASAP7_75t_R)
 105.04 1078.53 v _26643_/SN (HAxp5_ASAP7_75t_R)
  53.09 1131.62 v _18549_/Y (OA21x2_ASAP7_75t_R)
  41.39 1173.02 v _18550_/Y (OA21x2_ASAP7_75t_R)
  38.40 1211.42 v _18561_/Y (OA21x2_ASAP7_75t_R)
  42.33 1253.75 v _18562_/Y (OA21x2_ASAP7_75t_R)
  40.43 1294.18 v _18571_/Y (OA21x2_ASAP7_75t_R)
  42.41 1336.59 v _18572_/Y (OA21x2_ASAP7_75t_R)
  38.49 1375.08 v _18581_/Y (OA21x2_ASAP7_75t_R)
  42.48 1417.56 v _18582_/Y (OA21x2_ASAP7_75t_R)
  39.93 1457.50 v _18591_/Y (OA21x2_ASAP7_75t_R)
  42.07 1499.56 v _18592_/Y (OA21x2_ASAP7_75t_R)
  38.85 1538.41 v _18601_/Y (OA21x2_ASAP7_75t_R)
  41.93 1580.34 v _18602_/Y (OA21x2_ASAP7_75t_R)
  38.72 1619.06 v _18613_/Y (OA21x2_ASAP7_75t_R)
  41.93 1660.99 v _18614_/Y (OA21x2_ASAP7_75t_R)
  38.97 1699.96 v _18623_/Y (OA21x2_ASAP7_75t_R)
  41.48 1741.45 v _18624_/Y (OA21x2_ASAP7_75t_R)
  38.41 1779.86 v _18633_/Y (OA21x2_ASAP7_75t_R)
  41.68 1821.54 v _18634_/Y (OA21x2_ASAP7_75t_R)
  38.77 1860.31 v _18643_/Y (OA21x2_ASAP7_75t_R)
  41.71 1902.03 v _18644_/Y (OA21x2_ASAP7_75t_R)
  39.65 1941.67 v _18653_/Y (OA21x2_ASAP7_75t_R)
  42.95 1984.62 v _18654_/Y (OA21x2_ASAP7_75t_R)
  39.69 2024.31 v _18665_/Y (OA21x2_ASAP7_75t_R)
  42.45 2066.77 v _18666_/Y (OA21x2_ASAP7_75t_R)
  39.70 2106.46 v _18675_/Y (OA21x2_ASAP7_75t_R)
  41.90 2148.37 v _18676_/Y (OA21x2_ASAP7_75t_R)
  39.05 2187.42 v _18685_/Y (OA21x2_ASAP7_75t_R)
  44.11 2231.53 v _18686_/Y (OA21x2_ASAP7_75t_R)
  49.73 2281.26 v _18696_/Y (OR3x1_ASAP7_75t_R)
  24.07 2305.33 ^ _18697_/Y (NAND2x1_ASAP7_75t_R)
  38.51 2343.84 ^ _18698_/Y (XNOR2x1_ASAP7_75t_R)
   0.19 2344.03 ^ Datapath_i.fu_run_benchmark_38252_38805.Datapath_i.reg_26.reg_out1[37]$_DFF_P_/D (DFFHQNx1_ASAP7_75t_R)
        2344.03   data arrival time
---------------------------------------------------------
(Path is unconstrained)


