Startpoint: Datapath_i.fu_run_benchmark_38252_39575.Datapath_i.reg_12.reg_out1[2]$_DFFE_PP_
            (rising edge-triggered flip-flop)
Endpoint: Datapath_i.fu_run_benchmark_38252_39575.Datapath_i.reg_29.reg_out1[4]$_SDFFCE_PP0P_
          (rising edge-triggered flip-flop)
Path Group: unconstrained
Path Type: max
Corner: slow

  Delay    Time   Description
---------------------------------------------------------
   0.00    0.00 ^ Datapath_i.fu_run_benchmark_38252_39575.Datapath_i.reg_12.reg_out1[2]$_DFFE_PP_/CLK (DFFHQNx1_ASAP7_75t_R)
 114.73  114.73 v Datapath_i.fu_run_benchmark_38252_39575.Datapath_i.reg_12.reg_out1[2]$_DFFE_PP_/QN (DFFHQNx1_ASAP7_75t_R)
  41.68  156.42 ^ _09739_/Y (INVx1_ASAP7_75t_R)
  41.15  197.57 v _18052_/CON (HAxp5_ASAP7_75t_R)
  61.84  259.40 v _13864_/Y (OR3x1_ASAP7_75t_R)
  58.04  317.44 v _13874_/Y (OR3x1_ASAP7_75t_R)
  55.40  372.84 v _13879_/Y (OR3x1_ASAP7_75t_R)
  42.48  415.32 v _13885_/Y (OR2x2_ASAP7_75t_R)
  76.71  492.03 v _13895_/Y (OR4x2_ASAP7_75t_R)
  43.20  535.23 v _13904_/Y (OR2x2_ASAP7_75t_R)
  62.30  597.53 v _13905_/Y (OR3x2_ASAP7_75t_R)
  64.53  662.06 v _13912_/Y (OR3x2_ASAP7_75t_R)
  67.65  729.71 v _13928_/Y (OR4x1_ASAP7_75t_R)
  42.75  772.46 v _13934_/Y (OR2x2_ASAP7_75t_R)
  67.18  839.64 v _13942_/Y (OR4x1_ASAP7_75t_R)
  43.61  883.25 v _13951_/Y (OR2x2_ASAP7_75t_R)
  17.94  901.19 ^ _13952_/Y (NOR2x1_ASAP7_75t_R)
  65.58  966.77 v _13953_/Y (XNOR2x2_ASAP7_75t_R)
  33.04  999.81 v _13977_/Y (XNOR2x1_ASAP7_75t_R)
  74.81 1074.63 v _13997_/Y (OR5x1_ASAP7_75t_R)
 124.29 1198.92 v _13998_/Y (OR5x2_ASAP7_75t_R)
 144.11 1343.03 v _14000_/Y (OR3x4_ASAP7_75t_R)
 140.96 1484.00 ^ _14003_/Y (NAND2x2_ASAP7_75t_R)
  89.01 1573.00 ^ load_slew29/Y (BUFx24_ASAP7_75t_R)
  23.27 1596.28 v _14093_/Y (NOR2x1_ASAP7_75t_R)
  38.82 1635.10 v _14095_/Y (OR2x2_ASAP7_75t_R)
   0.02 1635.12 v Datapath_i.fu_run_benchmark_38252_39575.Datapath_i.reg_29.reg_out1[4]$_SDFFCE_PP0P_/D (DFFHQNx1_ASAP7_75t_R)
        1635.12   data arrival time
---------------------------------------------------------
(Path is unconstrained)


Startpoint: Datapath_i.fu_run_benchmark_38252_39575.Datapath_i.reg_12.reg_out1[2]$_DFFE_PP_
            (rising edge-triggered flip-flop)
Endpoint: Datapath_i.fu_run_benchmark_38252_39575.Datapath_i.reg_29.reg_out1[5]$_SDFFCE_PP0P_
          (rising edge-triggered flip-flop)
Path Group: unconstrained
Path Type: max
Corner: slow

  Delay    Time   Description
---------------------------------------------------------
   0.00    0.00 ^ Datapath_i.fu_run_benchmark_38252_39575.Datapath_i.reg_12.reg_out1[2]$_DFFE_PP_/CLK (DFFHQNx1_ASAP7_75t_R)
 114.73  114.73 v Datapath_i.fu_run_benchmark_38252_39575.Datapath_i.reg_12.reg_out1[2]$_DFFE_PP_/QN (DFFHQNx1_ASAP7_75t_R)
  41.68  156.42 ^ _09739_/Y (INVx1_ASAP7_75t_R)
  41.15  197.57 v _18052_/CON (HAxp5_ASAP7_75t_R)
  61.84  259.40 v _13864_/Y (OR3x1_ASAP7_75t_R)
  58.04  317.44 v _13874_/Y (OR3x1_ASAP7_75t_R)
  55.40  372.84 v _13879_/Y (OR3x1_ASAP7_75t_R)
  42.48  415.32 v _13885_/Y (OR2x2_ASAP7_75t_R)
  76.71  492.03 v _13895_/Y (OR4x2_ASAP7_75t_R)
  43.20  535.23 v _13904_/Y (OR2x2_ASAP7_75t_R)
  62.30  597.53 v _13905_/Y (OR3x2_ASAP7_75t_R)
  64.53  662.06 v _13912_/Y (OR3x2_ASAP7_75t_R)
  67.65  729.71 v _13928_/Y (OR4x1_ASAP7_75t_R)
  42.75  772.46 v _13934_/Y (OR2x2_ASAP7_75t_R)
  67.18  839.64 v _13942_/Y (OR4x1_ASAP7_75t_R)
  43.61  883.25 v _13951_/Y (OR2x2_ASAP7_75t_R)
  17.94  901.19 ^ _13952_/Y (NOR2x1_ASAP7_75t_R)
  65.58  966.77 v _13953_/Y (XNOR2x2_ASAP7_75t_R)
  33.04  999.81 v _13977_/Y (XNOR2x1_ASAP7_75t_R)
  74.81 1074.63 v _13997_/Y (OR5x1_ASAP7_75t_R)
 124.29 1198.92 v _13998_/Y (OR5x2_ASAP7_75t_R)
 144.11 1343.03 v _14000_/Y (OR3x4_ASAP7_75t_R)
 140.96 1484.00 ^ _14003_/Y (NAND2x2_ASAP7_75t_R)
  89.01 1573.00 ^ load_slew29/Y (BUFx24_ASAP7_75t_R)
  23.25 1596.25 v _14096_/Y (NOR2x1_ASAP7_75t_R)
  38.60 1634.85 v _14098_/Y (OR2x2_ASAP7_75t_R)
   0.01 1634.86 v Datapath_i.fu_run_benchmark_38252_39575.Datapath_i.reg_29.reg_out1[5]$_SDFFCE_PP0P_/D (DFFHQNx1_ASAP7_75t_R)
        1634.86   data arrival time
---------------------------------------------------------
(Path is unconstrained)


Startpoint: Datapath_i.fu_run_benchmark_38252_39575.Datapath_i.reg_12.reg_out1[2]$_DFFE_PP_
            (rising edge-triggered flip-flop)
Endpoint: Datapath_i.fu_run_benchmark_38252_39575.Datapath_i.reg_29.reg_out1[3]$_SDFFCE_PP0P_
          (rising edge-triggered flip-flop)
Path Group: unconstrained
Path Type: max
Corner: slow

  Delay    Time   Description
---------------------------------------------------------
   0.00    0.00 ^ Datapath_i.fu_run_benchmark_38252_39575.Datapath_i.reg_12.reg_out1[2]$_DFFE_PP_/CLK (DFFHQNx1_ASAP7_75t_R)
 114.73  114.73 v Datapath_i.fu_run_benchmark_38252_39575.Datapath_i.reg_12.reg_out1[2]$_DFFE_PP_/QN (DFFHQNx1_ASAP7_75t_R)
  41.68  156.42 ^ _09739_/Y (INVx1_ASAP7_75t_R)
  41.15  197.57 v _18052_/CON (HAxp5_ASAP7_75t_R)
  61.84  259.40 v _13864_/Y (OR3x1_ASAP7_75t_R)
  58.04  317.44 v _13874_/Y (OR3x1_ASAP7_75t_R)
  55.40  372.84 v _13879_/Y (OR3x1_ASAP7_75t_R)
  42.48  415.32 v _13885_/Y (OR2x2_ASAP7_75t_R)
  76.71  492.03 v _13895_/Y (OR4x2_ASAP7_75t_R)
  43.20  535.23 v _13904_/Y (OR2x2_ASAP7_75t_R)
  62.30  597.53 v _13905_/Y (OR3x2_ASAP7_75t_R)
  64.53  662.06 v _13912_/Y (OR3x2_ASAP7_75t_R)
  67.65  729.71 v _13928_/Y (OR4x1_ASAP7_75t_R)
  42.75  772.46 v _13934_/Y (OR2x2_ASAP7_75t_R)
  67.18  839.64 v _13942_/Y (OR4x1_ASAP7_75t_R)
  43.61  883.25 v _13951_/Y (OR2x2_ASAP7_75t_R)
  17.94  901.19 ^ _13952_/Y (NOR2x1_ASAP7_75t_R)
  65.58  966.77 v _13953_/Y (XNOR2x2_ASAP7_75t_R)
  33.04  999.81 v _13977_/Y (XNOR2x1_ASAP7_75t_R)
  74.81 1074.63 v _13997_/Y (OR5x1_ASAP7_75t_R)
 124.29 1198.92 v _13998_/Y (OR5x2_ASAP7_75t_R)
 144.11 1343.03 v _14000_/Y (OR3x4_ASAP7_75t_R)
 140.96 1484.00 ^ _14003_/Y (NAND2x2_ASAP7_75t_R)
  89.01 1573.00 ^ load_slew29/Y (BUFx24_ASAP7_75t_R)
  23.20 1596.20 v _14090_/Y (NOR2x1_ASAP7_75t_R)
  37.89 1634.09 v _14092_/Y (OR2x2_ASAP7_75t_R)
   0.01 1634.10 v Datapath_i.fu_run_benchmark_38252_39575.Datapath_i.reg_29.reg_out1[3]$_SDFFCE_PP0P_/D (DFFHQNx1_ASAP7_75t_R)
        1634.10   data arrival time
---------------------------------------------------------
(Path is unconstrained)


Startpoint: Datapath_i.fu_run_benchmark_38252_39575.Datapath_i.reg_12.reg_out1[2]$_DFFE_PP_
            (rising edge-triggered flip-flop)
Endpoint: Datapath_i.fu_run_benchmark_38252_39575.Datapath_i.reg_29.reg_out1[6]$_SDFFCE_PP0P_
          (rising edge-triggered flip-flop)
Path Group: unconstrained
Path Type: max
Corner: slow

  Delay    Time   Description
---------------------------------------------------------
   0.00    0.00 ^ Datapath_i.fu_run_benchmark_38252_39575.Datapath_i.reg_12.reg_out1[2]$_DFFE_PP_/CLK (DFFHQNx1_ASAP7_75t_R)
 114.73  114.73 v Datapath_i.fu_run_benchmark_38252_39575.Datapath_i.reg_12.reg_out1[2]$_DFFE_PP_/QN (DFFHQNx1_ASAP7_75t_R)
  41.68  156.42 ^ _09739_/Y (INVx1_ASAP7_75t_R)
  41.15  197.57 v _18052_/CON (HAxp5_ASAP7_75t_R)
  61.84  259.40 v _13864_/Y (OR3x1_ASAP7_75t_R)
  58.04  317.44 v _13874_/Y (OR3x1_ASAP7_75t_R)
  55.40  372.84 v _13879_/Y (OR3x1_ASAP7_75t_R)
  42.48  415.32 v _13885_/Y (OR2x2_ASAP7_75t_R)
  76.71  492.03 v _13895_/Y (OR4x2_ASAP7_75t_R)
  43.20  535.23 v _13904_/Y (OR2x2_ASAP7_75t_R)
  62.30  597.53 v _13905_/Y (OR3x2_ASAP7_75t_R)
  64.53  662.06 v _13912_/Y (OR3x2_ASAP7_75t_R)
  67.65  729.71 v _13928_/Y (OR4x1_ASAP7_75t_R)
  42.75  772.46 v _13934_/Y (OR2x2_ASAP7_75t_R)
  67.18  839.64 v _13942_/Y (OR4x1_ASAP7_75t_R)
  43.61  883.25 v _13951_/Y (OR2x2_ASAP7_75t_R)
  17.94  901.19 ^ _13952_/Y (NOR2x1_ASAP7_75t_R)
  65.58  966.77 v _13953_/Y (XNOR2x2_ASAP7_75t_R)
  33.04  999.81 v _13977_/Y (XNOR2x1_ASAP7_75t_R)
  74.81 1074.63 v _13997_/Y (OR5x1_ASAP7_75t_R)
 124.29 1198.92 v _13998_/Y (OR5x2_ASAP7_75t_R)
 144.11 1343.03 v _14000_/Y (OR3x4_ASAP7_75t_R)
 140.96 1484.00 ^ _14003_/Y (NAND2x2_ASAP7_75t_R)
  89.01 1573.00 ^ load_slew29/Y (BUFx24_ASAP7_75t_R)
  23.08 1596.08 v _14099_/Y (NOR2x1_ASAP7_75t_R)
  37.91 1633.99 v _14101_/Y (OR2x2_ASAP7_75t_R)
   0.01 1634.00 v Datapath_i.fu_run_benchmark_38252_39575.Datapath_i.reg_29.reg_out1[6]$_SDFFCE_PP0P_/D (DFFHQNx1_ASAP7_75t_R)
        1634.00   data arrival time
---------------------------------------------------------
(Path is unconstrained)


Startpoint: Datapath_i.fu_run_benchmark_38252_39575.Datapath_i.reg_12.reg_out1[2]$_DFFE_PP_
            (rising edge-triggered flip-flop)
Endpoint: Datapath_i.fu_run_benchmark_38252_39575.Datapath_i.reg_29.reg_out1[9]$_SDFFCE_PP0P_
          (rising edge-triggered flip-flop)
Path Group: unconstrained
Path Type: max
Corner: slow

  Delay    Time   Description
---------------------------------------------------------
   0.00    0.00 ^ Datapath_i.fu_run_benchmark_38252_39575.Datapath_i.reg_12.reg_out1[2]$_DFFE_PP_/CLK (DFFHQNx1_ASAP7_75t_R)
 114.73  114.73 v Datapath_i.fu_run_benchmark_38252_39575.Datapath_i.reg_12.reg_out1[2]$_DFFE_PP_/QN (DFFHQNx1_ASAP7_75t_R)
  41.68  156.42 ^ _09739_/Y (INVx1_ASAP7_75t_R)
  41.15  197.57 v _18052_/CON (HAxp5_ASAP7_75t_R)
  61.84  259.40 v _13864_/Y (OR3x1_ASAP7_75t_R)
  58.04  317.44 v _13874_/Y (OR3x1_ASAP7_75t_R)
  55.40  372.84 v _13879_/Y (OR3x1_ASAP7_75t_R)
  42.48  415.32 v _13885_/Y (OR2x2_ASAP7_75t_R)
  76.71  492.03 v _13895_/Y (OR4x2_ASAP7_75t_R)
  43.20  535.23 v _13904_/Y (OR2x2_ASAP7_75t_R)
  62.30  597.53 v _13905_/Y (OR3x2_ASAP7_75t_R)
  64.53  662.06 v _13912_/Y (OR3x2_ASAP7_75t_R)
  67.65  729.71 v _13928_/Y (OR4x1_ASAP7_75t_R)
  42.75  772.46 v _13934_/Y (OR2x2_ASAP7_75t_R)
  67.18  839.64 v _13942_/Y (OR4x1_ASAP7_75t_R)
  43.61  883.25 v _13951_/Y (OR2x2_ASAP7_75t_R)
  17.94  901.19 ^ _13952_/Y (NOR2x1_ASAP7_75t_R)
  65.58  966.77 v _13953_/Y (XNOR2x2_ASAP7_75t_R)
  33.04  999.81 v _13977_/Y (XNOR2x1_ASAP7_75t_R)
  74.81 1074.63 v _13997_/Y (OR5x1_ASAP7_75t_R)
 124.29 1198.92 v _13998_/Y (OR5x2_ASAP7_75t_R)
 144.11 1343.03 v _14000_/Y (OR3x4_ASAP7_75t_R)
 140.96 1484.00 ^ _14003_/Y (NAND2x2_ASAP7_75t_R)
  89.01 1573.00 ^ load_slew29/Y (BUFx24_ASAP7_75t_R)
  23.22 1596.22 v _14106_/Y (NOR2x1_ASAP7_75t_R)
  37.01 1633.24 v _14107_/Y (AO21x1_ASAP7_75t_R)
   0.02 1633.26 v Datapath_i.fu_run_benchmark_38252_39575.Datapath_i.reg_29.reg_out1[9]$_SDFFCE_PP0P_/D (DFFHQNx1_ASAP7_75t_R)
        1633.26   data arrival time
---------------------------------------------------------
(Path is unconstrained)


Startpoint: Datapath_i.fu_run_benchmark_38252_39575.Datapath_i.reg_12.reg_out1[2]$_DFFE_PP_
            (rising edge-triggered flip-flop)
Endpoint: Datapath_i.fu_run_benchmark_38252_39575.Datapath_i.reg_29.reg_out1[7]$_SDFFCE_PP0P_
          (rising edge-triggered flip-flop)
Path Group: unconstrained
Path Type: max
Corner: slow

  Delay    Time   Description
---------------------------------------------------------
   0.00    0.00 ^ Datapath_i.fu_run_benchmark_38252_39575.Datapath_i.reg_12.reg_out1[2]$_DFFE_PP_/CLK (DFFHQNx1_ASAP7_75t_R)
 114.73  114.73 v Datapath_i.fu_run_benchmark_38252_39575.Datapath_i.reg_12.reg_out1[2]$_DFFE_PP_/QN (DFFHQNx1_ASAP7_75t_R)
  41.68  156.42 ^ _09739_/Y (INVx1_ASAP7_75t_R)
  41.15  197.57 v _18052_/CON (HAxp5_ASAP7_75t_R)
  61.84  259.40 v _13864_/Y (OR3x1_ASAP7_75t_R)
  58.04  317.44 v _13874_/Y (OR3x1_ASAP7_75t_R)
  55.40  372.84 v _13879_/Y (OR3x1_ASAP7_75t_R)
  42.48  415.32 v _13885_/Y (OR2x2_ASAP7_75t_R)
  76.71  492.03 v _13895_/Y (OR4x2_ASAP7_75t_R)
  43.20  535.23 v _13904_/Y (OR2x2_ASAP7_75t_R)
  62.30  597.53 v _13905_/Y (OR3x2_ASAP7_75t_R)
  64.53  662.06 v _13912_/Y (OR3x2_ASAP7_75t_R)
  67.65  729.71 v _13928_/Y (OR4x1_ASAP7_75t_R)
  42.75  772.46 v _13934_/Y (OR2x2_ASAP7_75t_R)
  67.18  839.64 v _13942_/Y (OR4x1_ASAP7_75t_R)
  43.61  883.25 v _13951_/Y (OR2x2_ASAP7_75t_R)
  17.94  901.19 ^ _13952_/Y (NOR2x1_ASAP7_75t_R)
  65.58  966.77 v _13953_/Y (XNOR2x2_ASAP7_75t_R)
  33.04  999.81 v _13977_/Y (XNOR2x1_ASAP7_75t_R)
  74.81 1074.63 v _13997_/Y (OR5x1_ASAP7_75t_R)
 124.29 1198.92 v _13998_/Y (OR5x2_ASAP7_75t_R)
 144.11 1343.03 v _14000_/Y (OR3x4_ASAP7_75t_R)
 140.96 1484.00 ^ _14003_/Y (NAND2x2_ASAP7_75t_R)
  89.01 1573.00 ^ load_slew29/Y (BUFx24_ASAP7_75t_R)
  23.72 1596.73 v _14102_/Y (NOR2x1_ASAP7_75t_R)
  36.01 1632.73 v _14103_/Y (AO21x1_ASAP7_75t_R)
   0.01 1632.75 v Datapath_i.fu_run_benchmark_38252_39575.Datapath_i.reg_29.reg_out1[7]$_SDFFCE_PP0P_/D (DFFHQNx1_ASAP7_75t_R)
        1632.75   data arrival time
---------------------------------------------------------
(Path is unconstrained)


Startpoint: Datapath_i.fu_run_benchmark_38252_39575.Datapath_i.reg_12.reg_out1[2]$_DFFE_PP_
            (rising edge-triggered flip-flop)
Endpoint: Datapath_i.fu_run_benchmark_38252_39575.Datapath_i.reg_29.reg_out1[8]$_SDFFCE_PP0P_
          (rising edge-triggered flip-flop)
Path Group: unconstrained
Path Type: max
Corner: slow

  Delay    Time   Description
---------------------------------------------------------
   0.00    0.00 ^ Datapath_i.fu_run_benchmark_38252_39575.Datapath_i.reg_12.reg_out1[2]$_DFFE_PP_/CLK (DFFHQNx1_ASAP7_75t_R)
 114.73  114.73 v Datapath_i.fu_run_benchmark_38252_39575.Datapath_i.reg_12.reg_out1[2]$_DFFE_PP_/QN (DFFHQNx1_ASAP7_75t_R)
  41.68  156.42 ^ _09739_/Y (INVx1_ASAP7_75t_R)
  41.15  197.57 v _18052_/CON (HAxp5_ASAP7_75t_R)
  61.84  259.40 v _13864_/Y (OR3x1_ASAP7_75t_R)
  58.04  317.44 v _13874_/Y (OR3x1_ASAP7_75t_R)
  55.40  372.84 v _13879_/Y (OR3x1_ASAP7_75t_R)
  42.48  415.32 v _13885_/Y (OR2x2_ASAP7_75t_R)
  76.71  492.03 v _13895_/Y (OR4x2_ASAP7_75t_R)
  43.20  535.23 v _13904_/Y (OR2x2_ASAP7_75t_R)
  62.30  597.53 v _13905_/Y (OR3x2_ASAP7_75t_R)
  64.53  662.06 v _13912_/Y (OR3x2_ASAP7_75t_R)
  67.65  729.71 v _13928_/Y (OR4x1_ASAP7_75t_R)
  42.75  772.46 v _13934_/Y (OR2x2_ASAP7_75t_R)
  67.18  839.64 v _13942_/Y (OR4x1_ASAP7_75t_R)
  43.61  883.25 v _13951_/Y (OR2x2_ASAP7_75t_R)
  17.94  901.19 ^ _13952_/Y (NOR2x1_ASAP7_75t_R)
  65.58  966.77 v _13953_/Y (XNOR2x2_ASAP7_75t_R)
  33.04  999.81 v _13977_/Y (XNOR2x1_ASAP7_75t_R)
  74.81 1074.63 v _13997_/Y (OR5x1_ASAP7_75t_R)
 124.29 1198.92 v _13998_/Y (OR5x2_ASAP7_75t_R)
 144.11 1343.03 v _14000_/Y (OR3x4_ASAP7_75t_R)
 140.96 1484.00 ^ _14003_/Y (NAND2x2_ASAP7_75t_R)
  89.01 1573.00 ^ load_slew29/Y (BUFx24_ASAP7_75t_R)
  23.25 1596.25 v _14104_/Y (NOR2x1_ASAP7_75t_R)
  36.45 1632.70 v _14105_/Y (AO21x1_ASAP7_75t_R)
   0.01 1632.71 v Datapath_i.fu_run_benchmark_38252_39575.Datapath_i.reg_29.reg_out1[8]$_SDFFCE_PP0P_/D (DFFHQNx1_ASAP7_75t_R)
        1632.71   data arrival time
---------------------------------------------------------
(Path is unconstrained)


Startpoint: Datapath_i.fu_run_benchmark_38252_39575.Datapath_i.reg_12.reg_out1[2]$_DFFE_PP_
            (rising edge-triggered flip-flop)
Endpoint: Datapath_i.fu_run_benchmark_38252_39575.Datapath_i.reg_29.reg_out1[2]$_SDFFCE_PP0P_
          (rising edge-triggered flip-flop)
Path Group: unconstrained
Path Type: max
Corner: slow

  Delay    Time   Description
---------------------------------------------------------
   0.00    0.00 ^ Datapath_i.fu_run_benchmark_38252_39575.Datapath_i.reg_12.reg_out1[2]$_DFFE_PP_/CLK (DFFHQNx1_ASAP7_75t_R)
 114.73  114.73 v Datapath_i.fu_run_benchmark_38252_39575.Datapath_i.reg_12.reg_out1[2]$_DFFE_PP_/QN (DFFHQNx1_ASAP7_75t_R)
  41.68  156.42 ^ _09739_/Y (INVx1_ASAP7_75t_R)
  41.15  197.57 v _18052_/CON (HAxp5_ASAP7_75t_R)
  61.84  259.40 v _13864_/Y (OR3x1_ASAP7_75t_R)
  58.04  317.44 v _13874_/Y (OR3x1_ASAP7_75t_R)
  55.40  372.84 v _13879_/Y (OR3x1_ASAP7_75t_R)
  42.48  415.32 v _13885_/Y (OR2x2_ASAP7_75t_R)
  76.71  492.03 v _13895_/Y (OR4x2_ASAP7_75t_R)
  43.20  535.23 v _13904_/Y (OR2x2_ASAP7_75t_R)
  62.30  597.53 v _13905_/Y (OR3x2_ASAP7_75t_R)
  64.53  662.06 v _13912_/Y (OR3x2_ASAP7_75t_R)
  67.65  729.71 v _13928_/Y (OR4x1_ASAP7_75t_R)
  42.75  772.46 v _13934_/Y (OR2x2_ASAP7_75t_R)
  67.18  839.64 v _13942_/Y (OR4x1_ASAP7_75t_R)
  43.61  883.25 v _13951_/Y (OR2x2_ASAP7_75t_R)
  17.94  901.19 ^ _13952_/Y (NOR2x1_ASAP7_75t_R)
  65.58  966.77 v _13953_/Y (XNOR2x2_ASAP7_75t_R)
  33.04  999.81 v _13977_/Y (XNOR2x1_ASAP7_75t_R)
  74.81 1074.63 v _13997_/Y (OR5x1_ASAP7_75t_R)
 124.29 1198.92 v _13998_/Y (OR5x2_ASAP7_75t_R)
 144.11 1343.03 v _14000_/Y (OR3x4_ASAP7_75t_R)
 140.96 1484.00 ^ _14003_/Y (NAND2x2_ASAP7_75t_R)
  89.01 1573.00 ^ load_slew29/Y (BUFx24_ASAP7_75t_R)
  23.62 1596.62 v _14088_/Y (NOR2x1_ASAP7_75t_R)
  35.44 1632.06 v _14089_/Y (AO21x1_ASAP7_75t_R)
   0.00 1632.06 v Datapath_i.fu_run_benchmark_38252_39575.Datapath_i.reg_29.reg_out1[2]$_SDFFCE_PP0P_/D (DFFHQNx1_ASAP7_75t_R)
        1632.06   data arrival time
---------------------------------------------------------
(Path is unconstrained)


Startpoint: Datapath_i.fu_run_benchmark_38252_39575.Datapath_i.reg_12.reg_out1[2]$_DFFE_PP_
            (rising edge-triggered flip-flop)
Endpoint: Datapath_i.fu_run_benchmark_38252_39575.Datapath_i.reg_29.reg_out1[10]$_SDFFCE_PP0P_
          (rising edge-triggered flip-flop)
Path Group: unconstrained
Path Type: max
Corner: slow

  Delay    Time   Description
---------------------------------------------------------
   0.00    0.00 ^ Datapath_i.fu_run_benchmark_38252_39575.Datapath_i.reg_12.reg_out1[2]$_DFFE_PP_/CLK (DFFHQNx1_ASAP7_75t_R)
 114.73  114.73 v Datapath_i.fu_run_benchmark_38252_39575.Datapath_i.reg_12.reg_out1[2]$_DFFE_PP_/QN (DFFHQNx1_ASAP7_75t_R)
  41.68  156.42 ^ _09739_/Y (INVx1_ASAP7_75t_R)
  41.15  197.57 v _18052_/CON (HAxp5_ASAP7_75t_R)
  61.84  259.40 v _13864_/Y (OR3x1_ASAP7_75t_R)
  58.04  317.44 v _13874_/Y (OR3x1_ASAP7_75t_R)
  55.40  372.84 v _13879_/Y (OR3x1_ASAP7_75t_R)
  42.48  415.32 v _13885_/Y (OR2x2_ASAP7_75t_R)
  76.71  492.03 v _13895_/Y (OR4x2_ASAP7_75t_R)
  43.20  535.23 v _13904_/Y (OR2x2_ASAP7_75t_R)
  62.30  597.53 v _13905_/Y (OR3x2_ASAP7_75t_R)
  64.53  662.06 v _13912_/Y (OR3x2_ASAP7_75t_R)
  67.65  729.71 v _13928_/Y (OR4x1_ASAP7_75t_R)
  42.75  772.46 v _13934_/Y (OR2x2_ASAP7_75t_R)
  67.18  839.64 v _13942_/Y (OR4x1_ASAP7_75t_R)
  43.61  883.25 v _13951_/Y (OR2x2_ASAP7_75t_R)
  17.94  901.19 ^ _13952_/Y (NOR2x1_ASAP7_75t_R)
  65.58  966.77 v _13953_/Y (XNOR2x2_ASAP7_75t_R)
  33.04  999.81 v _13977_/Y (XNOR2x1_ASAP7_75t_R)
  74.81 1074.63 v _13997_/Y (OR5x1_ASAP7_75t_R)
 124.29 1198.92 v _13998_/Y (OR5x2_ASAP7_75t_R)
 144.11 1343.03 v _14000_/Y (OR3x4_ASAP7_75t_R)
 140.96 1484.00 ^ _14003_/Y (NAND2x2_ASAP7_75t_R)
  89.01 1573.00 ^ load_slew29/Y (BUFx24_ASAP7_75t_R)
  22.91 1595.91 v _14108_/Y (NOR2x1_ASAP7_75t_R)
  35.28 1631.20 v _14109_/Y (AO21x1_ASAP7_75t_R)
   0.01 1631.21 v Datapath_i.fu_run_benchmark_38252_39575.Datapath_i.reg_29.reg_out1[10]$_SDFFCE_PP0P_/D (DFFHQNx1_ASAP7_75t_R)
        1631.21   data arrival time
---------------------------------------------------------
(Path is unconstrained)


Startpoint: Datapath_i.fu_run_benchmark_38252_39575.Datapath_i.reg_12.reg_out1[2]$_DFFE_PP_
            (rising edge-triggered flip-flop)
Endpoint: Datapath_i.fu_run_benchmark_38252_39575.Datapath_i.reg_29.reg_out1[15]$_SDFFCE_PP0P_
          (rising edge-triggered flip-flop)
Path Group: unconstrained
Path Type: max
Corner: slow

  Delay    Time   Description
---------------------------------------------------------
   0.00    0.00 ^ Datapath_i.fu_run_benchmark_38252_39575.Datapath_i.reg_12.reg_out1[2]$_DFFE_PP_/CLK (DFFHQNx1_ASAP7_75t_R)
 114.73  114.73 v Datapath_i.fu_run_benchmark_38252_39575.Datapath_i.reg_12.reg_out1[2]$_DFFE_PP_/QN (DFFHQNx1_ASAP7_75t_R)
  41.68  156.42 ^ _09739_/Y (INVx1_ASAP7_75t_R)
  41.15  197.57 v _18052_/CON (HAxp5_ASAP7_75t_R)
  61.84  259.40 v _13864_/Y (OR3x1_ASAP7_75t_R)
  58.04  317.44 v _13874_/Y (OR3x1_ASAP7_75t_R)
  55.40  372.84 v _13879_/Y (OR3x1_ASAP7_75t_R)
  42.48  415.32 v _13885_/Y (OR2x2_ASAP7_75t_R)
  76.71  492.03 v _13895_/Y (OR4x2_ASAP7_75t_R)
  43.20  535.23 v _13904_/Y (OR2x2_ASAP7_75t_R)
  62.30  597.53 v _13905_/Y (OR3x2_ASAP7_75t_R)
  64.53  662.06 v _13912_/Y (OR3x2_ASAP7_75t_R)
  67.65  729.71 v _13928_/Y (OR4x1_ASAP7_75t_R)
  42.75  772.46 v _13934_/Y (OR2x2_ASAP7_75t_R)
  67.18  839.64 v _13942_/Y (OR4x1_ASAP7_75t_R)
  43.61  883.25 v _13951_/Y (OR2x2_ASAP7_75t_R)
  17.94  901.19 ^ _13952_/Y (NOR2x1_ASAP7_75t_R)
  65.58  966.77 v _13953_/Y (XNOR2x2_ASAP7_75t_R)
  33.04  999.81 v _13977_/Y (XNOR2x1_ASAP7_75t_R)
  74.81 1074.63 v _13997_/Y (OR5x1_ASAP7_75t_R)
 124.29 1198.92 v _13998_/Y (OR5x2_ASAP7_75t_R)
 144.11 1343.03 v _14000_/Y (OR3x4_ASAP7_75t_R)
 140.96 1484.00 ^ _14003_/Y (NAND2x2_ASAP7_75t_R)
  89.01 1573.00 ^ load_slew29/Y (BUFx24_ASAP7_75t_R)
  21.44 1594.44 v _14116_/Y (NOR2x1_ASAP7_75t_R)
  36.26 1630.70 v _14117_/Y (AO21x1_ASAP7_75t_R)
   0.01 1630.71 v Datapath_i.fu_run_benchmark_38252_39575.Datapath_i.reg_29.reg_out1[15]$_SDFFCE_PP0P_/D (DFFHQNx1_ASAP7_75t_R)
        1630.71   data arrival time
---------------------------------------------------------
(Path is unconstrained)


