Startpoint: Datapath_i.fu_run_benchmark_38252_39575.Datapath_i.reg_12.reg_out1[2]$_DFFE_PP_
            (rising edge-triggered flip-flop)
Endpoint: Datapath_i.fu_run_benchmark_38252_39575.Datapath_i.reg_29.reg_out1[4]$_SDFFCE_PP0P_
          (rising edge-triggered flip-flop)
Path Group: unconstrained
Path Type: max
Corner: slow

    Cap   Delay    Time   Description
----------------------------------------------------------------
           0.00    0.00 ^ Datapath_i.fu_run_benchmark_38252_39575.Datapath_i.reg_12.reg_out1[2]$_DFFE_PP_/CLK (DFFHQNx1_ASAP7_75t_R)
   3.32  114.73  114.73 v Datapath_i.fu_run_benchmark_38252_39575.Datapath_i.reg_12.reg_out1[2]$_DFFE_PP_/QN (DFFHQNx1_ASAP7_75t_R)
   2.68   41.68  156.42 ^ _09739_/Y (INVx1_ASAP7_75t_R)
   2.06   41.15  197.57 v _18052_/CON (HAxp5_ASAP7_75t_R)
   2.03   61.84  259.40 v _13864_/Y (OR3x1_ASAP7_75t_R)
   2.06   58.04  317.44 v _13874_/Y (OR3x1_ASAP7_75t_R)
   1.61   55.40  372.84 v _13879_/Y (OR3x1_ASAP7_75t_R)
   1.66   42.48  415.32 v _13885_/Y (OR2x2_ASAP7_75t_R)
   2.09   76.71  492.03 v _13895_/Y (OR4x2_ASAP7_75t_R)
   1.66   43.20  535.23 v _13904_/Y (OR2x2_ASAP7_75t_R)
   2.57   62.30  597.53 v _13905_/Y (OR3x2_ASAP7_75t_R)
   2.63   64.53  662.06 v _13912_/Y (OR3x2_ASAP7_75t_R)
   1.44   67.65  729.71 v _13928_/Y (OR4x1_ASAP7_75t_R)
   1.61   42.75  772.46 v _13934_/Y (OR2x2_ASAP7_75t_R)
   1.63   67.18  839.64 v _13942_/Y (OR4x1_ASAP7_75t_R)
   1.67   43.61  883.25 v _13951_/Y (OR2x2_ASAP7_75t_R)
   0.96   17.94  901.19 ^ _13952_/Y (NOR2x1_ASAP7_75t_R)
   3.35   65.58  966.77 v _13953_/Y (XNOR2x2_ASAP7_75t_R)
   0.50   33.04  999.81 v _13977_/Y (XNOR2x1_ASAP7_75t_R)
   0.80   74.81 1074.63 v _13997_/Y (OR5x1_ASAP7_75t_R)
  10.03  124.29 1198.92 v _13998_/Y (OR5x2_ASAP7_75t_R)
  33.50  144.11 1343.03 v _14000_/Y (OR3x4_ASAP7_75t_R)
  25.66  140.96 1484.00 ^ _14003_/Y (NAND2x2_ASAP7_75t_R)
  25.58   89.01 1573.00 ^ load_slew29/Y (BUFx24_ASAP7_75t_R)
   0.52   23.27 1596.28 v _14093_/Y (NOR2x1_ASAP7_75t_R)
   0.68   38.82 1635.10 v _14095_/Y (OR2x2_ASAP7_75t_R)
           0.02 1635.12 v Datapath_i.fu_run_benchmark_38252_39575.Datapath_i.reg_29.reg_out1[4]$_SDFFCE_PP0P_/D (DFFHQNx1_ASAP7_75t_R)
                1635.12   data arrival time
----------------------------------------------------------------
(Path is unconstrained)


