max slew

Pin                                    Limit    Slew   Slack
------------------------------------------------------------
_27041_/A                             320.00  354.96  -34.96 (VIOLATED)
_27042_/A1                            320.00  354.94  -34.94 (VIOLATED)
_26922_/A1                            320.00  354.94  -34.94 (VIOLATED)
_34045_/A1                            320.00  354.94  -34.94 (VIOLATED)
_26956_/A1                            320.00  354.93  -34.93 (VIOLATED)
_27034_/A1                            320.00  354.93  -34.93 (VIOLATED)
_27026_/A                             320.00  354.89  -34.89 (VIOLATED)
_27079_/A                             320.00  354.87  -34.87 (VIOLATED)
_27027_/A1                            320.00  354.83  -34.83 (VIOLATED)
_26321_/A1                            320.00  354.72  -34.72 (VIOLATED)
_26969_/A1                            320.00  354.72  -34.72 (VIOLATED)
_26851_/A                             320.00  354.70  -34.70 (VIOLATED)
_26852_/A1                            320.00  354.68  -34.68 (VIOLATED)
_26991_/A1                            320.00  354.66  -34.66 (VIOLATED)
_26990_/A                             320.00  354.66  -34.66 (VIOLATED)
_26368_/A                             320.00  354.65  -34.65 (VIOLATED)
_26387_/A1                            320.00  354.62  -34.62 (VIOLATED)
_26395_/A                             320.00  354.57  -34.57 (VIOLATED)
_27028_/A                             320.00  354.54  -34.54 (VIOLATED)
_26930_/A1                            320.00  354.49  -34.49 (VIOLATED)
_26964_/A                             320.00  354.48  -34.48 (VIOLATED)
_26369_/A1                            320.00  354.47  -34.47 (VIOLATED)
_27019_/A                             320.00  354.13  -34.13 (VIOLATED)
_27000_/A                             320.00  354.13  -34.13 (VIOLATED)
_26461_/A1                            320.00  354.10  -34.10 (VIOLATED)
_26521_/A                             320.00  353.48  -33.48 (VIOLATED)
_26522_/A1                            320.00  353.19  -33.19 (VIOLATED)
_26975_/A1                            320.00  353.05  -33.05 (VIOLATED)
_27001_/A1                            320.00  353.03  -33.03 (VIOLATED)
_27013_/A                             320.00  352.74  -32.74 (VIOLATED)
_26425_/A                             320.00  352.30  -32.30 (VIOLATED)
_27036_/A                             320.00  352.29  -32.29 (VIOLATED)
_26985_/A1                            320.00  352.28  -32.28 (VIOLATED)
_26528_/A1                            320.00  352.26  -32.26 (VIOLATED)
_26905_/A                             320.00  352.26  -32.26 (VIOLATED)
_26455_/A                             320.00  352.24  -32.24 (VIOLATED)
_26898_/A                             320.00  351.75  -31.75 (VIOLATED)
_26242_/A                             320.00  351.61  -31.61 (VIOLATED)
_26243_/A1                            320.00  351.46  -31.46 (VIOLATED)
_26491_/A                             320.00  351.45  -31.45 (VIOLATED)
_26946_/A1                            320.00  351.45  -31.45 (VIOLATED)
_27004_/A1                            320.00  351.44  -31.44 (VIOLATED)
_26463_/B                             320.00  351.16  -31.16 (VIOLATED)
_26536_/A                             320.00  350.90  -30.90 (VIOLATED)
_27108_/A                             320.00  350.85  -30.85 (VIOLATED)
_27110_/A                             320.00  350.78  -30.78 (VIOLATED)
_26538_/A                             320.00  350.66  -30.66 (VIOLATED)
_26544_/A                             320.00  350.50  -30.50 (VIOLATED)
_28437_/C                             320.00  350.31  -30.31 (VIOLATED)
_26954_/A                             320.00  350.31  -30.31 (VIOLATED)
_26319_/A                             320.00  350.31  -30.31 (VIOLATED)
_26427_/B                             320.00  350.29  -30.29 (VIOLATED)
_28441_/A                             320.00  350.28  -30.28 (VIOLATED)
_28409_/A1                            320.00  350.27  -30.27 (VIOLATED)
_28464_/A1                            320.00  350.27  -30.27 (VIOLATED)
_28454_/A                             320.00  350.27  -30.27 (VIOLATED)
_28439_/A1                            320.00  350.25  -30.25 (VIOLATED)
_28440_/A1                            320.00  350.25  -30.25 (VIOLATED)
_27636_/A2                            320.00  335.08  -15.08 (VIOLATED)
_27662_/A2                            320.00  335.07  -15.07 (VIOLATED)
_27649_/A2                            320.00  335.03  -15.03 (VIOLATED)
_27698_/A2                            320.00  335.00  -15.00 (VIOLATED)
_27674_/A2                            320.00  334.96  -14.96 (VIOLATED)
_27686_/A2                            320.00  334.95  -14.95 (VIOLATED)
_27710_/A2                            320.00  334.88  -14.88 (VIOLATED)
_27722_/A2                            320.00  334.88  -14.88 (VIOLATED)
_27808_/A2                            320.00  334.78  -14.78 (VIOLATED)
_27835_/A2                            320.00  334.71  -14.71 (VIOLATED)
_27848_/A2                            320.00  334.50  -14.50 (VIOLATED)
_27734_/B                             320.00  334.45  -14.45 (VIOLATED)
_27749_/A2                            320.00  334.37  -14.37 (VIOLATED)
_27896_/A2                            320.00  334.22  -14.22 (VIOLATED)
_27761_/A2                            320.00  333.98  -13.98 (VIOLATED)
_27908_/A2                            320.00  333.85  -13.85 (VIOLATED)
_27958_/A2                            320.00  333.45  -13.45 (VIOLATED)
_27821_/A2                            320.00  333.42  -13.42 (VIOLATED)
_27884_/A2                            320.00  333.20  -13.20 (VIOLATED)
_27946_/A2                            320.00  333.16  -13.16 (VIOLATED)
_27919_/B                             320.00  333.14  -13.14 (VIOLATED)
_27933_/A2                            320.00  333.06  -13.06 (VIOLATED)
_27982_/A2                            320.00  332.89  -12.89 (VIOLATED)
_27860_/A2                            320.00  332.88  -12.88 (VIOLATED)
_27872_/A2                            320.00  332.26  -12.26 (VIOLATED)
_28003_/A2                            320.00  332.22  -12.22 (VIOLATED)
_27621_/A2                            320.00  331.93  -11.93 (VIOLATED)
_27796_/A2                            320.00  331.93  -11.93 (VIOLATED)
_27585_/A2                            320.00  331.91  -11.91 (VIOLATED)
_27607_/A2                            320.00  331.78  -11.78 (VIOLATED)
_27560_/A2                            320.00  331.75  -11.75 (VIOLATED)
_27548_/A2                            320.00  331.73  -11.73 (VIOLATED)
_27497_/A2                            320.00  331.66  -11.66 (VIOLATED)
_27510_/A2                            320.00  331.66  -11.66 (VIOLATED)
_27970_/A2                            320.00  331.56  -11.56 (VIOLATED)
_27536_/A2                            320.00  331.54  -11.54 (VIOLATED)
_27524_/A2                            320.00  331.53  -11.53 (VIOLATED)
_27572_/A2                            320.00  331.49  -11.49 (VIOLATED)
_27463_/A2                            320.00  331.21  -11.21 (VIOLATED)
_27417_/A2                            320.00  331.15  -11.15 (VIOLATED)
_27474_/A2                            320.00  330.91  -10.91 (VIOLATED)
_27486_/A2                            320.00  330.91  -10.91 (VIOLATED)
_27432_/A2                            320.00  330.90  -10.90 (VIOLATED)
_27450_/A2                            320.00  330.89  -10.89 (VIOLATED)
_28437_/B                             320.00  330.85  -10.85 (VIOLATED)
_28441_/B                             320.00  330.85  -10.85 (VIOLATED)
_26882_/B                             320.00  330.80  -10.80 (VIOLATED)
_28419_/A                             320.00  330.77  -10.77 (VIOLATED)
_27127_/B                             320.00  330.65  -10.65 (VIOLATED)
_34037_/A1                            320.00  330.46  -10.46 (VIOLATED)
_26400_/A                             320.00  330.25  -10.25 (VIOLATED)
_28016_/A2                            320.00  330.18  -10.18 (VIOLATED)
_26435_/A1                            320.00  330.12  -10.12 (VIOLATED)
_26442_/A1                            320.00  329.99   -9.99 (VIOLATED)
_26441_/A                             320.00  329.99   -9.99 (VIOLATED)
_26401_/A1                            320.00  329.79   -9.79 (VIOLATED)
_26868_/C                             320.00  329.72   -9.72 (VIOLATED)
_26993_/A1                            320.00  329.71   -9.71 (VIOLATED)
_26992_/A                             320.00  329.68   -9.68 (VIOLATED)
_28110_/A2                            320.00  329.68   -9.68 (VIOLATED)
_26950_/A                             320.00  329.65   -9.65 (VIOLATED)
_26994_/A                             320.00  329.60   -9.60 (VIOLATED)
_26951_/A1                            320.00  329.59   -9.59 (VIOLATED)
_26921_/A2                            320.00  329.56   -9.56 (VIOLATED)
_26967_/A1                            320.00  329.46   -9.46 (VIOLATED)
_26968_/A2                            320.00  329.46   -9.46 (VIOLATED)
_26366_/A                             320.00  329.32   -9.32 (VIOLATED)
_34044_/A2                            320.00  329.32   -9.32 (VIOLATED)
_26404_/A                             320.00  329.30   -9.30 (VIOLATED)
_26367_/A1                            320.00  329.01   -9.01 (VIOLATED)
_28101_/A2                            320.00  328.68   -8.68 (VIOLATED)
_28128_/A2                            320.00  328.67   -8.67 (VIOLATED)
_28067_/A2                            320.00  328.66   -8.66 (VIOLATED)
_28048_/A2                            320.00  328.65   -8.65 (VIOLATED)
_28026_/A2                            320.00  328.65   -8.65 (VIOLATED)
_27447_/A                             320.00  328.62   -8.62 (VIOLATED)
_26849_/A                             320.00  328.30   -8.30 (VIOLATED)
_26960_/A                             320.00  327.76   -7.76 (VIOLATED)
_27046_/A                             320.00  327.45   -7.45 (VIOLATED)
_26392_/A1                            320.00  327.44   -7.44 (VIOLATED)
_26417_/A1                            320.00  327.20   -7.20 (VIOLATED)
_26343_/A                             320.00  326.74   -6.74 (VIOLATED)
_28135_/A                             320.00  326.60   -6.60 (VIOLATED)
_26835_/A                             320.00  326.46   -6.46 (VIOLATED)
_26937_/A                             320.00  326.02   -6.02 (VIOLATED)
_29979_/B                             320.00  325.99   -5.99 (VIOLATED)
_29972_/A                             320.00  325.99   -5.99 (VIOLATED)
_26963_/A1                            320.00  325.82   -5.82 (VIOLATED)
_26988_/A                             320.00  325.69   -5.69 (VIOLATED)
_26519_/A                             320.00  325.67   -5.67 (VIOLATED)
_26423_/A                             320.00  325.16   -5.16 (VIOLATED)
_26986_/A                             320.00  325.11   -5.11 (VIOLATED)
_26890_/A                             320.00  324.91   -4.91 (VIOLATED)
_26393_/A                             320.00  324.79   -4.79 (VIOLATED)
_26505_/A                             320.00  324.41   -4.41 (VIOLATED)
_26241_/A1                            320.00  324.30   -4.31 (VIOLATED)
_26972_/A                             320.00  324.08   -4.08 (VIOLATED)
_26213_/A                             320.00  323.57   -3.57 (VIOLATED)
_27003_/B                             320.00  323.55   -3.55 (VIOLATED)
_26463_/A1                            320.00  323.54   -3.54 (VIOLATED)
_26214_/A1                            320.00  323.48   -3.48 (VIOLATED)
_26381_/A                             320.00  323.35   -3.35 (VIOLATED)
_26971_/A1                            320.00  323.35   -3.35 (VIOLATED)
_26970_/A                             320.00  323.30   -3.30 (VIOLATED)
_26982_/A                             320.00  323.19   -3.19 (VIOLATED)
_26487_/A1                            320.00  323.14   -3.14 (VIOLATED)
_26980_/B                             320.00  322.85   -2.85 (VIOLATED)
_26944_/A1                            320.00  322.65   -2.65 (VIOLATED)
_26450_/A1                            320.00  322.65   -2.65 (VIOLATED)
_26941_/A                             320.00  322.49   -2.49 (VIOLATED)
_26454_/A1                            320.00  322.23   -2.23 (VIOLATED)

