Startpoint: Datapath_i.reg_57.reg_out1[63]$_DFF_P_
            (rising edge-triggered flip-flop)
Endpoint: Datapath_i.reg_63.reg_out1[52]$_DFF_P_
          (rising edge-triggered flip-flop)
Path Group: unconstrained
Path Type: max
Corner: slow

    Cap   Delay    Time   Description
----------------------------------------------------------------
           0.00    0.00 ^ Datapath_i.reg_57.reg_out1[63]$_DFF_P_/CLK (DFFHQNx1_ASAP7_75t_R)
  10.03  153.97  153.97 v Datapath_i.reg_57.reg_out1[63]$_DFF_P_/QN (DFFHQNx1_ASAP7_75t_R)
  12.37   60.03  214.00 v load_slew450/Y (BUFx12f_ASAP7_75t_R)
   2.12   31.43  245.44 ^ _26073_/Y (OAI22x1_ASAP7_75t_R)
   1.67   30.76  276.19 v _26074_/Y (INVx1_ASAP7_75t_R)
   2.47   46.42  322.61 ^ _38548_/CON (HAxp5_ASAP7_75t_R)
   1.59   52.37  374.98 v _36438_/CON (FAx1_ASAP7_75t_R)
   1.54   62.03  437.01 v _26112_/Y (OA211x2_ASAP7_75t_R)
   2.39   61.67  498.68 v _26118_/Y (OR3x2_ASAP7_75t_R)
   2.16   53.34  552.02 v _26120_/Y (AO22x1_ASAP7_75t_R)
   0.56   41.27  593.29 v _26121_/Y (OA21x2_ASAP7_75t_R)
   2.16   41.79  635.08 v _26122_/Y (OA21x2_ASAP7_75t_R)
   0.54   38.46  673.54 v _26141_/Y (XOR2x1_ASAP7_75t_R)
   0.63   56.75  730.29 v _26144_/Y (OR4x1_ASAP7_75t_R)
   0.59   47.23  777.52 v _26145_/Y (AO221x1_ASAP7_75t_R)
   0.58   13.43  790.95 ^ _26146_/Y (INVx1_ASAP7_75t_R)
  29.82  115.63  906.58 ^ _26147_/Y (OA21x2_ASAP7_75t_R)
  36.52  180.41 1086.99 v _26177_/Y (NAND2x2_ASAP7_75t_R)
   0.57   86.32 1173.31 v _26283_/Y (AND2x2_ASAP7_75t_R)
   1.27   38.51 1211.82 v _26284_/Y (AO21x1_ASAP7_75t_R)
   0.55   14.84 1226.66 ^ _26438_/Y (INVx1_ASAP7_75t_R)
   1.76   34.99 1261.64 ^ _26440_/Y (AO21x1_ASAP7_75t_R)
   0.57   18.10 1279.74 v _26441_/Y (NOR2x1_ASAP7_75t_R)
   2.54   54.72 1334.47 v _26442_/Y (AO21x1_ASAP7_75t_R)
   0.59   19.55 1354.01 ^ _27041_/Y (NOR2x1_ASAP7_75t_R)
   1.10   35.44 1389.46 ^ _27042_/Y (AO21x1_ASAP7_75t_R)
   0.62   43.05 1432.51 ^ _27130_/Y (AO221x1_ASAP7_75t_R)
   1.66   38.37 1470.88 ^ _27131_/Y (OA22x2_ASAP7_75t_R)
   0.89   33.12 1504.00 ^ _27132_/Y (XNOR2x1_ASAP7_75t_R)
   1.25   29.41 1533.41 v _38772_/CON (HAxp5_ASAP7_75t_R)
   1.47   29.57 1562.99 ^ _23103_/Y (INVx1_ASAP7_75t_R)
   2.21   43.16 1606.15 v _36443_/CON (FAx1_ASAP7_75t_R)
   0.73   52.90 1659.05 v _34050_/Y (OA21x2_ASAP7_75t_R)
   2.03   41.66 1700.71 v _34051_/Y (OA21x2_ASAP7_75t_R)
   0.58   38.22 1738.93 v _34052_/Y (OA21x2_ASAP7_75t_R)
   1.97   41.30 1780.23 v _34053_/Y (OA21x2_ASAP7_75t_R)
   0.61   38.25 1818.48 v _34054_/Y (OA21x2_ASAP7_75t_R)
   2.01   41.36 1859.84 v _34055_/Y (OA21x2_ASAP7_75t_R)
   0.57   38.11 1897.96 v _34056_/Y (OA21x2_ASAP7_75t_R)
   2.09   41.59 1939.55 v _34057_/Y (OA21x2_ASAP7_75t_R)
   0.61   38.58 1978.13 v _34070_/Y (OA21x2_ASAP7_75t_R)
   2.08   41.63 2019.76 v _34071_/Y (OA21x2_ASAP7_75t_R)
   0.64   38.58 2058.34 v _34076_/Y (OA21x2_ASAP7_75t_R)
   2.00   41.38 2099.71 v _34077_/Y (OA21x2_ASAP7_75t_R)
   0.58   38.26 2137.97 v _34082_/Y (OA21x2_ASAP7_75t_R)
   2.05   41.48 2179.45 v _34083_/Y (OA21x2_ASAP7_75t_R)
   0.99   39.81 2219.26 v _34088_/Y (OA21x2_ASAP7_75t_R)
   2.36   43.10 2262.36 v _34089_/Y (OA21x2_ASAP7_75t_R)
   0.63   39.21 2301.57 v _34095_/Y (OA21x2_ASAP7_75t_R)
   2.06   41.58 2343.15 v _34096_/Y (OA21x2_ASAP7_75t_R)
   0.59   38.43 2381.58 v _34101_/Y (OA21x2_ASAP7_75t_R)
   2.01   41.44 2423.02 v _34102_/Y (OA21x2_ASAP7_75t_R)
   0.63   38.41 2461.42 v _34107_/Y (OA21x2_ASAP7_75t_R)
   1.99   41.31 2502.74 v _34108_/Y (OA21x2_ASAP7_75t_R)
   0.72   38.76 2541.49 v _34113_/Y (OA21x2_ASAP7_75t_R)
   2.34   42.60 2584.09 v _34114_/Y (OA21x2_ASAP7_75t_R)
   0.61   39.16 2623.25 v _34119_/Y (OA21x2_ASAP7_75t_R)
   2.10   41.66 2664.91 v _34120_/Y (OA21x2_ASAP7_75t_R)
   0.60   38.52 2703.43 v _34126_/Y (OA21x2_ASAP7_75t_R)
   2.06   41.54 2744.97 v _34127_/Y (OA21x2_ASAP7_75t_R)
   0.66   38.60 2783.56 v _34132_/Y (OA21x2_ASAP7_75t_R)
   2.16   41.93 2825.50 v _34133_/Y (OA21x2_ASAP7_75t_R)
   0.58   38.51 2864.01 v _34138_/Y (OA21x2_ASAP7_75t_R)
   2.52   43.10 2907.11 v _34139_/Y (OA21x2_ASAP7_75t_R)
   2.57   46.02 2953.13 v _34145_/Y (OA31x2_ASAP7_75t_R)
   2.06   44.38 2997.50 v _34151_/Y (OA31x2_ASAP7_75t_R)
   2.01   43.00 3040.50 v _34160_/Y (OA21x2_ASAP7_75t_R)
   0.92   38.63 3079.13 v _34166_/Y (OA21x2_ASAP7_75t_R)
   1.98   41.90 3121.04 v _34167_/Y (OA21x2_ASAP7_75t_R)
   0.44   44.79 3165.82 v _34173_/Y (OR3x1_ASAP7_75t_R)
   2.00   62.37 3228.20 v _34174_/Y (OA211x2_ASAP7_75t_R)
   0.99   49.96 3278.15 v _34180_/Y (OR3x1_ASAP7_75t_R)
   1.99   27.54 3305.69 ^ _34181_/Y (NAND2x1_ASAP7_75t_R)
   2.13   42.25 3347.94 ^ _34189_/Y (AO21x1_ASAP7_75t_R)
   2.03   41.32 3389.26 ^ _34198_/Y (AO21x1_ASAP7_75t_R)
   1.47   37.34 3426.59 ^ _34207_/Y (AO21x1_ASAP7_75t_R)
   0.80   34.05 3460.64 ^ _34208_/Y (XNOR2x1_ASAP7_75t_R)
           0.11 3460.75 ^ Datapath_i.reg_63.reg_out1[52]$_DFF_P_/D (DFFHQNx1_ASAP7_75t_R)
                3460.75   data arrival time
----------------------------------------------------------------
(Path is unconstrained)


