Startpoint: Datapath_i.reg_57.reg_out1[63]$_DFF_P_
            (rising edge-triggered flip-flop)
Endpoint: Datapath_i.reg_63.reg_out1[52]$_DFF_P_
          (rising edge-triggered flip-flop)
Path Group: unconstrained
Path Type: max
Corner: slow

  Delay    Time   Description
---------------------------------------------------------
   0.00    0.00 ^ Datapath_i.reg_57.reg_out1[63]$_DFF_P_/CLK (DFFHQNx1_ASAP7_75t_R)
 153.97  153.97 v Datapath_i.reg_57.reg_out1[63]$_DFF_P_/QN (DFFHQNx1_ASAP7_75t_R)
  60.03  214.00 v load_slew450/Y (BUFx12f_ASAP7_75t_R)
  31.43  245.44 ^ _26073_/Y (OAI22x1_ASAP7_75t_R)
  30.76  276.19 v _26074_/Y (INVx1_ASAP7_75t_R)
  46.42  322.61 ^ _38548_/CON (HAxp5_ASAP7_75t_R)
  52.37  374.98 v _36438_/CON (FAx1_ASAP7_75t_R)
  62.03  437.01 v _26112_/Y (OA211x2_ASAP7_75t_R)
  61.67  498.68 v _26118_/Y (OR3x2_ASAP7_75t_R)
  53.34  552.02 v _26120_/Y (AO22x1_ASAP7_75t_R)
  41.27  593.29 v _26121_/Y (OA21x2_ASAP7_75t_R)
  41.79  635.08 v _26122_/Y (OA21x2_ASAP7_75t_R)
  38.46  673.54 v _26141_/Y (XOR2x1_ASAP7_75t_R)
  56.75  730.29 v _26144_/Y (OR4x1_ASAP7_75t_R)
  47.23  777.52 v _26145_/Y (AO221x1_ASAP7_75t_R)
  13.43  790.95 ^ _26146_/Y (INVx1_ASAP7_75t_R)
 115.63  906.58 ^ _26147_/Y (OA21x2_ASAP7_75t_R)
 180.41 1086.99 v _26177_/Y (NAND2x2_ASAP7_75t_R)
  86.32 1173.31 v _26283_/Y (AND2x2_ASAP7_75t_R)
  38.51 1211.82 v _26284_/Y (AO21x1_ASAP7_75t_R)
  14.84 1226.66 ^ _26438_/Y (INVx1_ASAP7_75t_R)
  34.99 1261.64 ^ _26440_/Y (AO21x1_ASAP7_75t_R)
  18.10 1279.74 v _26441_/Y (NOR2x1_ASAP7_75t_R)
  54.72 1334.47 v _26442_/Y (AO21x1_ASAP7_75t_R)
  19.55 1354.01 ^ _27041_/Y (NOR2x1_ASAP7_75t_R)
  35.44 1389.46 ^ _27042_/Y (AO21x1_ASAP7_75t_R)
  43.05 1432.51 ^ _27130_/Y (AO221x1_ASAP7_75t_R)
  38.37 1470.88 ^ _27131_/Y (OA22x2_ASAP7_75t_R)
  33.12 1504.00 ^ _27132_/Y (XNOR2x1_ASAP7_75t_R)
  29.41 1533.41 v _38772_/CON (HAxp5_ASAP7_75t_R)
  29.57 1562.99 ^ _23103_/Y (INVx1_ASAP7_75t_R)
  43.16 1606.15 v _36443_/CON (FAx1_ASAP7_75t_R)
  52.90 1659.05 v _34050_/Y (OA21x2_ASAP7_75t_R)
  41.66 1700.71 v _34051_/Y (OA21x2_ASAP7_75t_R)
  38.22 1738.93 v _34052_/Y (OA21x2_ASAP7_75t_R)
  41.30 1780.23 v _34053_/Y (OA21x2_ASAP7_75t_R)
  38.25 1818.48 v _34054_/Y (OA21x2_ASAP7_75t_R)
  41.36 1859.84 v _34055_/Y (OA21x2_ASAP7_75t_R)
  38.11 1897.96 v _34056_/Y (OA21x2_ASAP7_75t_R)
  41.59 1939.55 v _34057_/Y (OA21x2_ASAP7_75t_R)
  38.58 1978.13 v _34070_/Y (OA21x2_ASAP7_75t_R)
  41.63 2019.76 v _34071_/Y (OA21x2_ASAP7_75t_R)
  38.58 2058.34 v _34076_/Y (OA21x2_ASAP7_75t_R)
  41.38 2099.71 v _34077_/Y (OA21x2_ASAP7_75t_R)
  38.26 2137.97 v _34082_/Y (OA21x2_ASAP7_75t_R)
  41.48 2179.45 v _34083_/Y (OA21x2_ASAP7_75t_R)
  39.81 2219.26 v _34088_/Y (OA21x2_ASAP7_75t_R)
  43.10 2262.36 v _34089_/Y (OA21x2_ASAP7_75t_R)
  39.21 2301.57 v _34095_/Y (OA21x2_ASAP7_75t_R)
  41.58 2343.15 v _34096_/Y (OA21x2_ASAP7_75t_R)
  38.43 2381.58 v _34101_/Y (OA21x2_ASAP7_75t_R)
  41.44 2423.02 v _34102_/Y (OA21x2_ASAP7_75t_R)
  38.41 2461.42 v _34107_/Y (OA21x2_ASAP7_75t_R)
  41.31 2502.74 v _34108_/Y (OA21x2_ASAP7_75t_R)
  38.76 2541.49 v _34113_/Y (OA21x2_ASAP7_75t_R)
  42.60 2584.09 v _34114_/Y (OA21x2_ASAP7_75t_R)
  39.16 2623.25 v _34119_/Y (OA21x2_ASAP7_75t_R)
  41.66 2664.91 v _34120_/Y (OA21x2_ASAP7_75t_R)
  38.52 2703.43 v _34126_/Y (OA21x2_ASAP7_75t_R)
  41.54 2744.97 v _34127_/Y (OA21x2_ASAP7_75t_R)
  38.60 2783.56 v _34132_/Y (OA21x2_ASAP7_75t_R)
  41.93 2825.50 v _34133_/Y (OA21x2_ASAP7_75t_R)
  38.51 2864.01 v _34138_/Y (OA21x2_ASAP7_75t_R)
  43.10 2907.11 v _34139_/Y (OA21x2_ASAP7_75t_R)
  46.02 2953.13 v _34145_/Y (OA31x2_ASAP7_75t_R)
  44.38 2997.50 v _34151_/Y (OA31x2_ASAP7_75t_R)
  43.00 3040.50 v _34160_/Y (OA21x2_ASAP7_75t_R)
  38.63 3079.13 v _34166_/Y (OA21x2_ASAP7_75t_R)
  41.90 3121.04 v _34167_/Y (OA21x2_ASAP7_75t_R)
  44.79 3165.82 v _34173_/Y (OR3x1_ASAP7_75t_R)
  62.37 3228.20 v _34174_/Y (OA211x2_ASAP7_75t_R)
  49.96 3278.15 v _34180_/Y (OR3x1_ASAP7_75t_R)
  27.54 3305.69 ^ _34181_/Y (NAND2x1_ASAP7_75t_R)
  42.25 3347.94 ^ _34189_/Y (AO21x1_ASAP7_75t_R)
  41.32 3389.26 ^ _34198_/Y (AO21x1_ASAP7_75t_R)
  37.34 3426.59 ^ _34207_/Y (AO21x1_ASAP7_75t_R)
  34.05 3460.64 ^ _34208_/Y (XNOR2x1_ASAP7_75t_R)
   0.11 3460.75 ^ Datapath_i.reg_63.reg_out1[52]$_DFF_P_/D (DFFHQNx1_ASAP7_75t_R)
        3460.75   data arrival time
---------------------------------------------------------
(Path is unconstrained)


Startpoint: Datapath_i.reg_57.reg_out1[63]$_DFF_P_
            (rising edge-triggered flip-flop)
Endpoint: Datapath_i.reg_63.reg_out1[51]$_DFF_P_
          (rising edge-triggered flip-flop)
Path Group: unconstrained
Path Type: max
Corner: slow

  Delay    Time   Description
---------------------------------------------------------
   0.00    0.00 ^ Datapath_i.reg_57.reg_out1[63]$_DFF_P_/CLK (DFFHQNx1_ASAP7_75t_R)
 153.97  153.97 v Datapath_i.reg_57.reg_out1[63]$_DFF_P_/QN (DFFHQNx1_ASAP7_75t_R)
  60.03  214.00 v load_slew450/Y (BUFx12f_ASAP7_75t_R)
  31.43  245.44 ^ _26073_/Y (OAI22x1_ASAP7_75t_R)
  30.76  276.19 v _26074_/Y (INVx1_ASAP7_75t_R)
  46.42  322.61 ^ _38548_/CON (HAxp5_ASAP7_75t_R)
  52.37  374.98 v _36438_/CON (FAx1_ASAP7_75t_R)
  62.03  437.01 v _26112_/Y (OA211x2_ASAP7_75t_R)
  61.67  498.68 v _26118_/Y (OR3x2_ASAP7_75t_R)
  53.34  552.02 v _26120_/Y (AO22x1_ASAP7_75t_R)
  41.27  593.29 v _26121_/Y (OA21x2_ASAP7_75t_R)
  41.79  635.08 v _26122_/Y (OA21x2_ASAP7_75t_R)
  38.46  673.54 v _26141_/Y (XOR2x1_ASAP7_75t_R)
  56.75  730.29 v _26144_/Y (OR4x1_ASAP7_75t_R)
  47.23  777.52 v _26145_/Y (AO221x1_ASAP7_75t_R)
  13.43  790.95 ^ _26146_/Y (INVx1_ASAP7_75t_R)
 115.63  906.58 ^ _26147_/Y (OA21x2_ASAP7_75t_R)
 180.41 1086.99 v _26177_/Y (NAND2x2_ASAP7_75t_R)
  87.61 1174.60 v _26358_/Y (AND2x2_ASAP7_75t_R)
  42.39 1216.99 v _26359_/Y (AO21x1_ASAP7_75t_R)
  26.86 1243.85 ^ _26365_/Y (AOI21x1_ASAP7_75t_R)
  18.97 1262.82 v _26366_/Y (NOR2x1_ASAP7_75t_R)
  50.98 1313.80 v _26367_/Y (AO21x1_ASAP7_75t_R)
  19.19 1332.99 ^ _26368_/Y (NOR2x1_ASAP7_75t_R)
  32.43 1365.42 ^ _26369_/Y (AO21x1_ASAP7_75t_R)
  18.25 1383.67 v _26370_/Y (INVx1_ASAP7_75t_R)
  48.80 1432.47 v _26372_/Y (AO32x1_ASAP7_75t_R)
  40.10 1472.57 v _26373_/Y (AO21x1_ASAP7_75t_R)
  34.23 1506.81 v _26378_/Y (XNOR2x1_ASAP7_75t_R)
  96.49 1603.30 v _38721_/SN (HAxp5_ASAP7_75t_R)
  59.51 1662.80 v _34060_/Y (OA21x2_ASAP7_75t_R)
  38.61 1701.41 v _34061_/Y (OA21x2_ASAP7_75t_R)
  41.46 1742.86 v _34062_/Y (OA21x2_ASAP7_75t_R)
  38.46 1781.32 v _34063_/Y (OA21x2_ASAP7_75t_R)
  41.30 1822.62 v _34064_/Y (OA21x2_ASAP7_75t_R)
  38.15 1860.77 v _34065_/Y (OA21x2_ASAP7_75t_R)
  41.32 1902.08 v _34066_/Y (OA21x2_ASAP7_75t_R)
  38.20 1940.29 v _34067_/Y (OA21x2_ASAP7_75t_R)
  41.49 1981.78 v _34068_/Y (OA21x2_ASAP7_75t_R)
  39.07 2020.85 v _34073_/Y (OA21x2_ASAP7_75t_R)
  41.68 2062.52 v _34074_/Y (OA21x2_ASAP7_75t_R)
  38.19 2100.71 v _34079_/Y (OA21x2_ASAP7_75t_R)
  41.59 2142.31 v _34080_/Y (OA21x2_ASAP7_75t_R)
  38.45 2180.76 v _34085_/Y (OA21x2_ASAP7_75t_R)
  42.66 2223.42 v _34086_/Y (OA21x2_ASAP7_75t_R)
  40.58 2264.00 v _34091_/Y (OA21x2_ASAP7_75t_R)
  42.05 2306.05 v _34092_/Y (OA21x2_ASAP7_75t_R)
  38.34 2344.39 v _34098_/Y (OA21x2_ASAP7_75t_R)
  41.29 2385.68 v _34099_/Y (OA21x2_ASAP7_75t_R)
  38.57 2424.25 v _34104_/Y (OA21x2_ASAP7_75t_R)
  41.72 2465.97 v _34105_/Y (OA21x2_ASAP7_75t_R)
  38.60 2504.57 v _34110_/Y (OA21x2_ASAP7_75t_R)
  42.15 2546.71 v _34111_/Y (OA21x2_ASAP7_75t_R)
  40.38 2587.10 v _34116_/Y (OA21x2_ASAP7_75t_R)
  42.31 2629.40 v _34117_/Y (OA21x2_ASAP7_75t_R)
  38.44 2667.84 v _34122_/Y (OA21x2_ASAP7_75t_R)
  41.68 2709.52 v _34123_/Y (OA21x2_ASAP7_75t_R)
  38.56 2748.08 v _34129_/Y (OA21x2_ASAP7_75t_R)
  41.62 2789.70 v _34130_/Y (OA21x2_ASAP7_75t_R)
  38.38 2828.09 v _34135_/Y (OA21x2_ASAP7_75t_R)
  41.43 2869.52 v _34136_/Y (OA21x2_ASAP7_75t_R)
  38.23 2907.75 v _34141_/Y (OA21x2_ASAP7_75t_R)
  41.74 2949.49 v _34142_/Y (OA21x2_ASAP7_75t_R)
  38.52 2988.01 v _34147_/Y (OA21x2_ASAP7_75t_R)
  41.88 3029.89 v _34148_/Y (OA21x2_ASAP7_75t_R)
  43.14 3073.03 v _34155_/Y (OA21x2_ASAP7_75t_R)
  43.52 3116.55 v _34164_/Y (OA21x2_ASAP7_75t_R)
  42.87 3159.42 v _34171_/Y (OA21x2_ASAP7_75t_R)
  44.07 3203.50 v _34176_/Y (OR3x1_ASAP7_75t_R)
  62.38 3265.88 v _34177_/Y (OA211x2_ASAP7_75t_R)
  53.04 3318.92 v _34184_/Y (OR3x1_ASAP7_75t_R)
  40.85 3359.77 v _34185_/Y (AND2x2_ASAP7_75t_R)
  52.61 3412.38 v _34203_/Y (OA211x2_ASAP7_75t_R)
  38.94 3451.32 v _34204_/Y (XOR2x1_ASAP7_75t_R)
   0.07 3451.39 v Datapath_i.reg_63.reg_out1[51]$_DFF_P_/D (DFFHQNx1_ASAP7_75t_R)
        3451.39   data arrival time
---------------------------------------------------------
(Path is unconstrained)


Startpoint: Datapath_i.reg_57.reg_out1[63]$_DFF_P_
            (rising edge-triggered flip-flop)
Endpoint: Datapath_i.reg_63.reg_out1[53]$_DFF_P_
          (rising edge-triggered flip-flop)
Path Group: unconstrained
Path Type: max
Corner: slow

  Delay    Time   Description
---------------------------------------------------------
   0.00    0.00 ^ Datapath_i.reg_57.reg_out1[63]$_DFF_P_/CLK (DFFHQNx1_ASAP7_75t_R)
 153.97  153.97 v Datapath_i.reg_57.reg_out1[63]$_DFF_P_/QN (DFFHQNx1_ASAP7_75t_R)
  60.03  214.00 v load_slew450/Y (BUFx12f_ASAP7_75t_R)
  31.43  245.44 ^ _26073_/Y (OAI22x1_ASAP7_75t_R)
  30.76  276.19 v _26074_/Y (INVx1_ASAP7_75t_R)
  46.42  322.61 ^ _38548_/CON (HAxp5_ASAP7_75t_R)
  52.37  374.98 v _36438_/CON (FAx1_ASAP7_75t_R)
  62.03  437.01 v _26112_/Y (OA211x2_ASAP7_75t_R)
  61.67  498.68 v _26118_/Y (OR3x2_ASAP7_75t_R)
  53.34  552.02 v _26120_/Y (AO22x1_ASAP7_75t_R)
  41.27  593.29 v _26121_/Y (OA21x2_ASAP7_75t_R)
  41.79  635.08 v _26122_/Y (OA21x2_ASAP7_75t_R)
  38.46  673.54 v _26141_/Y (XOR2x1_ASAP7_75t_R)
  56.75  730.29 v _26144_/Y (OR4x1_ASAP7_75t_R)
  47.23  777.52 v _26145_/Y (AO221x1_ASAP7_75t_R)
  13.43  790.95 ^ _26146_/Y (INVx1_ASAP7_75t_R)
 115.63  906.58 ^ _26147_/Y (OA21x2_ASAP7_75t_R)
 180.41 1086.99 v _26177_/Y (NAND2x2_ASAP7_75t_R)
  87.61 1174.60 v _26358_/Y (AND2x2_ASAP7_75t_R)
  42.39 1216.99 v _26359_/Y (AO21x1_ASAP7_75t_R)
  26.86 1243.85 ^ _26365_/Y (AOI21x1_ASAP7_75t_R)
  18.97 1262.82 v _26366_/Y (NOR2x1_ASAP7_75t_R)
  50.98 1313.80 v _26367_/Y (AO21x1_ASAP7_75t_R)
  19.19 1332.99 ^ _26368_/Y (NOR2x1_ASAP7_75t_R)
  32.43 1365.42 ^ _26369_/Y (AO21x1_ASAP7_75t_R)
  18.25 1383.67 v _26370_/Y (INVx1_ASAP7_75t_R)
  48.80 1432.47 v _26372_/Y (AO32x1_ASAP7_75t_R)
  40.10 1472.57 v _26373_/Y (AO21x1_ASAP7_75t_R)
  34.23 1506.81 v _26378_/Y (XNOR2x1_ASAP7_75t_R)
  96.49 1603.30 v _38721_/SN (HAxp5_ASAP7_75t_R)
  59.51 1662.80 v _34060_/Y (OA21x2_ASAP7_75t_R)
  38.61 1701.41 v _34061_/Y (OA21x2_ASAP7_75t_R)
  41.46 1742.86 v _34062_/Y (OA21x2_ASAP7_75t_R)
  38.46 1781.32 v _34063_/Y (OA21x2_ASAP7_75t_R)
  41.30 1822.62 v _34064_/Y (OA21x2_ASAP7_75t_R)
  38.15 1860.77 v _34065_/Y (OA21x2_ASAP7_75t_R)
  41.32 1902.08 v _34066_/Y (OA21x2_ASAP7_75t_R)
  38.20 1940.29 v _34067_/Y (OA21x2_ASAP7_75t_R)
  41.49 1981.78 v _34068_/Y (OA21x2_ASAP7_75t_R)
  39.07 2020.85 v _34073_/Y (OA21x2_ASAP7_75t_R)
  41.68 2062.52 v _34074_/Y (OA21x2_ASAP7_75t_R)
  38.19 2100.71 v _34079_/Y (OA21x2_ASAP7_75t_R)
  41.59 2142.31 v _34080_/Y (OA21x2_ASAP7_75t_R)
  38.45 2180.76 v _34085_/Y (OA21x2_ASAP7_75t_R)
  42.66 2223.42 v _34086_/Y (OA21x2_ASAP7_75t_R)
  40.58 2264.00 v _34091_/Y (OA21x2_ASAP7_75t_R)
  42.05 2306.05 v _34092_/Y (OA21x2_ASAP7_75t_R)
  38.34 2344.39 v _34098_/Y (OA21x2_ASAP7_75t_R)
  41.29 2385.68 v _34099_/Y (OA21x2_ASAP7_75t_R)
  38.57 2424.25 v _34104_/Y (OA21x2_ASAP7_75t_R)
  41.72 2465.97 v _34105_/Y (OA21x2_ASAP7_75t_R)
  38.60 2504.57 v _34110_/Y (OA21x2_ASAP7_75t_R)
  42.15 2546.71 v _34111_/Y (OA21x2_ASAP7_75t_R)
  40.38 2587.10 v _34116_/Y (OA21x2_ASAP7_75t_R)
  42.31 2629.40 v _34117_/Y (OA21x2_ASAP7_75t_R)
  38.44 2667.84 v _34122_/Y (OA21x2_ASAP7_75t_R)
  41.68 2709.52 v _34123_/Y (OA21x2_ASAP7_75t_R)
  38.56 2748.08 v _34129_/Y (OA21x2_ASAP7_75t_R)
  41.62 2789.70 v _34130_/Y (OA21x2_ASAP7_75t_R)
  38.38 2828.09 v _34135_/Y (OA21x2_ASAP7_75t_R)
  41.43 2869.52 v _34136_/Y (OA21x2_ASAP7_75t_R)
  38.23 2907.75 v _34141_/Y (OA21x2_ASAP7_75t_R)
  41.74 2949.49 v _34142_/Y (OA21x2_ASAP7_75t_R)
  38.52 2988.01 v _34147_/Y (OA21x2_ASAP7_75t_R)
  41.88 3029.89 v _34148_/Y (OA21x2_ASAP7_75t_R)
  43.14 3073.03 v _34155_/Y (OA21x2_ASAP7_75t_R)
  43.52 3116.55 v _34164_/Y (OA21x2_ASAP7_75t_R)
  42.87 3159.42 v _34171_/Y (OA21x2_ASAP7_75t_R)
  44.07 3203.50 v _34176_/Y (OR3x1_ASAP7_75t_R)
  62.38 3265.88 v _34177_/Y (OA211x2_ASAP7_75t_R)
  53.04 3318.92 v _34184_/Y (OR3x1_ASAP7_75t_R)
  59.38 3378.30 v _34209_/Y (OR4x1_ASAP7_75t_R)
  32.40 3410.70 v _34213_/Y (AND3x1_ASAP7_75t_R)
  30.64 3441.34 v _34214_/Y (XNOR2x1_ASAP7_75t_R)
   0.06 3441.40 v Datapath_i.reg_63.reg_out1[53]$_DFF_P_/D (DFFHQNx1_ASAP7_75t_R)
        3441.40   data arrival time
---------------------------------------------------------
(Path is unconstrained)


Startpoint: Datapath_i.reg_57.reg_out1[63]$_DFF_P_
            (rising edge-triggered flip-flop)
Endpoint: Datapath_i.reg_63.reg_out1[49]$_DFF_P_
          (rising edge-triggered flip-flop)
Path Group: unconstrained
Path Type: max
Corner: slow

  Delay    Time   Description
---------------------------------------------------------
   0.00    0.00 ^ Datapath_i.reg_57.reg_out1[63]$_DFF_P_/CLK (DFFHQNx1_ASAP7_75t_R)
 153.97  153.97 v Datapath_i.reg_57.reg_out1[63]$_DFF_P_/QN (DFFHQNx1_ASAP7_75t_R)
  60.03  214.00 v load_slew450/Y (BUFx12f_ASAP7_75t_R)
  31.43  245.44 ^ _26073_/Y (OAI22x1_ASAP7_75t_R)
  30.76  276.19 v _26074_/Y (INVx1_ASAP7_75t_R)
  46.42  322.61 ^ _38548_/CON (HAxp5_ASAP7_75t_R)
  52.37  374.98 v _36438_/CON (FAx1_ASAP7_75t_R)
  62.03  437.01 v _26112_/Y (OA211x2_ASAP7_75t_R)
  61.67  498.68 v _26118_/Y (OR3x2_ASAP7_75t_R)
  53.34  552.02 v _26120_/Y (AO22x1_ASAP7_75t_R)
  41.27  593.29 v _26121_/Y (OA21x2_ASAP7_75t_R)
  41.79  635.08 v _26122_/Y (OA21x2_ASAP7_75t_R)
  38.46  673.54 v _26141_/Y (XOR2x1_ASAP7_75t_R)
  56.75  730.29 v _26144_/Y (OR4x1_ASAP7_75t_R)
  47.23  777.52 v _26145_/Y (AO221x1_ASAP7_75t_R)
  13.43  790.95 ^ _26146_/Y (INVx1_ASAP7_75t_R)
 115.63  906.58 ^ _26147_/Y (OA21x2_ASAP7_75t_R)
 180.41 1086.99 v _26177_/Y (NAND2x2_ASAP7_75t_R)
  87.61 1174.60 v _26358_/Y (AND2x2_ASAP7_75t_R)
  42.39 1216.99 v _26359_/Y (AO21x1_ASAP7_75t_R)
  26.86 1243.85 ^ _26365_/Y (AOI21x1_ASAP7_75t_R)
  18.97 1262.82 v _26366_/Y (NOR2x1_ASAP7_75t_R)
  50.98 1313.80 v _26367_/Y (AO21x1_ASAP7_75t_R)
  19.19 1332.99 ^ _26368_/Y (NOR2x1_ASAP7_75t_R)
  32.43 1365.42 ^ _26369_/Y (AO21x1_ASAP7_75t_R)
  18.25 1383.67 v _26370_/Y (INVx1_ASAP7_75t_R)
  48.80 1432.47 v _26372_/Y (AO32x1_ASAP7_75t_R)
  40.10 1472.57 v _26373_/Y (AO21x1_ASAP7_75t_R)
  34.23 1506.81 v _26378_/Y (XNOR2x1_ASAP7_75t_R)
  96.49 1603.30 v _38721_/SN (HAxp5_ASAP7_75t_R)
  59.51 1662.80 v _34060_/Y (OA21x2_ASAP7_75t_R)
  38.61 1701.41 v _34061_/Y (OA21x2_ASAP7_75t_R)
  41.46 1742.86 v _34062_/Y (OA21x2_ASAP7_75t_R)
  38.46 1781.32 v _34063_/Y (OA21x2_ASAP7_75t_R)
  41.30 1822.62 v _34064_/Y (OA21x2_ASAP7_75t_R)
  38.15 1860.77 v _34065_/Y (OA21x2_ASAP7_75t_R)
  41.32 1902.08 v _34066_/Y (OA21x2_ASAP7_75t_R)
  38.20 1940.29 v _34067_/Y (OA21x2_ASAP7_75t_R)
  41.49 1981.78 v _34068_/Y (OA21x2_ASAP7_75t_R)
  39.07 2020.85 v _34073_/Y (OA21x2_ASAP7_75t_R)
  41.68 2062.52 v _34074_/Y (OA21x2_ASAP7_75t_R)
  38.19 2100.71 v _34079_/Y (OA21x2_ASAP7_75t_R)
  41.59 2142.31 v _34080_/Y (OA21x2_ASAP7_75t_R)
  38.45 2180.76 v _34085_/Y (OA21x2_ASAP7_75t_R)
  42.66 2223.42 v _34086_/Y (OA21x2_ASAP7_75t_R)
  40.58 2264.00 v _34091_/Y (OA21x2_ASAP7_75t_R)
  42.05 2306.05 v _34092_/Y (OA21x2_ASAP7_75t_R)
  38.34 2344.39 v _34098_/Y (OA21x2_ASAP7_75t_R)
  41.29 2385.68 v _34099_/Y (OA21x2_ASAP7_75t_R)
  38.57 2424.25 v _34104_/Y (OA21x2_ASAP7_75t_R)
  41.72 2465.97 v _34105_/Y (OA21x2_ASAP7_75t_R)
  38.60 2504.57 v _34110_/Y (OA21x2_ASAP7_75t_R)
  42.15 2546.71 v _34111_/Y (OA21x2_ASAP7_75t_R)
  40.38 2587.10 v _34116_/Y (OA21x2_ASAP7_75t_R)
  42.31 2629.40 v _34117_/Y (OA21x2_ASAP7_75t_R)
  38.44 2667.84 v _34122_/Y (OA21x2_ASAP7_75t_R)
  41.68 2709.52 v _34123_/Y (OA21x2_ASAP7_75t_R)
  38.56 2748.08 v _34129_/Y (OA21x2_ASAP7_75t_R)
  41.62 2789.70 v _34130_/Y (OA21x2_ASAP7_75t_R)
  38.38 2828.09 v _34135_/Y (OA21x2_ASAP7_75t_R)
  41.43 2869.52 v _34136_/Y (OA21x2_ASAP7_75t_R)
  38.23 2907.75 v _34141_/Y (OA21x2_ASAP7_75t_R)
  41.74 2949.49 v _34142_/Y (OA21x2_ASAP7_75t_R)
  38.52 2988.01 v _34147_/Y (OA21x2_ASAP7_75t_R)
  41.88 3029.89 v _34148_/Y (OA21x2_ASAP7_75t_R)
  43.14 3073.03 v _34155_/Y (OA21x2_ASAP7_75t_R)
  43.52 3116.55 v _34164_/Y (OA21x2_ASAP7_75t_R)
  42.87 3159.42 v _34171_/Y (OA21x2_ASAP7_75t_R)
  44.07 3203.50 v _34176_/Y (OR3x1_ASAP7_75t_R)
  62.38 3265.88 v _34177_/Y (OA211x2_ASAP7_75t_R)
  53.04 3318.92 v _34184_/Y (OR3x1_ASAP7_75t_R)
  40.85 3359.77 v _34185_/Y (AND2x2_ASAP7_75t_R)
  40.21 3399.98 v _34193_/Y (OA21x2_ASAP7_75t_R)
  37.16 3437.14 v _34194_/Y (XOR2x1_ASAP7_75t_R)
   0.08 3437.22 v Datapath_i.reg_63.reg_out1[49]$_DFF_P_/D (DFFHQNx1_ASAP7_75t_R)
        3437.22   data arrival time
---------------------------------------------------------
(Path is unconstrained)


Startpoint: Datapath_i.reg_57.reg_out1[63]$_DFF_P_
            (rising edge-triggered flip-flop)
Endpoint: Datapath_i.reg_63.reg_out1[50]$_DFF_P_
          (rising edge-triggered flip-flop)
Path Group: unconstrained
Path Type: max
Corner: slow

  Delay    Time   Description
---------------------------------------------------------
   0.00    0.00 ^ Datapath_i.reg_57.reg_out1[63]$_DFF_P_/CLK (DFFHQNx1_ASAP7_75t_R)
 153.97  153.97 v Datapath_i.reg_57.reg_out1[63]$_DFF_P_/QN (DFFHQNx1_ASAP7_75t_R)
  60.03  214.00 v load_slew450/Y (BUFx12f_ASAP7_75t_R)
  31.43  245.44 ^ _26073_/Y (OAI22x1_ASAP7_75t_R)
  30.76  276.19 v _26074_/Y (INVx1_ASAP7_75t_R)
  46.42  322.61 ^ _38548_/CON (HAxp5_ASAP7_75t_R)
  52.37  374.98 v _36438_/CON (FAx1_ASAP7_75t_R)
  62.03  437.01 v _26112_/Y (OA211x2_ASAP7_75t_R)
  61.67  498.68 v _26118_/Y (OR3x2_ASAP7_75t_R)
  53.34  552.02 v _26120_/Y (AO22x1_ASAP7_75t_R)
  41.27  593.29 v _26121_/Y (OA21x2_ASAP7_75t_R)
  41.79  635.08 v _26122_/Y (OA21x2_ASAP7_75t_R)
  38.46  673.54 v _26141_/Y (XOR2x1_ASAP7_75t_R)
  56.75  730.29 v _26144_/Y (OR4x1_ASAP7_75t_R)
  47.23  777.52 v _26145_/Y (AO221x1_ASAP7_75t_R)
  13.43  790.95 ^ _26146_/Y (INVx1_ASAP7_75t_R)
 115.63  906.58 ^ _26147_/Y (OA21x2_ASAP7_75t_R)
 180.41 1086.99 v _26177_/Y (NAND2x2_ASAP7_75t_R)
  86.32 1173.31 v _26283_/Y (AND2x2_ASAP7_75t_R)
  38.51 1211.82 v _26284_/Y (AO21x1_ASAP7_75t_R)
  14.84 1226.66 ^ _26438_/Y (INVx1_ASAP7_75t_R)
  34.99 1261.64 ^ _26440_/Y (AO21x1_ASAP7_75t_R)
  18.10 1279.74 v _26441_/Y (NOR2x1_ASAP7_75t_R)
  54.72 1334.47 v _26442_/Y (AO21x1_ASAP7_75t_R)
  19.55 1354.01 ^ _27041_/Y (NOR2x1_ASAP7_75t_R)
  35.44 1389.46 ^ _27042_/Y (AO21x1_ASAP7_75t_R)
  43.05 1432.51 ^ _27130_/Y (AO221x1_ASAP7_75t_R)
  38.37 1470.88 ^ _27131_/Y (OA22x2_ASAP7_75t_R)
  33.12 1504.00 ^ _27132_/Y (XNOR2x1_ASAP7_75t_R)
  29.41 1533.41 v _38772_/CON (HAxp5_ASAP7_75t_R)
  29.57 1562.99 ^ _23103_/Y (INVx1_ASAP7_75t_R)
  43.16 1606.15 v _36443_/CON (FAx1_ASAP7_75t_R)
  52.90 1659.05 v _34050_/Y (OA21x2_ASAP7_75t_R)
  41.66 1700.71 v _34051_/Y (OA21x2_ASAP7_75t_R)
  38.22 1738.93 v _34052_/Y (OA21x2_ASAP7_75t_R)
  41.30 1780.23 v _34053_/Y (OA21x2_ASAP7_75t_R)
  38.25 1818.48 v _34054_/Y (OA21x2_ASAP7_75t_R)
  41.36 1859.84 v _34055_/Y (OA21x2_ASAP7_75t_R)
  38.11 1897.96 v _34056_/Y (OA21x2_ASAP7_75t_R)
  41.59 1939.55 v _34057_/Y (OA21x2_ASAP7_75t_R)
  38.58 1978.13 v _34070_/Y (OA21x2_ASAP7_75t_R)
  41.63 2019.76 v _34071_/Y (OA21x2_ASAP7_75t_R)
  38.58 2058.34 v _34076_/Y (OA21x2_ASAP7_75t_R)
  41.38 2099.71 v _34077_/Y (OA21x2_ASAP7_75t_R)
  38.26 2137.97 v _34082_/Y (OA21x2_ASAP7_75t_R)
  41.48 2179.45 v _34083_/Y (OA21x2_ASAP7_75t_R)
  39.81 2219.26 v _34088_/Y (OA21x2_ASAP7_75t_R)
  43.10 2262.36 v _34089_/Y (OA21x2_ASAP7_75t_R)
  39.21 2301.57 v _34095_/Y (OA21x2_ASAP7_75t_R)
  41.58 2343.15 v _34096_/Y (OA21x2_ASAP7_75t_R)
  38.43 2381.58 v _34101_/Y (OA21x2_ASAP7_75t_R)
  41.44 2423.02 v _34102_/Y (OA21x2_ASAP7_75t_R)
  38.41 2461.42 v _34107_/Y (OA21x2_ASAP7_75t_R)
  41.31 2502.74 v _34108_/Y (OA21x2_ASAP7_75t_R)
  38.76 2541.49 v _34113_/Y (OA21x2_ASAP7_75t_R)
  42.60 2584.09 v _34114_/Y (OA21x2_ASAP7_75t_R)
  39.16 2623.25 v _34119_/Y (OA21x2_ASAP7_75t_R)
  41.66 2664.91 v _34120_/Y (OA21x2_ASAP7_75t_R)
  38.52 2703.43 v _34126_/Y (OA21x2_ASAP7_75t_R)
  41.54 2744.97 v _34127_/Y (OA21x2_ASAP7_75t_R)
  38.60 2783.56 v _34132_/Y (OA21x2_ASAP7_75t_R)
  41.93 2825.50 v _34133_/Y (OA21x2_ASAP7_75t_R)
  38.51 2864.01 v _34138_/Y (OA21x2_ASAP7_75t_R)
  43.10 2907.11 v _34139_/Y (OA21x2_ASAP7_75t_R)
  46.02 2953.13 v _34145_/Y (OA31x2_ASAP7_75t_R)
  44.38 2997.50 v _34151_/Y (OA31x2_ASAP7_75t_R)
  43.00 3040.50 v _34160_/Y (OA21x2_ASAP7_75t_R)
  38.63 3079.13 v _34166_/Y (OA21x2_ASAP7_75t_R)
  41.90 3121.04 v _34167_/Y (OA21x2_ASAP7_75t_R)
  44.79 3165.82 v _34173_/Y (OR3x1_ASAP7_75t_R)
  62.37 3228.20 v _34174_/Y (OA211x2_ASAP7_75t_R)
  49.96 3278.15 v _34180_/Y (OR3x1_ASAP7_75t_R)
  27.54 3305.69 ^ _34181_/Y (NAND2x1_ASAP7_75t_R)
  42.25 3347.94 ^ _34189_/Y (AO21x1_ASAP7_75t_R)
  41.32 3389.26 ^ _34198_/Y (AO21x1_ASAP7_75t_R)
  36.28 3425.54 ^ _34199_/Y (XNOR2x1_ASAP7_75t_R)
   0.13 3425.67 ^ Datapath_i.reg_63.reg_out1[50]$_DFF_P_/D (DFFHQNx1_ASAP7_75t_R)
        3425.67   data arrival time
---------------------------------------------------------
(Path is unconstrained)


Startpoint: Datapath_i.reg_57.reg_out1[63]$_DFF_P_
            (rising edge-triggered flip-flop)
Endpoint: Datapath_i.reg_63.reg_out1[47]$_DFF_P_
          (rising edge-triggered flip-flop)
Path Group: unconstrained
Path Type: max
Corner: slow

  Delay    Time   Description
---------------------------------------------------------
   0.00    0.00 ^ Datapath_i.reg_57.reg_out1[63]$_DFF_P_/CLK (DFFHQNx1_ASAP7_75t_R)
 153.97  153.97 v Datapath_i.reg_57.reg_out1[63]$_DFF_P_/QN (DFFHQNx1_ASAP7_75t_R)
  60.03  214.00 v load_slew450/Y (BUFx12f_ASAP7_75t_R)
  31.43  245.44 ^ _26073_/Y (OAI22x1_ASAP7_75t_R)
  30.76  276.19 v _26074_/Y (INVx1_ASAP7_75t_R)
  46.42  322.61 ^ _38548_/CON (HAxp5_ASAP7_75t_R)
  52.37  374.98 v _36438_/CON (FAx1_ASAP7_75t_R)
  62.03  437.01 v _26112_/Y (OA211x2_ASAP7_75t_R)
  61.67  498.68 v _26118_/Y (OR3x2_ASAP7_75t_R)
  53.34  552.02 v _26120_/Y (AO22x1_ASAP7_75t_R)
  41.27  593.29 v _26121_/Y (OA21x2_ASAP7_75t_R)
  41.79  635.08 v _26122_/Y (OA21x2_ASAP7_75t_R)
  38.46  673.54 v _26141_/Y (XOR2x1_ASAP7_75t_R)
  56.75  730.29 v _26144_/Y (OR4x1_ASAP7_75t_R)
  47.23  777.52 v _26145_/Y (AO221x1_ASAP7_75t_R)
  13.43  790.95 ^ _26146_/Y (INVx1_ASAP7_75t_R)
 115.63  906.58 ^ _26147_/Y (OA21x2_ASAP7_75t_R)
 180.41 1086.99 v _26177_/Y (NAND2x2_ASAP7_75t_R)
  87.61 1174.60 v _26358_/Y (AND2x2_ASAP7_75t_R)
  42.39 1216.99 v _26359_/Y (AO21x1_ASAP7_75t_R)
  26.86 1243.85 ^ _26365_/Y (AOI21x1_ASAP7_75t_R)
  18.97 1262.82 v _26366_/Y (NOR2x1_ASAP7_75t_R)
  50.98 1313.80 v _26367_/Y (AO21x1_ASAP7_75t_R)
  19.19 1332.99 ^ _26368_/Y (NOR2x1_ASAP7_75t_R)
  32.43 1365.42 ^ _26369_/Y (AO21x1_ASAP7_75t_R)
  18.25 1383.67 v _26370_/Y (INVx1_ASAP7_75t_R)
  48.80 1432.47 v _26372_/Y (AO32x1_ASAP7_75t_R)
  40.10 1472.57 v _26373_/Y (AO21x1_ASAP7_75t_R)
  34.23 1506.81 v _26378_/Y (XNOR2x1_ASAP7_75t_R)
  96.49 1603.30 v _38721_/SN (HAxp5_ASAP7_75t_R)
  59.51 1662.80 v _34060_/Y (OA21x2_ASAP7_75t_R)
  38.61 1701.41 v _34061_/Y (OA21x2_ASAP7_75t_R)
  41.46 1742.86 v _34062_/Y (OA21x2_ASAP7_75t_R)
  38.46 1781.32 v _34063_/Y (OA21x2_ASAP7_75t_R)
  41.30 1822.62 v _34064_/Y (OA21x2_ASAP7_75t_R)
  38.15 1860.77 v _34065_/Y (OA21x2_ASAP7_75t_R)
  41.32 1902.08 v _34066_/Y (OA21x2_ASAP7_75t_R)
  38.20 1940.29 v _34067_/Y (OA21x2_ASAP7_75t_R)
  41.49 1981.78 v _34068_/Y (OA21x2_ASAP7_75t_R)
  39.07 2020.85 v _34073_/Y (OA21x2_ASAP7_75t_R)
  41.68 2062.52 v _34074_/Y (OA21x2_ASAP7_75t_R)
  38.19 2100.71 v _34079_/Y (OA21x2_ASAP7_75t_R)
  41.59 2142.31 v _34080_/Y (OA21x2_ASAP7_75t_R)
  38.45 2180.76 v _34085_/Y (OA21x2_ASAP7_75t_R)
  42.66 2223.42 v _34086_/Y (OA21x2_ASAP7_75t_R)
  40.58 2264.00 v _34091_/Y (OA21x2_ASAP7_75t_R)
  42.05 2306.05 v _34092_/Y (OA21x2_ASAP7_75t_R)
  38.34 2344.39 v _34098_/Y (OA21x2_ASAP7_75t_R)
  41.29 2385.68 v _34099_/Y (OA21x2_ASAP7_75t_R)
  38.57 2424.25 v _34104_/Y (OA21x2_ASAP7_75t_R)
  41.72 2465.97 v _34105_/Y (OA21x2_ASAP7_75t_R)
  38.60 2504.57 v _34110_/Y (OA21x2_ASAP7_75t_R)
  42.15 2546.71 v _34111_/Y (OA21x2_ASAP7_75t_R)
  40.38 2587.10 v _34116_/Y (OA21x2_ASAP7_75t_R)
  42.31 2629.40 v _34117_/Y (OA21x2_ASAP7_75t_R)
  38.44 2667.84 v _34122_/Y (OA21x2_ASAP7_75t_R)
  41.68 2709.52 v _34123_/Y (OA21x2_ASAP7_75t_R)
  38.56 2748.08 v _34129_/Y (OA21x2_ASAP7_75t_R)
  41.62 2789.70 v _34130_/Y (OA21x2_ASAP7_75t_R)
  38.38 2828.09 v _34135_/Y (OA21x2_ASAP7_75t_R)
  41.43 2869.52 v _34136_/Y (OA21x2_ASAP7_75t_R)
  38.23 2907.75 v _34141_/Y (OA21x2_ASAP7_75t_R)
  41.74 2949.49 v _34142_/Y (OA21x2_ASAP7_75t_R)
  38.52 2988.01 v _34147_/Y (OA21x2_ASAP7_75t_R)
  41.88 3029.89 v _34148_/Y (OA21x2_ASAP7_75t_R)
  43.14 3073.03 v _34155_/Y (OA21x2_ASAP7_75t_R)
  43.52 3116.55 v _34164_/Y (OA21x2_ASAP7_75t_R)
  42.87 3159.42 v _34171_/Y (OA21x2_ASAP7_75t_R)
  44.07 3203.50 v _34176_/Y (OR3x1_ASAP7_75t_R)
  62.38 3265.88 v _34177_/Y (OA211x2_ASAP7_75t_R)
  53.04 3318.92 v _34184_/Y (OR3x1_ASAP7_75t_R)
  40.85 3359.77 v _34185_/Y (AND2x2_ASAP7_75t_R)
  38.42 3398.19 v _34186_/Y (XOR2x1_ASAP7_75t_R)
   0.08 3398.27 v Datapath_i.reg_63.reg_out1[47]$_DFF_P_/D (DFFHQNx1_ASAP7_75t_R)
        3398.27   data arrival time
---------------------------------------------------------
(Path is unconstrained)


Startpoint: Datapath_i.reg_57.reg_out1[63]$_DFF_P_
            (rising edge-triggered flip-flop)
Endpoint: Datapath_i.reg_63.reg_out1[48]$_DFF_P_
          (rising edge-triggered flip-flop)
Path Group: unconstrained
Path Type: max
Corner: slow

  Delay    Time   Description
---------------------------------------------------------
   0.00    0.00 ^ Datapath_i.reg_57.reg_out1[63]$_DFF_P_/CLK (DFFHQNx1_ASAP7_75t_R)
 153.97  153.97 v Datapath_i.reg_57.reg_out1[63]$_DFF_P_/QN (DFFHQNx1_ASAP7_75t_R)
  60.03  214.00 v load_slew450/Y (BUFx12f_ASAP7_75t_R)
  31.43  245.44 ^ _26073_/Y (OAI22x1_ASAP7_75t_R)
  30.76  276.19 v _26074_/Y (INVx1_ASAP7_75t_R)
  46.42  322.61 ^ _38548_/CON (HAxp5_ASAP7_75t_R)
  52.37  374.98 v _36438_/CON (FAx1_ASAP7_75t_R)
  62.03  437.01 v _26112_/Y (OA211x2_ASAP7_75t_R)
  61.67  498.68 v _26118_/Y (OR3x2_ASAP7_75t_R)
  53.34  552.02 v _26120_/Y (AO22x1_ASAP7_75t_R)
  41.27  593.29 v _26121_/Y (OA21x2_ASAP7_75t_R)
  41.79  635.08 v _26122_/Y (OA21x2_ASAP7_75t_R)
  38.46  673.54 v _26141_/Y (XOR2x1_ASAP7_75t_R)
  56.75  730.29 v _26144_/Y (OR4x1_ASAP7_75t_R)
  47.23  777.52 v _26145_/Y (AO221x1_ASAP7_75t_R)
  13.43  790.95 ^ _26146_/Y (INVx1_ASAP7_75t_R)
 115.63  906.58 ^ _26147_/Y (OA21x2_ASAP7_75t_R)
 180.41 1086.99 v _26177_/Y (NAND2x2_ASAP7_75t_R)
  86.32 1173.31 v _26283_/Y (AND2x2_ASAP7_75t_R)
  38.51 1211.82 v _26284_/Y (AO21x1_ASAP7_75t_R)
  14.84 1226.66 ^ _26438_/Y (INVx1_ASAP7_75t_R)
  34.99 1261.64 ^ _26440_/Y (AO21x1_ASAP7_75t_R)
  18.10 1279.74 v _26441_/Y (NOR2x1_ASAP7_75t_R)
  54.72 1334.47 v _26442_/Y (AO21x1_ASAP7_75t_R)
  19.55 1354.01 ^ _27041_/Y (NOR2x1_ASAP7_75t_R)
  35.44 1389.46 ^ _27042_/Y (AO21x1_ASAP7_75t_R)
  43.05 1432.51 ^ _27130_/Y (AO221x1_ASAP7_75t_R)
  38.37 1470.88 ^ _27131_/Y (OA22x2_ASAP7_75t_R)
  33.12 1504.00 ^ _27132_/Y (XNOR2x1_ASAP7_75t_R)
  29.41 1533.41 v _38772_/CON (HAxp5_ASAP7_75t_R)
  29.57 1562.99 ^ _23103_/Y (INVx1_ASAP7_75t_R)
  43.16 1606.15 v _36443_/CON (FAx1_ASAP7_75t_R)
  52.90 1659.05 v _34050_/Y (OA21x2_ASAP7_75t_R)
  41.66 1700.71 v _34051_/Y (OA21x2_ASAP7_75t_R)
  38.22 1738.93 v _34052_/Y (OA21x2_ASAP7_75t_R)
  41.30 1780.23 v _34053_/Y (OA21x2_ASAP7_75t_R)
  38.25 1818.48 v _34054_/Y (OA21x2_ASAP7_75t_R)
  41.36 1859.84 v _34055_/Y (OA21x2_ASAP7_75t_R)
  38.11 1897.96 v _34056_/Y (OA21x2_ASAP7_75t_R)
  41.59 1939.55 v _34057_/Y (OA21x2_ASAP7_75t_R)
  38.58 1978.13 v _34070_/Y (OA21x2_ASAP7_75t_R)
  41.63 2019.76 v _34071_/Y (OA21x2_ASAP7_75t_R)
  38.58 2058.34 v _34076_/Y (OA21x2_ASAP7_75t_R)
  41.38 2099.71 v _34077_/Y (OA21x2_ASAP7_75t_R)
  38.26 2137.97 v _34082_/Y (OA21x2_ASAP7_75t_R)
  41.48 2179.45 v _34083_/Y (OA21x2_ASAP7_75t_R)
  39.81 2219.26 v _34088_/Y (OA21x2_ASAP7_75t_R)
  43.10 2262.36 v _34089_/Y (OA21x2_ASAP7_75t_R)
  39.21 2301.57 v _34095_/Y (OA21x2_ASAP7_75t_R)
  41.58 2343.15 v _34096_/Y (OA21x2_ASAP7_75t_R)
  38.43 2381.58 v _34101_/Y (OA21x2_ASAP7_75t_R)
  41.44 2423.02 v _34102_/Y (OA21x2_ASAP7_75t_R)
  38.41 2461.42 v _34107_/Y (OA21x2_ASAP7_75t_R)
  41.31 2502.74 v _34108_/Y (OA21x2_ASAP7_75t_R)
  38.76 2541.49 v _34113_/Y (OA21x2_ASAP7_75t_R)
  42.60 2584.09 v _34114_/Y (OA21x2_ASAP7_75t_R)
  39.16 2623.25 v _34119_/Y (OA21x2_ASAP7_75t_R)
  41.66 2664.91 v _34120_/Y (OA21x2_ASAP7_75t_R)
  38.52 2703.43 v _34126_/Y (OA21x2_ASAP7_75t_R)
  41.54 2744.97 v _34127_/Y (OA21x2_ASAP7_75t_R)
  38.60 2783.56 v _34132_/Y (OA21x2_ASAP7_75t_R)
  41.93 2825.50 v _34133_/Y (OA21x2_ASAP7_75t_R)
  38.51 2864.01 v _34138_/Y (OA21x2_ASAP7_75t_R)
  43.10 2907.11 v _34139_/Y (OA21x2_ASAP7_75t_R)
  46.02 2953.13 v _34145_/Y (OA31x2_ASAP7_75t_R)
  44.38 2997.50 v _34151_/Y (OA31x2_ASAP7_75t_R)
  43.00 3040.50 v _34160_/Y (OA21x2_ASAP7_75t_R)
  38.63 3079.13 v _34166_/Y (OA21x2_ASAP7_75t_R)
  41.90 3121.04 v _34167_/Y (OA21x2_ASAP7_75t_R)
  44.79 3165.82 v _34173_/Y (OR3x1_ASAP7_75t_R)
  62.37 3228.20 v _34174_/Y (OA211x2_ASAP7_75t_R)
  49.96 3278.15 v _34180_/Y (OR3x1_ASAP7_75t_R)
  27.54 3305.69 ^ _34181_/Y (NAND2x1_ASAP7_75t_R)
  42.25 3347.94 ^ _34189_/Y (AO21x1_ASAP7_75t_R)
  36.08 3384.02 ^ _34190_/Y (XNOR2x1_ASAP7_75t_R)
   0.10 3384.11 ^ Datapath_i.reg_63.reg_out1[48]$_DFF_P_/D (DFFHQNx1_ASAP7_75t_R)
        3384.11   data arrival time
---------------------------------------------------------
(Path is unconstrained)


Startpoint: Datapath_i.reg_57.reg_out1[63]$_DFF_P_
            (rising edge-triggered flip-flop)
Endpoint: Datapath_i.reg_63.reg_out1[46]$_DFF_P_
          (rising edge-triggered flip-flop)
Path Group: unconstrained
Path Type: max
Corner: slow

  Delay    Time   Description
---------------------------------------------------------
   0.00    0.00 ^ Datapath_i.reg_57.reg_out1[63]$_DFF_P_/CLK (DFFHQNx1_ASAP7_75t_R)
 153.97  153.97 v Datapath_i.reg_57.reg_out1[63]$_DFF_P_/QN (DFFHQNx1_ASAP7_75t_R)
  60.03  214.00 v load_slew450/Y (BUFx12f_ASAP7_75t_R)
  31.43  245.44 ^ _26073_/Y (OAI22x1_ASAP7_75t_R)
  30.76  276.19 v _26074_/Y (INVx1_ASAP7_75t_R)
  46.42  322.61 ^ _38548_/CON (HAxp5_ASAP7_75t_R)
  52.37  374.98 v _36438_/CON (FAx1_ASAP7_75t_R)
  62.03  437.01 v _26112_/Y (OA211x2_ASAP7_75t_R)
  61.67  498.68 v _26118_/Y (OR3x2_ASAP7_75t_R)
  53.34  552.02 v _26120_/Y (AO22x1_ASAP7_75t_R)
  41.27  593.29 v _26121_/Y (OA21x2_ASAP7_75t_R)
  41.79  635.08 v _26122_/Y (OA21x2_ASAP7_75t_R)
  38.46  673.54 v _26141_/Y (XOR2x1_ASAP7_75t_R)
  56.75  730.29 v _26144_/Y (OR4x1_ASAP7_75t_R)
  47.23  777.52 v _26145_/Y (AO221x1_ASAP7_75t_R)
  13.43  790.95 ^ _26146_/Y (INVx1_ASAP7_75t_R)
 115.63  906.58 ^ _26147_/Y (OA21x2_ASAP7_75t_R)
 180.41 1086.99 v _26177_/Y (NAND2x2_ASAP7_75t_R)
  86.32 1173.31 v _26283_/Y (AND2x2_ASAP7_75t_R)
  38.51 1211.82 v _26284_/Y (AO21x1_ASAP7_75t_R)
  14.84 1226.66 ^ _26438_/Y (INVx1_ASAP7_75t_R)
  34.99 1261.64 ^ _26440_/Y (AO21x1_ASAP7_75t_R)
  18.10 1279.74 v _26441_/Y (NOR2x1_ASAP7_75t_R)
  54.72 1334.47 v _26442_/Y (AO21x1_ASAP7_75t_R)
  19.55 1354.01 ^ _27041_/Y (NOR2x1_ASAP7_75t_R)
  35.44 1389.46 ^ _27042_/Y (AO21x1_ASAP7_75t_R)
  43.05 1432.51 ^ _27130_/Y (AO221x1_ASAP7_75t_R)
  38.37 1470.88 ^ _27131_/Y (OA22x2_ASAP7_75t_R)
  33.12 1504.00 ^ _27132_/Y (XNOR2x1_ASAP7_75t_R)
  29.41 1533.41 v _38772_/CON (HAxp5_ASAP7_75t_R)
  29.57 1562.99 ^ _23103_/Y (INVx1_ASAP7_75t_R)
  43.16 1606.15 v _36443_/CON (FAx1_ASAP7_75t_R)
  52.90 1659.05 v _34050_/Y (OA21x2_ASAP7_75t_R)
  41.66 1700.71 v _34051_/Y (OA21x2_ASAP7_75t_R)
  38.22 1738.93 v _34052_/Y (OA21x2_ASAP7_75t_R)
  41.30 1780.23 v _34053_/Y (OA21x2_ASAP7_75t_R)
  38.25 1818.48 v _34054_/Y (OA21x2_ASAP7_75t_R)
  41.36 1859.84 v _34055_/Y (OA21x2_ASAP7_75t_R)
  38.11 1897.96 v _34056_/Y (OA21x2_ASAP7_75t_R)
  41.59 1939.55 v _34057_/Y (OA21x2_ASAP7_75t_R)
  38.58 1978.13 v _34070_/Y (OA21x2_ASAP7_75t_R)
  41.63 2019.76 v _34071_/Y (OA21x2_ASAP7_75t_R)
  38.58 2058.34 v _34076_/Y (OA21x2_ASAP7_75t_R)
  41.38 2099.71 v _34077_/Y (OA21x2_ASAP7_75t_R)
  38.26 2137.97 v _34082_/Y (OA21x2_ASAP7_75t_R)
  41.48 2179.45 v _34083_/Y (OA21x2_ASAP7_75t_R)
  39.81 2219.26 v _34088_/Y (OA21x2_ASAP7_75t_R)
  43.10 2262.36 v _34089_/Y (OA21x2_ASAP7_75t_R)
  39.21 2301.57 v _34095_/Y (OA21x2_ASAP7_75t_R)
  41.58 2343.15 v _34096_/Y (OA21x2_ASAP7_75t_R)
  38.43 2381.58 v _34101_/Y (OA21x2_ASAP7_75t_R)
  41.44 2423.02 v _34102_/Y (OA21x2_ASAP7_75t_R)
  38.41 2461.42 v _34107_/Y (OA21x2_ASAP7_75t_R)
  41.31 2502.74 v _34108_/Y (OA21x2_ASAP7_75t_R)
  38.76 2541.49 v _34113_/Y (OA21x2_ASAP7_75t_R)
  42.60 2584.09 v _34114_/Y (OA21x2_ASAP7_75t_R)
  39.16 2623.25 v _34119_/Y (OA21x2_ASAP7_75t_R)
  41.66 2664.91 v _34120_/Y (OA21x2_ASAP7_75t_R)
  38.52 2703.43 v _34126_/Y (OA21x2_ASAP7_75t_R)
  41.54 2744.97 v _34127_/Y (OA21x2_ASAP7_75t_R)
  38.60 2783.56 v _34132_/Y (OA21x2_ASAP7_75t_R)
  41.93 2825.50 v _34133_/Y (OA21x2_ASAP7_75t_R)
  38.51 2864.01 v _34138_/Y (OA21x2_ASAP7_75t_R)
  43.10 2907.11 v _34139_/Y (OA21x2_ASAP7_75t_R)
  46.02 2953.13 v _34145_/Y (OA31x2_ASAP7_75t_R)
  44.38 2997.50 v _34151_/Y (OA31x2_ASAP7_75t_R)
  43.00 3040.50 v _34160_/Y (OA21x2_ASAP7_75t_R)
  38.63 3079.13 v _34166_/Y (OA21x2_ASAP7_75t_R)
  41.90 3121.04 v _34167_/Y (OA21x2_ASAP7_75t_R)
  44.79 3165.82 v _34173_/Y (OR3x1_ASAP7_75t_R)
  62.37 3228.20 v _34174_/Y (OA211x2_ASAP7_75t_R)
  49.96 3278.15 v _34180_/Y (OR3x1_ASAP7_75t_R)
  27.54 3305.69 ^ _34181_/Y (NAND2x1_ASAP7_75t_R)
  36.79 3342.48 ^ _34182_/Y (XNOR2x1_ASAP7_75t_R)
   0.10 3342.58 ^ Datapath_i.reg_63.reg_out1[46]$_DFF_P_/D (DFFHQNx1_ASAP7_75t_R)
        3342.58   data arrival time
---------------------------------------------------------
(Path is unconstrained)


Startpoint: Datapath_i.reg_65.reg_out1$_SDFF_PP0_
            (rising edge-triggered flip-flop)
Endpoint: Datapath_i.reg_78.reg_out1[49]$_DFF_P_
          (rising edge-triggered flip-flop)
Path Group: unconstrained
Path Type: max
Corner: slow

  Delay    Time   Description
---------------------------------------------------------
   0.00    0.00 ^ Datapath_i.reg_65.reg_out1$_SDFF_PP0_/CLK (DFFHQNx2_ASAP7_75t_R)
 109.46  109.46 v Datapath_i.reg_65.reg_out1$_SDFF_PP0_/QN (DFFHQNx2_ASAP7_75t_R)
  20.51  129.96 ^ _25537_/Y (INVx1_ASAP7_75t_R)
  32.15  162.11 v _38551_/CON (HAxp5_ASAP7_75t_R)
  22.83  184.94 ^ _32851_/Y (INVx1_ASAP7_75t_R)
  30.24  215.18 v _38560_/CON (HAxp5_ASAP7_75t_R)
  65.67  280.85 v _22274_/Y (OR3x2_ASAP7_75t_R)
  54.49  335.34 v _22275_/Y (OR3x1_ASAP7_75t_R)
  54.38  389.72 v _22276_/Y (OR3x1_ASAP7_75t_R)
  41.93  431.65 v _22277_/Y (OR2x2_ASAP7_75t_R)
  63.22  494.87 v _22278_/Y (OR3x2_ASAP7_75t_R)
  64.88  559.75 v _22279_/Y (OR3x2_ASAP7_75t_R)
  68.53  628.28 v _22280_/Y (OR4x1_ASAP7_75t_R)
  82.90  711.18 v _22281_/Y (OR3x4_ASAP7_75t_R)
  83.50  794.69 v _22282_/Y (OR3x4_ASAP7_75t_R)
  56.38  851.07 v _22283_/Y (OR3x1_ASAP7_75t_R)
  57.14  908.21 v _22284_/Y (OR3x1_ASAP7_75t_R)
  54.93  963.13 v _22285_/Y (OR3x1_ASAP7_75t_R)
  62.75 1025.88 v _22286_/Y (OR3x2_ASAP7_75t_R)
  82.28 1108.16 v _22287_/Y (OR3x4_ASAP7_75t_R)
  84.05 1192.21 v _22288_/Y (OR3x4_ASAP7_75t_R)
  94.20 1286.41 v _22289_/Y (OR5x2_ASAP7_75t_R)
  67.37 1353.78 v _22290_/Y (OR3x2_ASAP7_75t_R)
  55.28 1409.05 v _22291_/Y (OR3x1_ASAP7_75t_R)
  83.23 1492.29 v _22292_/Y (OR3x4_ASAP7_75t_R)
  83.46 1575.75 v _22293_/Y (OR3x4_ASAP7_75t_R)
  63.66 1639.41 v _22327_/Y (OR3x2_ASAP7_75t_R)
  86.25 1725.65 v _22329_/Y (OR4x2_ASAP7_75t_R)
  50.32 1775.97 v _22370_/Y (XOR2x1_ASAP7_75t_R)
  72.08 1848.05 v _22373_/Y (OR5x1_ASAP7_75t_R)
  58.91 1906.96 v _22374_/Y (OR4x1_ASAP7_75t_R)
 137.19 2044.15 v _22375_/Y (OR3x4_ASAP7_75t_R)
  59.33 2103.49 ^ _22376_/Y (CKINVDCx10_ASAP7_75t_R)
  51.35 2154.84 ^ _22418_/Y (AO21x1_ASAP7_75t_R)
  28.53 2183.37 ^ _22423_/Y (OR4x1_ASAP7_75t_R)
  46.95 2230.33 ^ _22424_/Y (OR5x2_ASAP7_75t_R)
  28.92 2259.25 v _22425_/Y (INVx3_ASAP7_75t_R)
  82.48 2341.73 ^ _22426_/Y (NAND2x2_ASAP7_75t_R)
  50.16 2391.89 v _22427_/Y (CKINVDCx14_ASAP7_75t_R)
 106.20 2498.08 ^ _38552_/CON (HAxp5_ASAP7_75t_R)
  78.68 2576.76 v _38552_/SN (HAxp5_ASAP7_75t_R)
  64.52 2641.29 v load_slew406/Y (BUFx4f_ASAP7_75t_R)
  52.27 2693.56 v _22604_/Y (OA211x2_ASAP7_75t_R)
  47.66 2741.22 v _22605_/Y (OR3x1_ASAP7_75t_R)
  27.17 2768.40 v _22606_/Y (AND3x1_ASAP7_75t_R)
  42.71 2811.11 v _22607_/Y (AO21x1_ASAP7_75t_R)
  25.30 2836.41 ^ _22608_/Y (INVx1_ASAP7_75t_R)
 143.96 2980.37 ^ _29884_/Y (AND5x2_ASAP7_75t_R)
 155.75 3136.11 v _29885_/Y (NAND2x2_ASAP7_75t_R)
 123.40 3259.51 v _34383_/Y (OA211x2_ASAP7_75t_R)
  16.44 3275.96 ^ _34384_/Y (INVx1_ASAP7_75t_R)
  31.28 3307.24 ^ _34385_/Y (OA21x2_ASAP7_75t_R)
   0.02 3307.26 ^ Datapath_i.reg_78.reg_out1[49]$_DFF_P_/D (DFFHQNx1_ASAP7_75t_R)
        3307.26   data arrival time
---------------------------------------------------------
(Path is unconstrained)


Startpoint: Datapath_i.reg_57.reg_out1[63]$_DFF_P_
            (rising edge-triggered flip-flop)
Endpoint: Datapath_i.reg_63.reg_out1[45]$_DFF_P_
          (rising edge-triggered flip-flop)
Path Group: unconstrained
Path Type: max
Corner: slow

  Delay    Time   Description
---------------------------------------------------------
   0.00    0.00 ^ Datapath_i.reg_57.reg_out1[63]$_DFF_P_/CLK (DFFHQNx1_ASAP7_75t_R)
 153.97  153.97 v Datapath_i.reg_57.reg_out1[63]$_DFF_P_/QN (DFFHQNx1_ASAP7_75t_R)
  60.03  214.00 v load_slew450/Y (BUFx12f_ASAP7_75t_R)
  31.43  245.44 ^ _26073_/Y (OAI22x1_ASAP7_75t_R)
  30.76  276.19 v _26074_/Y (INVx1_ASAP7_75t_R)
  46.42  322.61 ^ _38548_/CON (HAxp5_ASAP7_75t_R)
  52.37  374.98 v _36438_/CON (FAx1_ASAP7_75t_R)
  62.03  437.01 v _26112_/Y (OA211x2_ASAP7_75t_R)
  61.67  498.68 v _26118_/Y (OR3x2_ASAP7_75t_R)
  53.34  552.02 v _26120_/Y (AO22x1_ASAP7_75t_R)
  41.27  593.29 v _26121_/Y (OA21x2_ASAP7_75t_R)
  41.79  635.08 v _26122_/Y (OA21x2_ASAP7_75t_R)
  38.46  673.54 v _26141_/Y (XOR2x1_ASAP7_75t_R)
  56.75  730.29 v _26144_/Y (OR4x1_ASAP7_75t_R)
  47.23  777.52 v _26145_/Y (AO221x1_ASAP7_75t_R)
  13.43  790.95 ^ _26146_/Y (INVx1_ASAP7_75t_R)
 115.63  906.58 ^ _26147_/Y (OA21x2_ASAP7_75t_R)
 180.41 1086.99 v _26177_/Y (NAND2x2_ASAP7_75t_R)
  87.61 1174.60 v _26358_/Y (AND2x2_ASAP7_75t_R)
  42.39 1216.99 v _26359_/Y (AO21x1_ASAP7_75t_R)
  26.86 1243.85 ^ _26365_/Y (AOI21x1_ASAP7_75t_R)
  18.97 1262.82 v _26366_/Y (NOR2x1_ASAP7_75t_R)
  50.98 1313.80 v _26367_/Y (AO21x1_ASAP7_75t_R)
  19.19 1332.99 ^ _26368_/Y (NOR2x1_ASAP7_75t_R)
  32.43 1365.42 ^ _26369_/Y (AO21x1_ASAP7_75t_R)
  18.25 1383.67 v _26370_/Y (INVx1_ASAP7_75t_R)
  48.80 1432.47 v _26372_/Y (AO32x1_ASAP7_75t_R)
  40.10 1472.57 v _26373_/Y (AO21x1_ASAP7_75t_R)
  34.23 1506.81 v _26378_/Y (XNOR2x1_ASAP7_75t_R)
  96.49 1603.30 v _38721_/SN (HAxp5_ASAP7_75t_R)
  59.51 1662.80 v _34060_/Y (OA21x2_ASAP7_75t_R)
  38.61 1701.41 v _34061_/Y (OA21x2_ASAP7_75t_R)
  41.46 1742.86 v _34062_/Y (OA21x2_ASAP7_75t_R)
  38.46 1781.32 v _34063_/Y (OA21x2_ASAP7_75t_R)
  41.30 1822.62 v _34064_/Y (OA21x2_ASAP7_75t_R)
  38.15 1860.77 v _34065_/Y (OA21x2_ASAP7_75t_R)
  41.32 1902.08 v _34066_/Y (OA21x2_ASAP7_75t_R)
  38.20 1940.29 v _34067_/Y (OA21x2_ASAP7_75t_R)
  41.49 1981.78 v _34068_/Y (OA21x2_ASAP7_75t_R)
  39.07 2020.85 v _34073_/Y (OA21x2_ASAP7_75t_R)
  41.68 2062.52 v _34074_/Y (OA21x2_ASAP7_75t_R)
  38.19 2100.71 v _34079_/Y (OA21x2_ASAP7_75t_R)
  41.59 2142.31 v _34080_/Y (OA21x2_ASAP7_75t_R)
  38.45 2180.76 v _34085_/Y (OA21x2_ASAP7_75t_R)
  42.66 2223.42 v _34086_/Y (OA21x2_ASAP7_75t_R)
  40.58 2264.00 v _34091_/Y (OA21x2_ASAP7_75t_R)
  42.05 2306.05 v _34092_/Y (OA21x2_ASAP7_75t_R)
  38.34 2344.39 v _34098_/Y (OA21x2_ASAP7_75t_R)
  41.29 2385.68 v _34099_/Y (OA21x2_ASAP7_75t_R)
  38.57 2424.25 v _34104_/Y (OA21x2_ASAP7_75t_R)
  41.72 2465.97 v _34105_/Y (OA21x2_ASAP7_75t_R)
  38.60 2504.57 v _34110_/Y (OA21x2_ASAP7_75t_R)
  42.15 2546.71 v _34111_/Y (OA21x2_ASAP7_75t_R)
  40.38 2587.10 v _34116_/Y (OA21x2_ASAP7_75t_R)
  42.31 2629.40 v _34117_/Y (OA21x2_ASAP7_75t_R)
  38.44 2667.84 v _34122_/Y (OA21x2_ASAP7_75t_R)
  41.68 2709.52 v _34123_/Y (OA21x2_ASAP7_75t_R)
  38.56 2748.08 v _34129_/Y (OA21x2_ASAP7_75t_R)
  41.62 2789.70 v _34130_/Y (OA21x2_ASAP7_75t_R)
  38.38 2828.09 v _34135_/Y (OA21x2_ASAP7_75t_R)
  41.43 2869.52 v _34136_/Y (OA21x2_ASAP7_75t_R)
  38.23 2907.75 v _34141_/Y (OA21x2_ASAP7_75t_R)
  41.74 2949.49 v _34142_/Y (OA21x2_ASAP7_75t_R)
  38.52 2988.01 v _34147_/Y (OA21x2_ASAP7_75t_R)
  41.88 3029.89 v _34148_/Y (OA21x2_ASAP7_75t_R)
  43.14 3073.03 v _34155_/Y (OA21x2_ASAP7_75t_R)
  43.52 3116.55 v _34164_/Y (OA21x2_ASAP7_75t_R)
  42.87 3159.42 v _34171_/Y (OA21x2_ASAP7_75t_R)
  44.07 3203.50 v _34176_/Y (OR3x1_ASAP7_75t_R)
  62.38 3265.88 v _34177_/Y (OA211x2_ASAP7_75t_R)
  40.23 3306.11 v _34178_/Y (XOR2x1_ASAP7_75t_R)
   0.07 3306.18 v Datapath_i.reg_63.reg_out1[45]$_DFF_P_/D (DFFHQNx1_ASAP7_75t_R)
        3306.18   data arrival time
---------------------------------------------------------
(Path is unconstrained)


