Startpoint: io_time[0]$_SDFFE_PP0P_ (rising edge-triggered flip-flop)
Endpoint: large_1[48]$_SDFFE_PP0P_ (rising edge-triggered flip-flop)
Path Group: unconstrained
Path Type: max
Corner: slow

  Delay    Time   Description
---------------------------------------------------------
   0.00    0.00 ^ io_time[0]$_SDFFE_PP0P_/CLK (DFFHQNx1_ASAP7_75t_R)
 141.30  141.30 v io_time[0]$_SDFFE_PP0P_/QN (DFFHQNx1_ASAP7_75t_R)
  40.85  182.15 ^ _2686_/Y (INVx8_ASAP7_75t_R)
  33.90  216.05 v _4974_/CON (HAxp5_ASAP7_75t_R)
  22.34  238.39 ^ _2693_/Y (INVx1_ASAP7_75t_R)
  31.89  270.27 v _4975_/CON (HAxp5_ASAP7_75t_R)
 109.63  379.90 v _3960_/Y (OR5x2_ASAP7_75t_R)
 104.68  484.59 v _3992_/Y (OR5x2_ASAP7_75t_R)
 105.85  590.44 v _4044_/Y (OR5x2_ASAP7_75t_R)
 111.02  701.46 v _4093_/Y (OR5x2_ASAP7_75t_R)
 107.35  808.80 v _4194_/Y (OR5x2_ASAP7_75t_R)
  98.19  907.00 v _4332_/Y (OR5x2_ASAP7_75t_R)
  38.09  945.08 v _4333_/Y (XNOR2x1_ASAP7_75t_R)
  31.04  976.13 v _4335_/Y (AO21x1_ASAP7_75t_R)
  29.99 1006.11 v _4336_/Y (AND2x2_ASAP7_75t_R)
   0.04 1006.15 v large_1[48]$_SDFFE_PP0P_/D (DFFHQNx1_ASAP7_75t_R)
        1006.15   data arrival time
---------------------------------------------------------
(Path is unconstrained)


Startpoint: io_time[0]$_SDFFE_PP0P_ (rising edge-triggered flip-flop)
Endpoint: large_1[46]$_SDFFE_PP0P_ (rising edge-triggered flip-flop)
Path Group: unconstrained
Path Type: max
Corner: slow

  Delay    Time   Description
---------------------------------------------------------
   0.00    0.00 ^ io_time[0]$_SDFFE_PP0P_/CLK (DFFHQNx1_ASAP7_75t_R)
 141.30  141.30 v io_time[0]$_SDFFE_PP0P_/QN (DFFHQNx1_ASAP7_75t_R)
  40.85  182.15 ^ _2686_/Y (INVx8_ASAP7_75t_R)
  33.90  216.05 v _4974_/CON (HAxp5_ASAP7_75t_R)
  22.34  238.39 ^ _2693_/Y (INVx1_ASAP7_75t_R)
  31.89  270.27 v _4975_/CON (HAxp5_ASAP7_75t_R)
 109.63  379.90 v _3960_/Y (OR5x2_ASAP7_75t_R)
 104.68  484.59 v _3992_/Y (OR5x2_ASAP7_75t_R)
 105.85  590.44 v _4044_/Y (OR5x2_ASAP7_75t_R)
 111.02  701.46 v _4093_/Y (OR5x2_ASAP7_75t_R)
 107.35  808.80 v _4194_/Y (OR5x2_ASAP7_75t_R)
  93.67  902.47 v _4317_/Y (OR5x2_ASAP7_75t_R)
  36.05  938.52 v _4318_/Y (XNOR2x1_ASAP7_75t_R)
  30.91  969.43 v _4320_/Y (AO21x1_ASAP7_75t_R)
  30.24  999.67 v _4321_/Y (AND2x2_ASAP7_75t_R)
   0.05  999.72 v large_1[46]$_SDFFE_PP0P_/D (DFFHQNx1_ASAP7_75t_R)
         999.72   data arrival time
---------------------------------------------------------
(Path is unconstrained)


Startpoint: io_time[0]$_SDFFE_PP0P_ (rising edge-triggered flip-flop)
Endpoint: large_1[45]$_SDFFE_PP0P_ (rising edge-triggered flip-flop)
Path Group: unconstrained
Path Type: max
Corner: slow

  Delay    Time   Description
---------------------------------------------------------
   0.00    0.00 ^ io_time[0]$_SDFFE_PP0P_/CLK (DFFHQNx1_ASAP7_75t_R)
 141.30  141.30 v io_time[0]$_SDFFE_PP0P_/QN (DFFHQNx1_ASAP7_75t_R)
  40.85  182.15 ^ _2686_/Y (INVx8_ASAP7_75t_R)
  33.90  216.05 v _4974_/CON (HAxp5_ASAP7_75t_R)
  22.34  238.39 ^ _2693_/Y (INVx1_ASAP7_75t_R)
  31.89  270.27 v _4975_/CON (HAxp5_ASAP7_75t_R)
 109.63  379.90 v _3960_/Y (OR5x2_ASAP7_75t_R)
 103.62  483.52 v _4002_/Y (OR5x2_ASAP7_75t_R)
 111.03  594.55 v _4039_/Y (OR5x2_ASAP7_75t_R)
 111.04  705.60 v _4130_/Y (OR5x2_ASAP7_75t_R)
  93.70  799.30 v _4280_/Y (OR5x2_ASAP7_75t_R)
  93.67  892.96 v _4309_/Y (OR5x2_ASAP7_75t_R)
  34.47  927.44 v _4310_/Y (XNOR2x1_ASAP7_75t_R)
  29.84  957.27 v _4311_/Y (AND2x2_ASAP7_75t_R)
  36.22  993.50 v _4313_/Y (OA21x2_ASAP7_75t_R)
   0.02  993.52 v large_1[45]$_SDFFE_PP0P_/D (DFFHQNx1_ASAP7_75t_R)
         993.52   data arrival time
---------------------------------------------------------
(Path is unconstrained)


Startpoint: io_time[0]$_SDFFE_PP0P_ (rising edge-triggered flip-flop)
Endpoint: large_1[36]$_SDFFE_PP0P_ (rising edge-triggered flip-flop)
Path Group: unconstrained
Path Type: max
Corner: slow

  Delay    Time   Description
---------------------------------------------------------
   0.00    0.00 ^ io_time[0]$_SDFFE_PP0P_/CLK (DFFHQNx1_ASAP7_75t_R)
 141.30  141.30 v io_time[0]$_SDFFE_PP0P_/QN (DFFHQNx1_ASAP7_75t_R)
  40.85  182.15 ^ _2686_/Y (INVx8_ASAP7_75t_R)
  33.90  216.05 v _4974_/CON (HAxp5_ASAP7_75t_R)
  22.34  238.39 ^ _2693_/Y (INVx1_ASAP7_75t_R)
  31.89  270.27 v _4975_/CON (HAxp5_ASAP7_75t_R)
 109.63  379.90 v _3960_/Y (OR5x2_ASAP7_75t_R)
 104.68  484.59 v _3992_/Y (OR5x2_ASAP7_75t_R)
 105.85  590.44 v _4044_/Y (OR5x2_ASAP7_75t_R)
 111.02  701.46 v _4093_/Y (OR5x2_ASAP7_75t_R)
 107.35  808.80 v _4194_/Y (OR5x2_ASAP7_75t_R)
  69.86  878.67 v _4239_/Y (OR4x1_ASAP7_75t_R)
  34.11  912.78 v _4240_/Y (XNOR2x1_ASAP7_75t_R)
  30.05  942.83 v _4241_/Y (AND2x2_ASAP7_75t_R)
  36.15  978.98 v _4243_/Y (OA21x2_ASAP7_75t_R)
   0.04  979.02 v large_1[36]$_SDFFE_PP0P_/D (DFFHQNx1_ASAP7_75t_R)
         979.02   data arrival time
---------------------------------------------------------
(Path is unconstrained)


Startpoint: io_time[0]$_SDFFE_PP0P_ (rising edge-triggered flip-flop)
Endpoint: large_1[50]$_SDFFE_PP0P_ (rising edge-triggered flip-flop)
Path Group: unconstrained
Path Type: max
Corner: slow

  Delay    Time   Description
---------------------------------------------------------
   0.00    0.00 ^ io_time[0]$_SDFFE_PP0P_/CLK (DFFHQNx1_ASAP7_75t_R)
 141.30  141.30 v io_time[0]$_SDFFE_PP0P_/QN (DFFHQNx1_ASAP7_75t_R)
  40.85  182.15 ^ _2686_/Y (INVx8_ASAP7_75t_R)
  33.90  216.05 v _4974_/CON (HAxp5_ASAP7_75t_R)
  22.34  238.39 ^ _2693_/Y (INVx1_ASAP7_75t_R)
  31.89  270.27 v _4975_/CON (HAxp5_ASAP7_75t_R)
 109.63  379.90 v _3960_/Y (OR5x2_ASAP7_75t_R)
 104.68  484.59 v _3992_/Y (OR5x2_ASAP7_75t_R)
 105.85  590.44 v _4044_/Y (OR5x2_ASAP7_75t_R)
 111.02  701.46 v _4093_/Y (OR5x2_ASAP7_75t_R)
  95.68  797.14 v _4223_/Y (OR3x4_ASAP7_75t_R)
  64.09  861.23 v _4346_/Y (OR4x1_ASAP7_75t_R)
  40.21  901.45 v _4347_/Y (XOR2x1_ASAP7_75t_R)
  33.80  935.25 v _4348_/Y (AND2x2_ASAP7_75t_R)
  36.20  971.45 v _4350_/Y (OA21x2_ASAP7_75t_R)
   0.04  971.48 v large_1[50]$_SDFFE_PP0P_/D (DFFHQNx1_ASAP7_75t_R)
         971.48   data arrival time
---------------------------------------------------------
(Path is unconstrained)


Startpoint: io_time[0]$_SDFFE_PP0P_ (rising edge-triggered flip-flop)
Endpoint: large_1[44]$_SDFFE_PP0P_ (rising edge-triggered flip-flop)
Path Group: unconstrained
Path Type: max
Corner: slow

  Delay    Time   Description
---------------------------------------------------------
   0.00    0.00 ^ io_time[0]$_SDFFE_PP0P_/CLK (DFFHQNx1_ASAP7_75t_R)
 141.30  141.30 v io_time[0]$_SDFFE_PP0P_/QN (DFFHQNx1_ASAP7_75t_R)
  40.85  182.15 ^ _2686_/Y (INVx8_ASAP7_75t_R)
  33.90  216.05 v _4974_/CON (HAxp5_ASAP7_75t_R)
  22.34  238.39 ^ _2693_/Y (INVx1_ASAP7_75t_R)
  31.89  270.27 v _4975_/CON (HAxp5_ASAP7_75t_R)
 109.63  379.90 v _3960_/Y (OR5x2_ASAP7_75t_R)
 104.17  484.07 v _3995_/Y (OR5x2_ASAP7_75t_R)
 106.75  590.82 v _4030_/Y (OR5x2_ASAP7_75t_R)
  84.13  674.95 v _4071_/Y (OR5x1_ASAP7_75t_R)
  92.84  767.79 v _4170_/Y (OR4x2_ASAP7_75t_R)
  90.32  858.11 v _4300_/Y (OR4x2_ASAP7_75t_R)
  51.18  909.29 v _4302_/Y (OR3x1_ASAP7_75t_R)
  25.51  934.80 v _4304_/Y (AND3x1_ASAP7_75t_R)
  35.11  969.91 v _4307_/Y (OA21x2_ASAP7_75t_R)
   0.04  969.95 v large_1[44]$_SDFFE_PP0P_/D (DFFHQNx1_ASAP7_75t_R)
         969.95   data arrival time
---------------------------------------------------------
(Path is unconstrained)


Startpoint: io_time[0]$_SDFFE_PP0P_ (rising edge-triggered flip-flop)
Endpoint: large_1[52]$_SDFFE_PP0P_ (rising edge-triggered flip-flop)
Path Group: unconstrained
Path Type: max
Corner: slow

  Delay    Time   Description
---------------------------------------------------------
   0.00    0.00 ^ io_time[0]$_SDFFE_PP0P_/CLK (DFFHQNx1_ASAP7_75t_R)
 141.30  141.30 v io_time[0]$_SDFFE_PP0P_/QN (DFFHQNx1_ASAP7_75t_R)
  40.85  182.15 ^ _2686_/Y (INVx8_ASAP7_75t_R)
  33.90  216.05 v _4974_/CON (HAxp5_ASAP7_75t_R)
  22.34  238.39 ^ _2693_/Y (INVx1_ASAP7_75t_R)
  31.89  270.27 v _4975_/CON (HAxp5_ASAP7_75t_R)
 109.63  379.90 v _3960_/Y (OR5x2_ASAP7_75t_R)
 104.17  484.07 v _3995_/Y (OR5x2_ASAP7_75t_R)
 106.75  590.82 v _4030_/Y (OR5x2_ASAP7_75t_R)
  84.13  674.95 v _4071_/Y (OR5x1_ASAP7_75t_R)
  92.84  767.79 v _4170_/Y (OR4x2_ASAP7_75t_R)
  90.32  858.11 v _4300_/Y (OR4x2_ASAP7_75t_R)
  50.94  909.05 v _4357_/Y (OR3x1_ASAP7_75t_R)
  25.16  934.22 v _4359_/Y (AND3x1_ASAP7_75t_R)
  35.11  969.33 v _4362_/Y (OA21x2_ASAP7_75t_R)
   0.04  969.37 v large_1[52]$_SDFFE_PP0P_/D (DFFHQNx1_ASAP7_75t_R)
         969.37   data arrival time
---------------------------------------------------------
(Path is unconstrained)


Startpoint: io_time[0]$_SDFFE_PP0P_ (rising edge-triggered flip-flop)
Endpoint: large_1[54]$_SDFFE_PP0P_ (rising edge-triggered flip-flop)
Path Group: unconstrained
Path Type: max
Corner: slow

  Delay    Time   Description
---------------------------------------------------------
   0.00    0.00 ^ io_time[0]$_SDFFE_PP0P_/CLK (DFFHQNx1_ASAP7_75t_R)
 141.30  141.30 v io_time[0]$_SDFFE_PP0P_/QN (DFFHQNx1_ASAP7_75t_R)
  40.85  182.15 ^ _2686_/Y (INVx8_ASAP7_75t_R)
  33.90  216.05 v _4974_/CON (HAxp5_ASAP7_75t_R)
  22.34  238.39 ^ _2693_/Y (INVx1_ASAP7_75t_R)
  31.89  270.27 v _4975_/CON (HAxp5_ASAP7_75t_R)
 109.63  379.90 v _3960_/Y (OR5x2_ASAP7_75t_R)
 104.68  484.59 v _3992_/Y (OR5x2_ASAP7_75t_R)
 105.85  590.44 v _4044_/Y (OR5x2_ASAP7_75t_R)
 111.02  701.46 v _4093_/Y (OR5x2_ASAP7_75t_R)
  95.68  797.14 v _4223_/Y (OR3x4_ASAP7_75t_R)
  59.15  856.29 v _4369_/Y (OR3x1_ASAP7_75t_R)
  47.63  903.93 v _4371_/Y (OR3x1_ASAP7_75t_R)
  26.88  930.81 v _4373_/Y (AND3x1_ASAP7_75t_R)
  35.69  966.49 v _4376_/Y (OA21x2_ASAP7_75t_R)
   0.04  966.53 v large_1[54]$_SDFFE_PP0P_/D (DFFHQNx1_ASAP7_75t_R)
         966.53   data arrival time
---------------------------------------------------------
(Path is unconstrained)


Startpoint: io_time[0]$_SDFFE_PP0P_ (rising edge-triggered flip-flop)
Endpoint: large_1[56]$_SDFFE_PP0P_ (rising edge-triggered flip-flop)
Path Group: unconstrained
Path Type: max
Corner: slow

  Delay    Time   Description
---------------------------------------------------------
   0.00    0.00 ^ io_time[0]$_SDFFE_PP0P_/CLK (DFFHQNx1_ASAP7_75t_R)
 141.30  141.30 v io_time[0]$_SDFFE_PP0P_/QN (DFFHQNx1_ASAP7_75t_R)
  40.85  182.15 ^ _2686_/Y (INVx8_ASAP7_75t_R)
  33.90  216.05 v _4974_/CON (HAxp5_ASAP7_75t_R)
  22.34  238.39 ^ _2693_/Y (INVx1_ASAP7_75t_R)
  31.89  270.27 v _4975_/CON (HAxp5_ASAP7_75t_R)
 109.63  379.90 v _3960_/Y (OR5x2_ASAP7_75t_R)
 104.68  484.59 v _3992_/Y (OR5x2_ASAP7_75t_R)
 105.85  590.44 v _4044_/Y (OR5x2_ASAP7_75t_R)
 111.02  701.46 v _4093_/Y (OR5x2_ASAP7_75t_R)
  98.13  799.59 v _4273_/Y (OR5x2_ASAP7_75t_R)
  66.92  866.51 v _4386_/Y (OR4x1_ASAP7_75t_R)
  34.14  900.66 v _4387_/Y (XNOR2x1_ASAP7_75t_R)
  29.66  930.32 v _4388_/Y (AND2x2_ASAP7_75t_R)
  36.17  966.49 v _4390_/Y (OA21x2_ASAP7_75t_R)
   0.04  966.52 v large_1[56]$_SDFFE_PP0P_/D (DFFHQNx1_ASAP7_75t_R)
         966.52   data arrival time
---------------------------------------------------------
(Path is unconstrained)


Startpoint: io_time[0]$_SDFFE_PP0P_ (rising edge-triggered flip-flop)
Endpoint: large_1[57]$_SDFFE_PP0P_ (rising edge-triggered flip-flop)
Path Group: unconstrained
Path Type: max
Corner: slow

  Delay    Time   Description
---------------------------------------------------------
   0.00    0.00 ^ io_time[0]$_SDFFE_PP0P_/CLK (DFFHQNx1_ASAP7_75t_R)
 141.30  141.30 v io_time[0]$_SDFFE_PP0P_/QN (DFFHQNx1_ASAP7_75t_R)
  40.85  182.15 ^ _2686_/Y (INVx8_ASAP7_75t_R)
  33.90  216.05 v _4974_/CON (HAxp5_ASAP7_75t_R)
  22.34  238.39 ^ _2693_/Y (INVx1_ASAP7_75t_R)
  31.89  270.27 v _4975_/CON (HAxp5_ASAP7_75t_R)
 109.63  379.90 v _3960_/Y (OR5x2_ASAP7_75t_R)
  94.29  474.20 v _4024_/Y (OR5x2_ASAP7_75t_R)
 107.35  581.55 v _4053_/Y (OR5x2_ASAP7_75t_R)
 105.20  686.75 v _4184_/Y (OR5x2_ASAP7_75t_R)
  93.32  780.07 v _4337_/Y (OR5x2_ASAP7_75t_R)
  68.27  848.34 v _4392_/Y (OR4x1_ASAP7_75t_R)
  42.50  890.84 v _4394_/Y (OA21x2_ASAP7_75t_R)
  37.91  928.75 v _4395_/Y (AO22x1_ASAP7_75t_R)
  31.42  960.16 v _4396_/Y (AND2x2_ASAP7_75t_R)
   0.05  960.21 v large_1[57]$_SDFFE_PP0P_/D (DFFHQNx1_ASAP7_75t_R)
         960.21   data arrival time
---------------------------------------------------------
(Path is unconstrained)


