Startpoint: io_time[0]$_SDFFE_PP0P_ (rising edge-triggered flip-flop)
Endpoint: large_1[48]$_SDFFE_PP0P_ (rising edge-triggered flip-flop)
Path Group: unconstrained
Path Type: max
Corner: slow

    Cap   Delay    Time   Description
----------------------------------------------------------------
           0.00    0.00 ^ io_time[0]$_SDFFE_PP0P_/CLK (DFFHQNx1_ASAP7_75t_R)
   6.46  141.30  141.30 v io_time[0]$_SDFFE_PP0P_/QN (DFFHQNx1_ASAP7_75t_R)
  14.26   40.85  182.15 ^ _2686_/Y (INVx8_ASAP7_75t_R)
   1.35   33.90  216.05 v _4974_/CON (HAxp5_ASAP7_75t_R)
   0.86   22.34  238.39 ^ _2693_/Y (INVx1_ASAP7_75t_R)
   1.66   31.89  270.27 v _4975_/CON (HAxp5_ASAP7_75t_R)
   4.62  109.63  379.90 v _3960_/Y (OR5x2_ASAP7_75t_R)
   3.09  104.68  484.59 v _3992_/Y (OR5x2_ASAP7_75t_R)
   4.55  105.85  590.44 v _4044_/Y (OR5x2_ASAP7_75t_R)
   7.27  111.02  701.46 v _4093_/Y (OR5x2_ASAP7_75t_R)
   3.77  107.35  808.80 v _4194_/Y (OR5x2_ASAP7_75t_R)
   2.74   98.19  907.00 v _4332_/Y (OR5x2_ASAP7_75t_R)
   0.64   38.09  945.08 v _4333_/Y (XNOR2x1_ASAP7_75t_R)
   0.50   31.04  976.13 v _4335_/Y (AO21x1_ASAP7_75t_R)
   0.54   29.99 1006.11 v _4336_/Y (AND2x2_ASAP7_75t_R)
           0.04 1006.15 v large_1[48]$_SDFFE_PP0P_/D (DFFHQNx1_ASAP7_75t_R)
                1006.15   data arrival time
----------------------------------------------------------------
(Path is unconstrained)


