max slew

Pin                                    Limit    Slew   Slack
------------------------------------------------------------
_5455_/B                              320.00  330.77  -10.77 (VIOLATED)
_5476_/B                              320.00  330.77  -10.77 (VIOLATED)
_5501_/B                              320.00  330.76  -10.76 (VIOLATED)
_5524_/B                              320.00  330.74  -10.74 (VIOLATED)
_5548_/B                              320.00  330.72  -10.72 (VIOLATED)
_5573_/B                              320.00  330.66  -10.66 (VIOLATED)
_5599_/B                              320.00  330.66  -10.66 (VIOLATED)
_5625_/B                              320.00  330.63  -10.63 (VIOLATED)
_5673_/B                              320.00  330.61  -10.61 (VIOLATED)
_5647_/B                              320.00  330.55  -10.55 (VIOLATED)
_5848_/B                              320.00  330.32  -10.32 (VIOLATED)
_8538_/B                              320.00  330.27  -10.27 (VIOLATED)
_5818_/B                              320.00  330.22  -10.22 (VIOLATED)
_5789_/B                              320.00  330.17  -10.17 (VIOLATED)
_5759_/B                              320.00  330.17  -10.17 (VIOLATED)
_5729_/B                              320.00  330.12  -10.12 (VIOLATED)
_5700_/B                              320.00  330.04  -10.04 (VIOLATED)
_5674_/B                              320.00  330.01  -10.01 (VIOLATED)
Datapath_i.reg_20.reg_out1[14]$_DFF_P_/QN  320.00  330.00  -10.00 (VIOLATED)

