Startpoint: Datapath_i.reg_19.reg_out1[6]$_DFF_P_
            (rising edge-triggered flip-flop)
Endpoint: Datapath_i.reg_21.reg_out1[31]$_DFF_P_
          (rising edge-triggered flip-flop)
Path Group: unconstrained
Path Type: max
Corner: slow

    Cap   Delay    Time   Description
----------------------------------------------------------------
           0.00    0.00 ^ Datapath_i.reg_19.reg_out1[6]$_DFF_P_/CLK (DFFHQNx1_ASAP7_75t_R)
  15.48  194.69  194.69 ^ Datapath_i.reg_19.reg_out1[6]$_DFF_P_/QN (DFFHQNx1_ASAP7_75t_R)
   2.09   76.87  271.56 v _5407_/Y (NOR2x1_ASAP7_75t_R)
   1.94   68.63  340.19 ^ _8918_/CON (FAx1_ASAP7_75t_R)
   1.65   44.67  384.86 v _8918_/SN (FAx1_ASAP7_75t_R)
   2.03   69.06  453.92 ^ _8919_/CON (FAx1_ASAP7_75t_R)
   1.52   44.35  498.27 v _8919_/SN (FAx1_ASAP7_75t_R)
   2.08   68.59  566.86 ^ _8920_/CON (FAx1_ASAP7_75t_R)
   0.77   35.00  601.86 v _8920_/SN (FAx1_ASAP7_75t_R)
   1.86   33.20  635.06 ^ _7839_/Y (INVx1_ASAP7_75t_R)
   0.64   65.05  700.11 v _8921_/SN (FAx1_ASAP7_75t_R)
   0.88   21.18  721.28 ^ _7794_/Y (INVx1_ASAP7_75t_R)
   1.90   33.51  754.79 v _9436_/CON (HAxp5_ASAP7_75t_R)
   0.75   24.72  779.52 ^ _9436_/SN (HAxp5_ASAP7_75t_R)
   1.77   24.23  803.75 v _7805_/Y (INVx1_ASAP7_75t_R)
   1.97   51.72  855.47 ^ _8922_/CON (FAx1_ASAP7_75t_R)
   1.58   42.91  898.37 v _8922_/SN (FAx1_ASAP7_75t_R)
   0.74   49.64  948.01 ^ _8923_/CON (FAx1_ASAP7_75t_R)
   0.64   29.06  977.07 v _8923_/SN (FAx1_ASAP7_75t_R)
   1.59   30.16 1007.23 ^ _7845_/Y (INVx1_ASAP7_75t_R)
   1.00   73.40 1080.64 v _8924_/SN (FAx1_ASAP7_75t_R)
   2.69  110.42 1191.06 v _9437_/SN (HAxp5_ASAP7_75t_R)
   0.74   54.21 1245.27 v _8404_/Y (OA21x2_ASAP7_75t_R)
   2.17   42.14 1287.41 v _8405_/Y (OA21x2_ASAP7_75t_R)
   0.69   38.93 1326.34 v _8410_/Y (OA21x2_ASAP7_75t_R)
   2.22   42.27 1368.61 v _8411_/Y (OA21x2_ASAP7_75t_R)
   0.89   39.78 1408.39 v _8416_/Y (OA21x2_ASAP7_75t_R)
   2.18   42.40 1450.79 v _8417_/Y (OA21x2_ASAP7_75t_R)
   0.73   39.15 1489.94 v _8422_/Y (OA21x2_ASAP7_75t_R)
   2.27   42.50 1532.44 v _8423_/Y (OA21x2_ASAP7_75t_R)
   1.41   41.74 1574.18 v _8429_/Y (OA21x2_ASAP7_75t_R)
   2.30   43.74 1617.92 v _8430_/Y (OA21x2_ASAP7_75t_R)
   0.76   39.48 1657.41 v _8435_/Y (OA21x2_ASAP7_75t_R)
   2.10   42.01 1699.42 v _8436_/Y (OA21x2_ASAP7_75t_R)
   0.78   39.09 1738.51 v _8441_/Y (OA21x2_ASAP7_75t_R)
   2.24   42.45 1780.96 v _8442_/Y (OA21x2_ASAP7_75t_R)
   0.87   39.79 1820.75 v _8447_/Y (OA21x2_ASAP7_75t_R)
   2.27   42.65 1863.40 v _8448_/Y (OA21x2_ASAP7_75t_R)
   0.79   39.57 1902.97 v _8453_/Y (OA21x2_ASAP7_75t_R)
   2.15   42.18 1945.15 v _8454_/Y (OA21x2_ASAP7_75t_R)
   0.66   38.87 1984.02 v _8460_/Y (OA21x2_ASAP7_75t_R)
   1.53   39.72 2023.74 v _8461_/Y (OA21x2_ASAP7_75t_R)
   1.46   34.73 2058.47 v _8558_/Y (XNOR2x1_ASAP7_75t_R)
           0.24 2058.71 v Datapath_i.reg_21.reg_out1[31]$_DFF_P_/D (DFFHQNx1_ASAP7_75t_R)
                2058.71   data arrival time
----------------------------------------------------------------
(Path is unconstrained)


