Startpoint: Datapath_i.reg_19.reg_out1[6]$_DFF_P_
            (rising edge-triggered flip-flop)
Endpoint: Datapath_i.reg_21.reg_out1[31]$_DFF_P_
          (rising edge-triggered flip-flop)
Path Group: unconstrained
Path Type: max
Corner: slow

  Delay    Time   Description
---------------------------------------------------------
   0.00    0.00 ^ Datapath_i.reg_19.reg_out1[6]$_DFF_P_/CLK (DFFHQNx1_ASAP7_75t_R)
 194.69  194.69 ^ Datapath_i.reg_19.reg_out1[6]$_DFF_P_/QN (DFFHQNx1_ASAP7_75t_R)
  76.87  271.56 v _5407_/Y (NOR2x1_ASAP7_75t_R)
  68.63  340.19 ^ _8918_/CON (FAx1_ASAP7_75t_R)
  44.67  384.86 v _8918_/SN (FAx1_ASAP7_75t_R)
  69.06  453.92 ^ _8919_/CON (FAx1_ASAP7_75t_R)
  44.35  498.27 v _8919_/SN (FAx1_ASAP7_75t_R)
  68.59  566.86 ^ _8920_/CON (FAx1_ASAP7_75t_R)
  35.00  601.86 v _8920_/SN (FAx1_ASAP7_75t_R)
  33.20  635.06 ^ _7839_/Y (INVx1_ASAP7_75t_R)
  65.05  700.11 v _8921_/SN (FAx1_ASAP7_75t_R)
  21.18  721.28 ^ _7794_/Y (INVx1_ASAP7_75t_R)
  33.51  754.79 v _9436_/CON (HAxp5_ASAP7_75t_R)
  24.72  779.52 ^ _9436_/SN (HAxp5_ASAP7_75t_R)
  24.23  803.75 v _7805_/Y (INVx1_ASAP7_75t_R)
  51.72  855.47 ^ _8922_/CON (FAx1_ASAP7_75t_R)
  42.91  898.37 v _8922_/SN (FAx1_ASAP7_75t_R)
  49.64  948.01 ^ _8923_/CON (FAx1_ASAP7_75t_R)
  29.06  977.07 v _8923_/SN (FAx1_ASAP7_75t_R)
  30.16 1007.23 ^ _7845_/Y (INVx1_ASAP7_75t_R)
  73.40 1080.64 v _8924_/SN (FAx1_ASAP7_75t_R)
 110.42 1191.06 v _9437_/SN (HAxp5_ASAP7_75t_R)
  54.21 1245.27 v _8404_/Y (OA21x2_ASAP7_75t_R)
  42.14 1287.41 v _8405_/Y (OA21x2_ASAP7_75t_R)
  38.93 1326.34 v _8410_/Y (OA21x2_ASAP7_75t_R)
  42.27 1368.61 v _8411_/Y (OA21x2_ASAP7_75t_R)
  39.78 1408.39 v _8416_/Y (OA21x2_ASAP7_75t_R)
  42.40 1450.79 v _8417_/Y (OA21x2_ASAP7_75t_R)
  39.15 1489.94 v _8422_/Y (OA21x2_ASAP7_75t_R)
  42.50 1532.44 v _8423_/Y (OA21x2_ASAP7_75t_R)
  41.74 1574.18 v _8429_/Y (OA21x2_ASAP7_75t_R)
  43.74 1617.92 v _8430_/Y (OA21x2_ASAP7_75t_R)
  39.48 1657.41 v _8435_/Y (OA21x2_ASAP7_75t_R)
  42.01 1699.42 v _8436_/Y (OA21x2_ASAP7_75t_R)
  39.09 1738.51 v _8441_/Y (OA21x2_ASAP7_75t_R)
  42.45 1780.96 v _8442_/Y (OA21x2_ASAP7_75t_R)
  39.79 1820.75 v _8447_/Y (OA21x2_ASAP7_75t_R)
  42.65 1863.40 v _8448_/Y (OA21x2_ASAP7_75t_R)
  39.57 1902.97 v _8453_/Y (OA21x2_ASAP7_75t_R)
  42.18 1945.15 v _8454_/Y (OA21x2_ASAP7_75t_R)
  38.87 1984.02 v _8460_/Y (OA21x2_ASAP7_75t_R)
  39.72 2023.74 v _8461_/Y (OA21x2_ASAP7_75t_R)
  34.73 2058.47 v _8558_/Y (XNOR2x1_ASAP7_75t_R)
   0.24 2058.71 v Datapath_i.reg_21.reg_out1[31]$_DFF_P_/D (DFFHQNx1_ASAP7_75t_R)
        2058.71   data arrival time
---------------------------------------------------------
(Path is unconstrained)


Startpoint: Datapath_i.reg_19.reg_out1[6]$_DFF_P_
            (rising edge-triggered flip-flop)
Endpoint: Datapath_i.reg_21.reg_out1[30]$_DFF_P_
          (rising edge-triggered flip-flop)
Path Group: unconstrained
Path Type: max
Corner: slow

  Delay    Time   Description
---------------------------------------------------------
   0.00    0.00 ^ Datapath_i.reg_19.reg_out1[6]$_DFF_P_/CLK (DFFHQNx1_ASAP7_75t_R)
 194.69  194.69 ^ Datapath_i.reg_19.reg_out1[6]$_DFF_P_/QN (DFFHQNx1_ASAP7_75t_R)
  76.87  271.56 v _5407_/Y (NOR2x1_ASAP7_75t_R)
  68.63  340.19 ^ _8918_/CON (FAx1_ASAP7_75t_R)
  44.67  384.86 v _8918_/SN (FAx1_ASAP7_75t_R)
  69.06  453.92 ^ _8919_/CON (FAx1_ASAP7_75t_R)
  44.35  498.27 v _8919_/SN (FAx1_ASAP7_75t_R)
  68.59  566.86 ^ _8920_/CON (FAx1_ASAP7_75t_R)
  35.00  601.86 v _8920_/SN (FAx1_ASAP7_75t_R)
  33.20  635.06 ^ _7839_/Y (INVx1_ASAP7_75t_R)
  65.05  700.11 v _8921_/SN (FAx1_ASAP7_75t_R)
  21.18  721.28 ^ _7794_/Y (INVx1_ASAP7_75t_R)
  33.51  754.79 v _9436_/CON (HAxp5_ASAP7_75t_R)
  24.72  779.52 ^ _9436_/SN (HAxp5_ASAP7_75t_R)
  24.23  803.75 v _7805_/Y (INVx1_ASAP7_75t_R)
  51.72  855.47 ^ _8922_/CON (FAx1_ASAP7_75t_R)
  42.91  898.37 v _8922_/SN (FAx1_ASAP7_75t_R)
  49.64  948.01 ^ _8923_/CON (FAx1_ASAP7_75t_R)
  29.06  977.07 v _8923_/SN (FAx1_ASAP7_75t_R)
  30.16 1007.23 ^ _7845_/Y (INVx1_ASAP7_75t_R)
  73.40 1080.64 v _8924_/SN (FAx1_ASAP7_75t_R)
 110.42 1191.06 v _9437_/SN (HAxp5_ASAP7_75t_R)
  60.01 1251.07 v _8402_/Y (OA21x2_ASAP7_75t_R)
  39.67 1290.74 v _8407_/Y (OA21x2_ASAP7_75t_R)
  42.70 1333.44 v _8408_/Y (OA21x2_ASAP7_75t_R)
  39.15 1372.58 v _8413_/Y (OA21x2_ASAP7_75t_R)
  43.23 1415.81 v _8414_/Y (OA21x2_ASAP7_75t_R)
  39.92 1455.74 v _8419_/Y (OA21x2_ASAP7_75t_R)
  42.21 1497.95 v _8420_/Y (OA21x2_ASAP7_75t_R)
  38.75 1536.70 v _8426_/Y (OA21x2_ASAP7_75t_R)
  44.78 1581.48 v _8427_/Y (OA21x2_ASAP7_75t_R)
  41.00 1622.48 v _8432_/Y (OA21x2_ASAP7_75t_R)
  42.07 1664.54 v _8433_/Y (OA21x2_ASAP7_75t_R)
  38.69 1703.23 v _8438_/Y (OA21x2_ASAP7_75t_R)
  42.29 1745.52 v _8439_/Y (OA21x2_ASAP7_75t_R)
  39.13 1784.65 v _8444_/Y (OA21x2_ASAP7_75t_R)
  42.64 1827.29 v _8445_/Y (OA21x2_ASAP7_75t_R)
  39.31 1866.60 v _8450_/Y (OA21x2_ASAP7_75t_R)
  42.08 1908.68 v _8451_/Y (OA21x2_ASAP7_75t_R)
  39.03 1947.71 v _8457_/Y (OA21x2_ASAP7_75t_R)
  39.83 1987.54 v _8458_/Y (OA21x2_ASAP7_75t_R)
  38.01 2025.55 v _8459_/Y (XOR2x1_ASAP7_75t_R)
   0.04 2025.59 v Datapath_i.reg_21.reg_out1[30]$_DFF_P_/D (DFFHQNx1_ASAP7_75t_R)
        2025.59   data arrival time
---------------------------------------------------------
(Path is unconstrained)


Startpoint: Datapath_i.reg_19.reg_out1[6]$_DFF_P_
            (rising edge-triggered flip-flop)
Endpoint: Datapath_i.reg_21.reg_out1[29]$_DFF_P_
          (rising edge-triggered flip-flop)
Path Group: unconstrained
Path Type: max
Corner: slow

  Delay    Time   Description
---------------------------------------------------------
   0.00    0.00 ^ Datapath_i.reg_19.reg_out1[6]$_DFF_P_/CLK (DFFHQNx1_ASAP7_75t_R)
 194.69  194.69 ^ Datapath_i.reg_19.reg_out1[6]$_DFF_P_/QN (DFFHQNx1_ASAP7_75t_R)
  76.87  271.56 v _5407_/Y (NOR2x1_ASAP7_75t_R)
  68.63  340.19 ^ _8918_/CON (FAx1_ASAP7_75t_R)
  44.67  384.86 v _8918_/SN (FAx1_ASAP7_75t_R)
  69.06  453.92 ^ _8919_/CON (FAx1_ASAP7_75t_R)
  44.35  498.27 v _8919_/SN (FAx1_ASAP7_75t_R)
  68.59  566.86 ^ _8920_/CON (FAx1_ASAP7_75t_R)
  35.00  601.86 v _8920_/SN (FAx1_ASAP7_75t_R)
  33.20  635.06 ^ _7839_/Y (INVx1_ASAP7_75t_R)
  65.05  700.11 v _8921_/SN (FAx1_ASAP7_75t_R)
  21.18  721.28 ^ _7794_/Y (INVx1_ASAP7_75t_R)
  33.51  754.79 v _9436_/CON (HAxp5_ASAP7_75t_R)
  24.72  779.52 ^ _9436_/SN (HAxp5_ASAP7_75t_R)
  24.23  803.75 v _7805_/Y (INVx1_ASAP7_75t_R)
  51.72  855.47 ^ _8922_/CON (FAx1_ASAP7_75t_R)
  42.91  898.37 v _8922_/SN (FAx1_ASAP7_75t_R)
  49.64  948.01 ^ _8923_/CON (FAx1_ASAP7_75t_R)
  29.06  977.07 v _8923_/SN (FAx1_ASAP7_75t_R)
  30.16 1007.23 ^ _7845_/Y (INVx1_ASAP7_75t_R)
  73.40 1080.64 v _8924_/SN (FAx1_ASAP7_75t_R)
 110.42 1191.06 v _9437_/SN (HAxp5_ASAP7_75t_R)
  54.21 1245.27 v _8404_/Y (OA21x2_ASAP7_75t_R)
  42.14 1287.41 v _8405_/Y (OA21x2_ASAP7_75t_R)
  38.93 1326.34 v _8410_/Y (OA21x2_ASAP7_75t_R)
  42.27 1368.61 v _8411_/Y (OA21x2_ASAP7_75t_R)
  39.78 1408.39 v _8416_/Y (OA21x2_ASAP7_75t_R)
  42.40 1450.79 v _8417_/Y (OA21x2_ASAP7_75t_R)
  39.15 1489.94 v _8422_/Y (OA21x2_ASAP7_75t_R)
  42.50 1532.44 v _8423_/Y (OA21x2_ASAP7_75t_R)
  41.74 1574.18 v _8429_/Y (OA21x2_ASAP7_75t_R)
  43.74 1617.92 v _8430_/Y (OA21x2_ASAP7_75t_R)
  39.48 1657.41 v _8435_/Y (OA21x2_ASAP7_75t_R)
  42.01 1699.42 v _8436_/Y (OA21x2_ASAP7_75t_R)
  39.09 1738.51 v _8441_/Y (OA21x2_ASAP7_75t_R)
  42.45 1780.96 v _8442_/Y (OA21x2_ASAP7_75t_R)
  39.79 1820.75 v _8447_/Y (OA21x2_ASAP7_75t_R)
  42.65 1863.40 v _8448_/Y (OA21x2_ASAP7_75t_R)
  39.57 1902.97 v _8453_/Y (OA21x2_ASAP7_75t_R)
  42.18 1945.15 v _8454_/Y (OA21x2_ASAP7_75t_R)
  38.88 1984.03 v _8455_/Y (XOR2x1_ASAP7_75t_R)
   0.03 1984.06 v Datapath_i.reg_21.reg_out1[29]$_DFF_P_/D (DFFHQNx1_ASAP7_75t_R)
        1984.06   data arrival time
---------------------------------------------------------
(Path is unconstrained)


Startpoint: Datapath_i.reg_19.reg_out1[6]$_DFF_P_
            (rising edge-triggered flip-flop)
Endpoint: Datapath_i.reg_21.reg_out1[28]$_DFF_P_
          (rising edge-triggered flip-flop)
Path Group: unconstrained
Path Type: max
Corner: slow

  Delay    Time   Description
---------------------------------------------------------
   0.00    0.00 ^ Datapath_i.reg_19.reg_out1[6]$_DFF_P_/CLK (DFFHQNx1_ASAP7_75t_R)
 194.69  194.69 ^ Datapath_i.reg_19.reg_out1[6]$_DFF_P_/QN (DFFHQNx1_ASAP7_75t_R)
  76.87  271.56 v _5407_/Y (NOR2x1_ASAP7_75t_R)
  68.63  340.19 ^ _8918_/CON (FAx1_ASAP7_75t_R)
  44.67  384.86 v _8918_/SN (FAx1_ASAP7_75t_R)
  69.06  453.92 ^ _8919_/CON (FAx1_ASAP7_75t_R)
  44.35  498.27 v _8919_/SN (FAx1_ASAP7_75t_R)
  68.59  566.86 ^ _8920_/CON (FAx1_ASAP7_75t_R)
  35.00  601.86 v _8920_/SN (FAx1_ASAP7_75t_R)
  33.20  635.06 ^ _7839_/Y (INVx1_ASAP7_75t_R)
  65.05  700.11 v _8921_/SN (FAx1_ASAP7_75t_R)
  21.18  721.28 ^ _7794_/Y (INVx1_ASAP7_75t_R)
  33.51  754.79 v _9436_/CON (HAxp5_ASAP7_75t_R)
  24.72  779.52 ^ _9436_/SN (HAxp5_ASAP7_75t_R)
  24.23  803.75 v _7805_/Y (INVx1_ASAP7_75t_R)
  51.72  855.47 ^ _8922_/CON (FAx1_ASAP7_75t_R)
  42.91  898.37 v _8922_/SN (FAx1_ASAP7_75t_R)
  49.64  948.01 ^ _8923_/CON (FAx1_ASAP7_75t_R)
  29.06  977.07 v _8923_/SN (FAx1_ASAP7_75t_R)
  30.16 1007.23 ^ _7845_/Y (INVx1_ASAP7_75t_R)
  73.40 1080.64 v _8924_/SN (FAx1_ASAP7_75t_R)
 110.42 1191.06 v _9437_/SN (HAxp5_ASAP7_75t_R)
  60.01 1251.07 v _8402_/Y (OA21x2_ASAP7_75t_R)
  39.67 1290.74 v _8407_/Y (OA21x2_ASAP7_75t_R)
  42.70 1333.44 v _8408_/Y (OA21x2_ASAP7_75t_R)
  39.15 1372.58 v _8413_/Y (OA21x2_ASAP7_75t_R)
  43.23 1415.81 v _8414_/Y (OA21x2_ASAP7_75t_R)
  39.92 1455.74 v _8419_/Y (OA21x2_ASAP7_75t_R)
  42.21 1497.95 v _8420_/Y (OA21x2_ASAP7_75t_R)
  38.75 1536.70 v _8426_/Y (OA21x2_ASAP7_75t_R)
  44.78 1581.48 v _8427_/Y (OA21x2_ASAP7_75t_R)
  41.00 1622.48 v _8432_/Y (OA21x2_ASAP7_75t_R)
  42.07 1664.54 v _8433_/Y (OA21x2_ASAP7_75t_R)
  38.69 1703.23 v _8438_/Y (OA21x2_ASAP7_75t_R)
  42.29 1745.52 v _8439_/Y (OA21x2_ASAP7_75t_R)
  39.13 1784.65 v _8444_/Y (OA21x2_ASAP7_75t_R)
  42.64 1827.29 v _8445_/Y (OA21x2_ASAP7_75t_R)
  39.31 1866.60 v _8450_/Y (OA21x2_ASAP7_75t_R)
  42.08 1908.68 v _8451_/Y (OA21x2_ASAP7_75t_R)
  39.15 1947.83 v _8452_/Y (XOR2x1_ASAP7_75t_R)
   0.06 1947.89 v Datapath_i.reg_21.reg_out1[28]$_DFF_P_/D (DFFHQNx1_ASAP7_75t_R)
        1947.89   data arrival time
---------------------------------------------------------
(Path is unconstrained)


Startpoint: Datapath_i.reg_19.reg_out1[6]$_DFF_P_
            (rising edge-triggered flip-flop)
Endpoint: Datapath_i.reg_21.reg_out1[27]$_DFF_P_
          (rising edge-triggered flip-flop)
Path Group: unconstrained
Path Type: max
Corner: slow

  Delay    Time   Description
---------------------------------------------------------
   0.00    0.00 ^ Datapath_i.reg_19.reg_out1[6]$_DFF_P_/CLK (DFFHQNx1_ASAP7_75t_R)
 194.69  194.69 ^ Datapath_i.reg_19.reg_out1[6]$_DFF_P_/QN (DFFHQNx1_ASAP7_75t_R)
  76.87  271.56 v _5407_/Y (NOR2x1_ASAP7_75t_R)
  68.63  340.19 ^ _8918_/CON (FAx1_ASAP7_75t_R)
  44.67  384.86 v _8918_/SN (FAx1_ASAP7_75t_R)
  69.06  453.92 ^ _8919_/CON (FAx1_ASAP7_75t_R)
  44.35  498.27 v _8919_/SN (FAx1_ASAP7_75t_R)
  68.59  566.86 ^ _8920_/CON (FAx1_ASAP7_75t_R)
  35.00  601.86 v _8920_/SN (FAx1_ASAP7_75t_R)
  33.20  635.06 ^ _7839_/Y (INVx1_ASAP7_75t_R)
  65.05  700.11 v _8921_/SN (FAx1_ASAP7_75t_R)
  21.18  721.28 ^ _7794_/Y (INVx1_ASAP7_75t_R)
  33.51  754.79 v _9436_/CON (HAxp5_ASAP7_75t_R)
  24.72  779.52 ^ _9436_/SN (HAxp5_ASAP7_75t_R)
  24.23  803.75 v _7805_/Y (INVx1_ASAP7_75t_R)
  51.72  855.47 ^ _8922_/CON (FAx1_ASAP7_75t_R)
  42.91  898.37 v _8922_/SN (FAx1_ASAP7_75t_R)
  49.64  948.01 ^ _8923_/CON (FAx1_ASAP7_75t_R)
  29.06  977.07 v _8923_/SN (FAx1_ASAP7_75t_R)
  30.16 1007.23 ^ _7845_/Y (INVx1_ASAP7_75t_R)
  73.40 1080.64 v _8924_/SN (FAx1_ASAP7_75t_R)
 110.42 1191.06 v _9437_/SN (HAxp5_ASAP7_75t_R)
  54.21 1245.27 v _8404_/Y (OA21x2_ASAP7_75t_R)
  42.14 1287.41 v _8405_/Y (OA21x2_ASAP7_75t_R)
  38.93 1326.34 v _8410_/Y (OA21x2_ASAP7_75t_R)
  42.27 1368.61 v _8411_/Y (OA21x2_ASAP7_75t_R)
  39.78 1408.39 v _8416_/Y (OA21x2_ASAP7_75t_R)
  42.40 1450.79 v _8417_/Y (OA21x2_ASAP7_75t_R)
  39.15 1489.94 v _8422_/Y (OA21x2_ASAP7_75t_R)
  42.50 1532.44 v _8423_/Y (OA21x2_ASAP7_75t_R)
  41.74 1574.18 v _8429_/Y (OA21x2_ASAP7_75t_R)
  43.74 1617.92 v _8430_/Y (OA21x2_ASAP7_75t_R)
  39.48 1657.41 v _8435_/Y (OA21x2_ASAP7_75t_R)
  42.01 1699.42 v _8436_/Y (OA21x2_ASAP7_75t_R)
  39.09 1738.51 v _8441_/Y (OA21x2_ASAP7_75t_R)
  42.45 1780.96 v _8442_/Y (OA21x2_ASAP7_75t_R)
  39.79 1820.75 v _8447_/Y (OA21x2_ASAP7_75t_R)
  42.65 1863.40 v _8448_/Y (OA21x2_ASAP7_75t_R)
  39.02 1902.42 v _8449_/Y (XOR2x1_ASAP7_75t_R)
   0.03 1902.45 v Datapath_i.reg_21.reg_out1[27]$_DFF_P_/D (DFFHQNx1_ASAP7_75t_R)
        1902.45   data arrival time
---------------------------------------------------------
(Path is unconstrained)


Startpoint: Datapath_i.reg_19.reg_out1[6]$_DFF_P_
            (rising edge-triggered flip-flop)
Endpoint: Datapath_i.reg_21.reg_out1[26]$_DFF_P_
          (rising edge-triggered flip-flop)
Path Group: unconstrained
Path Type: max
Corner: slow

  Delay    Time   Description
---------------------------------------------------------
   0.00    0.00 ^ Datapath_i.reg_19.reg_out1[6]$_DFF_P_/CLK (DFFHQNx1_ASAP7_75t_R)
 194.69  194.69 ^ Datapath_i.reg_19.reg_out1[6]$_DFF_P_/QN (DFFHQNx1_ASAP7_75t_R)
  76.87  271.56 v _5407_/Y (NOR2x1_ASAP7_75t_R)
  68.63  340.19 ^ _8918_/CON (FAx1_ASAP7_75t_R)
  44.67  384.86 v _8918_/SN (FAx1_ASAP7_75t_R)
  69.06  453.92 ^ _8919_/CON (FAx1_ASAP7_75t_R)
  44.35  498.27 v _8919_/SN (FAx1_ASAP7_75t_R)
  68.59  566.86 ^ _8920_/CON (FAx1_ASAP7_75t_R)
  35.00  601.86 v _8920_/SN (FAx1_ASAP7_75t_R)
  33.20  635.06 ^ _7839_/Y (INVx1_ASAP7_75t_R)
  65.05  700.11 v _8921_/SN (FAx1_ASAP7_75t_R)
  21.18  721.28 ^ _7794_/Y (INVx1_ASAP7_75t_R)
  33.51  754.79 v _9436_/CON (HAxp5_ASAP7_75t_R)
  24.72  779.52 ^ _9436_/SN (HAxp5_ASAP7_75t_R)
  24.23  803.75 v _7805_/Y (INVx1_ASAP7_75t_R)
  51.72  855.47 ^ _8922_/CON (FAx1_ASAP7_75t_R)
  42.91  898.37 v _8922_/SN (FAx1_ASAP7_75t_R)
  49.64  948.01 ^ _8923_/CON (FAx1_ASAP7_75t_R)
  29.06  977.07 v _8923_/SN (FAx1_ASAP7_75t_R)
  30.16 1007.23 ^ _7845_/Y (INVx1_ASAP7_75t_R)
  73.40 1080.64 v _8924_/SN (FAx1_ASAP7_75t_R)
 110.42 1191.06 v _9437_/SN (HAxp5_ASAP7_75t_R)
  60.01 1251.07 v _8402_/Y (OA21x2_ASAP7_75t_R)
  39.67 1290.74 v _8407_/Y (OA21x2_ASAP7_75t_R)
  42.70 1333.44 v _8408_/Y (OA21x2_ASAP7_75t_R)
  39.15 1372.58 v _8413_/Y (OA21x2_ASAP7_75t_R)
  43.23 1415.81 v _8414_/Y (OA21x2_ASAP7_75t_R)
  39.92 1455.74 v _8419_/Y (OA21x2_ASAP7_75t_R)
  42.21 1497.95 v _8420_/Y (OA21x2_ASAP7_75t_R)
  38.75 1536.70 v _8426_/Y (OA21x2_ASAP7_75t_R)
  44.78 1581.48 v _8427_/Y (OA21x2_ASAP7_75t_R)
  41.00 1622.48 v _8432_/Y (OA21x2_ASAP7_75t_R)
  42.07 1664.54 v _8433_/Y (OA21x2_ASAP7_75t_R)
  38.69 1703.23 v _8438_/Y (OA21x2_ASAP7_75t_R)
  42.29 1745.52 v _8439_/Y (OA21x2_ASAP7_75t_R)
  39.13 1784.65 v _8444_/Y (OA21x2_ASAP7_75t_R)
  42.64 1827.29 v _8445_/Y (OA21x2_ASAP7_75t_R)
  39.67 1866.96 v _8446_/Y (XOR2x1_ASAP7_75t_R)
   0.07 1867.03 v Datapath_i.reg_21.reg_out1[26]$_DFF_P_/D (DFFHQNx1_ASAP7_75t_R)
        1867.03   data arrival time
---------------------------------------------------------
(Path is unconstrained)


Startpoint: Datapath_i.reg_19.reg_out1[6]$_DFF_P_
            (rising edge-triggered flip-flop)
Endpoint: Datapath_i.reg_21.reg_out1[25]$_DFF_P_
          (rising edge-triggered flip-flop)
Path Group: unconstrained
Path Type: max
Corner: slow

  Delay    Time   Description
---------------------------------------------------------
   0.00    0.00 ^ Datapath_i.reg_19.reg_out1[6]$_DFF_P_/CLK (DFFHQNx1_ASAP7_75t_R)
 194.69  194.69 ^ Datapath_i.reg_19.reg_out1[6]$_DFF_P_/QN (DFFHQNx1_ASAP7_75t_R)
  76.87  271.56 v _5407_/Y (NOR2x1_ASAP7_75t_R)
  68.63  340.19 ^ _8918_/CON (FAx1_ASAP7_75t_R)
  44.67  384.86 v _8918_/SN (FAx1_ASAP7_75t_R)
  69.06  453.92 ^ _8919_/CON (FAx1_ASAP7_75t_R)
  44.35  498.27 v _8919_/SN (FAx1_ASAP7_75t_R)
  68.59  566.86 ^ _8920_/CON (FAx1_ASAP7_75t_R)
  35.00  601.86 v _8920_/SN (FAx1_ASAP7_75t_R)
  33.20  635.06 ^ _7839_/Y (INVx1_ASAP7_75t_R)
  65.05  700.11 v _8921_/SN (FAx1_ASAP7_75t_R)
  21.18  721.28 ^ _7794_/Y (INVx1_ASAP7_75t_R)
  33.51  754.79 v _9436_/CON (HAxp5_ASAP7_75t_R)
  24.72  779.52 ^ _9436_/SN (HAxp5_ASAP7_75t_R)
  24.23  803.75 v _7805_/Y (INVx1_ASAP7_75t_R)
  51.72  855.47 ^ _8922_/CON (FAx1_ASAP7_75t_R)
  42.91  898.37 v _8922_/SN (FAx1_ASAP7_75t_R)
  49.64  948.01 ^ _8923_/CON (FAx1_ASAP7_75t_R)
  29.06  977.07 v _8923_/SN (FAx1_ASAP7_75t_R)
  30.16 1007.23 ^ _7845_/Y (INVx1_ASAP7_75t_R)
  73.40 1080.64 v _8924_/SN (FAx1_ASAP7_75t_R)
 110.42 1191.06 v _9437_/SN (HAxp5_ASAP7_75t_R)
  54.21 1245.27 v _8404_/Y (OA21x2_ASAP7_75t_R)
  42.14 1287.41 v _8405_/Y (OA21x2_ASAP7_75t_R)
  38.93 1326.34 v _8410_/Y (OA21x2_ASAP7_75t_R)
  42.27 1368.61 v _8411_/Y (OA21x2_ASAP7_75t_R)
  39.78 1408.39 v _8416_/Y (OA21x2_ASAP7_75t_R)
  42.40 1450.79 v _8417_/Y (OA21x2_ASAP7_75t_R)
  39.15 1489.94 v _8422_/Y (OA21x2_ASAP7_75t_R)
  42.50 1532.44 v _8423_/Y (OA21x2_ASAP7_75t_R)
  41.74 1574.18 v _8429_/Y (OA21x2_ASAP7_75t_R)
  43.74 1617.92 v _8430_/Y (OA21x2_ASAP7_75t_R)
  39.48 1657.41 v _8435_/Y (OA21x2_ASAP7_75t_R)
  42.01 1699.42 v _8436_/Y (OA21x2_ASAP7_75t_R)
  39.09 1738.51 v _8441_/Y (OA21x2_ASAP7_75t_R)
  42.45 1780.96 v _8442_/Y (OA21x2_ASAP7_75t_R)
  38.99 1819.96 v _8443_/Y (XOR2x1_ASAP7_75t_R)
   0.03 1819.99 v Datapath_i.reg_21.reg_out1[25]$_DFF_P_/D (DFFHQNx1_ASAP7_75t_R)
        1819.99   data arrival time
---------------------------------------------------------
(Path is unconstrained)


Startpoint: Datapath_i.reg_19.reg_out1[6]$_DFF_P_
            (rising edge-triggered flip-flop)
Endpoint: Datapath_i.reg_21.reg_out1[24]$_DFF_P_
          (rising edge-triggered flip-flop)
Path Group: unconstrained
Path Type: max
Corner: slow

  Delay    Time   Description
---------------------------------------------------------
   0.00    0.00 ^ Datapath_i.reg_19.reg_out1[6]$_DFF_P_/CLK (DFFHQNx1_ASAP7_75t_R)
 194.69  194.69 ^ Datapath_i.reg_19.reg_out1[6]$_DFF_P_/QN (DFFHQNx1_ASAP7_75t_R)
  76.87  271.56 v _5407_/Y (NOR2x1_ASAP7_75t_R)
  68.63  340.19 ^ _8918_/CON (FAx1_ASAP7_75t_R)
  44.67  384.86 v _8918_/SN (FAx1_ASAP7_75t_R)
  69.06  453.92 ^ _8919_/CON (FAx1_ASAP7_75t_R)
  44.35  498.27 v _8919_/SN (FAx1_ASAP7_75t_R)
  68.59  566.86 ^ _8920_/CON (FAx1_ASAP7_75t_R)
  35.00  601.86 v _8920_/SN (FAx1_ASAP7_75t_R)
  33.20  635.06 ^ _7839_/Y (INVx1_ASAP7_75t_R)
  65.05  700.11 v _8921_/SN (FAx1_ASAP7_75t_R)
  21.18  721.28 ^ _7794_/Y (INVx1_ASAP7_75t_R)
  33.51  754.79 v _9436_/CON (HAxp5_ASAP7_75t_R)
  24.72  779.52 ^ _9436_/SN (HAxp5_ASAP7_75t_R)
  24.23  803.75 v _7805_/Y (INVx1_ASAP7_75t_R)
  51.72  855.47 ^ _8922_/CON (FAx1_ASAP7_75t_R)
  42.91  898.37 v _8922_/SN (FAx1_ASAP7_75t_R)
  49.64  948.01 ^ _8923_/CON (FAx1_ASAP7_75t_R)
  29.06  977.07 v _8923_/SN (FAx1_ASAP7_75t_R)
  30.16 1007.23 ^ _7845_/Y (INVx1_ASAP7_75t_R)
  73.40 1080.64 v _8924_/SN (FAx1_ASAP7_75t_R)
 110.42 1191.06 v _9437_/SN (HAxp5_ASAP7_75t_R)
  60.01 1251.07 v _8402_/Y (OA21x2_ASAP7_75t_R)
  39.67 1290.74 v _8407_/Y (OA21x2_ASAP7_75t_R)
  42.70 1333.44 v _8408_/Y (OA21x2_ASAP7_75t_R)
  39.15 1372.58 v _8413_/Y (OA21x2_ASAP7_75t_R)
  43.23 1415.81 v _8414_/Y (OA21x2_ASAP7_75t_R)
  39.92 1455.74 v _8419_/Y (OA21x2_ASAP7_75t_R)
  42.21 1497.95 v _8420_/Y (OA21x2_ASAP7_75t_R)
  38.75 1536.70 v _8426_/Y (OA21x2_ASAP7_75t_R)
  44.78 1581.48 v _8427_/Y (OA21x2_ASAP7_75t_R)
  41.00 1622.48 v _8432_/Y (OA21x2_ASAP7_75t_R)
  42.07 1664.54 v _8433_/Y (OA21x2_ASAP7_75t_R)
  38.69 1703.23 v _8438_/Y (OA21x2_ASAP7_75t_R)
  42.29 1745.52 v _8439_/Y (OA21x2_ASAP7_75t_R)
  39.11 1784.63 v _8440_/Y (XOR2x1_ASAP7_75t_R)
   0.03 1784.67 v Datapath_i.reg_21.reg_out1[24]$_DFF_P_/D (DFFHQNx1_ASAP7_75t_R)
        1784.67   data arrival time
---------------------------------------------------------
(Path is unconstrained)


Startpoint: Datapath_i.reg_19.reg_out1[6]$_DFF_P_
            (rising edge-triggered flip-flop)
Endpoint: Datapath_i.reg_21.reg_out1[23]$_DFF_P_
          (rising edge-triggered flip-flop)
Path Group: unconstrained
Path Type: max
Corner: slow

  Delay    Time   Description
---------------------------------------------------------
   0.00    0.00 ^ Datapath_i.reg_19.reg_out1[6]$_DFF_P_/CLK (DFFHQNx1_ASAP7_75t_R)
 194.69  194.69 ^ Datapath_i.reg_19.reg_out1[6]$_DFF_P_/QN (DFFHQNx1_ASAP7_75t_R)
  76.87  271.56 v _5407_/Y (NOR2x1_ASAP7_75t_R)
  68.63  340.19 ^ _8918_/CON (FAx1_ASAP7_75t_R)
  44.67  384.86 v _8918_/SN (FAx1_ASAP7_75t_R)
  69.06  453.92 ^ _8919_/CON (FAx1_ASAP7_75t_R)
  44.35  498.27 v _8919_/SN (FAx1_ASAP7_75t_R)
  68.59  566.86 ^ _8920_/CON (FAx1_ASAP7_75t_R)
  35.00  601.86 v _8920_/SN (FAx1_ASAP7_75t_R)
  33.20  635.06 ^ _7839_/Y (INVx1_ASAP7_75t_R)
  65.05  700.11 v _8921_/SN (FAx1_ASAP7_75t_R)
  21.18  721.28 ^ _7794_/Y (INVx1_ASAP7_75t_R)
  33.51  754.79 v _9436_/CON (HAxp5_ASAP7_75t_R)
  24.72  779.52 ^ _9436_/SN (HAxp5_ASAP7_75t_R)
  24.23  803.75 v _7805_/Y (INVx1_ASAP7_75t_R)
  51.72  855.47 ^ _8922_/CON (FAx1_ASAP7_75t_R)
  42.91  898.37 v _8922_/SN (FAx1_ASAP7_75t_R)
  49.64  948.01 ^ _8923_/CON (FAx1_ASAP7_75t_R)
  29.06  977.07 v _8923_/SN (FAx1_ASAP7_75t_R)
  30.16 1007.23 ^ _7845_/Y (INVx1_ASAP7_75t_R)
  73.40 1080.64 v _8924_/SN (FAx1_ASAP7_75t_R)
 110.42 1191.06 v _9437_/SN (HAxp5_ASAP7_75t_R)
  54.21 1245.27 v _8404_/Y (OA21x2_ASAP7_75t_R)
  42.14 1287.41 v _8405_/Y (OA21x2_ASAP7_75t_R)
  38.93 1326.34 v _8410_/Y (OA21x2_ASAP7_75t_R)
  42.27 1368.61 v _8411_/Y (OA21x2_ASAP7_75t_R)
  39.78 1408.39 v _8416_/Y (OA21x2_ASAP7_75t_R)
  42.40 1450.79 v _8417_/Y (OA21x2_ASAP7_75t_R)
  39.15 1489.94 v _8422_/Y (OA21x2_ASAP7_75t_R)
  42.50 1532.44 v _8423_/Y (OA21x2_ASAP7_75t_R)
  41.74 1574.18 v _8429_/Y (OA21x2_ASAP7_75t_R)
  43.74 1617.92 v _8430_/Y (OA21x2_ASAP7_75t_R)
  39.48 1657.41 v _8435_/Y (OA21x2_ASAP7_75t_R)
  42.01 1699.42 v _8436_/Y (OA21x2_ASAP7_75t_R)
  39.25 1738.67 v _8437_/Y (XOR2x1_ASAP7_75t_R)
   0.07 1738.74 v Datapath_i.reg_21.reg_out1[23]$_DFF_P_/D (DFFHQNx1_ASAP7_75t_R)
        1738.74   data arrival time
---------------------------------------------------------
(Path is unconstrained)


Startpoint: Datapath_i.reg_19.reg_out1[6]$_DFF_P_
            (rising edge-triggered flip-flop)
Endpoint: Datapath_i.reg_21.reg_out1[22]$_DFF_P_
          (rising edge-triggered flip-flop)
Path Group: unconstrained
Path Type: max
Corner: slow

  Delay    Time   Description
---------------------------------------------------------
   0.00    0.00 ^ Datapath_i.reg_19.reg_out1[6]$_DFF_P_/CLK (DFFHQNx1_ASAP7_75t_R)
 194.69  194.69 ^ Datapath_i.reg_19.reg_out1[6]$_DFF_P_/QN (DFFHQNx1_ASAP7_75t_R)
  76.87  271.56 v _5407_/Y (NOR2x1_ASAP7_75t_R)
  68.63  340.19 ^ _8918_/CON (FAx1_ASAP7_75t_R)
  44.67  384.86 v _8918_/SN (FAx1_ASAP7_75t_R)
  69.06  453.92 ^ _8919_/CON (FAx1_ASAP7_75t_R)
  44.35  498.27 v _8919_/SN (FAx1_ASAP7_75t_R)
  68.59  566.86 ^ _8920_/CON (FAx1_ASAP7_75t_R)
  35.00  601.86 v _8920_/SN (FAx1_ASAP7_75t_R)
  33.20  635.06 ^ _7839_/Y (INVx1_ASAP7_75t_R)
  65.05  700.11 v _8921_/SN (FAx1_ASAP7_75t_R)
  21.18  721.28 ^ _7794_/Y (INVx1_ASAP7_75t_R)
  33.51  754.79 v _9436_/CON (HAxp5_ASAP7_75t_R)
  24.72  779.52 ^ _9436_/SN (HAxp5_ASAP7_75t_R)
  24.23  803.75 v _7805_/Y (INVx1_ASAP7_75t_R)
  51.72  855.47 ^ _8922_/CON (FAx1_ASAP7_75t_R)
  42.91  898.37 v _8922_/SN (FAx1_ASAP7_75t_R)
  49.64  948.01 ^ _8923_/CON (FAx1_ASAP7_75t_R)
  29.06  977.07 v _8923_/SN (FAx1_ASAP7_75t_R)
  30.16 1007.23 ^ _7845_/Y (INVx1_ASAP7_75t_R)
  73.40 1080.64 v _8924_/SN (FAx1_ASAP7_75t_R)
 110.42 1191.06 v _9437_/SN (HAxp5_ASAP7_75t_R)
  60.01 1251.07 v _8402_/Y (OA21x2_ASAP7_75t_R)
  39.67 1290.74 v _8407_/Y (OA21x2_ASAP7_75t_R)
  42.70 1333.44 v _8408_/Y (OA21x2_ASAP7_75t_R)
  39.15 1372.58 v _8413_/Y (OA21x2_ASAP7_75t_R)
  43.23 1415.81 v _8414_/Y (OA21x2_ASAP7_75t_R)
  39.92 1455.74 v _8419_/Y (OA21x2_ASAP7_75t_R)
  42.21 1497.95 v _8420_/Y (OA21x2_ASAP7_75t_R)
  38.75 1536.70 v _8426_/Y (OA21x2_ASAP7_75t_R)
  44.78 1581.48 v _8427_/Y (OA21x2_ASAP7_75t_R)
  41.00 1622.48 v _8432_/Y (OA21x2_ASAP7_75t_R)
  42.07 1664.54 v _8433_/Y (OA21x2_ASAP7_75t_R)
  42.18 1706.72 v _8434_/Y (XOR2x1_ASAP7_75t_R)
   0.24 1706.96 v Datapath_i.reg_21.reg_out1[22]$_DFF_P_/D (DFFHQNx1_ASAP7_75t_R)
        1706.96   data arrival time
---------------------------------------------------------
(Path is unconstrained)


