max slew

Pin                                    Limit    Slew   Slack
------------------------------------------------------------
_18748_/A                             320.00  344.33  -24.33 (VIOLATED)
_25353_/CI                            320.00  344.33  -24.33 (VIOLATED)
_25324_/CI                            320.00  344.32  -24.32 (VIOLATED)
_25295_/CI                            320.00  344.32  -24.32 (VIOLATED)
_25266_/CI                            320.00  344.32  -24.32 (VIOLATED)
_21025_/A                             320.00  344.32  -24.32 (VIOLATED)
_22576_/A                             320.00  332.54  -12.54 (VIOLATED)
_22724_/A                             320.00  332.54  -12.54 (VIOLATED)
_19142_/A                             320.00  332.53  -12.53 (VIOLATED)
_19157_/A                             320.00  332.53  -12.53 (VIOLATED)
_22370_/A                             320.00  332.53  -12.53 (VIOLATED)
_22584_/A                             320.00  332.53  -12.53 (VIOLATED)
_19151_/A1                            320.00  332.53  -12.53 (VIOLATED)
_22399_/A1                            320.00  332.53  -12.53 (VIOLATED)
_22593_/A1                            320.00  332.53  -12.53 (VIOLATED)
_22387_/B                             320.00  332.53  -12.53 (VIOLATED)
_22471_/D                             320.00  328.48   -8.48 (VIOLATED)
_22646_/A                             320.00  328.48   -8.48 (VIOLATED)
_22469_/A                             320.00  328.48   -8.48 (VIOLATED)
_22489_/B                             320.00  328.48   -8.48 (VIOLATED)
_22649_/B                             320.00  328.48   -8.48 (VIOLATED)
_22479_/A                             320.00  328.47   -8.47 (VIOLATED)
_22497_/A                             320.00  328.47   -8.47 (VIOLATED)
_22474_/B                             320.00  328.46   -8.46 (VIOLATED)
_22648_/A1                            320.00  328.46   -8.46 (VIOLATED)
_22475_/A1                            320.00  328.46   -8.46 (VIOLATED)
_19233_/A                             320.00  328.46   -8.46 (VIOLATED)
_19252_/A1                            320.00  328.46   -8.46 (VIOLATED)
_23705_/A2                            320.00  327.69   -7.69 (VIOLATED)
_23279_/A2                            320.00  327.69   -7.69 (VIOLATED)
_23290_/A2                            320.00  327.68   -7.68 (VIOLATED)
_23711_/A2                            320.00  327.65   -7.65 (VIOLATED)
_23298_/A2                            320.00  327.65   -7.65 (VIOLATED)
_23317_/A2                            320.00  327.63   -7.63 (VIOLATED)
_23309_/A2                            320.00  327.62   -7.62 (VIOLATED)
_23717_/A2                            320.00  327.56   -7.56 (VIOLATED)
_22571_/A                             320.00  327.42   -7.42 (VIOLATED)
_22719_/A                             320.00  327.42   -7.42 (VIOLATED)
_23333_/A2                            320.00  327.42   -7.42 (VIOLATED)
_19103_/A                             320.00  327.42   -7.42 (VIOLATED)
_19109_/A1                            320.00  327.41   -7.41 (VIOLATED)
_22393_/A                             320.00  327.41   -7.41 (VIOLATED)
_22377_/B                             320.00  327.41   -7.41 (VIOLATED)
_19115_/A1                            320.00  327.41   -7.41 (VIOLATED)
_22374_/A1                            320.00  327.41   -7.41 (VIOLATED)
_22578_/A1                            320.00  327.40   -7.40 (VIOLATED)
_23339_/A2                            320.00  327.37   -7.37 (VIOLATED)
_23355_/A2                            320.00  327.32   -7.32 (VIOLATED)
_23363_/A2                            320.00  327.26   -7.26 (VIOLATED)
_23347_/A2                            320.00  327.13   -7.13 (VIOLATED)
_23376_/A2                            320.00  326.96   -6.96 (VIOLATED)
_23383_/A2                            320.00  326.79   -6.79 (VIOLATED)
_23392_/A2                            320.00  326.75   -6.75 (VIOLATED)
_22478_/A                             320.00  326.67   -6.67 (VIOLATED)
_22653_/A                             320.00  326.67   -6.67 (VIOLATED)
_22479_/B                             320.00  326.67   -6.67 (VIOLATED)
_23399_/A2                            320.00  326.67   -6.67 (VIOLATED)
_22497_/B                             320.00  326.66   -6.66 (VIOLATED)
_22488_/A                             320.00  326.66   -6.66 (VIOLATED)
_22484_/A1                            320.00  326.66   -6.66 (VIOLATED)
_22655_/A1                            320.00  326.66   -6.66 (VIOLATED)
_19247_/A                             320.00  326.66   -6.66 (VIOLATED)
_19258_/A                             320.00  326.66   -6.66 (VIOLATED)
_19254_/A1                            320.00  326.66   -6.66 (VIOLATED)
_23407_/A2                            320.00  326.58   -6.58 (VIOLATED)
_15359_/A                             320.00  326.55   -6.55 (VIOLATED)
_15382_/A                             320.00  326.55   -6.55 (VIOLATED)
_15408_/A                             320.00  326.54   -6.54 (VIOLATED)
_15446_/A                             320.00  326.51   -6.51 (VIOLATED)
_15479_/A                             320.00  326.47   -6.47 (VIOLATED)
_15510_/A                             320.00  326.46   -6.46 (VIOLATED)
_23414_/A2                            320.00  326.45   -6.45 (VIOLATED)
_15544_/A                             320.00  326.44   -6.44 (VIOLATED)
_15576_/A                             320.00  326.42   -6.42 (VIOLATED)
_15612_/A                             320.00  326.38   -6.38 (VIOLATED)
_15647_/A                             320.00  326.31   -6.31 (VIOLATED)
_23672_/A2                            320.00  326.25   -6.25 (VIOLATED)
_23615_/A2                            320.00  326.24   -6.24 (VIOLATED)
_23551_/A2                            320.00  326.24   -6.24 (VIOLATED)
_23699_/A2                            320.00  326.21   -6.21 (VIOLATED)
_23422_/A2                            320.00  326.21   -6.21 (VIOLATED)
_15678_/A                             320.00  326.19   -6.19 (VIOLATED)
_23261_/A2                            320.00  326.18   -6.18 (VIOLATED)
_23369_/A2                            320.00  326.16   -6.16 (VIOLATED)
_15712_/A                             320.00  326.13   -6.13 (VIOLATED)
_15742_/A                             320.00  326.06   -6.06 (VIOLATED)
_23431_/A2                            320.00  326.05   -6.05 (VIOLATED)
_15772_/A                             320.00  326.02   -6.02 (VIOLATED)
_23164_/A                             320.00  326.01   -6.01 (VIOLATED)
_15800_/A                             320.00  326.01   -6.01 (VIOLATED)
_18851_/A                             320.00  326.01   -6.01 (VIOLATED)
Datapath_i.fu_run_benchmark_38252_38805.Datapath_i.reg_22.reg_out1[24]$_DFFE_PP_/QN  320.00  326.01   -6.01 (VIOLATED)
_23836_/A2                            320.00  325.97   -5.97 (VIOLATED)
_17386_/A                             320.00  325.92   -5.92 (VIOLATED)
_17414_/A                             320.00  325.92   -5.92 (VIOLATED)
_23441_/A2                            320.00  325.91   -5.91 (VIOLATED)
_23822_/A2                            320.00  325.90   -5.90 (VIOLATED)
_22981_/A                             320.00  325.89   -5.89 (VIOLATED)
_17356_/A                             320.00  325.89   -5.89 (VIOLATED)
_23812_/A2                            320.00  325.86   -5.87 (VIOLATED)
_23450_/A2                            320.00  325.85   -5.85 (VIOLATED)
_17327_/A                             320.00  325.82   -5.82 (VIOLATED)
_23805_/A2                            320.00  325.77   -5.77 (VIOLATED)
_17297_/A                             320.00  325.77   -5.77 (VIOLATED)
_23469_/A2                            320.00  325.76   -5.76 (VIOLATED)
_23481_/A2                            320.00  325.73   -5.73 (VIOLATED)
_17266_/A                             320.00  325.72   -5.72 (VIOLATED)
_17235_/A                             320.00  325.63   -5.63 (VIOLATED)
_23791_/A2                            320.00  325.63   -5.63 (VIOLATED)
_25911_/CI                            320.00  325.63   -5.63 (VIOLATED)
_25940_/CI                            320.00  325.63   -5.63 (VIOLATED)
_25881_/CI                            320.00  325.63   -5.63 (VIOLATED)
_25821_/A                             320.00  325.62   -5.62 (VIOLATED)
_25851_/CI                            320.00  325.62   -5.62 (VIOLATED)
_17200_/A                             320.00  325.59   -5.59 (VIOLATED)
_23784_/A2                            320.00  325.58   -5.58 (VIOLATED)
_17167_/A                             320.00  325.51   -5.51 (VIOLATED)
_23777_/A2                            320.00  325.49   -5.49 (VIOLATED)
_23769_/A2                            320.00  325.42   -5.42 (VIOLATED)
_17128_/A                             320.00  325.41   -5.41 (VIOLATED)
_23762_/A2                            320.00  325.39   -5.39 (VIOLATED)
_24027_/B                             320.00  325.34   -5.34 (VIOLATED)
_24017_/B                             320.00  325.34   -5.34 (VIOLATED)
_24022_/B                             320.00  325.34   -5.34 (VIOLATED)
_24032_/A2                            320.00  325.33   -5.33 (VIOLATED)
_23750_/A2                            320.00  325.32   -5.32 (VIOLATED)
_24042_/A2                            320.00  325.32   -5.32 (VIOLATED)
_24037_/A2                            320.00  325.32   -5.32 (VIOLATED)
_17097_/A                             320.00  325.30   -5.30 (VIOLATED)
_23965_/A2                            320.00  325.29   -5.29 (VIOLATED)
_17064_/A                             320.00  325.24   -5.24 (VIOLATED)
_17037_/A                             320.00  325.18   -5.18 (VIOLATED)
_17010_/A                             320.00  325.14   -5.14 (VIOLATED)
_18919_/A                             320.00  325.09   -5.09 (VIOLATED)
_16982_/A                             320.00  325.08   -5.08 (VIOLATED)
_16957_/A                             320.00  325.07   -5.07 (VIOLATED)
Datapath_i.fu_run_benchmark_38252_38805.Datapath_i.reg_21.reg_out1[23]$_DFFE_PP_/QN  320.00  325.06   -5.06 (VIOLATED)
_22489_/A                             320.00  320.19   -0.19 (VIOLATED)
_22649_/A                             320.00  320.19   -0.19 (VIOLATED)
_22471_/C                             320.00  320.19   -0.19 (VIOLATED)
_22462_/B                             320.00  320.19   -0.19 (VIOLATED)
_19243_/A                             320.00  320.19   -0.19 (VIOLATED)
_19229_/A                             320.00  320.19   -0.19 (VIOLATED)
_22474_/A                             320.00  320.19   -0.19 (VIOLATED)
_19237_/A1                            320.00  320.18   -0.18 (VIOLATED)
_22465_/A1                            320.00  320.18   -0.18 (VIOLATED)
_22643_/A1                            320.00  320.18   -0.18 (VIOLATED)

