Startpoint: Datapath_i.fu_run_benchmark_38252_38805.Datapath_i.reg_19.reg_out1[7]$_DFF_P_
            (rising edge-triggered flip-flop)
Endpoint: Datapath_i.fu_run_benchmark_38252_38805.Datapath_i.reg_23.reg_out1[39]$_DFFE_PP_
          (rising edge-triggered flip-flop)
Path Group: unconstrained
Path Type: max
Corner: slow

  Delay    Time   Description
---------------------------------------------------------
   0.00    0.00 ^ Datapath_i.fu_run_benchmark_38252_38805.Datapath_i.reg_19.reg_out1[7]$_DFF_P_/CLK (DFFHQNx1_ASAP7_75t_R)
 191.77  191.77 ^ Datapath_i.fu_run_benchmark_38252_38805.Datapath_i.reg_19.reg_out1[7]$_DFF_P_/QN (DFFHQNx1_ASAP7_75t_R)
  90.81  282.58 ^ wire563/Y (BUFx12_ASAP7_75t_R)
  44.37  326.95 ^ _17601_/Y (OR2x2_ASAP7_75t_R)
  62.02  388.97 v _24722_/SN (FAx1_ASAP7_75t_R)
  28.28  417.26 ^ _21623_/Y (INVx1_ASAP7_75t_R)
  97.00  514.26 v _24724_/SN (FAx1_ASAP7_75t_R)
  51.65  565.90 ^ _24725_/CON (FAx1_ASAP7_75t_R)
  30.51  596.41 v _24725_/SN (FAx1_ASAP7_75t_R)
  26.42  622.83 ^ _21628_/Y (INVx1_ASAP7_75t_R)
  25.10  647.93 v _26638_/CON (HAxp5_ASAP7_75t_R)
  20.86  668.79 ^ _26638_/SN (HAxp5_ASAP7_75t_R)
  19.24  688.04 v _21668_/Y (INVx1_ASAP7_75t_R)
  47.77  735.81 v _26639_/SN (HAxp5_ASAP7_75t_R)
  26.34  762.15 ^ _21655_/Y (INVx1_ASAP7_75t_R)
  58.95  821.10 ^ _24726_/SN (FAx1_ASAP7_75t_R)
  22.81  843.92 v _21640_/Y (INVx1_ASAP7_75t_R)
  38.47  882.38 ^ _26642_/CON (HAxp5_ASAP7_75t_R)
  35.04  917.42 v _26642_/SN (HAxp5_ASAP7_75t_R)
  51.73  969.15 ^ _24727_/CON (FAx1_ASAP7_75t_R)
  34.76 1003.91 v _24727_/SN (FAx1_ASAP7_75t_R)
 111.48 1115.40 v _26643_/SN (HAxp5_ASAP7_75t_R)
  54.34 1169.74 v _18549_/Y (OA21x2_ASAP7_75t_R)
  42.52 1212.26 v _18550_/Y (OA21x2_ASAP7_75t_R)
  39.15 1251.41 v _18561_/Y (OA21x2_ASAP7_75t_R)
  42.81 1294.22 v _18562_/Y (OA21x2_ASAP7_75t_R)
  40.66 1334.88 v _18571_/Y (OA21x2_ASAP7_75t_R)
  43.50 1378.38 v _18572_/Y (OA21x2_ASAP7_75t_R)
  39.53 1417.91 v _18581_/Y (OA21x2_ASAP7_75t_R)
  43.19 1461.10 v _18582_/Y (OA21x2_ASAP7_75t_R)
  40.44 1501.55 v _18591_/Y (OA21x2_ASAP7_75t_R)
  43.09 1544.63 v _18592_/Y (OA21x2_ASAP7_75t_R)
  39.36 1583.99 v _18601_/Y (OA21x2_ASAP7_75t_R)
  42.73 1626.72 v _18602_/Y (OA21x2_ASAP7_75t_R)
  39.40 1666.12 v _18613_/Y (OA21x2_ASAP7_75t_R)
  42.77 1708.90 v _18614_/Y (OA21x2_ASAP7_75t_R)
  39.51 1748.40 v _18623_/Y (OA21x2_ASAP7_75t_R)
  42.20 1790.60 v _18624_/Y (OA21x2_ASAP7_75t_R)
  38.89 1829.49 v _18633_/Y (OA21x2_ASAP7_75t_R)
  42.01 1871.50 v _18634_/Y (OA21x2_ASAP7_75t_R)
  39.15 1910.65 v _18643_/Y (OA21x2_ASAP7_75t_R)
  42.18 1952.83 v _18644_/Y (OA21x2_ASAP7_75t_R)
  40.18 1993.01 v _18653_/Y (OA21x2_ASAP7_75t_R)
  43.69 2036.70 v _18654_/Y (OA21x2_ASAP7_75t_R)
  40.19 2076.89 v _18665_/Y (OA21x2_ASAP7_75t_R)
  43.03 2119.91 v _18666_/Y (OA21x2_ASAP7_75t_R)
  39.96 2159.87 v _18675_/Y (OA21x2_ASAP7_75t_R)
  42.74 2202.61 v _18676_/Y (OA21x2_ASAP7_75t_R)
  39.84 2242.45 v _18685_/Y (OA21x2_ASAP7_75t_R)
  44.69 2287.14 v _18686_/Y (OA21x2_ASAP7_75t_R)
  74.91 2362.05 v _18708_/Y (OR5x1_ASAP7_75t_R)
  34.91 2396.96 v _18710_/Y (AND4x1_ASAP7_75t_R)
  34.88 2431.84 v _18790_/Y (XNOR2x1_ASAP7_75t_R)
  33.26 2465.10 v _18792_/Y (AO21x1_ASAP7_75t_R)
   0.02 2465.12 v Datapath_i.fu_run_benchmark_38252_38805.Datapath_i.reg_23.reg_out1[39]$_DFFE_PP_/D (DFFHQNx1_ASAP7_75t_R)
        2465.12   data arrival time
---------------------------------------------------------
(Path is unconstrained)


Startpoint: Datapath_i.fu_run_benchmark_38252_38805.Datapath_i.reg_19.reg_out1[7]$_DFF_P_
            (rising edge-triggered flip-flop)
Endpoint: Datapath_i.fu_run_benchmark_38252_38805.Datapath_i.reg_23.reg_out1[38]$_DFFE_PP_
          (rising edge-triggered flip-flop)
Path Group: unconstrained
Path Type: max
Corner: slow

  Delay    Time   Description
---------------------------------------------------------
   0.00    0.00 ^ Datapath_i.fu_run_benchmark_38252_38805.Datapath_i.reg_19.reg_out1[7]$_DFF_P_/CLK (DFFHQNx1_ASAP7_75t_R)
 191.77  191.77 ^ Datapath_i.fu_run_benchmark_38252_38805.Datapath_i.reg_19.reg_out1[7]$_DFF_P_/QN (DFFHQNx1_ASAP7_75t_R)
  90.81  282.58 ^ wire563/Y (BUFx12_ASAP7_75t_R)
  44.37  326.95 ^ _17601_/Y (OR2x2_ASAP7_75t_R)
  62.02  388.97 v _24722_/SN (FAx1_ASAP7_75t_R)
  28.28  417.26 ^ _21623_/Y (INVx1_ASAP7_75t_R)
  97.00  514.26 v _24724_/SN (FAx1_ASAP7_75t_R)
  51.65  565.90 ^ _24725_/CON (FAx1_ASAP7_75t_R)
  30.51  596.41 v _24725_/SN (FAx1_ASAP7_75t_R)
  26.42  622.83 ^ _21628_/Y (INVx1_ASAP7_75t_R)
  25.10  647.93 v _26638_/CON (HAxp5_ASAP7_75t_R)
  20.86  668.79 ^ _26638_/SN (HAxp5_ASAP7_75t_R)
  19.24  688.04 v _21668_/Y (INVx1_ASAP7_75t_R)
  47.77  735.81 v _26639_/SN (HAxp5_ASAP7_75t_R)
  26.34  762.15 ^ _21655_/Y (INVx1_ASAP7_75t_R)
  58.95  821.10 ^ _24726_/SN (FAx1_ASAP7_75t_R)
  22.81  843.92 v _21640_/Y (INVx1_ASAP7_75t_R)
  38.47  882.38 ^ _26642_/CON (HAxp5_ASAP7_75t_R)
  35.04  917.42 v _26642_/SN (HAxp5_ASAP7_75t_R)
  51.73  969.15 ^ _24727_/CON (FAx1_ASAP7_75t_R)
  34.76 1003.91 v _24727_/SN (FAx1_ASAP7_75t_R)
 111.48 1115.40 v _26643_/SN (HAxp5_ASAP7_75t_R)
  60.28 1175.68 v _18544_/Y (OA21x2_ASAP7_75t_R)
  39.27 1214.96 v _18554_/Y (OA21x2_ASAP7_75t_R)
  42.09 1257.05 v _18555_/Y (OA21x2_ASAP7_75t_R)
  39.64 1296.68 v _18566_/Y (OA21x2_ASAP7_75t_R)
  43.18 1339.86 v _18567_/Y (OA21x2_ASAP7_75t_R)
  39.93 1379.79 v _18576_/Y (OA21x2_ASAP7_75t_R)
  42.25 1422.04 v _18577_/Y (OA21x2_ASAP7_75t_R)
  40.06 1462.10 v _18586_/Y (OA21x2_ASAP7_75t_R)
  43.22 1505.31 v _18587_/Y (OA21x2_ASAP7_75t_R)
  40.24 1545.55 v _18596_/Y (OA21x2_ASAP7_75t_R)
  42.43 1587.98 v _18597_/Y (OA21x2_ASAP7_75t_R)
  39.52 1627.50 v _18606_/Y (OA21x2_ASAP7_75t_R)
  42.56 1670.07 v _18607_/Y (OA21x2_ASAP7_75t_R)
  39.76 1709.83 v _18618_/Y (OA21x2_ASAP7_75t_R)
  42.62 1752.45 v _18619_/Y (OA21x2_ASAP7_75t_R)
  39.21 1791.66 v _18628_/Y (OA21x2_ASAP7_75t_R)
  42.04 1833.71 v _18629_/Y (OA21x2_ASAP7_75t_R)
  38.69 1872.40 v _18638_/Y (OA21x2_ASAP7_75t_R)
  42.17 1914.57 v _18639_/Y (OA21x2_ASAP7_75t_R)
  39.10 1953.67 v _18648_/Y (OA21x2_ASAP7_75t_R)
  43.66 1997.33 v _18649_/Y (OA21x2_ASAP7_75t_R)
  40.91 2038.24 v _18658_/Y (OA21x2_ASAP7_75t_R)
  43.70 2081.95 v _18659_/Y (OA21x2_ASAP7_75t_R)
  40.13 2122.08 v _18670_/Y (OA21x2_ASAP7_75t_R)
  43.48 2165.56 v _18671_/Y (OA21x2_ASAP7_75t_R)
  40.11 2205.67 v _18680_/Y (OA21x2_ASAP7_75t_R)
  42.46 2248.13 v _18681_/Y (OA21x2_ASAP7_75t_R)
  39.37 2287.51 v _18690_/Y (OA21x2_ASAP7_75t_R)
  42.21 2329.72 v _18691_/Y (OA21x2_ASAP7_75t_R)
  41.48 2371.20 v _18703_/Y (OA21x2_ASAP7_75t_R)
  41.72 2412.92 v _18704_/Y (XOR2x1_ASAP7_75t_R)
  38.76 2451.69 v _18706_/Y (AO21x1_ASAP7_75t_R)
   0.05 2451.74 v Datapath_i.fu_run_benchmark_38252_38805.Datapath_i.reg_23.reg_out1[38]$_DFFE_PP_/D (DFFHQNx1_ASAP7_75t_R)
        2451.74   data arrival time
---------------------------------------------------------
(Path is unconstrained)


Startpoint: Datapath_i.fu_run_benchmark_38252_38805.Datapath_i.reg_19.reg_out1[7]$_DFF_P_
            (rising edge-triggered flip-flop)
Endpoint: Datapath_i.fu_run_benchmark_38252_38805.Datapath_i.reg_23.reg_out1[37]$_DFFE_PP_
          (rising edge-triggered flip-flop)
Path Group: unconstrained
Path Type: max
Corner: slow

  Delay    Time   Description
---------------------------------------------------------
   0.00    0.00 ^ Datapath_i.fu_run_benchmark_38252_38805.Datapath_i.reg_19.reg_out1[7]$_DFF_P_/CLK (DFFHQNx1_ASAP7_75t_R)
 191.77  191.77 ^ Datapath_i.fu_run_benchmark_38252_38805.Datapath_i.reg_19.reg_out1[7]$_DFF_P_/QN (DFFHQNx1_ASAP7_75t_R)
  90.81  282.58 ^ wire563/Y (BUFx12_ASAP7_75t_R)
  44.37  326.95 ^ _17601_/Y (OR2x2_ASAP7_75t_R)
  62.02  388.97 v _24722_/SN (FAx1_ASAP7_75t_R)
  28.28  417.26 ^ _21623_/Y (INVx1_ASAP7_75t_R)
  97.00  514.26 v _24724_/SN (FAx1_ASAP7_75t_R)
  51.65  565.90 ^ _24725_/CON (FAx1_ASAP7_75t_R)
  30.51  596.41 v _24725_/SN (FAx1_ASAP7_75t_R)
  26.42  622.83 ^ _21628_/Y (INVx1_ASAP7_75t_R)
  25.10  647.93 v _26638_/CON (HAxp5_ASAP7_75t_R)
  20.86  668.79 ^ _26638_/SN (HAxp5_ASAP7_75t_R)
  19.24  688.04 v _21668_/Y (INVx1_ASAP7_75t_R)
  47.77  735.81 v _26639_/SN (HAxp5_ASAP7_75t_R)
  26.34  762.15 ^ _21655_/Y (INVx1_ASAP7_75t_R)
  58.95  821.10 ^ _24726_/SN (FAx1_ASAP7_75t_R)
  22.81  843.92 v _21640_/Y (INVx1_ASAP7_75t_R)
  38.47  882.38 ^ _26642_/CON (HAxp5_ASAP7_75t_R)
  35.04  917.42 v _26642_/SN (HAxp5_ASAP7_75t_R)
  51.73  969.15 ^ _24727_/CON (FAx1_ASAP7_75t_R)
  34.76 1003.91 v _24727_/SN (FAx1_ASAP7_75t_R)
 111.48 1115.40 v _26643_/SN (HAxp5_ASAP7_75t_R)
  54.34 1169.74 v _18549_/Y (OA21x2_ASAP7_75t_R)
  42.52 1212.26 v _18550_/Y (OA21x2_ASAP7_75t_R)
  39.15 1251.41 v _18561_/Y (OA21x2_ASAP7_75t_R)
  42.81 1294.22 v _18562_/Y (OA21x2_ASAP7_75t_R)
  40.66 1334.88 v _18571_/Y (OA21x2_ASAP7_75t_R)
  43.50 1378.38 v _18572_/Y (OA21x2_ASAP7_75t_R)
  39.53 1417.91 v _18581_/Y (OA21x2_ASAP7_75t_R)
  43.19 1461.10 v _18582_/Y (OA21x2_ASAP7_75t_R)
  40.44 1501.55 v _18591_/Y (OA21x2_ASAP7_75t_R)
  43.09 1544.63 v _18592_/Y (OA21x2_ASAP7_75t_R)
  39.36 1583.99 v _18601_/Y (OA21x2_ASAP7_75t_R)
  42.73 1626.72 v _18602_/Y (OA21x2_ASAP7_75t_R)
  39.40 1666.12 v _18613_/Y (OA21x2_ASAP7_75t_R)
  42.77 1708.90 v _18614_/Y (OA21x2_ASAP7_75t_R)
  39.51 1748.40 v _18623_/Y (OA21x2_ASAP7_75t_R)
  42.20 1790.60 v _18624_/Y (OA21x2_ASAP7_75t_R)
  38.89 1829.49 v _18633_/Y (OA21x2_ASAP7_75t_R)
  42.01 1871.50 v _18634_/Y (OA21x2_ASAP7_75t_R)
  39.15 1910.65 v _18643_/Y (OA21x2_ASAP7_75t_R)
  42.18 1952.83 v _18644_/Y (OA21x2_ASAP7_75t_R)
  40.18 1993.01 v _18653_/Y (OA21x2_ASAP7_75t_R)
  43.69 2036.70 v _18654_/Y (OA21x2_ASAP7_75t_R)
  40.19 2076.89 v _18665_/Y (OA21x2_ASAP7_75t_R)
  43.03 2119.91 v _18666_/Y (OA21x2_ASAP7_75t_R)
  39.96 2159.87 v _18675_/Y (OA21x2_ASAP7_75t_R)
  42.74 2202.61 v _18676_/Y (OA21x2_ASAP7_75t_R)
  39.84 2242.45 v _18685_/Y (OA21x2_ASAP7_75t_R)
  44.69 2287.14 v _18686_/Y (OA21x2_ASAP7_75t_R)
  50.10 2337.24 v _18696_/Y (OR3x1_ASAP7_75t_R)
  24.77 2362.01 ^ _18697_/Y (NAND2x1_ASAP7_75t_R)
  38.67 2400.68 ^ _18698_/Y (XNOR2x1_ASAP7_75t_R)
  38.77 2439.46 ^ _18700_/Y (AO21x1_ASAP7_75t_R)
   0.02 2439.48 ^ Datapath_i.fu_run_benchmark_38252_38805.Datapath_i.reg_23.reg_out1[37]$_DFFE_PP_/D (DFFHQNx1_ASAP7_75t_R)
        2439.48   data arrival time
---------------------------------------------------------
(Path is unconstrained)


Startpoint: Datapath_i.fu_run_benchmark_38252_38805.Datapath_i.reg_19.reg_out1[7]$_DFF_P_
            (rising edge-triggered flip-flop)
Endpoint: Datapath_i.fu_run_benchmark_38252_38805.Datapath_i.reg_26.reg_out1[39]$_DFF_P_
          (rising edge-triggered flip-flop)
Path Group: unconstrained
Path Type: max
Corner: slow

  Delay    Time   Description
---------------------------------------------------------
   0.00    0.00 ^ Datapath_i.fu_run_benchmark_38252_38805.Datapath_i.reg_19.reg_out1[7]$_DFF_P_/CLK (DFFHQNx1_ASAP7_75t_R)
 191.77  191.77 ^ Datapath_i.fu_run_benchmark_38252_38805.Datapath_i.reg_19.reg_out1[7]$_DFF_P_/QN (DFFHQNx1_ASAP7_75t_R)
  90.81  282.58 ^ wire563/Y (BUFx12_ASAP7_75t_R)
  44.37  326.95 ^ _17601_/Y (OR2x2_ASAP7_75t_R)
  62.02  388.97 v _24722_/SN (FAx1_ASAP7_75t_R)
  28.28  417.26 ^ _21623_/Y (INVx1_ASAP7_75t_R)
  97.00  514.26 v _24724_/SN (FAx1_ASAP7_75t_R)
  51.65  565.90 ^ _24725_/CON (FAx1_ASAP7_75t_R)
  30.51  596.41 v _24725_/SN (FAx1_ASAP7_75t_R)
  26.42  622.83 ^ _21628_/Y (INVx1_ASAP7_75t_R)
  25.10  647.93 v _26638_/CON (HAxp5_ASAP7_75t_R)
  20.86  668.79 ^ _26638_/SN (HAxp5_ASAP7_75t_R)
  19.24  688.04 v _21668_/Y (INVx1_ASAP7_75t_R)
  47.77  735.81 v _26639_/SN (HAxp5_ASAP7_75t_R)
  26.34  762.15 ^ _21655_/Y (INVx1_ASAP7_75t_R)
  58.95  821.10 ^ _24726_/SN (FAx1_ASAP7_75t_R)
  22.81  843.92 v _21640_/Y (INVx1_ASAP7_75t_R)
  38.47  882.38 ^ _26642_/CON (HAxp5_ASAP7_75t_R)
  35.04  917.42 v _26642_/SN (HAxp5_ASAP7_75t_R)
  51.73  969.15 ^ _24727_/CON (FAx1_ASAP7_75t_R)
  34.76 1003.91 v _24727_/SN (FAx1_ASAP7_75t_R)
 111.48 1115.40 v _26643_/SN (HAxp5_ASAP7_75t_R)
  54.34 1169.74 v _18549_/Y (OA21x2_ASAP7_75t_R)
  42.52 1212.26 v _18550_/Y (OA21x2_ASAP7_75t_R)
  39.15 1251.41 v _18561_/Y (OA21x2_ASAP7_75t_R)
  42.81 1294.22 v _18562_/Y (OA21x2_ASAP7_75t_R)
  40.66 1334.88 v _18571_/Y (OA21x2_ASAP7_75t_R)
  43.50 1378.38 v _18572_/Y (OA21x2_ASAP7_75t_R)
  39.53 1417.91 v _18581_/Y (OA21x2_ASAP7_75t_R)
  43.19 1461.10 v _18582_/Y (OA21x2_ASAP7_75t_R)
  40.44 1501.55 v _18591_/Y (OA21x2_ASAP7_75t_R)
  43.09 1544.63 v _18592_/Y (OA21x2_ASAP7_75t_R)
  39.36 1583.99 v _18601_/Y (OA21x2_ASAP7_75t_R)
  42.73 1626.72 v _18602_/Y (OA21x2_ASAP7_75t_R)
  39.40 1666.12 v _18613_/Y (OA21x2_ASAP7_75t_R)
  42.77 1708.90 v _18614_/Y (OA21x2_ASAP7_75t_R)
  39.51 1748.40 v _18623_/Y (OA21x2_ASAP7_75t_R)
  42.20 1790.60 v _18624_/Y (OA21x2_ASAP7_75t_R)
  38.89 1829.49 v _18633_/Y (OA21x2_ASAP7_75t_R)
  42.01 1871.50 v _18634_/Y (OA21x2_ASAP7_75t_R)
  39.15 1910.65 v _18643_/Y (OA21x2_ASAP7_75t_R)
  42.18 1952.83 v _18644_/Y (OA21x2_ASAP7_75t_R)
  40.18 1993.01 v _18653_/Y (OA21x2_ASAP7_75t_R)
  43.69 2036.70 v _18654_/Y (OA21x2_ASAP7_75t_R)
  40.19 2076.89 v _18665_/Y (OA21x2_ASAP7_75t_R)
  43.03 2119.91 v _18666_/Y (OA21x2_ASAP7_75t_R)
  39.96 2159.87 v _18675_/Y (OA21x2_ASAP7_75t_R)
  42.74 2202.61 v _18676_/Y (OA21x2_ASAP7_75t_R)
  39.84 2242.45 v _18685_/Y (OA21x2_ASAP7_75t_R)
  44.69 2287.14 v _18686_/Y (OA21x2_ASAP7_75t_R)
  74.91 2362.05 v _18708_/Y (OR5x1_ASAP7_75t_R)
  34.91 2396.96 v _18710_/Y (AND4x1_ASAP7_75t_R)
  34.88 2431.84 v _18790_/Y (XNOR2x1_ASAP7_75t_R)
   0.15 2431.99 v Datapath_i.fu_run_benchmark_38252_38805.Datapath_i.reg_26.reg_out1[39]$_DFF_P_/D (DFFHQNx1_ASAP7_75t_R)
        2431.99   data arrival time
---------------------------------------------------------
(Path is unconstrained)


Startpoint: Datapath_i.fu_run_benchmark_38252_38805.Datapath_i.reg_20.reg_out1[3]$_DFF_P_
            (rising edge-triggered flip-flop)
Endpoint: Datapath_i.fu_run_benchmark_38252_38805.Datapath_i.reg_28.reg_out1[38]$_DFF_P_
          (rising edge-triggered flip-flop)
Path Group: unconstrained
Path Type: max
Corner: slow

  Delay    Time   Description
---------------------------------------------------------
   0.00    0.00 ^ Datapath_i.fu_run_benchmark_38252_38805.Datapath_i.reg_20.reg_out1[3]$_DFF_P_/CLK (DFFHQNx1_ASAP7_75t_R)
 183.07  183.07 ^ Datapath_i.fu_run_benchmark_38252_38805.Datapath_i.reg_20.reg_out1[3]$_DFF_P_/QN (DFFHQNx1_ASAP7_75t_R)
  82.08  265.15 ^ max_cap463/Y (BUFx10_ASAP7_75t_R)
  30.84  295.98 v _15016_/Y (NOR2x1_ASAP7_75t_R)
  57.46  353.45 ^ _24091_/CON (FAx1_ASAP7_75t_R)
  43.89  397.33 v _24091_/SN (FAx1_ASAP7_75t_R)
  67.43  464.76 ^ _24092_/CON (FAx1_ASAP7_75t_R)
  44.00  508.77 v _24092_/SN (FAx1_ASAP7_75t_R)
  64.99  573.76 ^ _24093_/CON (FAx1_ASAP7_75t_R)
  36.66  610.42 v _24093_/SN (FAx1_ASAP7_75t_R)
  34.66  645.08 ^ _20915_/Y (INVx1_ASAP7_75t_R)
  70.90  715.98 v _24094_/SN (FAx1_ASAP7_75t_R)
  22.87  738.85 ^ _20913_/Y (INVx1_ASAP7_75t_R)
  34.59  773.44 v _26456_/CON (HAxp5_ASAP7_75t_R)
  23.83  797.27 ^ _26456_/SN (HAxp5_ASAP7_75t_R)
  19.02  816.28 v _21588_/Y (INVx1_ASAP7_75t_R)
  36.68  852.96 ^ _26457_/CON (HAxp5_ASAP7_75t_R)
  34.62  887.58 v _26457_/SN (HAxp5_ASAP7_75t_R)
 104.15  991.73 v _24095_/SN (FAx1_ASAP7_75t_R)
  74.62 1066.34 ^ _24096_/SN (FAx1_ASAP7_75t_R)
  25.91 1092.26 v _20908_/Y (INVx1_ASAP7_75t_R)
 101.63 1193.89 v _26458_/SN (HAxp5_ASAP7_75t_R)
  60.27 1254.16 v _23055_/Y (OA21x2_ASAP7_75t_R)
  39.03 1293.18 v _23064_/Y (OA21x2_ASAP7_75t_R)
  42.17 1335.36 v _23065_/Y (OA21x2_ASAP7_75t_R)
  39.11 1374.47 v _23070_/Y (OA21x2_ASAP7_75t_R)
  42.26 1416.73 v _23071_/Y (OA21x2_ASAP7_75t_R)
  39.50 1456.23 v _23076_/Y (OA21x2_ASAP7_75t_R)
  42.21 1498.44 v _23077_/Y (OA21x2_ASAP7_75t_R)
  38.87 1537.31 v _23082_/Y (OA21x2_ASAP7_75t_R)
  42.45 1579.76 v _23083_/Y (OA21x2_ASAP7_75t_R)
  39.22 1618.98 v _23089_/Y (OA21x2_ASAP7_75t_R)
  42.27 1661.25 v _23090_/Y (OA21x2_ASAP7_75t_R)
  39.35 1700.60 v _23095_/Y (OA21x2_ASAP7_75t_R)
  42.59 1743.18 v _23096_/Y (OA21x2_ASAP7_75t_R)
  39.33 1782.51 v _23101_/Y (OA21x2_ASAP7_75t_R)
  42.68 1825.19 v _23102_/Y (OA21x2_ASAP7_75t_R)
  39.51 1864.70 v _23107_/Y (OA21x2_ASAP7_75t_R)
  42.76 1907.46 v _23108_/Y (OA21x2_ASAP7_75t_R)
  39.64 1947.10 v _23113_/Y (OA21x2_ASAP7_75t_R)
  42.59 1989.69 v _23114_/Y (OA21x2_ASAP7_75t_R)
  39.28 2028.97 v _23120_/Y (OA21x2_ASAP7_75t_R)
  40.53 2069.50 v _23121_/Y (OA21x2_ASAP7_75t_R)
  37.91 2107.41 v _23126_/Y (OA21x2_ASAP7_75t_R)
  40.35 2147.76 v _23127_/Y (OA21x2_ASAP7_75t_R)
  38.90 2186.66 v _23132_/Y (OA21x2_ASAP7_75t_R)
  42.35 2229.01 v _23133_/Y (OA21x2_ASAP7_75t_R)
  54.81 2283.82 v _23139_/Y (OR3x1_ASAP7_75t_R)
  48.72 2332.53 v _23146_/Y (OR3x1_ASAP7_75t_R)
  28.48 2361.02 v _23149_/Y (AND3x1_ASAP7_75t_R)
  59.92 2420.94 ^ _23150_/Y (XOR2x2_ASAP7_75t_R)
   0.92 2421.86 ^ Datapath_i.fu_run_benchmark_38252_38805.Datapath_i.reg_28.reg_out1[38]$_DFF_P_/D (DFFHQNx1_ASAP7_75t_R)
        2421.86   data arrival time
---------------------------------------------------------
(Path is unconstrained)


Startpoint: Datapath_i.fu_run_benchmark_38252_38805.Datapath_i.reg_20.reg_out1[3]$_DFF_P_
            (rising edge-triggered flip-flop)
Endpoint: Datapath_i.fu_run_benchmark_38252_38805.Datapath_i.reg_28.reg_out1[39]$_DFF_P_
          (rising edge-triggered flip-flop)
Path Group: unconstrained
Path Type: max
Corner: slow

  Delay    Time   Description
---------------------------------------------------------
   0.00    0.00 ^ Datapath_i.fu_run_benchmark_38252_38805.Datapath_i.reg_20.reg_out1[3]$_DFF_P_/CLK (DFFHQNx1_ASAP7_75t_R)
 183.07  183.07 ^ Datapath_i.fu_run_benchmark_38252_38805.Datapath_i.reg_20.reg_out1[3]$_DFF_P_/QN (DFFHQNx1_ASAP7_75t_R)
  82.08  265.15 ^ max_cap463/Y (BUFx10_ASAP7_75t_R)
  30.84  295.98 v _15016_/Y (NOR2x1_ASAP7_75t_R)
  57.46  353.45 ^ _24091_/CON (FAx1_ASAP7_75t_R)
  43.89  397.33 v _24091_/SN (FAx1_ASAP7_75t_R)
  67.43  464.76 ^ _24092_/CON (FAx1_ASAP7_75t_R)
  44.00  508.77 v _24092_/SN (FAx1_ASAP7_75t_R)
  64.99  573.76 ^ _24093_/CON (FAx1_ASAP7_75t_R)
  36.66  610.42 v _24093_/SN (FAx1_ASAP7_75t_R)
  34.66  645.08 ^ _20915_/Y (INVx1_ASAP7_75t_R)
  70.90  715.98 v _24094_/SN (FAx1_ASAP7_75t_R)
  22.87  738.85 ^ _20913_/Y (INVx1_ASAP7_75t_R)
  34.59  773.44 v _26456_/CON (HAxp5_ASAP7_75t_R)
  23.83  797.27 ^ _26456_/SN (HAxp5_ASAP7_75t_R)
  19.02  816.28 v _21588_/Y (INVx1_ASAP7_75t_R)
  36.68  852.96 ^ _26457_/CON (HAxp5_ASAP7_75t_R)
  34.62  887.58 v _26457_/SN (HAxp5_ASAP7_75t_R)
 104.15  991.73 v _24095_/SN (FAx1_ASAP7_75t_R)
  74.62 1066.34 ^ _24096_/SN (FAx1_ASAP7_75t_R)
  25.91 1092.26 v _20908_/Y (INVx1_ASAP7_75t_R)
 101.63 1193.89 v _26458_/SN (HAxp5_ASAP7_75t_R)
  54.12 1248.01 v _23061_/Y (OA21x2_ASAP7_75t_R)
  42.01 1290.02 v _23062_/Y (OA21x2_ASAP7_75t_R)
  38.85 1328.87 v _23067_/Y (OA21x2_ASAP7_75t_R)
  42.19 1371.06 v _23068_/Y (OA21x2_ASAP7_75t_R)
  38.95 1410.01 v _23073_/Y (OA21x2_ASAP7_75t_R)
  42.16 1452.17 v _23074_/Y (OA21x2_ASAP7_75t_R)
  39.71 1491.87 v _23079_/Y (OA21x2_ASAP7_75t_R)
  42.51 1534.38 v _23080_/Y (OA21x2_ASAP7_75t_R)
  39.93 1574.31 v _23085_/Y (OA21x2_ASAP7_75t_R)
  42.27 1616.58 v _23086_/Y (OA21x2_ASAP7_75t_R)
  38.81 1655.39 v _23092_/Y (OA21x2_ASAP7_75t_R)
  42.16 1697.55 v _23093_/Y (OA21x2_ASAP7_75t_R)
  39.36 1736.91 v _23098_/Y (OA21x2_ASAP7_75t_R)
  42.72 1779.63 v _23099_/Y (OA21x2_ASAP7_75t_R)
  39.43 1819.06 v _23104_/Y (OA21x2_ASAP7_75t_R)
  42.36 1861.43 v _23105_/Y (OA21x2_ASAP7_75t_R)
  39.35 1900.78 v _23110_/Y (OA21x2_ASAP7_75t_R)
  42.43 1943.21 v _23111_/Y (OA21x2_ASAP7_75t_R)
  39.23 1982.44 v _23116_/Y (OA21x2_ASAP7_75t_R)
  42.45 2024.89 v _23117_/Y (OA21x2_ASAP7_75t_R)
  39.28 2064.17 v _23123_/Y (OA21x2_ASAP7_75t_R)
  40.34 2104.52 v _23124_/Y (OA21x2_ASAP7_75t_R)
  37.92 2142.43 v _23129_/Y (OA21x2_ASAP7_75t_R)
  40.60 2183.03 v _23130_/Y (OA21x2_ASAP7_75t_R)
  40.69 2223.73 v _23135_/Y (OA21x2_ASAP7_75t_R)
  41.01 2264.73 v _23136_/Y (OA21x2_ASAP7_75t_R)
  54.05 2318.78 v _23143_/Y (OR3x1_ASAP7_75t_R)
  45.35 2364.13 v _23154_/Y (OA21x2_ASAP7_75t_R)
  52.96 2417.09 ^ _23232_/Y (XNOR2x2_ASAP7_75t_R)
   0.69 2417.79 ^ Datapath_i.fu_run_benchmark_38252_38805.Datapath_i.reg_28.reg_out1[39]$_DFF_P_/D (DFFHQNx1_ASAP7_75t_R)
        2417.79   data arrival time
---------------------------------------------------------
(Path is unconstrained)


Startpoint: Datapath_i.fu_run_benchmark_38252_38805.Datapath_i.reg_19.reg_out1[7]$_DFF_P_
            (rising edge-triggered flip-flop)
Endpoint: Datapath_i.fu_run_benchmark_38252_38805.Datapath_i.reg_26.reg_out1[38]$_DFF_P_
          (rising edge-triggered flip-flop)
Path Group: unconstrained
Path Type: max
Corner: slow

  Delay    Time   Description
---------------------------------------------------------
   0.00    0.00 ^ Datapath_i.fu_run_benchmark_38252_38805.Datapath_i.reg_19.reg_out1[7]$_DFF_P_/CLK (DFFHQNx1_ASAP7_75t_R)
 191.77  191.77 ^ Datapath_i.fu_run_benchmark_38252_38805.Datapath_i.reg_19.reg_out1[7]$_DFF_P_/QN (DFFHQNx1_ASAP7_75t_R)
  90.81  282.58 ^ wire563/Y (BUFx12_ASAP7_75t_R)
  44.37  326.95 ^ _17601_/Y (OR2x2_ASAP7_75t_R)
  62.02  388.97 v _24722_/SN (FAx1_ASAP7_75t_R)
  28.28  417.26 ^ _21623_/Y (INVx1_ASAP7_75t_R)
  97.00  514.26 v _24724_/SN (FAx1_ASAP7_75t_R)
  51.65  565.90 ^ _24725_/CON (FAx1_ASAP7_75t_R)
  30.51  596.41 v _24725_/SN (FAx1_ASAP7_75t_R)
  26.42  622.83 ^ _21628_/Y (INVx1_ASAP7_75t_R)
  25.10  647.93 v _26638_/CON (HAxp5_ASAP7_75t_R)
  20.86  668.79 ^ _26638_/SN (HAxp5_ASAP7_75t_R)
  19.24  688.04 v _21668_/Y (INVx1_ASAP7_75t_R)
  47.77  735.81 v _26639_/SN (HAxp5_ASAP7_75t_R)
  26.34  762.15 ^ _21655_/Y (INVx1_ASAP7_75t_R)
  58.95  821.10 ^ _24726_/SN (FAx1_ASAP7_75t_R)
  22.81  843.92 v _21640_/Y (INVx1_ASAP7_75t_R)
  38.47  882.38 ^ _26642_/CON (HAxp5_ASAP7_75t_R)
  35.04  917.42 v _26642_/SN (HAxp5_ASAP7_75t_R)
  51.73  969.15 ^ _24727_/CON (FAx1_ASAP7_75t_R)
  34.76 1003.91 v _24727_/SN (FAx1_ASAP7_75t_R)
 111.48 1115.40 v _26643_/SN (HAxp5_ASAP7_75t_R)
  60.28 1175.68 v _18544_/Y (OA21x2_ASAP7_75t_R)
  39.27 1214.96 v _18554_/Y (OA21x2_ASAP7_75t_R)
  42.09 1257.05 v _18555_/Y (OA21x2_ASAP7_75t_R)
  39.64 1296.68 v _18566_/Y (OA21x2_ASAP7_75t_R)
  43.18 1339.86 v _18567_/Y (OA21x2_ASAP7_75t_R)
  39.93 1379.79 v _18576_/Y (OA21x2_ASAP7_75t_R)
  42.25 1422.04 v _18577_/Y (OA21x2_ASAP7_75t_R)
  40.06 1462.10 v _18586_/Y (OA21x2_ASAP7_75t_R)
  43.22 1505.31 v _18587_/Y (OA21x2_ASAP7_75t_R)
  40.24 1545.55 v _18596_/Y (OA21x2_ASAP7_75t_R)
  42.43 1587.98 v _18597_/Y (OA21x2_ASAP7_75t_R)
  39.52 1627.50 v _18606_/Y (OA21x2_ASAP7_75t_R)
  42.56 1670.07 v _18607_/Y (OA21x2_ASAP7_75t_R)
  39.76 1709.83 v _18618_/Y (OA21x2_ASAP7_75t_R)
  42.62 1752.45 v _18619_/Y (OA21x2_ASAP7_75t_R)
  39.21 1791.66 v _18628_/Y (OA21x2_ASAP7_75t_R)
  42.04 1833.71 v _18629_/Y (OA21x2_ASAP7_75t_R)
  38.69 1872.40 v _18638_/Y (OA21x2_ASAP7_75t_R)
  42.17 1914.57 v _18639_/Y (OA21x2_ASAP7_75t_R)
  39.10 1953.67 v _18648_/Y (OA21x2_ASAP7_75t_R)
  43.66 1997.33 v _18649_/Y (OA21x2_ASAP7_75t_R)
  40.91 2038.24 v _18658_/Y (OA21x2_ASAP7_75t_R)
  43.70 2081.95 v _18659_/Y (OA21x2_ASAP7_75t_R)
  40.13 2122.08 v _18670_/Y (OA21x2_ASAP7_75t_R)
  43.48 2165.56 v _18671_/Y (OA21x2_ASAP7_75t_R)
  40.11 2205.67 v _18680_/Y (OA21x2_ASAP7_75t_R)
  42.46 2248.13 v _18681_/Y (OA21x2_ASAP7_75t_R)
  39.37 2287.51 v _18690_/Y (OA21x2_ASAP7_75t_R)
  42.21 2329.72 v _18691_/Y (OA21x2_ASAP7_75t_R)
  41.48 2371.20 v _18703_/Y (OA21x2_ASAP7_75t_R)
  41.72 2412.92 v _18704_/Y (XOR2x1_ASAP7_75t_R)
   0.29 2413.22 v Datapath_i.fu_run_benchmark_38252_38805.Datapath_i.reg_26.reg_out1[38]$_DFF_P_/D (DFFHQNx2_ASAP7_75t_R)
        2413.22   data arrival time
---------------------------------------------------------
(Path is unconstrained)


Startpoint: Datapath_i.fu_run_benchmark_38252_38805.Datapath_i.reg_19.reg_out1[7]$_DFF_P_
            (rising edge-triggered flip-flop)
Endpoint: Datapath_i.fu_run_benchmark_38252_38805.Datapath_i.reg_23.reg_out1[36]$_DFFE_PP_
          (rising edge-triggered flip-flop)
Path Group: unconstrained
Path Type: max
Corner: slow

  Delay    Time   Description
---------------------------------------------------------
   0.00    0.00 ^ Datapath_i.fu_run_benchmark_38252_38805.Datapath_i.reg_19.reg_out1[7]$_DFF_P_/CLK (DFFHQNx1_ASAP7_75t_R)
 191.77  191.77 ^ Datapath_i.fu_run_benchmark_38252_38805.Datapath_i.reg_19.reg_out1[7]$_DFF_P_/QN (DFFHQNx1_ASAP7_75t_R)
  90.81  282.58 ^ wire563/Y (BUFx12_ASAP7_75t_R)
  44.37  326.95 ^ _17601_/Y (OR2x2_ASAP7_75t_R)
  62.02  388.97 v _24722_/SN (FAx1_ASAP7_75t_R)
  28.28  417.26 ^ _21623_/Y (INVx1_ASAP7_75t_R)
  97.00  514.26 v _24724_/SN (FAx1_ASAP7_75t_R)
  51.65  565.90 ^ _24725_/CON (FAx1_ASAP7_75t_R)
  30.51  596.41 v _24725_/SN (FAx1_ASAP7_75t_R)
  26.42  622.83 ^ _21628_/Y (INVx1_ASAP7_75t_R)
  25.10  647.93 v _26638_/CON (HAxp5_ASAP7_75t_R)
  20.86  668.79 ^ _26638_/SN (HAxp5_ASAP7_75t_R)
  19.24  688.04 v _21668_/Y (INVx1_ASAP7_75t_R)
  47.77  735.81 v _26639_/SN (HAxp5_ASAP7_75t_R)
  26.34  762.15 ^ _21655_/Y (INVx1_ASAP7_75t_R)
  58.95  821.10 ^ _24726_/SN (FAx1_ASAP7_75t_R)
  22.81  843.92 v _21640_/Y (INVx1_ASAP7_75t_R)
  38.47  882.38 ^ _26642_/CON (HAxp5_ASAP7_75t_R)
  35.04  917.42 v _26642_/SN (HAxp5_ASAP7_75t_R)
  51.73  969.15 ^ _24727_/CON (FAx1_ASAP7_75t_R)
  34.76 1003.91 v _24727_/SN (FAx1_ASAP7_75t_R)
 111.48 1115.40 v _26643_/SN (HAxp5_ASAP7_75t_R)
  60.28 1175.68 v _18544_/Y (OA21x2_ASAP7_75t_R)
  39.27 1214.96 v _18554_/Y (OA21x2_ASAP7_75t_R)
  42.09 1257.05 v _18555_/Y (OA21x2_ASAP7_75t_R)
  39.64 1296.68 v _18566_/Y (OA21x2_ASAP7_75t_R)
  43.18 1339.86 v _18567_/Y (OA21x2_ASAP7_75t_R)
  39.93 1379.79 v _18576_/Y (OA21x2_ASAP7_75t_R)
  42.25 1422.04 v _18577_/Y (OA21x2_ASAP7_75t_R)
  40.06 1462.10 v _18586_/Y (OA21x2_ASAP7_75t_R)
  43.22 1505.31 v _18587_/Y (OA21x2_ASAP7_75t_R)
  40.24 1545.55 v _18596_/Y (OA21x2_ASAP7_75t_R)
  42.43 1587.98 v _18597_/Y (OA21x2_ASAP7_75t_R)
  39.52 1627.50 v _18606_/Y (OA21x2_ASAP7_75t_R)
  42.56 1670.07 v _18607_/Y (OA21x2_ASAP7_75t_R)
  39.76 1709.83 v _18618_/Y (OA21x2_ASAP7_75t_R)
  42.62 1752.45 v _18619_/Y (OA21x2_ASAP7_75t_R)
  39.21 1791.66 v _18628_/Y (OA21x2_ASAP7_75t_R)
  42.04 1833.71 v _18629_/Y (OA21x2_ASAP7_75t_R)
  38.69 1872.40 v _18638_/Y (OA21x2_ASAP7_75t_R)
  42.17 1914.57 v _18639_/Y (OA21x2_ASAP7_75t_R)
  39.10 1953.67 v _18648_/Y (OA21x2_ASAP7_75t_R)
  43.66 1997.33 v _18649_/Y (OA21x2_ASAP7_75t_R)
  40.91 2038.24 v _18658_/Y (OA21x2_ASAP7_75t_R)
  43.70 2081.95 v _18659_/Y (OA21x2_ASAP7_75t_R)
  40.13 2122.08 v _18670_/Y (OA21x2_ASAP7_75t_R)
  43.48 2165.56 v _18671_/Y (OA21x2_ASAP7_75t_R)
  40.11 2205.67 v _18680_/Y (OA21x2_ASAP7_75t_R)
  42.46 2248.13 v _18681_/Y (OA21x2_ASAP7_75t_R)
  39.37 2287.51 v _18690_/Y (OA21x2_ASAP7_75t_R)
  42.21 2329.72 v _18691_/Y (OA21x2_ASAP7_75t_R)
  43.06 2372.78 v _18692_/Y (XOR2x1_ASAP7_75t_R)
  38.15 2410.93 v _18694_/Y (AO21x1_ASAP7_75t_R)
   0.03 2410.95 v Datapath_i.fu_run_benchmark_38252_38805.Datapath_i.reg_23.reg_out1[36]$_DFFE_PP_/D (DFFHQNx1_ASAP7_75t_R)
        2410.95   data arrival time
---------------------------------------------------------
(Path is unconstrained)


Startpoint: Datapath_i.fu_run_benchmark_38252_38805.Datapath_i.reg_20.reg_out1[3]$_DFF_P_
            (rising edge-triggered flip-flop)
Endpoint: Datapath_i.fu_run_benchmark_38252_38805.Datapath_i.reg_28.reg_out1[37]$_DFF_P_
          (rising edge-triggered flip-flop)
Path Group: unconstrained
Path Type: max
Corner: slow

  Delay    Time   Description
---------------------------------------------------------
   0.00    0.00 ^ Datapath_i.fu_run_benchmark_38252_38805.Datapath_i.reg_20.reg_out1[3]$_DFF_P_/CLK (DFFHQNx1_ASAP7_75t_R)
 183.07  183.07 ^ Datapath_i.fu_run_benchmark_38252_38805.Datapath_i.reg_20.reg_out1[3]$_DFF_P_/QN (DFFHQNx1_ASAP7_75t_R)
  82.08  265.15 ^ max_cap463/Y (BUFx10_ASAP7_75t_R)
  30.84  295.98 v _15016_/Y (NOR2x1_ASAP7_75t_R)
  57.46  353.45 ^ _24091_/CON (FAx1_ASAP7_75t_R)
  43.89  397.33 v _24091_/SN (FAx1_ASAP7_75t_R)
  67.43  464.76 ^ _24092_/CON (FAx1_ASAP7_75t_R)
  44.00  508.77 v _24092_/SN (FAx1_ASAP7_75t_R)
  64.99  573.76 ^ _24093_/CON (FAx1_ASAP7_75t_R)
  36.66  610.42 v _24093_/SN (FAx1_ASAP7_75t_R)
  34.66  645.08 ^ _20915_/Y (INVx1_ASAP7_75t_R)
  70.90  715.98 v _24094_/SN (FAx1_ASAP7_75t_R)
  22.87  738.85 ^ _20913_/Y (INVx1_ASAP7_75t_R)
  34.59  773.44 v _26456_/CON (HAxp5_ASAP7_75t_R)
  23.83  797.27 ^ _26456_/SN (HAxp5_ASAP7_75t_R)
  19.02  816.28 v _21588_/Y (INVx1_ASAP7_75t_R)
  36.68  852.96 ^ _26457_/CON (HAxp5_ASAP7_75t_R)
  34.62  887.58 v _26457_/SN (HAxp5_ASAP7_75t_R)
 104.15  991.73 v _24095_/SN (FAx1_ASAP7_75t_R)
  74.62 1066.34 ^ _24096_/SN (FAx1_ASAP7_75t_R)
  25.91 1092.26 v _20908_/Y (INVx1_ASAP7_75t_R)
 101.63 1193.89 v _26458_/SN (HAxp5_ASAP7_75t_R)
  54.12 1248.01 v _23061_/Y (OA21x2_ASAP7_75t_R)
  42.01 1290.02 v _23062_/Y (OA21x2_ASAP7_75t_R)
  38.85 1328.87 v _23067_/Y (OA21x2_ASAP7_75t_R)
  42.19 1371.06 v _23068_/Y (OA21x2_ASAP7_75t_R)
  38.95 1410.01 v _23073_/Y (OA21x2_ASAP7_75t_R)
  42.16 1452.17 v _23074_/Y (OA21x2_ASAP7_75t_R)
  39.71 1491.87 v _23079_/Y (OA21x2_ASAP7_75t_R)
  42.51 1534.38 v _23080_/Y (OA21x2_ASAP7_75t_R)
  39.93 1574.31 v _23085_/Y (OA21x2_ASAP7_75t_R)
  42.27 1616.58 v _23086_/Y (OA21x2_ASAP7_75t_R)
  38.81 1655.39 v _23092_/Y (OA21x2_ASAP7_75t_R)
  42.16 1697.55 v _23093_/Y (OA21x2_ASAP7_75t_R)
  39.36 1736.91 v _23098_/Y (OA21x2_ASAP7_75t_R)
  42.72 1779.63 v _23099_/Y (OA21x2_ASAP7_75t_R)
  39.43 1819.06 v _23104_/Y (OA21x2_ASAP7_75t_R)
  42.36 1861.43 v _23105_/Y (OA21x2_ASAP7_75t_R)
  39.35 1900.78 v _23110_/Y (OA21x2_ASAP7_75t_R)
  42.43 1943.21 v _23111_/Y (OA21x2_ASAP7_75t_R)
  39.23 1982.44 v _23116_/Y (OA21x2_ASAP7_75t_R)
  42.45 2024.89 v _23117_/Y (OA21x2_ASAP7_75t_R)
  39.28 2064.17 v _23123_/Y (OA21x2_ASAP7_75t_R)
  40.34 2104.52 v _23124_/Y (OA21x2_ASAP7_75t_R)
  37.92 2142.43 v _23129_/Y (OA21x2_ASAP7_75t_R)
  40.60 2183.03 v _23130_/Y (OA21x2_ASAP7_75t_R)
  40.69 2223.73 v _23135_/Y (OA21x2_ASAP7_75t_R)
  41.01 2264.73 v _23136_/Y (OA21x2_ASAP7_75t_R)
  54.05 2318.78 v _23143_/Y (OR3x1_ASAP7_75t_R)
  23.88 2342.66 ^ _23144_/Y (NAND2x1_ASAP7_75t_R)
  65.01 2407.67 v _23145_/Y (XNOR2x2_ASAP7_75t_R)
   0.90 2408.57 v Datapath_i.fu_run_benchmark_38252_38805.Datapath_i.reg_28.reg_out1[37]$_DFF_P_/D (DFFHQNx1_ASAP7_75t_R)
        2408.57   data arrival time
---------------------------------------------------------
(Path is unconstrained)


Startpoint: Datapath_i.fu_run_benchmark_38252_38805.Datapath_i.reg_19.reg_out1[7]$_DFF_P_
            (rising edge-triggered flip-flop)
Endpoint: Datapath_i.fu_run_benchmark_38252_38805.Datapath_i.reg_26.reg_out1[37]$_DFF_P_
          (rising edge-triggered flip-flop)
Path Group: unconstrained
Path Type: max
Corner: slow

  Delay    Time   Description
---------------------------------------------------------
   0.00    0.00 ^ Datapath_i.fu_run_benchmark_38252_38805.Datapath_i.reg_19.reg_out1[7]$_DFF_P_/CLK (DFFHQNx1_ASAP7_75t_R)
 191.77  191.77 ^ Datapath_i.fu_run_benchmark_38252_38805.Datapath_i.reg_19.reg_out1[7]$_DFF_P_/QN (DFFHQNx1_ASAP7_75t_R)
  90.81  282.58 ^ wire563/Y (BUFx12_ASAP7_75t_R)
  44.37  326.95 ^ _17601_/Y (OR2x2_ASAP7_75t_R)
  62.02  388.97 v _24722_/SN (FAx1_ASAP7_75t_R)
  28.28  417.26 ^ _21623_/Y (INVx1_ASAP7_75t_R)
  97.00  514.26 v _24724_/SN (FAx1_ASAP7_75t_R)
  51.65  565.90 ^ _24725_/CON (FAx1_ASAP7_75t_R)
  30.51  596.41 v _24725_/SN (FAx1_ASAP7_75t_R)
  26.42  622.83 ^ _21628_/Y (INVx1_ASAP7_75t_R)
  25.10  647.93 v _26638_/CON (HAxp5_ASAP7_75t_R)
  20.86  668.79 ^ _26638_/SN (HAxp5_ASAP7_75t_R)
  19.24  688.04 v _21668_/Y (INVx1_ASAP7_75t_R)
  47.77  735.81 v _26639_/SN (HAxp5_ASAP7_75t_R)
  26.34  762.15 ^ _21655_/Y (INVx1_ASAP7_75t_R)
  58.95  821.10 ^ _24726_/SN (FAx1_ASAP7_75t_R)
  22.81  843.92 v _21640_/Y (INVx1_ASAP7_75t_R)
  38.47  882.38 ^ _26642_/CON (HAxp5_ASAP7_75t_R)
  35.04  917.42 v _26642_/SN (HAxp5_ASAP7_75t_R)
  51.73  969.15 ^ _24727_/CON (FAx1_ASAP7_75t_R)
  34.76 1003.91 v _24727_/SN (FAx1_ASAP7_75t_R)
 111.48 1115.40 v _26643_/SN (HAxp5_ASAP7_75t_R)
  54.34 1169.74 v _18549_/Y (OA21x2_ASAP7_75t_R)
  42.52 1212.26 v _18550_/Y (OA21x2_ASAP7_75t_R)
  39.15 1251.41 v _18561_/Y (OA21x2_ASAP7_75t_R)
  42.81 1294.22 v _18562_/Y (OA21x2_ASAP7_75t_R)
  40.66 1334.88 v _18571_/Y (OA21x2_ASAP7_75t_R)
  43.50 1378.38 v _18572_/Y (OA21x2_ASAP7_75t_R)
  39.53 1417.91 v _18581_/Y (OA21x2_ASAP7_75t_R)
  43.19 1461.10 v _18582_/Y (OA21x2_ASAP7_75t_R)
  40.44 1501.55 v _18591_/Y (OA21x2_ASAP7_75t_R)
  43.09 1544.63 v _18592_/Y (OA21x2_ASAP7_75t_R)
  39.36 1583.99 v _18601_/Y (OA21x2_ASAP7_75t_R)
  42.73 1626.72 v _18602_/Y (OA21x2_ASAP7_75t_R)
  39.40 1666.12 v _18613_/Y (OA21x2_ASAP7_75t_R)
  42.77 1708.90 v _18614_/Y (OA21x2_ASAP7_75t_R)
  39.51 1748.40 v _18623_/Y (OA21x2_ASAP7_75t_R)
  42.20 1790.60 v _18624_/Y (OA21x2_ASAP7_75t_R)
  38.89 1829.49 v _18633_/Y (OA21x2_ASAP7_75t_R)
  42.01 1871.50 v _18634_/Y (OA21x2_ASAP7_75t_R)
  39.15 1910.65 v _18643_/Y (OA21x2_ASAP7_75t_R)
  42.18 1952.83 v _18644_/Y (OA21x2_ASAP7_75t_R)
  40.18 1993.01 v _18653_/Y (OA21x2_ASAP7_75t_R)
  43.69 2036.70 v _18654_/Y (OA21x2_ASAP7_75t_R)
  40.19 2076.89 v _18665_/Y (OA21x2_ASAP7_75t_R)
  43.03 2119.91 v _18666_/Y (OA21x2_ASAP7_75t_R)
  39.96 2159.87 v _18675_/Y (OA21x2_ASAP7_75t_R)
  42.74 2202.61 v _18676_/Y (OA21x2_ASAP7_75t_R)
  39.84 2242.45 v _18685_/Y (OA21x2_ASAP7_75t_R)
  44.69 2287.14 v _18686_/Y (OA21x2_ASAP7_75t_R)
  50.10 2337.24 v _18696_/Y (OR3x1_ASAP7_75t_R)
  24.77 2362.01 ^ _18697_/Y (NAND2x1_ASAP7_75t_R)
  38.67 2400.68 ^ _18698_/Y (XNOR2x1_ASAP7_75t_R)
   0.19 2400.87 ^ Datapath_i.fu_run_benchmark_38252_38805.Datapath_i.reg_26.reg_out1[37]$_DFF_P_/D (DFFHQNx1_ASAP7_75t_R)
        2400.87   data arrival time
---------------------------------------------------------
(Path is unconstrained)


