Startpoint: Datapath_i.fu_run_benchmark_38252_38805.Datapath_i.reg_19.reg_out1[7]$_DFF_P_
            (rising edge-triggered flip-flop)
Endpoint: Datapath_i.fu_run_benchmark_38252_38805.Datapath_i.reg_23.reg_out1[39]$_DFFE_PP_
          (rising edge-triggered flip-flop)
Path Group: unconstrained
Path Type: max
Corner: slow

    Cap   Delay    Time   Description
----------------------------------------------------------------
           0.00    0.00 ^ Datapath_i.fu_run_benchmark_38252_38805.Datapath_i.reg_19.reg_out1[7]$_DFF_P_/CLK (DFFHQNx1_ASAP7_75t_R)
  14.60  191.77  191.77 ^ Datapath_i.fu_run_benchmark_38252_38805.Datapath_i.reg_19.reg_out1[7]$_DFF_P_/QN (DFFHQNx1_ASAP7_75t_R)
  14.88   90.81  282.58 ^ wire563/Y (BUFx12_ASAP7_75t_R)
   2.00   44.37  326.95 ^ _17601_/Y (OR2x2_ASAP7_75t_R)
   0.74   62.02  388.97 v _24722_/SN (FAx1_ASAP7_75t_R)
   1.56   28.28  417.26 ^ _21623_/Y (INVx1_ASAP7_75t_R)
   1.81   97.00  514.26 v _24724_/SN (FAx1_ASAP7_75t_R)
   0.72   51.65  565.90 ^ _24725_/CON (FAx1_ASAP7_75t_R)
   0.72   30.51  596.41 v _24725_/SN (FAx1_ASAP7_75t_R)
   1.08   26.42  622.83 ^ _21628_/Y (INVx1_ASAP7_75t_R)
   0.70   25.10  647.93 v _26638_/CON (HAxp5_ASAP7_75t_R)
   0.79   20.86  668.79 ^ _26638_/SN (HAxp5_ASAP7_75t_R)
   0.92   19.24  688.04 v _21668_/Y (INVx1_ASAP7_75t_R)
   0.77   47.77  735.81 v _26639_/SN (HAxp5_ASAP7_75t_R)
   1.54   26.34  762.15 ^ _21655_/Y (INVx1_ASAP7_75t_R)
   0.73   58.95  821.10 ^ _24726_/SN (FAx1_ASAP7_75t_R)
   0.94   22.81  843.92 v _21640_/Y (INVx1_ASAP7_75t_R)
   2.12   38.47  882.38 ^ _26642_/CON (HAxp5_ASAP7_75t_R)
   1.49   35.04  917.42 v _26642_/SN (HAxp5_ASAP7_75t_R)
   1.18   51.73  969.15 ^ _24727_/CON (FAx1_ASAP7_75t_R)
   1.08   34.76 1003.91 v _24727_/SN (FAx1_ASAP7_75t_R)
   2.71  111.48 1115.40 v _26643_/SN (HAxp5_ASAP7_75t_R)
   0.72   54.34 1169.74 v _18549_/Y (OA21x2_ASAP7_75t_R)
   2.29   42.52 1212.26 v _18550_/Y (OA21x2_ASAP7_75t_R)
   0.67   39.15 1251.41 v _18561_/Y (OA21x2_ASAP7_75t_R)
   2.39   42.81 1294.22 v _18562_/Y (OA21x2_ASAP7_75t_R)
   1.02   40.66 1334.88 v _18571_/Y (OA21x2_ASAP7_75t_R)
   2.44   43.50 1378.38 v _18572_/Y (OA21x2_ASAP7_75t_R)
   0.68   39.53 1417.91 v _18581_/Y (OA21x2_ASAP7_75t_R)
   2.48   43.19 1461.10 v _18582_/Y (OA21x2_ASAP7_75t_R)
   0.91   40.44 1501.55 v _18591_/Y (OA21x2_ASAP7_75t_R)
   2.36   43.09 1544.63 v _18592_/Y (OA21x2_ASAP7_75t_R)
   0.70   39.36 1583.99 v _18601_/Y (OA21x2_ASAP7_75t_R)
   2.37   42.73 1626.72 v _18602_/Y (OA21x2_ASAP7_75t_R)
   0.69   39.40 1666.12 v _18613_/Y (OA21x2_ASAP7_75t_R)
   2.38   42.77 1708.90 v _18614_/Y (OA21x2_ASAP7_75t_R)
   0.69   39.51 1748.40 v _18623_/Y (OA21x2_ASAP7_75t_R)
   2.18   42.20 1790.60 v _18624_/Y (OA21x2_ASAP7_75t_R)
   0.67   38.89 1829.49 v _18633_/Y (OA21x2_ASAP7_75t_R)
   2.15   42.01 1871.50 v _18634_/Y (OA21x2_ASAP7_75t_R)
   0.75   39.15 1910.65 v _18643_/Y (OA21x2_ASAP7_75t_R)
   2.18   42.18 1952.83 v _18644_/Y (OA21x2_ASAP7_75t_R)
   1.03   40.18 1993.01 v _18653_/Y (OA21x2_ASAP7_75t_R)
   2.50   43.69 2036.70 v _18654_/Y (OA21x2_ASAP7_75t_R)
   0.83   40.19 2076.89 v _18665_/Y (OA21x2_ASAP7_75t_R)
   2.39   43.03 2119.91 v _18666_/Y (OA21x2_ASAP7_75t_R)
   0.84   39.96 2159.87 v _18675_/Y (OA21x2_ASAP7_75t_R)
   2.30   42.74 2202.61 v _18676_/Y (OA21x2_ASAP7_75t_R)
   0.84   39.84 2242.45 v _18685_/Y (OA21x2_ASAP7_75t_R)
   2.82   44.69 2287.14 v _18686_/Y (OA21x2_ASAP7_75t_R)
   0.70   74.91 2362.05 v _18708_/Y (OR5x1_ASAP7_75t_R)
   1.46   34.91 2396.96 v _18710_/Y (AND4x1_ASAP7_75t_R)
   1.47   34.88 2431.84 v _18790_/Y (XNOR2x1_ASAP7_75t_R)
   0.56   33.26 2465.10 v _18792_/Y (AO21x1_ASAP7_75t_R)
           0.02 2465.12 v Datapath_i.fu_run_benchmark_38252_38805.Datapath_i.reg_23.reg_out1[39]$_DFFE_PP_/D (DFFHQNx1_ASAP7_75t_R)
                2465.12   data arrival time
----------------------------------------------------------------
(Path is unconstrained)


