Startpoint: io_time[0]$_SDFFE_PP0P_ (rising edge-triggered flip-flop)
Endpoint: large_1[48]$_SDFFE_PP0P_ (rising edge-triggered flip-flop)
Path Group: unconstrained
Path Type: max
Corner: slow

    Cap   Delay    Time   Description
----------------------------------------------------------------
           0.00    0.00 ^ io_time[0]$_SDFFE_PP0P_/CLK (DFFHQNx1_ASAP7_75t_R)
   6.61  138.64  138.64 v io_time[0]$_SDFFE_PP0P_/QN (DFFHQNx1_ASAP7_75t_R)
  15.05   41.40  180.05 ^ _2686_/Y (INVx8_ASAP7_75t_R)
   1.45   36.89  216.93 v _4974_/CON (HAxp5_ASAP7_75t_R)
   0.95   23.67  240.60 ^ _2693_/Y (INVx1_ASAP7_75t_R)
   1.74   33.13  273.74 v _4975_/CON (HAxp5_ASAP7_75t_R)
   4.73  110.43  384.16 v _3960_/Y (OR5x2_ASAP7_75t_R)
   3.21  105.29  489.45 v _3992_/Y (OR5x2_ASAP7_75t_R)
   4.43  105.36  594.81 v _4044_/Y (OR5x2_ASAP7_75t_R)
   7.10  110.10  704.91 v _4093_/Y (OR5x2_ASAP7_75t_R)
   3.64  106.28  811.19 v _4194_/Y (OR5x2_ASAP7_75t_R)
   2.52   96.82  908.02 v _4332_/Y (OR5x2_ASAP7_75t_R)
   0.66   37.74  945.75 v _4333_/Y (XNOR2x1_ASAP7_75t_R)
   0.55   31.51  977.26 v _4335_/Y (AO21x1_ASAP7_75t_R)
   0.67   30.46 1007.72 v _4336_/Y (AND2x2_ASAP7_75t_R)
           0.06 1007.78 v large_1[48]$_SDFFE_PP0P_/D (DFFHQNx1_ASAP7_75t_R)
                1007.78   data arrival time
----------------------------------------------------------------
(Path is unconstrained)


